Start Point, End Point, WNS (ns)
boot_addr_i[20],_23102_,-249.89
irq_fast_i[6],_23113_,-249.4893
irq_fast_i[6],_23088_,-249.413
irq_fast_i[6],_23085_,-249.3512
irq_fast_i[6],_23086_,-249.1694
irq_fast_i[6],_23111_,-249.0784
irq_fast_i[6],_23106_,-248.8201
irq_fast_i[6],_23112_,-248.7734
irq_fast_i[6],_23103_,-248.4355
irq_fast_i[6],_23095_,-248.4191
irq_fast_i[6],_23104_,-248.4067
irq_fast_i[6],_23108_,-248.4067
irq_fast_i[6],_23107_,-248.3221
irq_fast_i[6],_23100_,-248.2525
irq_fast_i[6],_23099_,-248.2027
irq_fast_i[6],_23087_,-248.0825
irq_fast_i[6],_23096_,-247.9526
irq_fast_i[6],_23092_,-247.9057
irq_fast_i[6],_23094_,-247.9013
irq_fast_i[6],_23091_,-247.894
irq_fast_i[6],_23084_,-247.7656
irq_fast_i[6],_22592_,-59.4785
irq_fast_i[6],_23109_,-40.5943
irq_fast_i[6],_23110_,-40.5918
irq_fast_i[6],_23105_,-40.2787
irq_fast_i[6],_23097_,-40.0723
irq_fast_i[6],_23101_,-40.0652
irq_fast_i[6],_23098_,-40.0603
irq_fast_i[6],_23093_,-39.7742
irq_fast_i[6],_23089_,-39.458
irq_fast_i[6],_23090_,-39.4488
instr_rdata_i[1],_23083_,-24.6641
instr_rdata_i[1],_23082_,-22.634
instr_rdata_i[1],_23081_,-21.4696
instr_rdata_i[1],_23074_,-20.5813
instr_rdata_i[1],_23077_,-20.5026
instr_rdata_i[1],_23071_,-20.1576
instr_rdata_i[1],_23078_,-19.7285
instr_rdata_i[1],_23080_,-19.369
instr_rdata_i[1],_23075_,-19.3155
instr_rdata_i[1],_23079_,-18.6832
instr_rdata_i[1],_23076_,-18.4519
instr_rdata_i[1],_23073_,-18.009
instr_rdata_i[1],_23072_,-17.7673
instr_rdata_i[1],_23070_,-17.5418
instr_rdata_i[1],_23069_,-15.9579
instr_rdata_i[1],_23068_,-13.8583
instr_rdata_i[1],_23067_,-12.8367
instr_rdata_i[1],_23066_,-12.1397
instr_rdata_i[1],_23065_,-9.5518
instr_rdata_i[1],_23064_,-8.6283
instr_rdata_i[1],_23063_,-7.7866
instr_rdata_i[1],_23062_,-5.5985
irq_fast_i[6],_22349_,-5.149
irq_fast_i[6],_22348_,-5.1291
irq_fast_i[6],_22347_,-4.9365
irq_fast_i[6],_22346_,-4.9128
irq_fast_i[6],_22345_,-4.6565
irq_fast_i[6],_22344_,-4.6248
irq_fast_i[6],_22343_,-4.3479
instr_rdata_i[1],_23061_,-4.3292
instr_rdata_i[1],_23059_,-4.1119
irq_fast_i[6],_22342_,-4.0318
instr_rdata_i[1],_23060_,-4.0087
data_gnt_i,_22469_,-4.0056
instr_rdata_i[1],_23058_,-3.9899
irq_fast_i[6],_22341_,-3.8618
irq_fast_i[6],_22340_,-3.8315
irq_fast_i[6],_22339_,-3.6152
irq_fast_i[6],_22338_,-3.2992
instr_rdata_i[1],_23057_,-3.2903
irq_fast_i[6],_22337_,-3.1299
data_gnt_i,_22557_,-3.1272
data_gnt_i,_22540_,-3.125
data_gnt_i,_22560_,-3.1155
irq_fast_i[6],_22336_,-3.0996
irq_fast_i[6],_22363_,-2.9841
irq_fast_i[6],_22364_,-2.9841
irq_fast_i[6],_22365_,-2.9841
irq_fast_i[6],_22366_,-2.9841
irq_fast_i[6],_22367_,-2.9841
irq_fast_i[6],_22368_,-2.9841
irq_fast_i[6],_22369_,-2.9841
irq_fast_i[6],_22370_,-2.9841
irq_fast_i[6],_22371_,-2.9841
irq_fast_i[6],_22372_,-2.9841
irq_fast_i[6],_22373_,-2.9841
irq_fast_i[6],_22374_,-2.9841
irq_fast_i[6],_22375_,-2.9841
irq_fast_i[6],_22376_,-2.9841
irq_fast_i[6],_22377_,-2.9841
irq_fast_i[6],_22378_,-2.9841
irq_fast_i[6],_22379_,-2.9841
irq_fast_i[6],_22380_,-2.9841
irq_fast_i[6],_22381_,-2.9841
irq_fast_i[6],_22382_,-2.9841
irq_fast_i[6],_22383_,-2.9841
irq_fast_i[6],_22384_,-2.9841
irq_fast_i[6],_22385_,-2.9841
irq_fast_i[6],_22386_,-2.9841
irq_fast_i[6],_22387_,-2.9841
irq_fast_i[6],_22388_,-2.9841
irq_fast_i[6],_22389_,-2.9841
irq_fast_i[6],_22390_,-2.9841
irq_fast_i[6],_22391_,-2.9841
irq_fast_i[6],_22392_,-2.9841
irq_fast_i[6],_22393_,-2.9841
irq_fast_i[6],_22480_,-2.9841
irq_fast_i[6],_22481_,-2.9841
irq_fast_i[6],_22482_,-2.9841
irq_fast_i[6],_22483_,-2.9841
irq_fast_i[6],_22484_,-2.9841
irq_fast_i[6],_22485_,-2.9841
irq_fast_i[6],_22486_,-2.9841
irq_fast_i[6],_22487_,-2.9841
irq_fast_i[6],_22488_,-2.9841
irq_fast_i[6],_22489_,-2.9841
irq_fast_i[6],_22490_,-2.9841
irq_fast_i[6],_22491_,-2.9841
irq_fast_i[6],_22492_,-2.9841
irq_fast_i[6],_22493_,-2.9841
irq_fast_i[6],_22494_,-2.9841
irq_fast_i[6],_22495_,-2.9841
irq_fast_i[6],_22496_,-2.9841
irq_fast_i[6],_22497_,-2.9841
irq_fast_i[6],_22498_,-2.9841
irq_fast_i[6],_22499_,-2.9841
irq_fast_i[6],_22500_,-2.9841
irq_fast_i[6],_22501_,-2.9841
irq_fast_i[6],_22502_,-2.9841
irq_fast_i[6],_22503_,-2.9841
irq_fast_i[6],_22504_,-2.9841
irq_fast_i[6],_22505_,-2.9841
irq_fast_i[6],_22506_,-2.9841
irq_fast_i[6],_22507_,-2.9841
irq_fast_i[6],_22508_,-2.9841
irq_fast_i[6],_22509_,-2.9841
irq_fast_i[6],_22510_,-2.9841
irq_fast_i[6],_22511_,-2.9841
irq_fast_i[6],_22512_,-2.9841
irq_fast_i[6],_22513_,-2.9841
irq_fast_i[6],_22514_,-2.9841
irq_fast_i[6],_22515_,-2.9841
irq_fast_i[6],_22516_,-2.9841
irq_fast_i[6],_22517_,-2.9841
irq_fast_i[6],_22518_,-2.9841
irq_fast_i[6],_22519_,-2.9841
irq_fast_i[6],_22520_,-2.9841
irq_fast_i[6],_22521_,-2.9841
irq_fast_i[6],_22522_,-2.9841
irq_fast_i[6],_22523_,-2.9841
irq_fast_i[6],_22524_,-2.9841
irq_fast_i[6],_22525_,-2.9841
irq_fast_i[6],_22526_,-2.9841
irq_fast_i[6],_22527_,-2.9841
irq_fast_i[6],_22528_,-2.9841
irq_fast_i[6],_22529_,-2.9841
irq_fast_i[6],_22530_,-2.9841
irq_fast_i[6],_22531_,-2.9841
irq_fast_i[6],_23004_,-2.9293
irq_fast_i[6],_23010_,-2.9293
irq_fast_i[6],_22335_,-2.885
irq_fast_i[6],_22334_,-2.8613
irq_fast_i[6],_23002_,-2.86
hart_id_i[31],_22858_,-2.8073
data_gnt_i,_22541_,-2.7391
irq_fast_i[6],_22997_,-2.7339
irq_fast_i[6],_23006_,-2.7249
irq_fast_i[6],_23001_,-2.7198
irq_fast_i[6],_23053_,-2.7129
irq_fast_i[6],_23008_,-2.6619
irq_fast_i[6],_23252_,-2.6553
irq_fast_i[6],_22990_,-2.6548
irq_fast_i[6],_23005_,-2.6548
irq_fast_i[6],_23014_,-2.6389
irq_fast_i[6],_23015_,-2.6389
irq_fast_i[6],_23016_,-2.6389
irq_fast_i[6],_23017_,-2.6389
irq_fast_i[6],_23018_,-2.6389
irq_fast_i[6],_23019_,-2.6389
irq_fast_i[6],_23020_,-2.6389
irq_fast_i[6],_23021_,-2.6389
irq_fast_i[6],_23022_,-2.6389
irq_fast_i[6],_23023_,-2.6389
irq_fast_i[6],_23024_,-2.6389
irq_fast_i[6],_23025_,-2.6389
irq_fast_i[6],_23026_,-2.6389
irq_fast_i[6],_23027_,-2.6389
irq_fast_i[6],_23028_,-2.6389
irq_fast_i[6],_23029_,-2.6389
irq_fast_i[6],_23030_,-2.6389
irq_fast_i[6],_23031_,-2.6389
irq_fast_i[6],_23032_,-2.6389
irq_fast_i[6],_23033_,-2.6389
irq_fast_i[6],_23034_,-2.6389
irq_fast_i[6],_23035_,-2.6389
irq_fast_i[6],_23036_,-2.6389
irq_fast_i[6],_23037_,-2.6389
irq_fast_i[6],_23038_,-2.6389
irq_fast_i[6],_23039_,-2.6389
irq_fast_i[6],_23040_,-2.6389
irq_fast_i[6],_23041_,-2.6389
irq_fast_i[6],_23042_,-2.6389
irq_fast_i[6],_23043_,-2.6389
irq_fast_i[6],_23044_,-2.6389
irq_fast_i[6],_23045_,-2.6389
irq_fast_i[6],_23052_,-2.6389
irq_fast_i[6],_22931_,-2.6389
irq_fast_i[6],_22932_,-2.6389
irq_fast_i[6],_22933_,-2.6389
irq_fast_i[6],_22934_,-2.6389
irq_fast_i[6],_22935_,-2.6389
irq_fast_i[6],_22936_,-2.6389
irq_fast_i[6],_22937_,-2.6389
irq_fast_i[6],_22938_,-2.6389
irq_fast_i[6],_22939_,-2.6389
irq_fast_i[6],_22940_,-2.6389
irq_fast_i[6],_22941_,-2.6389
irq_fast_i[6],_22942_,-2.6389
irq_fast_i[6],_22943_,-2.6389
irq_fast_i[6],_22944_,-2.6389
irq_fast_i[6],_22945_,-2.6389
irq_fast_i[6],_22946_,-2.6389
irq_fast_i[6],_22947_,-2.6389
irq_fast_i[6],_22948_,-2.6389
irq_fast_i[6],_22949_,-2.6389
irq_fast_i[6],_22950_,-2.6389
irq_fast_i[6],_22951_,-2.6389
irq_fast_i[6],_22952_,-2.6389
irq_fast_i[6],_22953_,-2.6389
irq_fast_i[6],_22954_,-2.6389
irq_fast_i[6],_22955_,-2.6389
irq_fast_i[6],_22956_,-2.6389
irq_fast_i[6],_22957_,-2.6389
irq_fast_i[6],_22958_,-2.6389
irq_fast_i[6],_22959_,-2.6389
irq_fast_i[6],_22960_,-2.6389
irq_fast_i[6],_22961_,-2.6389
irq_fast_i[6],_22962_,-2.6389
irq_fast_i[6],_22981_,-2.6389
hart_id_i[31],_22896_,-2.6299
irq_fast_i[6],_22333_,-2.6086
hart_id_i[31],_22656_,-2.6046
hart_id_i[31],_22624_,-2.6046
hart_id_i[31],_22688_,-2.6045
hart_id_i[31],_22720_,-2.6045
hart_id_i[31],_23013_,-2.5997
irq_fast_i[6],_22332_,-2.5774
irq_fast_i[6],_22994_,-2.5767
hart_id_i[31],_22319_,-2.553
hart_id_i[31],_22794_,-2.5487
hart_id_i[31],_22826_,-2.5487
hart_id_i[31],_22930_,-2.5487
irq_fast_i[6],_23011_,-2.5366
irq_fast_i[6],_23000_,-2.5364
hart_id_i[31],_22897_,-2.5262
hart_id_i[31],_22288_,-2.5226
irq_fast_i[6],_22999_,-2.5207
irq_fast_i[6],_22992_,-2.4179
irq_fast_i[6],_22331_,-2.3023
irq_fast_i[6],_23009_,-2.2508
irq_fast_i[6],_22993_,-2.2425
irq_fast_i[6],_22996_,-2.2424
irq_fast_i[6],_22987_,-2.2235
irq_fast_i[6],_22330_,-2.0942
irq_fast_i[6],_22329_,-1.9374
irq_fast_i[6],_22984_,-1.9191
irq_fast_i[6],_22983_,-1.7801
data_rvalid_i,_22991_,-1.7776
irq_fast_i[6],_22328_,-1.6704
irq_fast_i[6],_22327_,-1.6164
irq_fast_i[6],_22326_,-1.5897
irq_fast_i[13],_22792_,-1.5269
irq_fast_i[13],_22824_,-1.5269
irq_fast_i[13],_22928_,-1.5269
irq_fast_i[13],_22856_,-1.5245
data_rvalid_i,_22985_,-1.5004
data_rvalid_i,_22988_,-1.5004
data_rvalid_i,_22986_,-1.5004
data_rvalid_i,_22989_,-1.5004
data_rvalid_i,_22998_,-1.4999
data_rvalid_i,_23003_,-1.4999
data_rvalid_i,_22995_,-1.4999
data_rvalid_i,_23007_,-1.4916
data_rvalid_i,_23012_,-1.4916
irq_fast_i[6],_22320_,-1.4032
irq_fast_i[6],_22321_,-1.4032
irq_fast_i[6],_22322_,-1.4032
irq_fast_i[6],_22323_,-1.4032
irq_fast_i[6],_22324_,-1.4032
irq_fast_i[6],_22325_,-1.4032
irq_fast_i[6],_22326_,-1.4032
irq_fast_i[6],_22327_,-1.4032
irq_fast_i[6],_22328_,-1.4032
irq_fast_i[6],_22329_,-1.4032
irq_fast_i[6],_22330_,-1.4032
irq_fast_i[6],_22331_,-1.4032
irq_fast_i[6],_22332_,-1.4032
irq_fast_i[6],_22333_,-1.4032
irq_fast_i[6],_22334_,-1.4032
irq_fast_i[6],_22335_,-1.4032
irq_fast_i[6],_22336_,-1.4032
irq_fast_i[6],_22337_,-1.4032
irq_fast_i[6],_22338_,-1.4032
irq_fast_i[6],_22339_,-1.4032
irq_fast_i[6],_22340_,-1.4032
irq_fast_i[6],_22341_,-1.4032
irq_fast_i[6],_22342_,-1.4032
irq_fast_i[6],_22343_,-1.4032
irq_fast_i[6],_22344_,-1.4032
irq_fast_i[6],_22345_,-1.4032
irq_fast_i[6],_22346_,-1.4032
irq_fast_i[6],_22347_,-1.4032
irq_fast_i[6],_22348_,-1.4032
irq_fast_i[6],_22349_,-1.4032
irq_fast_i[13],_22317_,-1.3981
irq_fast_i[13],_22976_,-1.3886
irq_fast_i[6],_22325_,-1.3658
irq_fast_i[13],_22622_,-1.327
irq_fast_i[13],_22654_,-1.327
irq_fast_i[13],_22686_,-1.327
irq_fast_i[13],_22718_,-1.327
irq_fast_i[6],_22290_,-1.2669
irq_fast_i[6],_22292_,-1.2654
irq_fast_i[6],_22295_,-1.2654
irq_fast_i[6],_22304_,-1.2654
irq_fast_i[6],_22313_,-1.2654
irq_fast_i[6],_22307_,-1.2643
irq_fast_i[6],_22310_,-1.2614
irq_fast_i[6],_22316_,-1.2614
irq_fast_i[13],_22286_,-1.2575
irq_fast_i[6],_22311_,-1.2277
irq_fast_i[6],_22294_,-1.2236
irq_fast_i[6],_22296_,-1.2225
irq_fast_i[6],_22314_,-1.2225
irq_fast_i[6],_22308_,-1.2197
irq_fast_i[6],_22298_,-1.1824
irq_fast_i[6],_22301_,-1.1692
irq_fast_i[6],_22318_,-1.169
irq_fast_i[6],_22300_,-1.1679
irq_fast_i[6],_22289_,-1.1489
irq_fast_i[6],_22309_,-1.1475
irq_fast_i[6],_22297_,-1.1475
irq_fast_i[6],_22306_,-1.1464
irq_fast_i[6],_22303_,-1.1437
irq_fast_i[6],_22312_,-1.1382
irq_fast_i[6],_22305_,-1.1363
irq_fast_i[6],_22324_,-1.1055
irq_fast_i[6],_22315_,-1.0686
irq_fast_i[6],_22299_,-1.063
irq_fast_i[6],_22302_,-1.063
irq_fast_i[6],_22293_,-1.0501
instr_rdata_i[1],_23055_,-1.0036
irq_fast_i[6],_23053_,-0.9575
irq_fast_i[6],_23054_,-0.9575
irq_fast_i[6],_23055_,-0.9575
irq_fast_i[6],_23056_,-0.9575
irq_fast_i[6],_23057_,-0.9575
irq_fast_i[6],_23058_,-0.9575
irq_fast_i[6],_23059_,-0.9575
irq_fast_i[6],_23060_,-0.9575
irq_fast_i[6],_23061_,-0.9575
irq_fast_i[6],_23062_,-0.9575
irq_fast_i[6],_23063_,-0.9575
irq_fast_i[6],_23064_,-0.9575
irq_fast_i[6],_23065_,-0.9575
irq_fast_i[6],_23066_,-0.9575
irq_fast_i[6],_23067_,-0.9575
irq_fast_i[6],_23068_,-0.9575
irq_fast_i[6],_23069_,-0.9575
irq_fast_i[6],_23070_,-0.9575
irq_fast_i[6],_23071_,-0.9575
irq_fast_i[6],_23072_,-0.9575
irq_fast_i[6],_23073_,-0.9575
irq_fast_i[6],_23074_,-0.9575
irq_fast_i[6],_23075_,-0.9575
irq_fast_i[6],_23076_,-0.9575
irq_fast_i[6],_23077_,-0.9575
irq_fast_i[6],_23078_,-0.9575
irq_fast_i[6],_23079_,-0.9575
irq_fast_i[6],_23080_,-0.9575
irq_fast_i[6],_23081_,-0.9575
irq_fast_i[6],_23082_,-0.9575
irq_fast_i[6],_23083_,-0.9575
irq_fast_i[6],_22323_,-0.8985
irq_fast_i[6],_22833_,-0.8681
irq_fast_i[6],_22832_,-0.8681
irq_fast_i[6],_22827_,-0.8681
irq_fast_i[6],_22829_,-0.8681
irq_fast_i[6],_22830_,-0.8681
irq_fast_i[6],_22834_,-0.8681
irq_fast_i[6],_22835_,-0.8681
irq_fast_i[6],_22836_,-0.8681
irq_fast_i[6],_22837_,-0.8681
irq_fast_i[6],_22838_,-0.8681
irq_fast_i[6],_22848_,-0.8681
irq_fast_i[6],_22849_,-0.8681
irq_fast_i[6],_22850_,-0.8681
irq_fast_i[6],_22852_,-0.8681
irq_fast_i[6],_22853_,-0.8681
irq_fast_i[6],_22855_,-0.8681
irq_fast_i[6],_22841_,-0.8681
irq_fast_i[6],_22843_,-0.8681
irq_fast_i[6],_22844_,-0.8681
irq_fast_i[6],_22845_,-0.8681
irq_fast_i[6],_22828_,-0.8681
irq_fast_i[6],_22831_,-0.8681
irq_fast_i[6],_22839_,-0.8681
irq_fast_i[6],_22840_,-0.8681
irq_fast_i[6],_22842_,-0.8681
irq_fast_i[6],_22846_,-0.8681
irq_fast_i[6],_22847_,-0.8681
irq_fast_i[6],_22851_,-0.8681
irq_fast_i[6],_22854_,-0.8681
irq_fast_i[6],_22857_,-0.8264
irq_fast_i[6],_23253_,-0.7983
irq_fast_i[6],_23254_,-0.7983
irq_fast_i[13],_23143_,-0.7679
irq_fast_i[6],_22322_,-0.7491
irq_fast_i[6],_22280_,-0.7484
irq_fast_i[6],_22269_,-0.7398
irq_fast_i[6],_22274_,-0.7397
irq_fast_i[6],_22265_,-0.7389
irq_fast_i[6],_22266_,-0.7389
irq_fast_i[6],_22267_,-0.7389
irq_fast_i[6],_22268_,-0.7389
irq_fast_i[6],_22270_,-0.7389
irq_fast_i[6],_22271_,-0.7389
irq_fast_i[6],_22272_,-0.7389
irq_fast_i[6],_22273_,-0.7389
irq_fast_i[6],_22275_,-0.7389
irq_fast_i[6],_22276_,-0.7389
irq_fast_i[6],_22277_,-0.7389
irq_fast_i[6],_22278_,-0.7389
irq_fast_i[6],_22279_,-0.7389
irq_fast_i[6],_22281_,-0.7389
irq_fast_i[6],_22282_,-0.7389
irq_fast_i[6],_22283_,-0.7389
irq_fast_i[6],_22284_,-0.7389
irq_fast_i[6],_22475_,-0.7299
irq_fast_i[6],_22476_,-0.7299
irq_fast_i[6],_22477_,-0.7299
irq_fast_i[6],_22478_,-0.7299
irq_fast_i[6],_22479_,-0.7299
instr_rdata_i[1],_23054_,-0.6627
instr_rdata_i[1],_23056_,-0.6623
irq_fast_i[8],_22617_,-0.6284
irq_fast_i[8],_22681_,-0.6284
irq_fast_i[8],_22713_,-0.6284
irq_fast_i[8],_22649_,-0.6284
irq_fast_i[3],_22612_,-0.6183
irq_fast_i[3],_22676_,-0.6183
irq_fast_i[3],_22708_,-0.6183
irq_fast_i[3],_22644_,-0.6183
irq_fast_i[6],_22291_,-0.5969
irq_fast_i[6],_22321_,-0.5782
irq_fast_i[8],_22787_,-0.5724
irq_fast_i[8],_22819_,-0.5724
irq_fast_i[8],_22923_,-0.5724
irq_fast_i[8],_22971_,-0.5724
irq_fast_i[3],_22782_,-0.5626
irq_fast_i[3],_22814_,-0.5626
irq_fast_i[3],_22966_,-0.5626
irq_timer_i,_23050_,-0.5621
irq_fast_i[6],_23255_,-0.5115
instr_rdata_i[27],_22520_,-0.4666
irq_fast_i[6],_22473_,-0.4556
irq_fast_i[2],_22813_,-0.4385
irq_fast_i[2],_22781_,-0.4385
irq_fast_i[2],_22917_,-0.4382
irq_fast_i[6],_22285_,-0.4278
irq_fast_i[6],_22287_,-0.4278
irq_fast_i[3],_22918_,-0.417
irq_fast_i[2],_22611_,-0.4019
irq_fast_i[2],_22675_,-0.4019
irq_fast_i[2],_22707_,-0.4019
irq_fast_i[2],_22643_,-0.4018
irq_fast_i[6],_22474_,-0.4
hart_id_i[4],_22895_,-0.3973
irq_timer_i,_22802_,-0.3916
irq_timer_i,_22770_,-0.3916
irq_timer_i,_22906_,-0.3912
data_gnt_i,_22532_,-0.3875
data_gnt_i,_22533_,-0.3875
irq_fast_i[6],_22472_,-0.3772
hart_id_i[23],_22786_,-0.375
hart_id_i[23],_22818_,-0.375
hart_id_i[23],_22922_,-0.375
irq_fast_i[2],_22965_,-0.3431
irq_timer_i,_22632_,-0.3336
irq_timer_i,_22600_,-0.3336
irq_timer_i,_22696_,-0.3336
irq_timer_i,_22664_,-0.3336
irq_fast_i[11],_22620_,-0.3332
irq_fast_i[11],_22684_,-0.3332
irq_fast_i[11],_22716_,-0.3332
irq_fast_i[11],_22652_,-0.3332
hart_id_i[5],_22598_,-0.3083
hart_id_i[5],_22630_,-0.3083
hart_id_i[5],_22662_,-0.3083
hart_id_i[5],_22694_,-0.3083
instr_rdata_i[27],_22508_,-0.2972
irq_fast_i[6],_22471_,-0.2925
data_gnt_i,_22550_,-0.2898
data_gnt_i,_22562_,-0.2898
data_gnt_i,_22546_,-0.2898
data_gnt_i,_22547_,-0.2898
data_gnt_i,_22551_,-0.2898
data_gnt_i,_22558_,-0.2898
data_gnt_i,_22538_,-0.2898
data_gnt_i,_22563_,-0.2898
data_gnt_i,_22545_,-0.2898
data_gnt_i,_22534_,-0.2896
data_gnt_i,_22535_,-0.2896
data_gnt_i,_22536_,-0.2896
irq_fast_i[6],_22470_,-0.2834
hart_id_i[5],_22768_,-0.2795
hart_id_i[5],_22800_,-0.2795
hart_id_i[5],_22904_,-0.2795
hart_id_i[3],_22628_,-0.2786
hart_id_i[3],_22596_,-0.2786
irq_fast_i[11],_22790_,-0.2772
irq_fast_i[11],_22822_,-0.2772
irq_fast_i[11],_22926_,-0.2772
irq_fast_i[11],_22974_,-0.2772
irq_timer_i,_22979_,-0.2749
hart_id_i[3],_22894_,-0.2727
irq_fast_i[6],_23234_,-0.2678
irq_fast_i[6],_23236_,-0.2678
hart_id_i[4],_22597_,-0.2494
hart_id_i[4],_22629_,-0.2494
hart_id_i[4],_22661_,-0.2494
hart_id_i[4],_22693_,-0.2494
hart_id_i[3],_22692_,-0.2465
irq_fast_i[6],_23231_,-0.2426
hart_id_i[23],_22970_,-0.2373
irq_fast_i[6],_23235_,-0.2337
irq_fast_i[6],_23237_,-0.2325
hart_id_i[3],_22660_,-0.2287
irq_fast_i[9],_22618_,-0.228
irq_fast_i[9],_22682_,-0.228
irq_fast_i[9],_22714_,-0.228
irq_fast_i[9],_22650_,-0.228
data_gnt_i,_22556_,-0.2278
data_gnt_i,_22537_,-0.2277
hart_id_i[3],_22980_,-0.2147
hart_id_i[4],_22767_,-0.2122
hart_id_i[4],_22799_,-0.2122
hart_id_i[4],_22903_,-0.2122
hart_id_i[23],_22616_,-0.1774
hart_id_i[23],_22648_,-0.1774
hart_id_i[23],_22680_,-0.1774
hart_id_i[23],_22712_,-0.1774
irq_fast_i[9],_22788_,-0.172
irq_fast_i[9],_22820_,-0.172
irq_fast_i[9],_22924_,-0.172
irq_fast_i[9],_22972_,-0.172
hart_id_i[3],_23051_,-0.1666
irq_fast_i[6],_23238_,-0.1381
irq_fast_i[6],_23232_,-0.1342
irq_fast_i[6],_23233_,-0.1213
hart_id_i[13],_22670_,-0.1056
hart_id_i[13],_22702_,-0.1053
hart_id_i[13],_22638_,-0.1053
irq_fast_i[6],_22733_,-0.0881
irq_fast_i[6],_22748_,-0.0881
irq_fast_i[6],_22731_,-0.0881
irq_fast_i[6],_22739_,-0.0881
irq_fast_i[6],_22730_,-0.0881
irq_fast_i[6],_22745_,-0.0881
irq_fast_i[6],_22752_,-0.0881
irq_fast_i[6],_22734_,-0.0881
irq_fast_i[6],_22737_,-0.0881
irq_fast_i[6],_22744_,-0.0881
irq_fast_i[6],_22749_,-0.0881
irq_fast_i[6],_22756_,-0.0881
irq_fast_i[6],_22743_,-0.0881
irq_fast_i[6],_22750_,-0.0881
irq_fast_i[6],_22753_,-0.0881
irq_fast_i[6],_22729_,-0.0881
irq_fast_i[6],_22736_,-0.0881
irq_fast_i[6],_22732_,-0.088
irq_fast_i[6],_22735_,-0.088
irq_fast_i[6],_22757_,-0.088
irq_fast_i[6],_22740_,-0.088
irq_fast_i[6],_22758_,-0.088
irq_fast_i[6],_22738_,-0.088
irq_fast_i[6],_22741_,-0.088
irq_fast_i[6],_22742_,-0.088
irq_fast_i[6],_22746_,-0.088
irq_fast_i[6],_22747_,-0.088
irq_fast_i[6],_22751_,-0.088
irq_fast_i[6],_22754_,-0.088
irq_fast_i[6],_22755_,-0.088
irq_fast_i[6],_22759_,-0.088
hart_id_i[1],_22351_,-0.0746
hart_id_i[3],_22766_,-0.0716
hart_id_i[3],_22798_,-0.0716
hart_id_i[3],_22902_,-0.0716
hart_id_i[1],_22350_,-0.0648
irq_fast_i[4],_22613_,-0.0631
irq_fast_i[4],_22677_,-0.0631
irq_fast_i[4],_22709_,-0.0631
irq_fast_i[4],_22645_,-0.0631
hart_id_i[13],_22606_,-0.0618
hart_id_i[13],_22359_,-0.0492
hart_id_i[13],_22776_,-0.0492
hart_id_i[13],_22808_,-0.0492
hart_id_i[13],_22912_,-0.0492
irq_fast_i[1],_23047_,-0.0448
instr_rdata_i[27],_22528_,-0.0398
irq_fast_i[8],_23138_,-0.0257
instr_rdata_i[22],_22523_,-0.0228
instr_rdata_i[27],_22516_,-0.0171
irq_fast_i[4],_22783_,-0.007
irq_fast_i[4],_22815_,-0.007
irq_fast_i[4],_22919_,-0.007
irq_fast_i[4],_22967_,-0.007
instr_rdata_i[27],_22518_,-0.0003
instr_rdata_i[27],_22499_,0.002
instr_rdata_i[27],_22500_,0.0026
irq_fast_i[1],_22780_,0.0072
irq_fast_i[1],_22812_,0.0072
irq_fast_i[1],_22916_,0.0072
instr_rdata_i[27],_22502_,0.0419
instr_rdata_i[27],_22519_,0.0515
instr_rdata_i[27],_22521_,0.0542
instr_rdata_i[27],_22514_,0.0623
irq_fast_i[2],_23132_,0.0624
instr_rdata_i[27],_22527_,0.066
instr_rdata_i[27],_22522_,0.0667
hart_id_i[1],_22626_,0.0734
hart_id_i[1],_22594_,0.0734
hart_id_i[1],_22690_,0.0734
hart_id_i[1],_22658_,0.0734
instr_rdata_i[27],_22525_,0.0762
instr_rdata_i[27],_22503_,0.0818
irq_timer_i,_23121_,0.1007
instr_rdata_i[27],_22510_,0.1034
irq_fast_i[6],_23084_,0.1159
irq_fast_i[6],_23085_,0.1159
irq_fast_i[6],_23086_,0.1159
irq_fast_i[6],_23087_,0.1159
irq_fast_i[6],_23088_,0.1159
irq_fast_i[6],_23089_,0.1159
irq_fast_i[6],_23090_,0.1159
irq_fast_i[6],_23091_,0.1159
irq_fast_i[6],_23092_,0.1159
irq_fast_i[6],_23093_,0.1159
irq_fast_i[6],_23094_,0.1159
irq_fast_i[6],_23095_,0.1159
irq_fast_i[6],_23096_,0.1159
irq_fast_i[6],_23097_,0.1159
irq_fast_i[6],_23098_,0.1159
irq_fast_i[6],_23099_,0.1159
irq_fast_i[6],_23100_,0.1159
irq_fast_i[6],_23101_,0.1159
irq_fast_i[6],_23102_,0.1159
irq_fast_i[6],_23103_,0.1159
irq_fast_i[6],_23104_,0.1159
irq_fast_i[6],_23105_,0.1159
irq_fast_i[6],_23106_,0.1159
irq_fast_i[6],_23107_,0.1159
irq_fast_i[6],_23108_,0.1159
irq_fast_i[6],_23109_,0.1159
irq_fast_i[6],_23110_,0.1159
irq_fast_i[6],_23111_,0.1159
irq_fast_i[6],_23112_,0.1159
irq_fast_i[6],_23113_,0.1159
irq_fast_i[11],_23141_,0.1167
instr_rdata_i[27],_22524_,0.1187
hart_id_i[1],_22892_,0.1202
irq_fast_i[10],_22619_,0.1248
irq_fast_i[10],_22683_,0.1248
irq_fast_i[10],_22715_,0.1248
irq_fast_i[10],_22651_,0.1248
irq_fast_i[1],_22610_,0.1256
irq_fast_i[1],_22642_,0.1256
irq_fast_i[1],_22674_,0.1256
irq_fast_i[1],_22706_,0.1256
hart_id_i[1],_22764_,0.1291
hart_id_i[1],_22796_,0.1291
hart_id_i[1],_22900_,0.1291
irq_fast_i[3],_23133_,0.1472
instr_rdata_i[27],_22515_,0.1523
irq_fast_i[1],_22964_,0.1543
irq_fast_i[10],_22789_,0.1805
irq_fast_i[10],_22821_,0.1805
irq_fast_i[10],_22973_,0.1805
instr_rdata_i[27],_22526_,0.2008
instr_rdata_i[27],_22517_,0.205
data_rvalid_i,_22982_,0.2326
instr_rdata_i[27],_22506_,0.2327
hart_id_i[3],_23117_,0.2607
instr_rdata_i[27],_22505_,0.2697
instr_rdata_i[27],_22509_,0.2953
irq_fast_i[6],_23256_,0.2957
data_gnt_i,_22539_,0.3032
data_gnt_i,_22554_,0.3034
data_gnt_i,_22548_,0.3037
data_gnt_i,_22544_,0.3037
data_gnt_i,_22542_,0.3042
data_gnt_i,_22543_,0.3044
instr_rdata_i[22],_22513_,0.3085
data_rvalid_i,_22631_,0.3129
data_rvalid_i,_22634_,0.3129
data_rvalid_i,_22637_,0.3129
data_rvalid_i,_22640_,0.3129
data_rvalid_i,_22646_,0.3129
hart_id_i[4],_23118_,0.3139
instr_rdata_i[27],_22470_,0.3146
instr_rdata_i[27],_22471_,0.3146
instr_rdata_i[27],_22472_,0.3146
instr_rdata_i[27],_22473_,0.3146
instr_rdata_i[27],_22474_,0.3146
data_rvalid_i,_22701_,0.3195
data_rvalid_i,_22599_,0.3202
data_rvalid_i,_22602_,0.3202
data_rvalid_i,_22607_,0.3202
data_rvalid_i,_22691_,0.3328
data_rvalid_i,_22625_,0.3367
data_rvalid_i,_22627_,0.3367
irq_fast_i[10],_22925_,0.3381
irq_fast_i[14],_22655_,0.3424
irq_fast_i[14],_22623_,0.3425
irq_fast_i[14],_22687_,0.3425
irq_fast_i[14],_22719_,0.3425
data_rvalid_i,_22703_,0.3449
data_rvalid_i,_22698_,0.3449
data_rvalid_i,_22695_,0.345
data_rvalid_i,_22699_,0.3451
data_rvalid_i,_22710_,0.3452
data_rvalid_i,_22711_,0.3452
data_rvalid_i,_22700_,0.3452
data_rvalid_i,_22705_,0.3453
data_rvalid_i,_22704_,0.3453
data_rvalid_i,_22963_,0.3487
data_rvalid_i,_22968_,0.3487
data_rvalid_i,_22969_,0.3487
data_rvalid_i,_22913_,0.3527
data_rvalid_i,_22914_,0.3527
data_rvalid_i,_22915_,0.3527
data_rvalid_i,_22920_,0.3527
data_rvalid_i,_22921_,0.3527
data_rvalid_i,_22697_,0.356
data_rvalid_i,_22689_,0.3573
data_rvalid_i,_22633_,0.3594
data_rvalid_i,_22635_,0.3594
data_rvalid_i,_22636_,0.3594
data_rvalid_i,_22639_,0.3594
data_rvalid_i,_22641_,0.3594
data_rvalid_i,_22647_,0.3594
data_rvalid_i,_22653_,0.3594
hart_id_i[23],_23137_,0.3605
data_rvalid_i,_22673_,0.3624
data_rvalid_i,_22669_,0.3627
data_rvalid_i,_22665_,0.3632
data_rvalid_i,_22666_,0.3632
data_rvalid_i,_22668_,0.3632
data_rvalid_i,_22671_,0.3632
data_rvalid_i,_22672_,0.3632
data_rvalid_i,_22678_,0.3632
data_rvalid_i,_22679_,0.3632
data_rvalid_i,_22685_,0.3632
data_rvalid_i,_22659_,0.3657
data_rvalid_i,_22657_,0.3657
data_rvalid_i,_22663_,0.3657
data_rvalid_i,_22667_,0.3675
instr_rdata_i[27],_22512_,0.3709
instr_rdata_i[27],_22504_,0.3723
data_rvalid_i,_22899_,0.3749
data_rvalid_i,_22905_,0.3749
data_rvalid_i,_22908_,0.3749
data_rvalid_i,_22909_,0.3749
data_rvalid_i,_22910_,0.3749
irq_fast_i[6],_23257_,0.376
data_rvalid_i,_22603_,0.3765
data_rvalid_i,_22717_,0.3801
instr_rdata_i[27],_22501_,0.3812
data_rvalid_i,_22601_,0.3821
data_rvalid_i,_22608_,0.3821
data_rvalid_i,_22609_,0.3821
data_rvalid_i,_22614_,0.3821
data_rvalid_i,_22615_,0.3821
data_rvalid_i,_22621_,0.3821
data_gnt_i,_22553_,0.3829
instr_rdata_i[27],_22497_,0.3832
data_gnt_i,_22552_,0.3838
data_rvalid_i,_22593_,0.3844
data_rvalid_i,_22595_,0.3844
instr_rvalid_i,_22859_,0.3852
instr_rvalid_i,_22860_,0.3852
instr_rvalid_i,_22861_,0.3852
instr_rvalid_i,_22862_,0.3852
instr_rvalid_i,_22863_,0.3852
instr_rvalid_i,_22864_,0.3852
instr_rvalid_i,_22865_,0.3852
instr_rvalid_i,_22866_,0.3852
instr_rvalid_i,_22867_,0.3852
instr_rvalid_i,_22868_,0.3852
instr_rvalid_i,_22869_,0.3852
instr_rvalid_i,_22870_,0.3852
instr_rvalid_i,_22871_,0.3852
instr_rvalid_i,_22872_,0.3852
instr_rvalid_i,_22873_,0.3852
instr_rvalid_i,_22874_,0.3852
instr_rvalid_i,_22875_,0.3852
instr_rvalid_i,_22876_,0.3852
instr_rvalid_i,_22877_,0.3852
instr_rvalid_i,_22878_,0.3852
instr_rvalid_i,_22879_,0.3852
instr_rvalid_i,_22880_,0.3852
instr_rvalid_i,_22881_,0.3852
instr_rvalid_i,_22882_,0.3852
instr_rvalid_i,_22883_,0.3852
instr_rvalid_i,_22884_,0.3852
instr_rvalid_i,_22885_,0.3852
instr_rvalid_i,_22886_,0.3852
instr_rvalid_i,_22887_,0.3852
instr_rvalid_i,_22888_,0.3852
instr_rvalid_i,_22889_,0.3852
instr_rvalid_i,_22890_,0.3852
instr_rvalid_i,_22898_,0.3852
hart_id_i[13],_23127_,0.3961
irq_fast_i[14],_22793_,0.3985
irq_fast_i[14],_22825_,0.3985
irq_fast_i[14],_22929_,0.3985
irq_fast_i[14],_22977_,0.3985
data_rvalid_i,_22604_,0.4053
data_rvalid_i,_22605_,0.4053
data_rvalid_i,_22893_,0.4225
instr_rdata_i[22],_22478_,0.4362
irq_fast_i[6],_22891_,0.4367
instr_rdata_i[30],_22531_,0.4416
irq_fast_i[6],_22785_,0.4502
irq_fast_i[6],_22817_,0.4502
irq_fast_i[9],_23139_,0.4617
data_gnt_i,_22555_,0.47
data_gnt_i,_22549_,0.47
irq_fast_i[4],_23134_,0.4763
instr_rdata_i[22],_22479_,0.4943
instr_rdata_i[27],_22507_,0.5099
instr_rdata_i[30],_22498_,0.5231
data_rvalid_i,_22901_,0.5287
data_rvalid_i,_22907_,0.5287
data_rvalid_i,_22911_,0.5287
data_rvalid_i,_22975_,0.5635
data_rvalid_i,_22978_,0.5635
hart_id_i[5],_23119_,0.5677
data_rvalid_i,_23049_,0.5798
data_rvalid_i,_23048_,0.5839
hart_id_i[31],_23145_,0.5903
instr_rdata_i[27],_22475_,0.5978
data_rvalid_i,_22358_,0.5994
data_rvalid_i,_22360_,0.5994
irq_fast_i[6],_22728_,0.6101
irq_fast_i[10],_23140_,0.6145
data_rvalid_i,_22801_,0.6194
data_rvalid_i,_22804_,0.6194
data_rvalid_i,_22805_,0.6194
data_rvalid_i,_22806_,0.6194
data_rvalid_i,_22809_,0.6194
data_rvalid_i,_22810_,0.6194
data_rvalid_i,_22811_,0.6194
data_rvalid_i,_22816_,0.6194
data_rvalid_i,_22823_,0.6194
data_rvalid_i,_22769_,0.6232
data_rvalid_i,_22772_,0.6232
data_rvalid_i,_22773_,0.6232
data_rvalid_i,_22774_,0.6232
data_rvalid_i,_22777_,0.6232
data_rvalid_i,_22778_,0.6232
data_rvalid_i,_22779_,0.6232
data_rvalid_i,_22784_,0.6232
data_rvalid_i,_22791_,0.6232
hart_id_i[1],_23115_,0.6346
data_rvalid_i,_22927_,0.6378
instr_rdata_i[18],_22511_,0.6547
irq_fast_i[6],_22320_,0.6822
data_rvalid_i,_22795_,0.6992
data_gnt_i,_22559_,0.7009
data_rvalid_i,_22763_,0.703
data_rvalid_i,_22361_,0.7081
data_rvalid_i,_22356_,0.7194
irq_fast_i[1],_23131_,0.72
data_rvalid_i,_22357_,0.7212
data_rvalid_i,_22355_,0.7215
irq_fast_i[6],_23260_,0.7422
data_rvalid_i,_22591_,0.7591
irq_fast_i[6],_23261_,0.7759
data_rvalid_i,_22797_,0.7976
data_rvalid_i,_22803_,0.7993
data_rvalid_i,_22807_,0.7993
instr_rdata_i[27],_22476_,0.8011
data_rvalid_i,_22765_,0.8014
data_rvalid_i,_22771_,0.8031
data_rvalid_i,_22775_,0.8031
instr_rdata_i[27],_22477_,0.8314
data_rvalid_i,_22362_,0.8343
data_gnt_i,_22561_,0.8507
data_rvalid_i,_23046_,0.8535
irq_fast_i[6],_22762_,0.8849
irq_fast_i[6],_22721_,0.8989
irq_fast_i[6],_22722_,0.8989
irq_fast_i[6],_22723_,0.8989
irq_fast_i[6],_22724_,0.8989
irq_fast_i[6],_22725_,0.8989
irq_fast_i[6],_22726_,0.8989
irq_fast_i[6],_22727_,0.8989
irq_fast_i[6],_22760_,0.8989
irq_fast_i[6],_22761_,0.8989
irq_fast_i[6],_23136_,0.9013
irq_fast_i[6],_23258_,0.9043
irq_fast_i[6],_23239_,0.9587
data_rvalid_i,_23218_,1.0076
data_rvalid_i,_23224_,1.0286
data_rvalid_i,_23226_,1.0302
irq_fast_i[6],_23259_,1.0412
data_rvalid_i,_23241_,1.0916
data_rvalid_i,_23219_,1.1031
irq_fast_i[14],_23144_,1.1117
data_rvalid_i,_23120_,1.1306
data_rvalid_i,_23130_,1.1315
data_rvalid_i,_23142_,1.1315
data_rvalid_i,_23129_,1.1319
data_rvalid_i,_23122_,1.1322
data_rvalid_i,_23135_,1.1323
data_rvalid_i,_23123_,1.1323
data_rvalid_i,_23124_,1.1351
data_rvalid_i,_23125_,1.1381
data_rvalid_i,_23116_,1.1388
data_rvalid_i,_23126_,1.1413
data_rvalid_i,_23128_,1.1413
data_rvalid_i,_23114_,1.142
instr_rdata_i[29],_22494_,1.2603
data_gnt_i,_22590_,1.3025
data_rvalid_i,_23221_,1.3924
instr_rdata_i[27],_22492_,1.4703
data_rvalid_i,_22564_,1.4992
data_rvalid_i,_22565_,1.4992
data_rvalid_i,_22566_,1.4992
data_rvalid_i,_22567_,1.4992
data_rvalid_i,_22568_,1.4992
data_rvalid_i,_22569_,1.4992
data_rvalid_i,_22570_,1.4992
data_rvalid_i,_22571_,1.4992
data_rvalid_i,_22572_,1.4992
data_rvalid_i,_22573_,1.4992
data_rvalid_i,_22574_,1.4992
data_rvalid_i,_22575_,1.4992
data_rvalid_i,_22576_,1.4992
data_rvalid_i,_22577_,1.4992
data_rvalid_i,_22578_,1.4992
data_rvalid_i,_22579_,1.4992
data_rvalid_i,_22580_,1.4992
data_rvalid_i,_22581_,1.4992
data_rvalid_i,_22582_,1.4992
data_rvalid_i,_22583_,1.4992
instr_rdata_i[28],_22493_,1.5097
instr_rdata_i[1],_22480_,1.5478
instr_rdata_i[23],_22488_,1.5637
irq_fast_i[6],_23183_,1.5742
irq_fast_i[6],_23184_,1.5742
instr_rdata_i[21],_22486_,1.5969
instr_rdata_i[19],_22484_,1.6092
instr_rdata_i[20],_22485_,1.6134
instr_rdata_i[24],_22489_,1.6179
irq_fast_i[6],_23147_,1.6267
instr_rdata_i[18],_22483_,1.632
instr_rdata_i[22],_22487_,1.636
instr_rdata_i[30],_22495_,1.6444
instr_rdata_i[25],_22490_,1.6499
instr_rdata_i[26],_22491_,1.6912
instr_rdata_i[17],_22529_,1.7016
instr_rdata_i[1],_22482_,1.7026
instr_rdata_i[31],_22496_,1.7509
data_gnt_i,_22467_,1.751
data_gnt_i,_22588_,1.7639
instr_rdata_i[0],_22481_,1.7662
data_gnt_i,_22589_,1.7666
data_gnt_i,_24293_,1.7679
data_gnt_i,_24294_,1.7679
data_rvalid_i,_22584_,1.8463
data_rvalid_i,_22585_,1.8463
data_rvalid_i,_22586_,1.8463
data_rvalid_i,_22587_,1.8463
data_gnt_i,_22466_,1.873
data_gnt_i,_22465_,1.8862
data_rvalid_i,_23182_,1.9436
irq_fast_i[6],_23225_,1.9847
data_rvalid_i,_22464_,2.0487
instr_err_i,_22530_,2.1244
data_rvalid_i,_22468_,2.1364
instr_err_i,_23052_,2.2348
data_rvalid_i,_23246_,2.2376
instr_rdata_i[3],_23017_,2.2446
instr_rdata_i[5],_23019_,2.2446
instr_rdata_i[0],_23014_,2.2463
instr_rdata_i[4],_23018_,2.2483
instr_rdata_i[6],_23020_,2.2483
