Start Point, End Point, WNS (ns)
_22539_,instr_addr_o[25],-424.0512
_22539_,instr_addr_o[20],-421.5572
_22539_,instr_addr_o[10],-421.5392
_22539_,instr_addr_o[12],-421.5344
_22539_,instr_addr_o[22],-420.758
_22539_,instr_addr_o[21],-409.1066
_22539_,instr_addr_o[9],-407.1573
_22539_,instr_addr_o[17],-402.4624
_22539_,instr_addr_o[29],-352.9106
_22539_,instr_addr_o[13],-333.0688
_22538_,instr_addr_o[6],-330.9204
_22539_,instr_addr_o[24],-324.7565
_22535_,instr_addr_o[5],-320.4543
_22539_,instr_addr_o[31],-309.3326
_22539_,instr_addr_o[30],-278.7645
_22539_,instr_addr_o[26],-278.3613
_22539_,instr_addr_o[18],-277.3844
_22539_,instr_addr_o[14],-276.7389
_22535_,instr_addr_o[3],-266.459
_22535_,instr_addr_o[4],-266.4585
_22533_,instr_addr_o[2],-264.804
_22533_,data_be_o[0],-262.4412
_22533_,data_wdata_o[23],-262.3143
_22533_,data_wdata_o[7],-262.2885
_22533_,data_be_o[1],-262.0847
_22533_,data_be_o[3],-262.0634
_22539_,instr_addr_o[28],-254.898
_22539_,instr_addr_o[27],-253.4338
_22539_,instr_addr_o[16],-253.2985
_22539_,instr_addr_o[8],-252.5186
_22539_,instr_addr_o[11],-251.5222
_22539_,instr_addr_o[7],-250.1797
_22539_,instr_addr_o[23],-225.9398
_22539_,data_addr_o[25],-218.8737
_22539_,data_addr_o[27],-218.4417
_22539_,data_addr_o[28],-218.3565
_22539_,data_addr_o[22],-217.477
_22539_,data_addr_o[16],-216.7588
_22539_,data_addr_o[11],-216.4749
_22539_,data_addr_o[12],-216.3486
_22539_,data_addr_o[10],-216.3438
_22539_,data_addr_o[8],-215.6805
_22539_,data_addr_o[7],-215.6536
_22533_,data_be_o[2],-205.8492
_22539_,data_addr_o[21],-204.604
_22539_,data_addr_o[20],-204.051
_22539_,data_addr_o[9],-202.4225
_22539_,data_addr_o[17],-197.9345
_22533_,data_wdata_o[31],-194.4704
_22520_,data_we_o,-192.7283
_22539_,data_addr_o[23],-191.5989
_22539_,data_addr_o[29],-150.1622
_22520_,data_req_o,-136.7609
_22539_,data_addr_o[26],-130.5509
_22533_,data_wdata_o[15],-129.0824
_22539_,data_addr_o[30],-129.0752
_22539_,data_addr_o[15],-128.9699
_22539_,data_addr_o[13],-128.6895
_22539_,data_addr_o[19],-127.8467
_22539_,data_addr_o[18],-127.6078
_22539_,data_addr_o[14],-126.9158
_22538_,data_addr_o[6],-126.6198
_22539_,data_addr_o[31],-126.031
_22539_,data_addr_o[24],-122.9199
_22533_,data_wdata_o[4],-121.8663
_22533_,data_wdata_o[5],-121.8663
_22533_,data_wdata_o[8],-121.8663
_22533_,data_wdata_o[9],-121.8663
_22533_,data_wdata_o[24],-121.8539
_22533_,data_wdata_o[25],-121.8508
_22533_,data_wdata_o[12],-121.8227
_22533_,data_wdata_o[11],-121.807
_22533_,data_wdata_o[28],-121.7995
_22533_,data_wdata_o[22],-121.6885
_22533_,data_wdata_o[0],-121.5919
_22533_,data_wdata_o[10],-121.4852
_22533_,data_wdata_o[26],-121.4794
_22533_,data_wdata_o[2],-121.4777
_22533_,data_wdata_o[3],-121.4498
_22533_,data_wdata_o[1],-121.4399
_22533_,data_wdata_o[18],-121.2936
_22533_,data_wdata_o[19],-121.2936
_22533_,data_wdata_o[20],-121.2936
_22533_,data_wdata_o[14],-121.2809
_22533_,data_wdata_o[13],-121.257
_22533_,data_wdata_o[16],-121.257
_22533_,data_wdata_o[17],-121.257
_22533_,data_wdata_o[21],-121.257
_22533_,data_wdata_o[29],-121.257
_22533_,data_wdata_o[30],-121.257
_22533_,data_wdata_o[6],-121.257
_22533_,data_wdata_o[27],-121.2288
_22535_,data_addr_o[4],-118.4721
_22535_,data_addr_o[5],-118.3127
_22535_,data_addr_o[3],-116.458
_22969_,core_sleep_o,-114.837
_22533_,data_addr_o[2],-114.7324
_22539_,instr_addr_o[19],-109.2786
_22539_,instr_addr_o[15],-108.4916
_22520_,instr_req_o,-51.6418
