
52. Printing statistics.

=== ibex_top ===

        +----------Local Count, excluding submodules.
        |        +-Local Area, excluding submodules.
        |        | 
    13486        - wires
    14222        - wire bits
     2529        - public wires
     3265        - public wire bits
       55        - ports
      791        - port bits
    13338 1.08E+05 cells
        2   22.522   sky130_fd_sc_hd__a2111o_1
       40  350.336   sky130_fd_sc_hd__a2111oi_0
        1    10.01   sky130_fd_sc_hd__a2111oi_1
        1   15.014   sky130_fd_sc_hd__a2111oi_2
       10   87.584   sky130_fd_sc_hd__a211o_1
       86  645.619   sky130_fd_sc_hd__a211oi_1
        1   12.512   sky130_fd_sc_hd__a211oi_2
        5   50.048   sky130_fd_sc_hd__a21bo_2
       20  150.144   sky130_fd_sc_hd__a21boi_0
        1    7.507   sky130_fd_sc_hd__a21boi_1
       69  517.997   sky130_fd_sc_hd__a21o_1
        1    8.758   sky130_fd_sc_hd__a21o_2
      972 4.86E+03   sky130_fd_sc_hd__a21oi_1
        2   17.517   sky130_fd_sc_hd__a21oi_2
       48  480.461   sky130_fd_sc_hd__a221o_1
      124 1.09E+03   sky130_fd_sc_hd__a221oi_1
      477 4.77E+03   sky130_fd_sc_hd__a222oi_1
       48  420.403   sky130_fd_sc_hd__a22o_1
      487 3.66E+03   sky130_fd_sc_hd__a22oi_1
        1   12.512   sky130_fd_sc_hd__a22oi_2
        4   35.034   sky130_fd_sc_hd__a2bb2oi_1
        7   70.067   sky130_fd_sc_hd__a311o_1
       13  113.859   sky130_fd_sc_hd__a311oi_1
       13  113.859   sky130_fd_sc_hd__a31o_2
      168 1.05E+03   sky130_fd_sc_hd__a31oi_1
        1    21.27   sky130_fd_sc_hd__a31oi_4
        4   40.038   sky130_fd_sc_hd__a32o_1
        8   70.067   sky130_fd_sc_hd__a32oi_1
        2   20.019   sky130_fd_sc_hd__a41o_1
       10   87.584   sky130_fd_sc_hd__a41oi_1
        1   16.266   sky130_fd_sc_hd__a41oi_2
       20   125.12   sky130_fd_sc_hd__and2_0
        7   43.792   sky130_fd_sc_hd__and2_1
      193 1.21E+03   sky130_fd_sc_hd__and3_1
        6    52.55   sky130_fd_sc_hd__and3b_1
       66  578.054   sky130_fd_sc_hd__and4_1
        8   80.077   sky130_fd_sc_hd__and4b_1
        4   50.048   sky130_fd_sc_hd__and4bb_1
        1   12.512   sky130_fd_sc_hd__and4bb_2
       10   37.536   sky130_fd_sc_hd__buf_1
       34  170.163   sky130_fd_sc_hd__buf_2
        1    7.507   sky130_fd_sc_hd__buf_4
        2   22.522   sky130_fd_sc_hd__buf_6
      532    2E+03   sky130_fd_sc_hd__clkbuf_1
      712 1.78E+04   sky130_fd_sc_hd__dfrtp_1
       10  262.752   sky130_fd_sc_hd__dfstp_2
       33  495.475   sky130_fd_sc_hd__dlxtn_1
      992 1.49E+04   sky130_fd_sc_hd__dlxtp_1
      283  8498.15   sky130_fd_sc_hd__edfxtp_1
      167  626.851   sky130_fd_sc_hd__inv_1
        3   11.261   sky130_fd_sc_hd__inv_2
      459 1.72E+03   sky130_fd_sc_hd__lpflow_clkbufkapwr_1
        7   26.275   sky130_fd_sc_hd__lpflow_clkinvkapwr_1
      126  788.256   sky130_fd_sc_hd__lpflow_inputiso0n_1
        1    7.507   sky130_fd_sc_hd__lpflow_inputiso0p_1
      101  631.856   sky130_fd_sc_hd__lpflow_isobufsrc_1
        1   13.763   sky130_fd_sc_hd__lpflow_isobufsrc_4
      131 1.31E+03   sky130_fd_sc_hd__maj3_1
        3   33.782   sky130_fd_sc_hd__maj3_2
        1   13.763   sky130_fd_sc_hd__maj3_4
        2   22.522   sky130_fd_sc_hd__mux2_1
      254 2.86E+03   sky130_fd_sc_hd__mux2_2
      122 1.22E+03   sky130_fd_sc_hd__mux2i_1
     1693 6.35E+03   sky130_fd_sc_hd__nand2_1
       68  425.408   sky130_fd_sc_hd__nand2b_1
      556 2.78E+03   sky130_fd_sc_hd__nand3_1
        2   20.019   sky130_fd_sc_hd__nand3_2
        7    52.55   sky130_fd_sc_hd__nand3b_1
      209 1.31E+03   sky130_fd_sc_hd__nand4_1
       10   87.584   sky130_fd_sc_hd__nand4b_1
        1   11.261   sky130_fd_sc_hd__nand4bb_1
     1265 4.75E+03   sky130_fd_sc_hd__nor2_1
        1    6.256   sky130_fd_sc_hd__nor2_2
       27  168.912   sky130_fd_sc_hd__nor2b_1
      251 1.26E+03   sky130_fd_sc_hd__nor3_1
        5   50.048   sky130_fd_sc_hd__nor3_2
        1   16.266   sky130_fd_sc_hd__nor3_4
       54  405.389   sky130_fd_sc_hd__nor3b_1
       46  287.776   sky130_fd_sc_hd__nor4_1
        2   25.024   sky130_fd_sc_hd__nor4_2
        3   26.275   sky130_fd_sc_hd__nor4b_1
        2   30.029   sky130_fd_sc_hd__nor4b_2
        9   90.086   sky130_fd_sc_hd__nor4bb_1
        2   22.522   sky130_fd_sc_hd__o2111a_1
       26  227.718   sky130_fd_sc_hd__o2111ai_1
        5   50.048   sky130_fd_sc_hd__o211a_1
       73  548.026   sky130_fd_sc_hd__o211ai_1
        2   25.024   sky130_fd_sc_hd__o211ai_2
       79  593.069   sky130_fd_sc_hd__o21a_1
      773  3868.71   sky130_fd_sc_hd__o21ai_0
       14   70.067   sky130_fd_sc_hd__o21ai_1
        1    8.758   sky130_fd_sc_hd__o21ai_2
        1    10.01   sky130_fd_sc_hd__o21ba_2
       24  180.173   sky130_fd_sc_hd__o21bai_1
        1   11.261   sky130_fd_sc_hd__o221a_2
       39  341.578   sky130_fd_sc_hd__o221ai_1
       12  105.101   sky130_fd_sc_hd__o22a_1
      100    625.6   sky130_fd_sc_hd__o22ai_1
        1    8.758   sky130_fd_sc_hd__o2bb2ai_1
        4   40.038   sky130_fd_sc_hd__o311a_1
        1   11.261   sky130_fd_sc_hd__o311a_2
        6    52.55   sky130_fd_sc_hd__o311ai_0
        2   17.517   sky130_fd_sc_hd__o311ai_1
        1   16.266   sky130_fd_sc_hd__o311ai_2
        2   17.517   sky130_fd_sc_hd__o31a_1
       51  382.867   sky130_fd_sc_hd__o31ai_1
        1   12.512   sky130_fd_sc_hd__o31ai_2
        1    21.27   sky130_fd_sc_hd__o31ai_4
        4   40.038   sky130_fd_sc_hd__o32a_1
       11   96.342   sky130_fd_sc_hd__o32ai_1
       14  122.618   sky130_fd_sc_hd__o41ai_1
        1    6.256   sky130_fd_sc_hd__or2_1
       58  362.848   sky130_fd_sc_hd__or2_2
       68  425.408   sky130_fd_sc_hd__or3_1
        1    8.758   sky130_fd_sc_hd__or3b_1
        1    8.758   sky130_fd_sc_hd__or3b_2
       27  202.694   sky130_fd_sc_hd__or4_1
        2   20.019   sky130_fd_sc_hd__or4b_1
        2   20.019   sky130_fd_sc_hd__or4b_2
      487 4.27E+03   sky130_fd_sc_hd__xnor2_1
        1   16.266   sky130_fd_sc_hd__xnor2_2
        6   135.13   sky130_fd_sc_hd__xnor3_1
      295 2.58E+03   sky130_fd_sc_hd__xor2_1
        7   166.41   sky130_fd_sc_hd__xor3_1

   Chip area for module '\ibex_top': 108373.939200
     of which used for sequential elements: 26577.990400 (24.52%)

