Startpoint: pc_mux_i[0] (input port clocked by clk)
Endpoint: _2356_ (rising edge-triggered flip-flop clocked by clk)
Path Group: clk
Path Type: max

  Delay    Time   Description
---------------------------------------------------------
   0.00    0.00   clock clk (rise edge)
   0.00    0.00   clock network delay (ideal)
   2.00    2.00 v input external delay
   0.00    2.00 v pc_mux_i[0] (in)
   1.77    3.77 ^ _1089_/Y (sky130_fd_sc_hd__nor3b_1)
   0.29    4.06 v _1091_/Y (sky130_fd_sc_hd__a22oi_1)
   0.37    4.43 v _1092_/X (sky130_fd_sc_hd__a31o_1)
   0.22    4.65 ^ _1097_/Y (sky130_fd_sc_hd__a31oi_1)
   0.51    5.16 v _1250_/X (sky130_fd_sc_hd__or4b_1)
   0.44    5.59 ^ _1252_/Y (sky130_fd_sc_hd__nor4_1)
   0.50    6.09 ^ _1254_/Y (sky130_fd_sc_hd__nor4bb_1)
   0.50    6.60 ^ _1257_/Y (sky130_fd_sc_hd__nor4b_1)
   0.27    6.87 v _1259_/Y (sky130_fd_sc_hd__nand4bb_1)
   0.46    7.32 ^ _1261_/Y (sky130_fd_sc_hd__nor4_1)
   0.56    7.88 v _1264_/X (sky130_fd_sc_hd__or4b_1)
   0.46    8.34 ^ _1670_/Y (sky130_fd_sc_hd__nor4_1)
   0.20    8.55 v _1672_/Y (sky130_fd_sc_hd__nand3b_1)
   0.27    8.81 ^ _1673_/Y (sky130_fd_sc_hd__nor3_1)
   0.10    8.91 v _1674_/Y (sky130_fd_sc_hd__xnor2_1)
   0.00    8.91 v _2356_/D (sky130_fd_sc_hd__edfxtp_1)
           8.91   data arrival time

  10.00   10.00   clock clk (rise edge)
   0.00   10.00   clock network delay (ideal)
   0.00   10.00   clock reconvergence pessimism
          10.00 ^ _2356_/CLK (sky130_fd_sc_hd__edfxtp_1)
  -0.27    9.73   library setup time
           9.73   data required time
---------------------------------------------------------
           9.73   data required time
          -8.91   data arrival time
---------------------------------------------------------
           0.82   slack (MET)


Startpoint: pc_mux_i[0] (input port clocked by clk)
Endpoint: _2355_ (rising edge-triggered flip-flop clocked by clk)
Path Group: clk
Path Type: max

  Delay    Time   Description
---------------------------------------------------------
   0.00    0.00   clock clk (rise edge)
   0.00    0.00   clock network delay (ideal)
   2.00    2.00 v input external delay
   0.00    2.00 v pc_mux_i[0] (in)
   1.77    3.77 ^ _1089_/Y (sky130_fd_sc_hd__nor3b_1)
   0.29    4.06 v _1091_/Y (sky130_fd_sc_hd__a22oi_1)
   0.37    4.43 v _1092_/X (sky130_fd_sc_hd__a31o_1)
   0.22    4.65 ^ _1097_/Y (sky130_fd_sc_hd__a31oi_1)
   0.51    5.16 v _1250_/X (sky130_fd_sc_hd__or4b_1)
   0.44    5.59 ^ _1252_/Y (sky130_fd_sc_hd__nor4_1)
   0.50    6.09 ^ _1254_/Y (sky130_fd_sc_hd__nor4bb_1)
   0.50    6.60 ^ _1257_/Y (sky130_fd_sc_hd__nor4b_1)
   0.27    6.87 v _1259_/Y (sky130_fd_sc_hd__nand4bb_1)
   0.46    7.32 ^ _1261_/Y (sky130_fd_sc_hd__nor4_1)
   0.56    7.88 v _1264_/X (sky130_fd_sc_hd__or4b_1)
   0.46    8.34 ^ _1670_/Y (sky130_fd_sc_hd__nor4_1)
   0.20    8.55 v _1672_/Y (sky130_fd_sc_hd__nand3b_1)
   0.27    8.81 ^ _1673_/Y (sky130_fd_sc_hd__nor3_1)
   0.08    8.90 v _2168_/Y (sky130_fd_sc_hd__nor2_1)
   0.00    8.90 v _2355_/D (sky130_fd_sc_hd__edfxtp_1)
           8.90   data arrival time

  10.00   10.00   clock clk (rise edge)
   0.00   10.00   clock network delay (ideal)
   0.00   10.00   clock reconvergence pessimism
          10.00 ^ _2355_/CLK (sky130_fd_sc_hd__edfxtp_1)
  -0.27    9.73   library setup time
           9.73   data required time
---------------------------------------------------------
           9.73   data required time
          -8.90   data arrival time
---------------------------------------------------------
           0.83   slack (MET)


Startpoint: pc_mux_i[0] (input port clocked by clk)
Endpoint: _2354_ (rising edge-triggered flip-flop clocked by clk)
Path Group: clk
Path Type: max

  Delay    Time   Description
---------------------------------------------------------
   0.00    0.00   clock clk (rise edge)
   0.00    0.00   clock network delay (ideal)
   2.00    2.00 v input external delay
   0.00    2.00 v pc_mux_i[0] (in)
   1.77    3.77 ^ _1089_/Y (sky130_fd_sc_hd__nor3b_1)
   0.29    4.06 v _1091_/Y (sky130_fd_sc_hd__a22oi_1)
   0.37    4.43 v _1092_/X (sky130_fd_sc_hd__a31o_1)
   0.22    4.65 ^ _1097_/Y (sky130_fd_sc_hd__a31oi_1)
   0.51    5.16 v _1250_/X (sky130_fd_sc_hd__or4b_1)
   0.44    5.59 ^ _1252_/Y (sky130_fd_sc_hd__nor4_1)
   0.50    6.09 ^ _1254_/Y (sky130_fd_sc_hd__nor4bb_1)
   0.50    6.60 ^ _1257_/Y (sky130_fd_sc_hd__nor4b_1)
   0.27    6.87 v _1259_/Y (sky130_fd_sc_hd__nand4bb_1)
   0.46    7.32 ^ _1261_/Y (sky130_fd_sc_hd__nor4_1)
   0.56    7.88 v _1264_/X (sky130_fd_sc_hd__or4b_1)
   0.46    8.34 ^ _1670_/Y (sky130_fd_sc_hd__nor4_1)
   0.20    8.55 v _1672_/Y (sky130_fd_sc_hd__nand3b_1)
   0.19    8.73 v _2169_/X (sky130_fd_sc_hd__xor2_1)
   0.00    8.74 v _2354_/D (sky130_fd_sc_hd__edfxtp_1)
           8.74   data arrival time

  10.00   10.00   clock clk (rise edge)
   0.00   10.00   clock network delay (ideal)
   0.00   10.00   clock reconvergence pessimism
          10.00 ^ _2354_/CLK (sky130_fd_sc_hd__edfxtp_1)
  -0.27    9.73   library setup time
           9.73   data required time
---------------------------------------------------------
           9.73   data required time
          -8.74   data arrival time
---------------------------------------------------------
           0.99   slack (MET)


Startpoint: pc_mux_i[0] (input port clocked by clk)
Endpoint: _2353_ (rising edge-triggered flip-flop clocked by clk)
Path Group: clk
Path Type: max

  Delay    Time   Description
---------------------------------------------------------
   0.00    0.00   clock clk (rise edge)
   0.00    0.00   clock network delay (ideal)
   2.00    2.00 v input external delay
   0.00    2.00 v pc_mux_i[0] (in)
   1.77    3.77 ^ _1089_/Y (sky130_fd_sc_hd__nor3b_1)
   0.29    4.06 v _1091_/Y (sky130_fd_sc_hd__a22oi_1)
   0.37    4.43 v _1092_/X (sky130_fd_sc_hd__a31o_1)
   0.22    4.65 ^ _1097_/Y (sky130_fd_sc_hd__a31oi_1)
   0.51    5.16 v _1250_/X (sky130_fd_sc_hd__or4b_1)
   0.44    5.59 ^ _1252_/Y (sky130_fd_sc_hd__nor4_1)
   0.50    6.09 ^ _1254_/Y (sky130_fd_sc_hd__nor4bb_1)
   0.50    6.60 ^ _1257_/Y (sky130_fd_sc_hd__nor4b_1)
   0.27    6.87 v _1259_/Y (sky130_fd_sc_hd__nand4bb_1)
   0.46    7.32 ^ _1261_/Y (sky130_fd_sc_hd__nor4_1)
   0.56    7.88 v _1264_/X (sky130_fd_sc_hd__or4b_1)
   0.46    8.34 ^ _1670_/Y (sky130_fd_sc_hd__nor4_1)
   0.13    8.47 v _1671_/Y (sky130_fd_sc_hd__nand2_1)
   0.16    8.64 v _2206_/X (sky130_fd_sc_hd__xor2_1)
   0.00    8.64 v _2353_/D (sky130_fd_sc_hd__edfxtp_1)
           8.64   data arrival time

  10.00   10.00   clock clk (rise edge)
   0.00   10.00   clock network delay (ideal)
   0.00   10.00   clock reconvergence pessimism
          10.00 ^ _2353_/CLK (sky130_fd_sc_hd__edfxtp_1)
  -0.27    9.73   library setup time
           9.73   data required time
---------------------------------------------------------
           9.73   data required time
          -8.64   data arrival time
---------------------------------------------------------
           1.09   slack (MET)


Startpoint: pc_mux_i[0] (input port clocked by clk)
Endpoint: _2352_ (rising edge-triggered flip-flop clocked by clk)
Path Group: clk
Path Type: max

  Delay    Time   Description
---------------------------------------------------------
   0.00    0.00   clock clk (rise edge)
   0.00    0.00   clock network delay (ideal)
   2.00    2.00 v input external delay
   0.00    2.00 v pc_mux_i[0] (in)
   1.77    3.77 ^ _1089_/Y (sky130_fd_sc_hd__nor3b_1)
   0.29    4.06 v _1091_/Y (sky130_fd_sc_hd__a22oi_1)
   0.37    4.43 v _1092_/X (sky130_fd_sc_hd__a31o_1)
   0.22    4.65 ^ _1097_/Y (sky130_fd_sc_hd__a31oi_1)
   0.51    5.16 v _1250_/X (sky130_fd_sc_hd__or4b_1)
   0.44    5.59 ^ _1252_/Y (sky130_fd_sc_hd__nor4_1)
   0.50    6.09 ^ _1254_/Y (sky130_fd_sc_hd__nor4bb_1)
   0.50    6.60 ^ _1257_/Y (sky130_fd_sc_hd__nor4b_1)
   0.27    6.87 v _1259_/Y (sky130_fd_sc_hd__nand4bb_1)
   0.46    7.32 ^ _1261_/Y (sky130_fd_sc_hd__nor4_1)
   0.56    7.88 v _1264_/X (sky130_fd_sc_hd__or4b_1)
   0.46    8.34 ^ _1670_/Y (sky130_fd_sc_hd__nor4_1)
   0.11    8.46 v _2181_/Y (sky130_fd_sc_hd__xnor2_1)
   0.00    8.46 v _2352_/D (sky130_fd_sc_hd__edfxtp_1)
           8.46   data arrival time

  10.00   10.00   clock clk (rise edge)
   0.00   10.00   clock network delay (ideal)
   0.00   10.00   clock reconvergence pessimism
          10.00 ^ _2352_/CLK (sky130_fd_sc_hd__edfxtp_1)
  -0.27    9.73   library setup time
           9.73   data required time
---------------------------------------------------------
           9.73   data required time
          -8.46   data arrival time
---------------------------------------------------------
           1.27   slack (MET)


Startpoint: pc_mux_i[0] (input port clocked by clk)
Endpoint: _2351_ (rising edge-triggered flip-flop clocked by clk)
Path Group: clk
Path Type: max

  Delay    Time   Description
---------------------------------------------------------
   0.00    0.00   clock clk (rise edge)
   0.00    0.00   clock network delay (ideal)
   2.00    2.00 v input external delay
   0.00    2.00 v pc_mux_i[0] (in)
   1.77    3.77 ^ _1089_/Y (sky130_fd_sc_hd__nor3b_1)
   0.29    4.06 v _1091_/Y (sky130_fd_sc_hd__a22oi_1)
   0.37    4.43 v _1092_/X (sky130_fd_sc_hd__a31o_1)
   0.22    4.65 ^ _1097_/Y (sky130_fd_sc_hd__a31oi_1)
   0.51    5.16 v _1250_/X (sky130_fd_sc_hd__or4b_1)
   0.44    5.59 ^ _1252_/Y (sky130_fd_sc_hd__nor4_1)
   0.50    6.09 ^ _1254_/Y (sky130_fd_sc_hd__nor4bb_1)
   0.50    6.60 ^ _1257_/Y (sky130_fd_sc_hd__nor4b_1)
   0.27    6.87 v _1259_/Y (sky130_fd_sc_hd__nand4bb_1)
   0.46    7.32 ^ _1261_/Y (sky130_fd_sc_hd__nor4_1)
   0.56    7.88 v _1264_/X (sky130_fd_sc_hd__or4b_1)
   0.26    8.14 ^ _1265_/Y (sky130_fd_sc_hd__nor3_1)
   0.11    8.26 v _2325_/Y (sky130_fd_sc_hd__xnor2_1)
   0.00    8.26 v _2351_/D (sky130_fd_sc_hd__edfxtp_1)
           8.26   data arrival time

  10.00   10.00   clock clk (rise edge)
   0.00   10.00   clock network delay (ideal)
   0.00   10.00   clock reconvergence pessimism
          10.00 ^ _2351_/CLK (sky130_fd_sc_hd__edfxtp_1)
  -0.27    9.73   library setup time
           9.73   data required time
---------------------------------------------------------
           9.73   data required time
          -8.26   data arrival time
---------------------------------------------------------
           1.47   slack (MET)


Startpoint: pc_mux_i[0] (input port clocked by clk)
Endpoint: _2350_ (rising edge-triggered flip-flop clocked by clk)
Path Group: clk
Path Type: max

  Delay    Time   Description
---------------------------------------------------------
   0.00    0.00   clock clk (rise edge)
   0.00    0.00   clock network delay (ideal)
   2.00    2.00 v input external delay
   0.00    2.00 v pc_mux_i[0] (in)
   1.77    3.77 ^ _1089_/Y (sky130_fd_sc_hd__nor3b_1)
   0.29    4.06 v _1091_/Y (sky130_fd_sc_hd__a22oi_1)
   0.37    4.43 v _1092_/X (sky130_fd_sc_hd__a31o_1)
   0.22    4.65 ^ _1097_/Y (sky130_fd_sc_hd__a31oi_1)
   0.51    5.16 v _1250_/X (sky130_fd_sc_hd__or4b_1)
   0.44    5.59 ^ _1252_/Y (sky130_fd_sc_hd__nor4_1)
   0.50    6.09 ^ _1254_/Y (sky130_fd_sc_hd__nor4bb_1)
   0.50    6.60 ^ _1257_/Y (sky130_fd_sc_hd__nor4b_1)
   0.27    6.87 v _1259_/Y (sky130_fd_sc_hd__nand4bb_1)
   0.46    7.32 ^ _1261_/Y (sky130_fd_sc_hd__nor4_1)
   0.56    7.88 v _1264_/X (sky130_fd_sc_hd__or4b_1)
   0.26    8.14 ^ _1265_/Y (sky130_fd_sc_hd__nor3_1)
   0.08    8.23 v _1267_/Y (sky130_fd_sc_hd__nor2_1)
   0.00    8.23 v _2350_/D (sky130_fd_sc_hd__edfxtp_1)
           8.23   data arrival time

  10.00   10.00   clock clk (rise edge)
   0.00   10.00   clock network delay (ideal)
   0.00   10.00   clock reconvergence pessimism
          10.00 ^ _2350_/CLK (sky130_fd_sc_hd__edfxtp_1)
  -0.27    9.73   library setup time
           9.73   data required time
---------------------------------------------------------
           9.73   data required time
          -8.23   data arrival time
---------------------------------------------------------
           1.50   slack (MET)


Startpoint: pc_mux_i[0] (input port clocked by clk)
Endpoint: _2349_ (rising edge-triggered flip-flop clocked by clk)
Path Group: clk
Path Type: max

  Delay    Time   Description
---------------------------------------------------------
   0.00    0.00   clock clk (rise edge)
   0.00    0.00   clock network delay (ideal)
   2.00    2.00 v input external delay
   0.00    2.00 v pc_mux_i[0] (in)
   1.77    3.77 ^ _1089_/Y (sky130_fd_sc_hd__nor3b_1)
   0.29    4.06 v _1091_/Y (sky130_fd_sc_hd__a22oi_1)
   0.37    4.43 v _1092_/X (sky130_fd_sc_hd__a31o_1)
   0.22    4.65 ^ _1097_/Y (sky130_fd_sc_hd__a31oi_1)
   0.51    5.16 v _1250_/X (sky130_fd_sc_hd__or4b_1)
   0.44    5.59 ^ _1252_/Y (sky130_fd_sc_hd__nor4_1)
   0.50    6.09 ^ _1254_/Y (sky130_fd_sc_hd__nor4bb_1)
   0.50    6.60 ^ _1257_/Y (sky130_fd_sc_hd__nor4b_1)
   0.27    6.87 v _1259_/Y (sky130_fd_sc_hd__nand4bb_1)
   0.46    7.32 ^ _1261_/Y (sky130_fd_sc_hd__nor4_1)
   0.56    7.88 v _1264_/X (sky130_fd_sc_hd__or4b_1)
   0.18    8.06 v _2166_/X (sky130_fd_sc_hd__xor2_1)
   0.00    8.06 v _2349_/D (sky130_fd_sc_hd__edfxtp_1)
           8.06   data arrival time

  10.00   10.00   clock clk (rise edge)
   0.00   10.00   clock network delay (ideal)
   0.00   10.00   clock reconvergence pessimism
          10.00 ^ _2349_/CLK (sky130_fd_sc_hd__edfxtp_1)
  -0.28    9.72   library setup time
           9.72   data required time
---------------------------------------------------------
           9.72   data required time
          -8.06   data arrival time
---------------------------------------------------------
           1.65   slack (MET)


Startpoint: instr_rdata_i[17] (input port clocked by clk)
Endpoint: _2612_ (rising edge-triggered flip-flop clocked by clk)
Path Group: clk
Path Type: max

  Delay    Time   Description
---------------------------------------------------------
   0.00    0.00   clock clk (rise edge)
   0.00    0.00   clock network delay (ideal)
   2.00    2.00 v input external delay
   0.00    2.00 v instr_rdata_i[17] (in)
   0.21    2.21 ^ _1295_/Y (sky130_fd_sc_hd__mux2i_1)
   0.17    2.38 v _1311_/Y (sky130_fd_sc_hd__o21ai_0)
   0.12    2.51 ^ _1315_/Y (sky130_fd_sc_hd__nand2_1)
   0.11    2.61 v _1319_/Y (sky130_fd_sc_hd__o21ai_0)
   0.16    2.77 ^ _1320_/Y (sky130_fd_sc_hd__o21ai_0)
   0.10    2.88 v _2212_/Y (sky130_fd_sc_hd__nand2_1)
   3.79    6.67 ^ _2213_/Y (sky130_fd_sc_hd__nor2_1)
   0.55    7.22 v _2216_/Y (sky130_fd_sc_hd__nand2_1)
   0.48    7.69 ^ _2217_/Y (sky130_fd_sc_hd__a21boi_0)
   0.12    7.81 v _2220_/Y (sky130_fd_sc_hd__nand3_1)
   0.18    7.99 ^ _2227_/Y (sky130_fd_sc_hd__a31oi_1)
   0.11    8.10 v _2228_/Y (sky130_fd_sc_hd__nand4_1)
   0.00    8.10 v _2612_/D (sky130_fd_sc_hd__dfstp_2)
           8.10   data arrival time

  10.00   10.00   clock clk (rise edge)
   0.00   10.00   clock network delay (ideal)
   0.00   10.00   clock reconvergence pessimism
          10.00 ^ _2612_/CLK (sky130_fd_sc_hd__dfstp_2)
  -0.09    9.91   library setup time
           9.91   data required time
---------------------------------------------------------
           9.91   data required time
          -8.10   data arrival time
---------------------------------------------------------
           1.81   slack (MET)


Startpoint: pc_mux_i[0] (input port clocked by clk)
Endpoint: _2348_ (rising edge-triggered flip-flop clocked by clk)
Path Group: clk
Path Type: max

  Delay    Time   Description
---------------------------------------------------------
   0.00    0.00   clock clk (rise edge)
   0.00    0.00   clock network delay (ideal)
   2.00    2.00 v input external delay
   0.00    2.00 v pc_mux_i[0] (in)
   1.77    3.77 ^ _1089_/Y (sky130_fd_sc_hd__nor3b_1)
   0.29    4.06 v _1091_/Y (sky130_fd_sc_hd__a22oi_1)
   0.37    4.43 v _1092_/X (sky130_fd_sc_hd__a31o_1)
   0.22    4.65 ^ _1097_/Y (sky130_fd_sc_hd__a31oi_1)
   0.51    5.16 v _1250_/X (sky130_fd_sc_hd__or4b_1)
   0.44    5.59 ^ _1252_/Y (sky130_fd_sc_hd__nor4_1)
   0.50    6.09 ^ _1254_/Y (sky130_fd_sc_hd__nor4bb_1)
   0.50    6.60 ^ _1257_/Y (sky130_fd_sc_hd__nor4b_1)
   0.27    6.87 v _1259_/Y (sky130_fd_sc_hd__nand4bb_1)
   0.46    7.32 ^ _1261_/Y (sky130_fd_sc_hd__nor4_1)
   0.25    7.57 ^ _1262_/X (sky130_fd_sc_hd__lpflow_isobufsrc_1)
   0.18    7.75 ^ _1263_/X (sky130_fd_sc_hd__lpflow_isobufsrc_1)
   0.08    7.84 v _2205_/Y (sky130_fd_sc_hd__xnor2_1)
   0.00    7.84 v _2348_/D (sky130_fd_sc_hd__edfxtp_1)
           7.84   data arrival time

  10.00   10.00   clock clk (rise edge)
   0.00   10.00   clock network delay (ideal)
   0.00   10.00   clock reconvergence pessimism
          10.00 ^ _2348_/CLK (sky130_fd_sc_hd__edfxtp_1)
  -0.27    9.73   library setup time
           9.73   data required time
---------------------------------------------------------
           9.73   data required time
          -7.84   data arrival time
---------------------------------------------------------
           1.90   slack (MET)


