Startpoint: pc_mux_i[0] (input port clocked by clk)
Endpoint: _2392_ (rising edge-triggered flip-flop clocked by clk)
Path Group: clk
Path Type: max

  Delay    Time   Description
---------------------------------------------------------
   0.00    0.00   clock clk (rise edge)
   0.00    0.00   clock network delay (ideal)
   2.00    2.00 v input external delay
   0.00    2.00 v pc_mux_i[0] (in)
   1.72    3.72 ^ _1102_/Y (sky130_fd_sc_hd__nor4b_1)
   0.27    3.99 v _1103_/Y (sky130_fd_sc_hd__nand2_1)
   0.32    4.31 ^ _1258_/Y (sky130_fd_sc_hd__o211ai_1)
   0.13    4.44 v _1260_/Y (sky130_fd_sc_hd__a222oi_1)
   0.65    5.10 v _1272_/X (sky130_fd_sc_hd__or4_1)
   0.43    5.52 ^ _1274_/Y (sky130_fd_sc_hd__nor4_1)
   0.48    6.01 ^ _1277_/Y (sky130_fd_sc_hd__nor4b_1)
   0.53    6.54 ^ _1279_/Y (sky130_fd_sc_hd__nor4b_1)
   0.46    7.00 ^ _1282_/Y (sky130_fd_sc_hd__nor4b_1)
   0.45    7.45 ^ _1285_/Y (sky130_fd_sc_hd__nor4b_1)
   0.48    7.92 ^ _1288_/Y (sky130_fd_sc_hd__nor4b_1)
   0.56    8.48 ^ _1703_/Y (sky130_fd_sc_hd__nor4b_1)
   0.49    8.97 ^ _1705_/Y (sky130_fd_sc_hd__nor4b_1)
   0.22    9.20 ^ _1706_/X (sky130_fd_sc_hd__lpflow_isobufsrc_1)
   0.08    9.28 v _1707_/Y (sky130_fd_sc_hd__xnor2_1)
   0.00    9.28 v _2392_/D (sky130_fd_sc_hd__edfxtp_1)
           9.28   data arrival time

  10.00   10.00   clock clk (rise edge)
   0.00   10.00   clock network delay (ideal)
   0.00   10.00   clock reconvergence pessimism
          10.00 ^ _2392_/CLK (sky130_fd_sc_hd__edfxtp_1)
  -0.26    9.74   library setup time
           9.74   data required time
---------------------------------------------------------
           9.74   data required time
          -9.28   data arrival time
---------------------------------------------------------
           0.45   slack (MET)


Startpoint: pc_mux_i[0] (input port clocked by clk)
Endpoint: _2391_ (rising edge-triggered flip-flop clocked by clk)
Path Group: clk
Path Type: max

  Delay    Time   Description
---------------------------------------------------------
   0.00    0.00   clock clk (rise edge)
   0.00    0.00   clock network delay (ideal)
   2.00    2.00 v input external delay
   0.00    2.00 v pc_mux_i[0] (in)
   1.72    3.72 ^ _1102_/Y (sky130_fd_sc_hd__nor4b_1)
   0.27    3.99 v _1103_/Y (sky130_fd_sc_hd__nand2_1)
   0.32    4.31 ^ _1258_/Y (sky130_fd_sc_hd__o211ai_1)
   0.13    4.44 v _1260_/Y (sky130_fd_sc_hd__a222oi_1)
   0.65    5.10 v _1272_/X (sky130_fd_sc_hd__or4_1)
   0.43    5.52 ^ _1274_/Y (sky130_fd_sc_hd__nor4_1)
   0.48    6.01 ^ _1277_/Y (sky130_fd_sc_hd__nor4b_1)
   0.53    6.54 ^ _1279_/Y (sky130_fd_sc_hd__nor4b_1)
   0.46    7.00 ^ _1282_/Y (sky130_fd_sc_hd__nor4b_1)
   0.45    7.45 ^ _1285_/Y (sky130_fd_sc_hd__nor4b_1)
   0.48    7.92 ^ _1288_/Y (sky130_fd_sc_hd__nor4b_1)
   0.56    8.48 ^ _1703_/Y (sky130_fd_sc_hd__nor4b_1)
   0.49    8.97 ^ _1705_/Y (sky130_fd_sc_hd__nor4b_1)
   0.11    9.09 v _2206_/Y (sky130_fd_sc_hd__xnor2_1)
   0.00    9.09 v _2391_/D (sky130_fd_sc_hd__edfxtp_1)
           9.09   data arrival time

  10.00   10.00   clock clk (rise edge)
   0.00   10.00   clock network delay (ideal)
   0.00   10.00   clock reconvergence pessimism
          10.00 ^ _2391_/CLK (sky130_fd_sc_hd__edfxtp_1)
  -0.28    9.72   library setup time
           9.72   data required time
---------------------------------------------------------
           9.72   data required time
          -9.09   data arrival time
---------------------------------------------------------
           0.64   slack (MET)


Startpoint: pc_mux_i[0] (input port clocked by clk)
Endpoint: _2390_ (rising edge-triggered flip-flop clocked by clk)
Path Group: clk
Path Type: max

  Delay    Time   Description
---------------------------------------------------------
   0.00    0.00   clock clk (rise edge)
   0.00    0.00   clock network delay (ideal)
   2.00    2.00 v input external delay
   0.00    2.00 v pc_mux_i[0] (in)
   1.72    3.72 ^ _1102_/Y (sky130_fd_sc_hd__nor4b_1)
   0.27    3.99 v _1103_/Y (sky130_fd_sc_hd__nand2_1)
   0.32    4.31 ^ _1258_/Y (sky130_fd_sc_hd__o211ai_1)
   0.13    4.44 v _1260_/Y (sky130_fd_sc_hd__a222oi_1)
   0.65    5.10 v _1272_/X (sky130_fd_sc_hd__or4_1)
   0.43    5.52 ^ _1274_/Y (sky130_fd_sc_hd__nor4_1)
   0.48    6.01 ^ _1277_/Y (sky130_fd_sc_hd__nor4b_1)
   0.53    6.54 ^ _1279_/Y (sky130_fd_sc_hd__nor4b_1)
   0.46    7.00 ^ _1282_/Y (sky130_fd_sc_hd__nor4b_1)
   0.45    7.45 ^ _1285_/Y (sky130_fd_sc_hd__nor4b_1)
   0.48    7.92 ^ _1288_/Y (sky130_fd_sc_hd__nor4b_1)
   0.56    8.48 ^ _1703_/Y (sky130_fd_sc_hd__nor4b_1)
   0.49    8.97 ^ _1705_/Y (sky130_fd_sc_hd__nor4b_1)
   0.09    9.07 v _2208_/Y (sky130_fd_sc_hd__nor2_1)
   0.00    9.07 v _2390_/D (sky130_fd_sc_hd__edfxtp_1)
           9.07   data arrival time

  10.00   10.00   clock clk (rise edge)
   0.00   10.00   clock network delay (ideal)
   0.00   10.00   clock reconvergence pessimism
          10.00 ^ _2390_/CLK (sky130_fd_sc_hd__edfxtp_1)
  -0.28    9.72   library setup time
           9.72   data required time
---------------------------------------------------------
           9.72   data required time
          -9.07   data arrival time
---------------------------------------------------------
           0.65   slack (MET)


Startpoint: pc_mux_i[0] (input port clocked by clk)
Endpoint: _2389_ (rising edge-triggered flip-flop clocked by clk)
Path Group: clk
Path Type: max

  Delay    Time   Description
---------------------------------------------------------
   0.00    0.00   clock clk (rise edge)
   0.00    0.00   clock network delay (ideal)
   2.00    2.00 v input external delay
   0.00    2.00 v pc_mux_i[0] (in)
   1.72    3.72 ^ _1102_/Y (sky130_fd_sc_hd__nor4b_1)
   0.27    3.99 v _1103_/Y (sky130_fd_sc_hd__nand2_1)
   0.32    4.31 ^ _1258_/Y (sky130_fd_sc_hd__o211ai_1)
   0.13    4.44 v _1260_/Y (sky130_fd_sc_hd__a222oi_1)
   0.65    5.10 v _1272_/X (sky130_fd_sc_hd__or4_1)
   0.43    5.52 ^ _1274_/Y (sky130_fd_sc_hd__nor4_1)
   0.48    6.01 ^ _1277_/Y (sky130_fd_sc_hd__nor4b_1)
   0.53    6.54 ^ _1279_/Y (sky130_fd_sc_hd__nor4b_1)
   0.46    7.00 ^ _1282_/Y (sky130_fd_sc_hd__nor4b_1)
   0.45    7.45 ^ _1285_/Y (sky130_fd_sc_hd__nor4b_1)
   0.48    7.92 ^ _1288_/Y (sky130_fd_sc_hd__nor4b_1)
   0.56    8.48 ^ _1703_/Y (sky130_fd_sc_hd__nor4b_1)
   0.17    8.65 v _1704_/Y (sky130_fd_sc_hd__nand2b_1)
   0.18    8.83 v _2244_/X (sky130_fd_sc_hd__xor2_1)
   0.00    8.83 v _2389_/D (sky130_fd_sc_hd__edfxtp_1)
           8.83   data arrival time

  10.00   10.00   clock clk (rise edge)
   0.00   10.00   clock network delay (ideal)
   0.00   10.00   clock reconvergence pessimism
          10.00 ^ _2389_/CLK (sky130_fd_sc_hd__edfxtp_1)
  -0.27    9.73   library setup time
           9.73   data required time
---------------------------------------------------------
           9.73   data required time
          -8.83   data arrival time
---------------------------------------------------------
           0.90   slack (MET)


Startpoint: pc_mux_i[0] (input port clocked by clk)
Endpoint: _2388_ (rising edge-triggered flip-flop clocked by clk)
Path Group: clk
Path Type: max

  Delay    Time   Description
---------------------------------------------------------
   0.00    0.00   clock clk (rise edge)
   0.00    0.00   clock network delay (ideal)
   2.00    2.00 v input external delay
   0.00    2.00 v pc_mux_i[0] (in)
   1.72    3.72 ^ _1102_/Y (sky130_fd_sc_hd__nor4b_1)
   0.27    3.99 v _1103_/Y (sky130_fd_sc_hd__nand2_1)
   0.32    4.31 ^ _1258_/Y (sky130_fd_sc_hd__o211ai_1)
   0.13    4.44 v _1260_/Y (sky130_fd_sc_hd__a222oi_1)
   0.65    5.10 v _1272_/X (sky130_fd_sc_hd__or4_1)
   0.43    5.52 ^ _1274_/Y (sky130_fd_sc_hd__nor4_1)
   0.48    6.01 ^ _1277_/Y (sky130_fd_sc_hd__nor4b_1)
   0.53    6.54 ^ _1279_/Y (sky130_fd_sc_hd__nor4b_1)
   0.46    7.00 ^ _1282_/Y (sky130_fd_sc_hd__nor4b_1)
   0.45    7.45 ^ _1285_/Y (sky130_fd_sc_hd__nor4b_1)
   0.48    7.92 ^ _1288_/Y (sky130_fd_sc_hd__nor4b_1)
   0.56    8.48 ^ _1703_/Y (sky130_fd_sc_hd__nor4b_1)
   0.12    8.60 v _2221_/Y (sky130_fd_sc_hd__xnor2_1)
   0.00    8.61 v _2388_/D (sky130_fd_sc_hd__edfxtp_1)
           8.61   data arrival time

  10.00   10.00   clock clk (rise edge)
   0.00   10.00   clock network delay (ideal)
   0.00   10.00   clock reconvergence pessimism
          10.00 ^ _2388_/CLK (sky130_fd_sc_hd__edfxtp_1)
  -0.28    9.72   library setup time
           9.72   data required time
---------------------------------------------------------
           9.72   data required time
          -8.61   data arrival time
---------------------------------------------------------
           1.11   slack (MET)


Startpoint: pc_mux_i[0] (input port clocked by clk)
Endpoint: _2387_ (rising edge-triggered flip-flop clocked by clk)
Path Group: clk
Path Type: max

  Delay    Time   Description
---------------------------------------------------------
   0.00    0.00   clock clk (rise edge)
   0.00    0.00   clock network delay (ideal)
   2.00    2.00 v input external delay
   0.00    2.00 v pc_mux_i[0] (in)
   1.72    3.72 ^ _1102_/Y (sky130_fd_sc_hd__nor4b_1)
   0.27    3.99 v _1103_/Y (sky130_fd_sc_hd__nand2_1)
   0.32    4.31 ^ _1258_/Y (sky130_fd_sc_hd__o211ai_1)
   0.13    4.44 v _1260_/Y (sky130_fd_sc_hd__a222oi_1)
   0.65    5.10 v _1272_/X (sky130_fd_sc_hd__or4_1)
   0.43    5.52 ^ _1274_/Y (sky130_fd_sc_hd__nor4_1)
   0.48    6.01 ^ _1277_/Y (sky130_fd_sc_hd__nor4b_1)
   0.53    6.54 ^ _1279_/Y (sky130_fd_sc_hd__nor4b_1)
   0.46    7.00 ^ _1282_/Y (sky130_fd_sc_hd__nor4b_1)
   0.45    7.45 ^ _1285_/Y (sky130_fd_sc_hd__nor4b_1)
   0.48    7.92 ^ _1288_/Y (sky130_fd_sc_hd__nor4b_1)
   0.56    8.48 ^ _1703_/Y (sky130_fd_sc_hd__nor4b_1)
   0.10    8.59 v _2361_/Y (sky130_fd_sc_hd__nor2_1)
   0.00    8.59 v _2387_/D (sky130_fd_sc_hd__edfxtp_1)
           8.59   data arrival time

  10.00   10.00   clock clk (rise edge)
   0.00   10.00   clock network delay (ideal)
   0.00   10.00   clock reconvergence pessimism
          10.00 ^ _2387_/CLK (sky130_fd_sc_hd__edfxtp_1)
  -0.28    9.72   library setup time
           9.72   data required time
---------------------------------------------------------
           9.72   data required time
          -8.59   data arrival time
---------------------------------------------------------
           1.13   slack (MET)


Startpoint: pc_mux_i[0] (input port clocked by clk)
Endpoint: _2386_ (rising edge-triggered flip-flop clocked by clk)
Path Group: clk
Path Type: max

  Delay    Time   Description
---------------------------------------------------------
   0.00    0.00   clock clk (rise edge)
   0.00    0.00   clock network delay (ideal)
   2.00    2.00 v input external delay
   0.00    2.00 v pc_mux_i[0] (in)
   1.72    3.72 ^ _1102_/Y (sky130_fd_sc_hd__nor4b_1)
   0.27    3.99 v _1103_/Y (sky130_fd_sc_hd__nand2_1)
   0.32    4.31 ^ _1258_/Y (sky130_fd_sc_hd__o211ai_1)
   0.13    4.44 v _1260_/Y (sky130_fd_sc_hd__a222oi_1)
   0.65    5.10 v _1272_/X (sky130_fd_sc_hd__or4_1)
   0.43    5.52 ^ _1274_/Y (sky130_fd_sc_hd__nor4_1)
   0.48    6.01 ^ _1277_/Y (sky130_fd_sc_hd__nor4b_1)
   0.53    6.54 ^ _1279_/Y (sky130_fd_sc_hd__nor4b_1)
   0.46    7.00 ^ _1282_/Y (sky130_fd_sc_hd__nor4b_1)
   0.45    7.45 ^ _1285_/Y (sky130_fd_sc_hd__nor4b_1)
   0.48    7.92 ^ _1288_/Y (sky130_fd_sc_hd__nor4b_1)
   0.15    8.08 v _1289_/Y (sky130_fd_sc_hd__nand2b_1)
   0.17    8.25 v _1290_/X (sky130_fd_sc_hd__xor2_1)
   0.00    8.25 v _2386_/D (sky130_fd_sc_hd__edfxtp_1)
           8.25   data arrival time

  10.00   10.00   clock clk (rise edge)
   0.00   10.00   clock network delay (ideal)
   0.00   10.00   clock reconvergence pessimism
          10.00 ^ _2386_/CLK (sky130_fd_sc_hd__edfxtp_1)
  -0.27    9.73   library setup time
           9.73   data required time
---------------------------------------------------------
           9.73   data required time
          -8.25   data arrival time
---------------------------------------------------------
           1.48   slack (MET)


Startpoint: pc_mux_i[0] (input port clocked by clk)
Endpoint: _2385_ (rising edge-triggered flip-flop clocked by clk)
Path Group: clk
Path Type: max

  Delay    Time   Description
---------------------------------------------------------
   0.00    0.00   clock clk (rise edge)
   0.00    0.00   clock network delay (ideal)
   2.00    2.00 v input external delay
   0.00    2.00 v pc_mux_i[0] (in)
   1.72    3.72 ^ _1102_/Y (sky130_fd_sc_hd__nor4b_1)
   0.27    3.99 v _1103_/Y (sky130_fd_sc_hd__nand2_1)
   0.32    4.31 ^ _1258_/Y (sky130_fd_sc_hd__o211ai_1)
   0.13    4.44 v _1260_/Y (sky130_fd_sc_hd__a222oi_1)
   0.65    5.10 v _1272_/X (sky130_fd_sc_hd__or4_1)
   0.43    5.52 ^ _1274_/Y (sky130_fd_sc_hd__nor4_1)
   0.48    6.01 ^ _1277_/Y (sky130_fd_sc_hd__nor4b_1)
   0.53    6.54 ^ _1279_/Y (sky130_fd_sc_hd__nor4b_1)
   0.46    7.00 ^ _1282_/Y (sky130_fd_sc_hd__nor4b_1)
   0.45    7.45 ^ _1285_/Y (sky130_fd_sc_hd__nor4b_1)
   0.48    7.92 ^ _1288_/Y (sky130_fd_sc_hd__nor4b_1)
   0.11    8.03 v _2205_/Y (sky130_fd_sc_hd__xnor2_1)
   0.00    8.04 v _2385_/D (sky130_fd_sc_hd__edfxtp_1)
           8.04   data arrival time

  10.00   10.00   clock clk (rise edge)
   0.00   10.00   clock network delay (ideal)
   0.00   10.00   clock reconvergence pessimism
          10.00 ^ _2385_/CLK (sky130_fd_sc_hd__edfxtp_1)
  -0.28    9.72   library setup time
           9.72   data required time
---------------------------------------------------------
           9.72   data required time
          -8.04   data arrival time
---------------------------------------------------------
           1.69   slack (MET)


Startpoint: pc_mux_i[0] (input port clocked by clk)
Endpoint: _2384_ (rising edge-triggered flip-flop clocked by clk)
Path Group: clk
Path Type: max

  Delay    Time   Description
---------------------------------------------------------
   0.00    0.00   clock clk (rise edge)
   0.00    0.00   clock network delay (ideal)
   2.00    2.00 v input external delay
   0.00    2.00 v pc_mux_i[0] (in)
   1.72    3.72 ^ _1102_/Y (sky130_fd_sc_hd__nor4b_1)
   0.27    3.99 v _1103_/Y (sky130_fd_sc_hd__nand2_1)
   0.32    4.31 ^ _1258_/Y (sky130_fd_sc_hd__o211ai_1)
   0.13    4.44 v _1260_/Y (sky130_fd_sc_hd__a222oi_1)
   0.65    5.10 v _1272_/X (sky130_fd_sc_hd__or4_1)
   0.43    5.52 ^ _1274_/Y (sky130_fd_sc_hd__nor4_1)
   0.48    6.01 ^ _1277_/Y (sky130_fd_sc_hd__nor4b_1)
   0.53    6.54 ^ _1279_/Y (sky130_fd_sc_hd__nor4b_1)
   0.46    7.00 ^ _1282_/Y (sky130_fd_sc_hd__nor4b_1)
   0.45    7.45 ^ _1285_/Y (sky130_fd_sc_hd__nor4b_1)
   0.24    7.68 ^ _1286_/X (sky130_fd_sc_hd__lpflow_isobufsrc_1)
   0.18    7.87 ^ _1287_/X (sky130_fd_sc_hd__lpflow_isobufsrc_1)
   0.08    7.95 v _2243_/Y (sky130_fd_sc_hd__xnor2_1)
   0.00    7.95 v _2384_/D (sky130_fd_sc_hd__edfxtp_1)
           7.95   data arrival time

  10.00   10.00   clock clk (rise edge)
   0.00   10.00   clock network delay (ideal)
   0.00   10.00   clock reconvergence pessimism
          10.00 ^ _2384_/CLK (sky130_fd_sc_hd__edfxtp_1)
  -0.27    9.73   library setup time
           9.73   data required time
---------------------------------------------------------
           9.73   data required time
          -7.95   data arrival time
---------------------------------------------------------
           1.78   slack (MET)


Startpoint: pc_mux_i[0] (input port clocked by clk)
Endpoint: _2383_ (rising edge-triggered flip-flop clocked by clk)
Path Group: clk
Path Type: max

  Delay    Time   Description
---------------------------------------------------------
   0.00    0.00   clock clk (rise edge)
   0.00    0.00   clock network delay (ideal)
   2.00    2.00 v input external delay
   0.00    2.00 v pc_mux_i[0] (in)
   1.72    3.72 ^ _1102_/Y (sky130_fd_sc_hd__nor4b_1)
   0.27    3.99 v _1103_/Y (sky130_fd_sc_hd__nand2_1)
   0.32    4.31 ^ _1258_/Y (sky130_fd_sc_hd__o211ai_1)
   0.13    4.44 v _1260_/Y (sky130_fd_sc_hd__a222oi_1)
   0.65    5.10 v _1272_/X (sky130_fd_sc_hd__or4_1)
   0.43    5.52 ^ _1274_/Y (sky130_fd_sc_hd__nor4_1)
   0.48    6.01 ^ _1277_/Y (sky130_fd_sc_hd__nor4b_1)
   0.53    6.54 ^ _1279_/Y (sky130_fd_sc_hd__nor4b_1)
   0.46    7.00 ^ _1282_/Y (sky130_fd_sc_hd__nor4b_1)
   0.45    7.45 ^ _1285_/Y (sky130_fd_sc_hd__nor4b_1)
   0.24    7.68 ^ _1286_/X (sky130_fd_sc_hd__lpflow_isobufsrc_1)
   0.08    7.77 v _2285_/Y (sky130_fd_sc_hd__xnor2_1)
   0.00    7.77 v _2383_/D (sky130_fd_sc_hd__edfxtp_1)
           7.77   data arrival time

  10.00   10.00   clock clk (rise edge)
   0.00   10.00   clock network delay (ideal)
   0.00   10.00   clock reconvergence pessimism
          10.00 ^ _2383_/CLK (sky130_fd_sc_hd__edfxtp_1)
  -0.27    9.73   library setup time
           9.73   data required time
---------------------------------------------------------
           9.73   data required time
          -7.77   data arrival time
---------------------------------------------------------
           1.96   slack (MET)


