OpenSTA 2.2.0 02b129d48f Copyright (c) 2019, Parallax Software, Inc.
License GPLv3: GNU GPL version 3 <http://gnu.org/licenses/gpl.html>

This is free software, and you are free to change and redistribute it
under certain conditions; type `show_copying' for details. 
This program comes with ABSOLUTELY NO WARRANTY; for details type `show_warranty'.
Startpoint: pc_mux_i[0] (input port clocked by clk)
Endpoint: _2392_ (rising edge-triggered flip-flop clocked by clk)
Path Group: clk
Path Type: max


Startpoint: pc_mux_i[0] (input port clocked by clk)
Endpoint: _2391_ (rising edge-triggered flip-flop clocked by clk)
Path Group: clk
Path Type: max


Startpoint: pc_mux_i[0] (input port clocked by clk)
Endpoint: _2390_ (rising edge-triggered flip-flop clocked by clk)
Path Group: clk
Path Type: max


Startpoint: pc_mux_i[0] (input port clocked by clk)
Endpoint: _2389_ (rising edge-triggered flip-flop clocked by clk)
Path Group: clk
Path Type: max


Startpoint: pc_mux_i[0] (input port clocked by clk)
Endpoint: _2388_ (rising edge-triggered flip-flop clocked by clk)
Path Group: clk
Path Type: max


Startpoint: pc_mux_i[0] (input port clocked by clk)
Endpoint: _2387_ (rising edge-triggered flip-flop clocked by clk)
Path Group: clk
Path Type: max


Startpoint: pc_mux_i[0] (input port clocked by clk)
Endpoint: _2386_ (rising edge-triggered flip-flop clocked by clk)
Path Group: clk
Path Type: max


Startpoint: pc_mux_i[0] (input port clocked by clk)
Endpoint: _2385_ (rising edge-triggered flip-flop clocked by clk)
Path Group: clk
Path Type: max


Startpoint: pc_mux_i[0] (input port clocked by clk)
Endpoint: _2384_ (rising edge-triggered flip-flop clocked by clk)
Path Group: clk
Path Type: max


Startpoint: pc_mux_i[0] (input port clocked by clk)
Endpoint: _2383_ (rising edge-triggered flip-flop clocked by clk)
Path Group: clk
Path Type: max


tns 0.00
wns 0.00
