OpenSTA 2.2.0 02b129d48f Copyright (c) 2019, Parallax Software, Inc.
License GPLv3: GNU GPL version 3 <http://gnu.org/licenses/gpl.html>

This is free software, and you are free to change and redistribute it
under certain conditions; type `show_copying' for details. 
This program comes with ABSOLUTELY NO WARRANTY; for details type `show_warranty'.
Error: <local_path>, line 2887 syntax error.
Warning: <local_path>, line 9100 assign left hand side size 1 not equal right hand size 32.
Startpoint: instr_rdata_i[31] (input port clocked by clk)
Endpoint: csr_mtval_o[15] (output port clocked by clk)
Path Group: clk
Path Type: max

Fanout       Cap      Slew     Delay      Time   Description
-------------------------------------------------------------------------------------
                    0.0000    0.0000    0.0000   clock clk (rise edge)
                              0.0000    0.0000   clock network delay (ideal)
                              2.0000    2.0000 ^ input external delay
                    0.0000    0.0000    2.0000 ^ instr_rdata_i[31] (in)
    10    0.0224                                 instr_rdata_i[31] (net)
                    0.0000    0.0015    2.0015 ^ _2611_/SLEEP (sky130_fd_sc_hd__lpflow_inputiso1p_1)
                    0.1157    0.1175    2.1190 ^ _2611_/X (sky130_fd_sc_hd__lpflow_inputiso1p_1)
     4    0.0101                                 _2132_ (net)
                    0.1158    0.0033    2.1223 ^ _2667_/B (sky130_fd_sc_hd__nor3_1)
                    0.0781    0.0967    2.2190 v _2667_/Y (sky130_fd_sc_hd__nor3_1)
     5    0.0116                                 _2181_ (net)
                    0.0782    0.0022    2.2212 v _2669_/B (sky130_fd_sc_hd__and3_1)
                    0.0496    0.1790    2.4002 v _2669_/X (sky130_fd_sc_hd__and3_1)
     2    0.0041                                 _2183_ (net)
                    0.0497    0.0020    2.4022 v _2670_/B_N (sky130_fd_sc_hd__nor2b_1)
                    0.0786    0.1530    2.5552 v _2670_/Y (sky130_fd_sc_hd__nor2b_1)
     4    0.0094                                 _2184_ (net)
                    0.0787    0.0024    2.5576 v _2754_/A2 (sky130_fd_sc_hd__a2111oi_0)
                    5.3874    4.1771    6.7347 ^ _2754_/Y (sky130_fd_sc_hd__a2111oi_0)
    34    0.0872                                 _2263_ (net)
                    5.3874    0.0017    6.7364 ^ _3110_/A2 (sky130_fd_sc_hd__a222oi_1)
                    0.5851    0.6886    7.4250 v _3110_/Y (sky130_fd_sc_hd__a222oi_1)
     1    0.0025                                 _1844_ (net)
                    0.5851    0.0044    7.4294 v _3111_/B (sky130_fd_sc_hd__nor2_1)
                    0.1133    0.1617    7.5911 ^ _3111_/Y (sky130_fd_sc_hd__nor2_1)
     1    0.0003                                 _1301_ (net)
                    0.1133    0.0006    7.5917 ^ csr_mtval_o[15] (out)
                                        7.5917   data arrival time

                    0.0000   10.0000   10.0000   clock clk (rise edge)
                              0.0000   10.0000   clock network delay (ideal)
                              0.0000   10.0000   clock reconvergence pessimism
                             -2.0000    8.0000   output external delay
                                        8.0000   data required time
-------------------------------------------------------------------------------------
                                        8.0000   data required time
                                       -7.5917   data arrival time
-------------------------------------------------------------------------------------
                                        0.4083   slack (MET)


Startpoint: instr_rdata_i[31] (input port clocked by clk)
Endpoint: csr_mtval_o[26] (output port clocked by clk)
Path Group: clk
Path Type: max

Fanout       Cap      Slew     Delay      Time   Description
-------------------------------------------------------------------------------------
                    0.0000    0.0000    0.0000   clock clk (rise edge)
                              0.0000    0.0000   clock network delay (ideal)
                              2.0000    2.0000 ^ input external delay
                    0.0000    0.0000    2.0000 ^ instr_rdata_i[31] (in)
    10    0.0224                                 instr_rdata_i[31] (net)
                    0.0000    0.0015    2.0015 ^ _2611_/SLEEP (sky130_fd_sc_hd__lpflow_inputiso1p_1)
                    0.1157    0.1175    2.1190 ^ _2611_/X (sky130_fd_sc_hd__lpflow_inputiso1p_1)
     4    0.0101                                 _2132_ (net)
                    0.1158    0.0033    2.1223 ^ _2667_/B (sky130_fd_sc_hd__nor3_1)
                    0.0781    0.0967    2.2190 v _2667_/Y (sky130_fd_sc_hd__nor3_1)
     5    0.0116                                 _2181_ (net)
                    0.0782    0.0022    2.2212 v _2669_/B (sky130_fd_sc_hd__and3_1)
                    0.0496    0.1790    2.4002 v _2669_/X (sky130_fd_sc_hd__and3_1)
     2    0.0041                                 _2183_ (net)
                    0.0497    0.0020    2.4022 v _2670_/B_N (sky130_fd_sc_hd__nor2b_1)
                    0.0786    0.1530    2.5552 v _2670_/Y (sky130_fd_sc_hd__nor2b_1)
     4    0.0094                                 _2184_ (net)
                    0.0787    0.0024    2.5576 v _2754_/A2 (sky130_fd_sc_hd__a2111oi_0)
                    5.3874    4.1771    6.7347 ^ _2754_/Y (sky130_fd_sc_hd__a2111oi_0)
    34    0.0872                                 _2263_ (net)
                    5.3874    0.0018    6.7365 ^ _3061_/A2 (sky130_fd_sc_hd__a22oi_1)
                    0.5610    0.4333    7.1698 v _3061_/Y (sky130_fd_sc_hd__a22oi_1)
     1    0.0025                                 _1806_ (net)
                    0.5610    0.0044    7.1742 v _3062_/A2 (sky130_fd_sc_hd__a21oi_1)
                    0.1417    0.2441    7.4183 ^ _3062_/Y (sky130_fd_sc_hd__a21oi_1)
     1    0.0003                                 _1313_ (net)
                    0.1417    0.0006    7.4189 ^ csr_mtval_o[26] (out)
                                        7.4189   data arrival time

                    0.0000   10.0000   10.0000   clock clk (rise edge)
                              0.0000   10.0000   clock network delay (ideal)
                              0.0000   10.0000   clock reconvergence pessimism
                             -2.0000    8.0000   output external delay
                                        8.0000   data required time
-------------------------------------------------------------------------------------
                                        8.0000   data required time
                                       -7.4189   data arrival time
-------------------------------------------------------------------------------------
                                        0.5811   slack (MET)


Startpoint: instr_rdata_i[31] (input port clocked by clk)
Endpoint: csr_mtval_o[8] (output port clocked by clk)
Path Group: clk
Path Type: max

Fanout       Cap      Slew     Delay      Time   Description
-------------------------------------------------------------------------------------
                    0.0000    0.0000    0.0000   clock clk (rise edge)
                              0.0000    0.0000   clock network delay (ideal)
                              2.0000    2.0000 ^ input external delay
                    0.0000    0.0000    2.0000 ^ instr_rdata_i[31] (in)
    10    0.0224                                 instr_rdata_i[31] (net)
                    0.0000    0.0015    2.0015 ^ _2611_/SLEEP (sky130_fd_sc_hd__lpflow_inputiso1p_1)
                    0.1157    0.1175    2.1190 ^ _2611_/X (sky130_fd_sc_hd__lpflow_inputiso1p_1)
     4    0.0101                                 _2132_ (net)
                    0.1158    0.0033    2.1223 ^ _2667_/B (sky130_fd_sc_hd__nor3_1)
                    0.0781    0.0967    2.2190 v _2667_/Y (sky130_fd_sc_hd__nor3_1)
     5    0.0116                                 _2181_ (net)
                    0.0782    0.0022    2.2212 v _2669_/B (sky130_fd_sc_hd__and3_1)
                    0.0496    0.1790    2.4002 v _2669_/X (sky130_fd_sc_hd__and3_1)
     2    0.0041                                 _2183_ (net)
                    0.0497    0.0020    2.4022 v _2670_/B_N (sky130_fd_sc_hd__nor2b_1)
                    0.0786    0.1530    2.5552 v _2670_/Y (sky130_fd_sc_hd__nor2b_1)
     4    0.0094                                 _2184_ (net)
                    0.0787    0.0024    2.5576 v _2754_/A2 (sky130_fd_sc_hd__a2111oi_0)
                    5.3874    4.1771    6.7347 ^ _2754_/Y (sky130_fd_sc_hd__a2111oi_0)
    34    0.0872                                 _2263_ (net)
                    5.3874    0.0018    6.7364 ^ _2801_/A2 (sky130_fd_sc_hd__a221oi_1)
                    0.5787    0.5011    7.2376 v _2801_/Y (sky130_fd_sc_hd__a221oi_1)
     1    0.0025                                 _2303_ (net)
                    0.5787    0.0044    7.2420 v _2802_/B (sky130_fd_sc_hd__nor2_1)
                    0.1133    0.1607    7.4027 ^ _2802_/Y (sky130_fd_sc_hd__nor2_1)
     1    0.0003                                 _1325_ (net)
                    0.1133    0.0006    7.4032 ^ csr_mtval_o[8] (out)
                                        7.4032   data arrival time

                    0.0000   10.0000   10.0000   clock clk (rise edge)
                              0.0000   10.0000   clock network delay (ideal)
                              0.0000   10.0000   clock reconvergence pessimism
                             -2.0000    8.0000   output external delay
                                        8.0000   data required time
-------------------------------------------------------------------------------------
                                        8.0000   data required time
                                       -7.4032   data arrival time
-------------------------------------------------------------------------------------
                                        0.5968   slack (MET)


Startpoint: instr_rdata_i[31] (input port clocked by clk)
Endpoint: csr_mtval_o[9] (output port clocked by clk)
Path Group: clk
Path Type: max

Fanout       Cap      Slew     Delay      Time   Description
-------------------------------------------------------------------------------------
                    0.0000    0.0000    0.0000   clock clk (rise edge)
                              0.0000    0.0000   clock network delay (ideal)
                              2.0000    2.0000 ^ input external delay
                    0.0000    0.0000    2.0000 ^ instr_rdata_i[31] (in)
    10    0.0224                                 instr_rdata_i[31] (net)
                    0.0000    0.0015    2.0015 ^ _2611_/SLEEP (sky130_fd_sc_hd__lpflow_inputiso1p_1)
                    0.1157    0.1175    2.1190 ^ _2611_/X (sky130_fd_sc_hd__lpflow_inputiso1p_1)
     4    0.0101                                 _2132_ (net)
                    0.1158    0.0033    2.1223 ^ _2667_/B (sky130_fd_sc_hd__nor3_1)
                    0.0781    0.0967    2.2190 v _2667_/Y (sky130_fd_sc_hd__nor3_1)
     5    0.0116                                 _2181_ (net)
                    0.0782    0.0022    2.2212 v _2669_/B (sky130_fd_sc_hd__and3_1)
                    0.0496    0.1790    2.4002 v _2669_/X (sky130_fd_sc_hd__and3_1)
     2    0.0041                                 _2183_ (net)
                    0.0497    0.0020    2.4022 v _2670_/B_N (sky130_fd_sc_hd__nor2b_1)
                    0.0786    0.1530    2.5552 v _2670_/Y (sky130_fd_sc_hd__nor2b_1)
     4    0.0094                                 _2184_ (net)
                    0.0787    0.0024    2.5576 v _2754_/A2 (sky130_fd_sc_hd__a2111oi_0)
                    5.3874    4.1771    6.7347 ^ _2754_/Y (sky130_fd_sc_hd__a2111oi_0)
    34    0.0872                                 _2263_ (net)
                    5.3874    0.0018    6.7364 ^ _2784_/A2 (sky130_fd_sc_hd__a221oi_1)
                    0.5787    0.5011    7.2376 v _2784_/Y (sky130_fd_sc_hd__a221oi_1)
     1    0.0025                                 _2289_ (net)
                    0.5787    0.0044    7.2420 v _2785_/B (sky130_fd_sc_hd__nor2_1)
                    0.1133    0.1607    7.4027 ^ _2785_/Y (sky130_fd_sc_hd__nor2_1)
     1    0.0003                                 _1326_ (net)
                    0.1133    0.0006    7.4032 ^ csr_mtval_o[9] (out)
                                        7.4032   data arrival time

                    0.0000   10.0000   10.0000   clock clk (rise edge)
                              0.0000   10.0000   clock network delay (ideal)
                              0.0000   10.0000   clock reconvergence pessimism
                             -2.0000    8.0000   output external delay
                                        8.0000   data required time
-------------------------------------------------------------------------------------
                                        8.0000   data required time
                                       -7.4032   data arrival time
-------------------------------------------------------------------------------------
                                        0.5968   slack (MET)


Startpoint: instr_rdata_i[31] (input port clocked by clk)
Endpoint: csr_mtval_o[16] (output port clocked by clk)
Path Group: clk
Path Type: max

Fanout       Cap      Slew     Delay      Time   Description
-------------------------------------------------------------------------------------
                    0.0000    0.0000    0.0000   clock clk (rise edge)
                              0.0000    0.0000   clock network delay (ideal)
                              2.0000    2.0000 ^ input external delay
                    0.0000    0.0000    2.0000 ^ instr_rdata_i[31] (in)
    10    0.0224                                 instr_rdata_i[31] (net)
                    0.0000    0.0015    2.0015 ^ _2611_/SLEEP (sky130_fd_sc_hd__lpflow_inputiso1p_1)
                    0.1157    0.1175    2.1190 ^ _2611_/X (sky130_fd_sc_hd__lpflow_inputiso1p_1)
     4    0.0101                                 _2132_ (net)
                    0.1158    0.0033    2.1223 ^ _2667_/B (sky130_fd_sc_hd__nor3_1)
                    0.0781    0.0967    2.2190 v _2667_/Y (sky130_fd_sc_hd__nor3_1)
     5    0.0116                                 _2181_ (net)
                    0.0782    0.0022    2.2212 v _2669_/B (sky130_fd_sc_hd__and3_1)
                    0.0496    0.1790    2.4002 v _2669_/X (sky130_fd_sc_hd__and3_1)
     2    0.0041                                 _2183_ (net)
                    0.0497    0.0020    2.4022 v _2670_/B_N (sky130_fd_sc_hd__nor2b_1)
                    0.0786    0.1530    2.5552 v _2670_/Y (sky130_fd_sc_hd__nor2b_1)
     4    0.0094                                 _2184_ (net)
                    0.0787    0.0024    2.5576 v _2754_/A2 (sky130_fd_sc_hd__a2111oi_0)
                    5.3874    4.1771    6.7347 ^ _2754_/Y (sky130_fd_sc_hd__a2111oi_0)
    34    0.0872                                 _2263_ (net)
                    5.3874    0.0018    6.7365 ^ _3105_/B1 (sky130_fd_sc_hd__a22o_1)
                    0.1633    0.4372    7.1737 ^ _3105_/X (sky130_fd_sc_hd__a22o_1)
     1    0.0028                                 _1840_ (net)
                    0.1635    0.0049    7.1786 ^ _3106_/B1 (sky130_fd_sc_hd__a21oi_1)
                    0.0525    0.0560    7.2346 v _3106_/Y (sky130_fd_sc_hd__a21oi_1)
     1    0.0025                                 _1841_ (net)
                    0.0531    0.0044    7.2390 v _3107_/B (sky130_fd_sc_hd__nor2_1)
                    0.1133    0.0532    7.2922 ^ _3107_/Y (sky130_fd_sc_hd__nor2_1)
     1    0.0003                                 _1302_ (net)
                    0.1133    0.0006    7.2928 ^ csr_mtval_o[16] (out)
                                        7.2928   data arrival time

                    0.0000   10.0000   10.0000   clock clk (rise edge)
                              0.0000   10.0000   clock network delay (ideal)
                              0.0000   10.0000   clock reconvergence pessimism
                             -2.0000    8.0000   output external delay
                                        8.0000   data required time
-------------------------------------------------------------------------------------
                                        8.0000   data required time
                                       -7.2928   data arrival time
-------------------------------------------------------------------------------------
                                        0.7072   slack (MET)


Startpoint: instr_rdata_i[31] (input port clocked by clk)
Endpoint: csr_mtval_o[17] (output port clocked by clk)
Path Group: clk
Path Type: max

Fanout       Cap      Slew     Delay      Time   Description
-------------------------------------------------------------------------------------
                    0.0000    0.0000    0.0000   clock clk (rise edge)
                              0.0000    0.0000   clock network delay (ideal)
                              2.0000    2.0000 ^ input external delay
                    0.0000    0.0000    2.0000 ^ instr_rdata_i[31] (in)
    10    0.0224                                 instr_rdata_i[31] (net)
                    0.0000    0.0015    2.0015 ^ _2611_/SLEEP (sky130_fd_sc_hd__lpflow_inputiso1p_1)
                    0.1157    0.1175    2.1190 ^ _2611_/X (sky130_fd_sc_hd__lpflow_inputiso1p_1)
     4    0.0101                                 _2132_ (net)
                    0.1158    0.0033    2.1223 ^ _2667_/B (sky130_fd_sc_hd__nor3_1)
                    0.0781    0.0967    2.2190 v _2667_/Y (sky130_fd_sc_hd__nor3_1)
     5    0.0116                                 _2181_ (net)
                    0.0782    0.0022    2.2212 v _2669_/B (sky130_fd_sc_hd__and3_1)
                    0.0496    0.1790    2.4002 v _2669_/X (sky130_fd_sc_hd__and3_1)
     2    0.0041                                 _2183_ (net)
                    0.0497    0.0020    2.4022 v _2670_/B_N (sky130_fd_sc_hd__nor2b_1)
                    0.0786    0.1530    2.5552 v _2670_/Y (sky130_fd_sc_hd__nor2b_1)
     4    0.0094                                 _2184_ (net)
                    0.0787    0.0024    2.5576 v _2754_/A2 (sky130_fd_sc_hd__a2111oi_0)
                    5.3874    4.1771    6.7347 ^ _2754_/Y (sky130_fd_sc_hd__a2111oi_0)
    34    0.0872                                 _2263_ (net)
                    5.3874    0.0018    6.7365 ^ _3094_/B1 (sky130_fd_sc_hd__a22o_1)
                    0.1633    0.4372    7.1737 ^ _3094_/X (sky130_fd_sc_hd__a22o_1)
     1    0.0028                                 _1831_ (net)
                    0.1635    0.0049    7.1786 ^ _3095_/B1 (sky130_fd_sc_hd__a21oi_1)
                    0.0525    0.0560    7.2346 v _3095_/Y (sky130_fd_sc_hd__a21oi_1)
     1    0.0025                                 _1832_ (net)
                    0.0531    0.0044    7.2390 v _3096_/B (sky130_fd_sc_hd__nor2_1)
                    0.1133    0.0532    7.2922 ^ _3096_/Y (sky130_fd_sc_hd__nor2_1)
     1    0.0003                                 _1303_ (net)
                    0.1133    0.0006    7.2928 ^ csr_mtval_o[17] (out)
                                        7.2928   data arrival time

                    0.0000   10.0000   10.0000   clock clk (rise edge)
                              0.0000   10.0000   clock network delay (ideal)
                              0.0000   10.0000   clock reconvergence pessimism
                             -2.0000    8.0000   output external delay
                                        8.0000   data required time
-------------------------------------------------------------------------------------
                                        8.0000   data required time
                                       -7.2928   data arrival time
-------------------------------------------------------------------------------------
                                        0.7072   slack (MET)


Startpoint: instr_rdata_i[31] (input port clocked by clk)
Endpoint: csr_mtval_o[18] (output port clocked by clk)
Path Group: clk
Path Type: max

Fanout       Cap      Slew     Delay      Time   Description
-------------------------------------------------------------------------------------
                    0.0000    0.0000    0.0000   clock clk (rise edge)
                              0.0000    0.0000   clock network delay (ideal)
                              2.0000    2.0000 ^ input external delay
                    0.0000    0.0000    2.0000 ^ instr_rdata_i[31] (in)
    10    0.0224                                 instr_rdata_i[31] (net)
                    0.0000    0.0015    2.0015 ^ _2611_/SLEEP (sky130_fd_sc_hd__lpflow_inputiso1p_1)
                    0.1157    0.1175    2.1190 ^ _2611_/X (sky130_fd_sc_hd__lpflow_inputiso1p_1)
     4    0.0101                                 _2132_ (net)
                    0.1158    0.0033    2.1223 ^ _2667_/B (sky130_fd_sc_hd__nor3_1)
                    0.0781    0.0967    2.2190 v _2667_/Y (sky130_fd_sc_hd__nor3_1)
     5    0.0116                                 _2181_ (net)
                    0.0782    0.0022    2.2212 v _2669_/B (sky130_fd_sc_hd__and3_1)
                    0.0496    0.1790    2.4002 v _2669_/X (sky130_fd_sc_hd__and3_1)
     2    0.0041                                 _2183_ (net)
                    0.0497    0.0020    2.4022 v _2670_/B_N (sky130_fd_sc_hd__nor2b_1)
                    0.0786    0.1530    2.5552 v _2670_/Y (sky130_fd_sc_hd__nor2b_1)
     4    0.0094                                 _2184_ (net)
                    0.0787    0.0024    2.5576 v _2754_/A2 (sky130_fd_sc_hd__a2111oi_0)
                    5.3874    4.1771    6.7347 ^ _2754_/Y (sky130_fd_sc_hd__a2111oi_0)
    34    0.0872                                 _2263_ (net)
                    5.3874    0.0017    6.7364 ^ _3090_/B1 (sky130_fd_sc_hd__a222oi_1)
                    0.7333    0.3642    7.1006 v _3090_/Y (sky130_fd_sc_hd__a222oi_1)
     1    0.0025                                 _1828_ (net)
                    0.7333    0.0044    7.1050 v _3091_/B (sky130_fd_sc_hd__nor2_1)
                    0.1222    0.1818    7.2867 ^ _3091_/Y (sky130_fd_sc_hd__nor2_1)
     1    0.0003                                 _1304_ (net)
                    0.1222    0.0006    7.2873 ^ csr_mtval_o[18] (out)
                                        7.2873   data arrival time

                    0.0000   10.0000   10.0000   clock clk (rise edge)
                              0.0000   10.0000   clock network delay (ideal)
                              0.0000   10.0000   clock reconvergence pessimism
                             -2.0000    8.0000   output external delay
                                        8.0000   data required time
-------------------------------------------------------------------------------------
                                        8.0000   data required time
                                       -7.2873   data arrival time
-------------------------------------------------------------------------------------
                                        0.7127   slack (MET)


Startpoint: instr_rdata_i[31] (input port clocked by clk)
Endpoint: csr_mtval_o[25] (output port clocked by clk)
Path Group: clk
Path Type: max

Fanout       Cap      Slew     Delay      Time   Description
-------------------------------------------------------------------------------------
                    0.0000    0.0000    0.0000   clock clk (rise edge)
                              0.0000    0.0000   clock network delay (ideal)
                              2.0000    2.0000 ^ input external delay
                    0.0000    0.0000    2.0000 ^ instr_rdata_i[31] (in)
    10    0.0224                                 instr_rdata_i[31] (net)
                    0.0000    0.0015    2.0015 ^ _2611_/SLEEP (sky130_fd_sc_hd__lpflow_inputiso1p_1)
                    0.1157    0.1175    2.1190 ^ _2611_/X (sky130_fd_sc_hd__lpflow_inputiso1p_1)
     4    0.0101                                 _2132_ (net)
                    0.1158    0.0033    2.1223 ^ _2667_/B (sky130_fd_sc_hd__nor3_1)
                    0.0781    0.0967    2.2190 v _2667_/Y (sky130_fd_sc_hd__nor3_1)
     5    0.0116                                 _2181_ (net)
                    0.0782    0.0022    2.2212 v _2669_/B (sky130_fd_sc_hd__and3_1)
                    0.0496    0.1790    2.4002 v _2669_/X (sky130_fd_sc_hd__and3_1)
     2    0.0041                                 _2183_ (net)
                    0.0497    0.0020    2.4022 v _2670_/B_N (sky130_fd_sc_hd__nor2b_1)
                    0.0786    0.1530    2.5552 v _2670_/Y (sky130_fd_sc_hd__nor2b_1)
     4    0.0094                                 _2184_ (net)
                    0.0787    0.0024    2.5576 v _2754_/A2 (sky130_fd_sc_hd__a2111oi_0)
                    5.3874    4.1771    6.7347 ^ _2754_/Y (sky130_fd_sc_hd__a2111oi_0)
    34    0.0872                                 _2263_ (net)
                    5.3874    0.0017    6.7364 ^ _3043_/B1 (sky130_fd_sc_hd__a222oi_1)
                    0.7333    0.3642    7.1006 v _3043_/Y (sky130_fd_sc_hd__a222oi_1)
     1    0.0025                                 _1792_ (net)
                    0.7333    0.0044    7.1050 v _3044_/B (sky130_fd_sc_hd__nor2_1)
                    0.1222    0.1818    7.2867 ^ _3044_/Y (sky130_fd_sc_hd__nor2_1)
     1    0.0003                                 _1312_ (net)
                    0.1222    0.0006    7.2873 ^ csr_mtval_o[25] (out)
                                        7.2873   data arrival time

                    0.0000   10.0000   10.0000   clock clk (rise edge)
                              0.0000   10.0000   clock network delay (ideal)
                              0.0000   10.0000   clock reconvergence pessimism
                             -2.0000    8.0000   output external delay
                                        8.0000   data required time
-------------------------------------------------------------------------------------
                                        8.0000   data required time
                                       -7.2873   data arrival time
-------------------------------------------------------------------------------------
                                        0.7127   slack (MET)


Startpoint: instr_rdata_i[31] (input port clocked by clk)
Endpoint: csr_mtval_o[30] (output port clocked by clk)
Path Group: clk
Path Type: max

Fanout       Cap      Slew     Delay      Time   Description
-------------------------------------------------------------------------------------
                    0.0000    0.0000    0.0000   clock clk (rise edge)
                              0.0000    0.0000   clock network delay (ideal)
                              2.0000    2.0000 ^ input external delay
                    0.0000    0.0000    2.0000 ^ instr_rdata_i[31] (in)
    10    0.0224                                 instr_rdata_i[31] (net)
                    0.0000    0.0015    2.0015 ^ _2611_/SLEEP (sky130_fd_sc_hd__lpflow_inputiso1p_1)
                    0.1157    0.1175    2.1190 ^ _2611_/X (sky130_fd_sc_hd__lpflow_inputiso1p_1)
     4    0.0101                                 _2132_ (net)
                    0.1158    0.0033    2.1223 ^ _2667_/B (sky130_fd_sc_hd__nor3_1)
                    0.0781    0.0967    2.2190 v _2667_/Y (sky130_fd_sc_hd__nor3_1)
     5    0.0116                                 _2181_ (net)
                    0.0782    0.0022    2.2212 v _2669_/B (sky130_fd_sc_hd__and3_1)
                    0.0496    0.1790    2.4002 v _2669_/X (sky130_fd_sc_hd__and3_1)
     2    0.0041                                 _2183_ (net)
                    0.0497    0.0020    2.4022 v _2670_/B_N (sky130_fd_sc_hd__nor2b_1)
                    0.0786    0.1530    2.5552 v _2670_/Y (sky130_fd_sc_hd__nor2b_1)
     4    0.0094                                 _2184_ (net)
                    0.0787    0.0024    2.5576 v _2754_/A2 (sky130_fd_sc_hd__a2111oi_0)
                    5.3874    4.1771    6.7347 ^ _2754_/Y (sky130_fd_sc_hd__a2111oi_0)
    34    0.0872                                 _2263_ (net)
                    5.3874    0.0017    6.7364 ^ _2755_/B1 (sky130_fd_sc_hd__a222oi_1)
                    0.7333    0.3642    7.1006 v _2755_/Y (sky130_fd_sc_hd__a222oi_1)
     1    0.0025                                 _2264_ (net)
                    0.7333    0.0044    7.1050 v _2756_/B (sky130_fd_sc_hd__nor2_1)
                    0.1222    0.1818    7.2867 ^ _2756_/Y (sky130_fd_sc_hd__nor2_1)
     1    0.0003                                 _1318_ (net)
                    0.1222    0.0006    7.2873 ^ csr_mtval_o[30] (out)
                                        7.2873   data arrival time

                    0.0000   10.0000   10.0000   clock clk (rise edge)
                              0.0000   10.0000   clock network delay (ideal)
                              0.0000   10.0000   clock reconvergence pessimism
                             -2.0000    8.0000   output external delay
                                        8.0000   data required time
-------------------------------------------------------------------------------------
                                        8.0000   data required time
                                       -7.2873   data arrival time
-------------------------------------------------------------------------------------
                                        0.7127   slack (MET)


Startpoint: instr_rdata_i[31] (input port clocked by clk)
Endpoint: csr_mtval_o[31] (output port clocked by clk)
Path Group: clk
Path Type: max

Fanout       Cap      Slew     Delay      Time   Description
-------------------------------------------------------------------------------------
                    0.0000    0.0000    0.0000   clock clk (rise edge)
                              0.0000    0.0000   clock network delay (ideal)
                              2.0000    2.0000 ^ input external delay
                    0.0000    0.0000    2.0000 ^ instr_rdata_i[31] (in)
    10    0.0224                                 instr_rdata_i[31] (net)
                    0.0000    0.0015    2.0015 ^ _2611_/SLEEP (sky130_fd_sc_hd__lpflow_inputiso1p_1)
                    0.1157    0.1175    2.1190 ^ _2611_/X (sky130_fd_sc_hd__lpflow_inputiso1p_1)
     4    0.0101                                 _2132_ (net)
                    0.1158    0.0033    2.1223 ^ _2667_/B (sky130_fd_sc_hd__nor3_1)
                    0.0781    0.0967    2.2190 v _2667_/Y (sky130_fd_sc_hd__nor3_1)
     5    0.0116                                 _2181_ (net)
                    0.0782    0.0022    2.2212 v _2669_/B (sky130_fd_sc_hd__and3_1)
                    0.0496    0.1790    2.4002 v _2669_/X (sky130_fd_sc_hd__and3_1)
     2    0.0041                                 _2183_ (net)
                    0.0497    0.0020    2.4022 v _2670_/B_N (sky130_fd_sc_hd__nor2b_1)
                    0.0786    0.1530    2.5552 v _2670_/Y (sky130_fd_sc_hd__nor2b_1)
     4    0.0094                                 _2184_ (net)
                    0.0787    0.0024    2.5576 v _2754_/A2 (sky130_fd_sc_hd__a2111oi_0)
                    5.3874    4.1771    6.7347 ^ _2754_/Y (sky130_fd_sc_hd__a2111oi_0)
    34    0.0872                                 _2263_ (net)
                    5.3874    0.0017    6.7364 ^ _3454_/B1 (sky130_fd_sc_hd__a222oi_1)
                    0.7333    0.3642    7.1006 v _3454_/Y (sky130_fd_sc_hd__a222oi_1)
     1    0.0025                                 _2100_ (net)
                    0.7333    0.0044    7.1050 v _3455_/B (sky130_fd_sc_hd__nor2_1)
                    0.1222    0.1818    7.2867 ^ _3455_/Y (sky130_fd_sc_hd__nor2_1)
     1    0.0003                                 _1319_ (net)
                    0.1222    0.0006    7.2873 ^ csr_mtval_o[31] (out)
                                        7.2873   data arrival time

                    0.0000   10.0000   10.0000   clock clk (rise edge)
                              0.0000   10.0000   clock network delay (ideal)
                              0.0000   10.0000   clock reconvergence pessimism
                             -2.0000    8.0000   output external delay
                                        8.0000   data required time
-------------------------------------------------------------------------------------
                                        8.0000   data required time
                                       -7.2873   data arrival time
-------------------------------------------------------------------------------------
                                        0.7127   slack (MET)


Startpoint: instr_rdata_i[31] (input port clocked by clk)
Endpoint: csr_mtval_o[10] (output port clocked by clk)
Path Group: clk
Path Type: max

Fanout       Cap      Slew     Delay      Time   Description
-------------------------------------------------------------------------------------
                    0.0000    0.0000    0.0000   clock clk (rise edge)
                              0.0000    0.0000   clock network delay (ideal)
                              2.0000    2.0000 ^ input external delay
                    0.0000    0.0000    2.0000 ^ instr_rdata_i[31] (in)
    10    0.0224                                 instr_rdata_i[31] (net)
                    0.0000    0.0015    2.0015 ^ _2611_/SLEEP (sky130_fd_sc_hd__lpflow_inputiso1p_1)
                    0.1157    0.1175    2.1190 ^ _2611_/X (sky130_fd_sc_hd__lpflow_inputiso1p_1)
     4    0.0101                                 _2132_ (net)
                    0.1158    0.0033    2.1223 ^ _2667_/B (sky130_fd_sc_hd__nor3_1)
                    0.0781    0.0967    2.2190 v _2667_/Y (sky130_fd_sc_hd__nor3_1)
     5    0.0116                                 _2181_ (net)
                    0.0782    0.0022    2.2212 v _2669_/B (sky130_fd_sc_hd__and3_1)
                    0.0496    0.1790    2.4002 v _2669_/X (sky130_fd_sc_hd__and3_1)
     2    0.0041                                 _2183_ (net)
                    0.0497    0.0020    2.4022 v _2670_/B_N (sky130_fd_sc_hd__nor2b_1)
                    0.0786    0.1530    2.5552 v _2670_/Y (sky130_fd_sc_hd__nor2b_1)
     4    0.0094                                 _2184_ (net)
                    0.0787    0.0024    2.5576 v _2754_/A2 (sky130_fd_sc_hd__a2111oi_0)
                    5.3874    4.1771    6.7347 ^ _2754_/Y (sky130_fd_sc_hd__a2111oi_0)
    34    0.0872                                 _2263_ (net)
                    5.3874    0.0018    6.7364 ^ _2790_/A2 (sky130_fd_sc_hd__a21oi_1)
                    0.5114    0.2763    7.0128 v _2790_/Y (sky130_fd_sc_hd__a21oi_1)
     1    0.0025                                 _2294_ (net)
                    0.5115    0.0044    7.0172 v _2791_/A2 (sky130_fd_sc_hd__a21oi_1)
                    0.1417    0.2330    7.2502 ^ _2791_/Y (sky130_fd_sc_hd__a21oi_1)
     1    0.0003                                 _1296_ (net)
                    0.1417    0.0006    7.2508 ^ csr_mtval_o[10] (out)
                                        7.2508   data arrival time

                    0.0000   10.0000   10.0000   clock clk (rise edge)
                              0.0000   10.0000   clock network delay (ideal)
                              0.0000   10.0000   clock reconvergence pessimism
                             -2.0000    8.0000   output external delay
                                        8.0000   data required time
-------------------------------------------------------------------------------------
                                        8.0000   data required time
                                       -7.2508   data arrival time
-------------------------------------------------------------------------------------
                                        0.7492   slack (MET)


Startpoint: instr_rdata_i[31] (input port clocked by clk)
Endpoint: csr_mtval_o[11] (output port clocked by clk)
Path Group: clk
Path Type: max

Fanout       Cap      Slew     Delay      Time   Description
-------------------------------------------------------------------------------------
                    0.0000    0.0000    0.0000   clock clk (rise edge)
                              0.0000    0.0000   clock network delay (ideal)
                              2.0000    2.0000 ^ input external delay
                    0.0000    0.0000    2.0000 ^ instr_rdata_i[31] (in)
    10    0.0224                                 instr_rdata_i[31] (net)
                    0.0000    0.0015    2.0015 ^ _2611_/SLEEP (sky130_fd_sc_hd__lpflow_inputiso1p_1)
                    0.1157    0.1175    2.1190 ^ _2611_/X (sky130_fd_sc_hd__lpflow_inputiso1p_1)
     4    0.0101                                 _2132_ (net)
                    0.1158    0.0033    2.1223 ^ _2667_/B (sky130_fd_sc_hd__nor3_1)
                    0.0781    0.0967    2.2190 v _2667_/Y (sky130_fd_sc_hd__nor3_1)
     5    0.0116                                 _2181_ (net)
                    0.0782    0.0022    2.2212 v _2669_/B (sky130_fd_sc_hd__and3_1)
                    0.0496    0.1790    2.4002 v _2669_/X (sky130_fd_sc_hd__and3_1)
     2    0.0041                                 _2183_ (net)
                    0.0497    0.0020    2.4022 v _2670_/B_N (sky130_fd_sc_hd__nor2b_1)
                    0.0786    0.1530    2.5552 v _2670_/Y (sky130_fd_sc_hd__nor2b_1)
     4    0.0094                                 _2184_ (net)
                    0.0787    0.0024    2.5576 v _2754_/A2 (sky130_fd_sc_hd__a2111oi_0)
                    5.3874    4.1771    6.7347 ^ _2754_/Y (sky130_fd_sc_hd__a2111oi_0)
    34    0.0872                                 _2263_ (net)
                    5.3874    0.0018    6.7364 ^ _2796_/A2 (sky130_fd_sc_hd__a21oi_1)
                    0.5114    0.2763    7.0128 v _2796_/Y (sky130_fd_sc_hd__a21oi_1)
     1    0.0025                                 _2299_ (net)
                    0.5115    0.0044    7.0172 v _2797_/A2 (sky130_fd_sc_hd__a21oi_1)
                    0.1417    0.2330    7.2502 ^ _2797_/Y (sky130_fd_sc_hd__a21oi_1)
     1    0.0003                                 _1297_ (net)
                    0.1417    0.0006    7.2508 ^ csr_mtval_o[11] (out)
                                        7.2508   data arrival time

                    0.0000   10.0000   10.0000   clock clk (rise edge)
                              0.0000   10.0000   clock network delay (ideal)
                              0.0000   10.0000   clock reconvergence pessimism
                             -2.0000    8.0000   output external delay
                                        8.0000   data required time
-------------------------------------------------------------------------------------
                                        8.0000   data required time
                                       -7.2508   data arrival time
-------------------------------------------------------------------------------------
                                        0.7492   slack (MET)


Startpoint: instr_rdata_i[31] (input port clocked by clk)
Endpoint: csr_mtval_o[12] (output port clocked by clk)
Path Group: clk
Path Type: max

Fanout       Cap      Slew     Delay      Time   Description
-------------------------------------------------------------------------------------
                    0.0000    0.0000    0.0000   clock clk (rise edge)
                              0.0000    0.0000   clock network delay (ideal)
                              2.0000    2.0000 ^ input external delay
                    0.0000    0.0000    2.0000 ^ instr_rdata_i[31] (in)
    10    0.0224                                 instr_rdata_i[31] (net)
                    0.0000    0.0015    2.0015 ^ _2611_/SLEEP (sky130_fd_sc_hd__lpflow_inputiso1p_1)
                    0.1157    0.1175    2.1190 ^ _2611_/X (sky130_fd_sc_hd__lpflow_inputiso1p_1)
     4    0.0101                                 _2132_ (net)
                    0.1158    0.0033    2.1223 ^ _2667_/B (sky130_fd_sc_hd__nor3_1)
                    0.0781    0.0967    2.2190 v _2667_/Y (sky130_fd_sc_hd__nor3_1)
     5    0.0116                                 _2181_ (net)
                    0.0782    0.0022    2.2212 v _2669_/B (sky130_fd_sc_hd__and3_1)
                    0.0496    0.1790    2.4002 v _2669_/X (sky130_fd_sc_hd__and3_1)
     2    0.0041                                 _2183_ (net)
                    0.0497    0.0020    2.4022 v _2670_/B_N (sky130_fd_sc_hd__nor2b_1)
                    0.0786    0.1530    2.5552 v _2670_/Y (sky130_fd_sc_hd__nor2b_1)
     4    0.0094                                 _2184_ (net)
                    0.0787    0.0024    2.5576 v _2754_/A2 (sky130_fd_sc_hd__a2111oi_0)
                    5.3874    4.1771    6.7347 ^ _2754_/Y (sky130_fd_sc_hd__a2111oi_0)
    34    0.0872                                 _2263_ (net)
                    5.3874    0.0018    6.7364 ^ _3049_/A2 (sky130_fd_sc_hd__a21oi_1)
                    0.5114    0.2763    7.0128 v _3049_/Y (sky130_fd_sc_hd__a21oi_1)
     1    0.0025                                 _1797_ (net)
                    0.5115    0.0044    7.0172 v _3050_/A2 (sky130_fd_sc_hd__a21oi_1)
                    0.1417    0.2330    7.2502 ^ _3050_/Y (sky130_fd_sc_hd__a21oi_1)
     1    0.0003                                 _1298_ (net)
                    0.1417    0.0006    7.2508 ^ csr_mtval_o[12] (out)
                                        7.2508   data arrival time

                    0.0000   10.0000   10.0000   clock clk (rise edge)
                              0.0000   10.0000   clock network delay (ideal)
                              0.0000   10.0000   clock reconvergence pessimism
                             -2.0000    8.0000   output external delay
                                        8.0000   data required time
-------------------------------------------------------------------------------------
                                        8.0000   data required time
                                       -7.2508   data arrival time
-------------------------------------------------------------------------------------
                                        0.7492   slack (MET)


Startpoint: instr_rdata_i[31] (input port clocked by clk)
Endpoint: csr_mtval_o[13] (output port clocked by clk)
Path Group: clk
Path Type: max

Fanout       Cap      Slew     Delay      Time   Description
-------------------------------------------------------------------------------------
                    0.0000    0.0000    0.0000   clock clk (rise edge)
                              0.0000    0.0000   clock network delay (ideal)
                              2.0000    2.0000 ^ input external delay
                    0.0000    0.0000    2.0000 ^ instr_rdata_i[31] (in)
    10    0.0224                                 instr_rdata_i[31] (net)
                    0.0000    0.0015    2.0015 ^ _2611_/SLEEP (sky130_fd_sc_hd__lpflow_inputiso1p_1)
                    0.1157    0.1175    2.1190 ^ _2611_/X (sky130_fd_sc_hd__lpflow_inputiso1p_1)
     4    0.0101                                 _2132_ (net)
                    0.1158    0.0033    2.1223 ^ _2667_/B (sky130_fd_sc_hd__nor3_1)
                    0.0781    0.0967    2.2190 v _2667_/Y (sky130_fd_sc_hd__nor3_1)
     5    0.0116                                 _2181_ (net)
                    0.0782    0.0022    2.2212 v _2669_/B (sky130_fd_sc_hd__and3_1)
                    0.0496    0.1790    2.4002 v _2669_/X (sky130_fd_sc_hd__and3_1)
     2    0.0041                                 _2183_ (net)
                    0.0497    0.0020    2.4022 v _2670_/B_N (sky130_fd_sc_hd__nor2b_1)
                    0.0786    0.1530    2.5552 v _2670_/Y (sky130_fd_sc_hd__nor2b_1)
     4    0.0094                                 _2184_ (net)
                    0.0787    0.0024    2.5576 v _2754_/A2 (sky130_fd_sc_hd__a2111oi_0)
                    5.3874    4.1771    6.7347 ^ _2754_/Y (sky130_fd_sc_hd__a2111oi_0)
    34    0.0872                                 _2263_ (net)
                    5.3874    0.0018    6.7364 ^ _2779_/A2 (sky130_fd_sc_hd__a21oi_1)
                    0.5114    0.2763    7.0128 v _2779_/Y (sky130_fd_sc_hd__a21oi_1)
     1    0.0025                                 _2285_ (net)
                    0.5115    0.0044    7.0172 v _2780_/A2 (sky130_fd_sc_hd__a21oi_1)
                    0.1417    0.2330    7.2502 ^ _2780_/Y (sky130_fd_sc_hd__a21oi_1)
     1    0.0003                                 _1299_ (net)
                    0.1417    0.0006    7.2508 ^ csr_mtval_o[13] (out)
                                        7.2508   data arrival time

                    0.0000   10.0000   10.0000   clock clk (rise edge)
                              0.0000   10.0000   clock network delay (ideal)
                              0.0000   10.0000   clock reconvergence pessimism
                             -2.0000    8.0000   output external delay
                                        8.0000   data required time
-------------------------------------------------------------------------------------
                                        8.0000   data required time
                                       -7.2508   data arrival time
-------------------------------------------------------------------------------------
                                        0.7492   slack (MET)


Startpoint: instr_rdata_i[31] (input port clocked by clk)
Endpoint: csr_mtval_o[0] (output port clocked by clk)
Path Group: clk
Path Type: max

Fanout       Cap      Slew     Delay      Time   Description
-------------------------------------------------------------------------------------
                    0.0000    0.0000    0.0000   clock clk (rise edge)
                              0.0000    0.0000   clock network delay (ideal)
                              2.0000    2.0000 ^ input external delay
                    0.0000    0.0000    2.0000 ^ instr_rdata_i[31] (in)
    10    0.0224                                 instr_rdata_i[31] (net)
                    0.0000    0.0015    2.0015 ^ _2611_/SLEEP (sky130_fd_sc_hd__lpflow_inputiso1p_1)
                    0.1157    0.1175    2.1190 ^ _2611_/X (sky130_fd_sc_hd__lpflow_inputiso1p_1)
     4    0.0101                                 _2132_ (net)
                    0.1158    0.0033    2.1223 ^ _2667_/B (sky130_fd_sc_hd__nor3_1)
                    0.0781    0.0967    2.2190 v _2667_/Y (sky130_fd_sc_hd__nor3_1)
     5    0.0116                                 _2181_ (net)
                    0.0782    0.0022    2.2212 v _2669_/B (sky130_fd_sc_hd__and3_1)
                    0.0496    0.1790    2.4002 v _2669_/X (sky130_fd_sc_hd__and3_1)
     2    0.0041                                 _2183_ (net)
                    0.0497    0.0020    2.4022 v _2670_/B_N (sky130_fd_sc_hd__nor2b_1)
                    0.0786    0.1530    2.5552 v _2670_/Y (sky130_fd_sc_hd__nor2b_1)
     4    0.0094                                 _2184_ (net)
                    0.0787    0.0024    2.5576 v _2754_/A2 (sky130_fd_sc_hd__a2111oi_0)
                    5.3874    4.1771    6.7347 ^ _2754_/Y (sky130_fd_sc_hd__a2111oi_0)
    34    0.0872                                 _2263_ (net)
                    5.3874    0.0018    6.7365 ^ _2913_/B1 (sky130_fd_sc_hd__a221oi_1)
                    0.7248    0.3048    7.0413 v _2913_/Y (sky130_fd_sc_hd__a221oi_1)
     1    0.0025                                 _1706_ (net)
                    0.7248    0.0044    7.0457 v _2914_/B (sky130_fd_sc_hd__nor2_1)
                    0.1215    0.1807    7.2264 ^ _2914_/Y (sky130_fd_sc_hd__nor2_1)
     1    0.0003                                 _1295_ (net)
                    0.1215    0.0006    7.2270 ^ csr_mtval_o[0] (out)
                                        7.2270   data arrival time

                    0.0000   10.0000   10.0000   clock clk (rise edge)
                              0.0000   10.0000   clock network delay (ideal)
                              0.0000   10.0000   clock reconvergence pessimism
                             -2.0000    8.0000   output external delay
                                        8.0000   data required time
-------------------------------------------------------------------------------------
                                        8.0000   data required time
                                       -7.2270   data arrival time
-------------------------------------------------------------------------------------
                                        0.7730   slack (MET)


Startpoint: instr_rdata_i[31] (input port clocked by clk)
Endpoint: csr_mtval_o[21] (output port clocked by clk)
Path Group: clk
Path Type: max

Fanout       Cap      Slew     Delay      Time   Description
-------------------------------------------------------------------------------------
                    0.0000    0.0000    0.0000   clock clk (rise edge)
                              0.0000    0.0000   clock network delay (ideal)
                              2.0000    2.0000 ^ input external delay
                    0.0000    0.0000    2.0000 ^ instr_rdata_i[31] (in)
    10    0.0224                                 instr_rdata_i[31] (net)
                    0.0000    0.0015    2.0015 ^ _2611_/SLEEP (sky130_fd_sc_hd__lpflow_inputiso1p_1)
                    0.1157    0.1175    2.1190 ^ _2611_/X (sky130_fd_sc_hd__lpflow_inputiso1p_1)
     4    0.0101                                 _2132_ (net)
                    0.1158    0.0033    2.1223 ^ _2667_/B (sky130_fd_sc_hd__nor3_1)
                    0.0781    0.0967    2.2190 v _2667_/Y (sky130_fd_sc_hd__nor3_1)
     5    0.0116                                 _2181_ (net)
                    0.0782    0.0022    2.2212 v _2669_/B (sky130_fd_sc_hd__and3_1)
                    0.0496    0.1790    2.4002 v _2669_/X (sky130_fd_sc_hd__and3_1)
     2    0.0041                                 _2183_ (net)
                    0.0497    0.0020    2.4022 v _2670_/B_N (sky130_fd_sc_hd__nor2b_1)
                    0.0786    0.1530    2.5552 v _2670_/Y (sky130_fd_sc_hd__nor2b_1)
     4    0.0094                                 _2184_ (net)
                    0.0787    0.0024    2.5576 v _2754_/A2 (sky130_fd_sc_hd__a2111oi_0)
                    5.3874    4.1771    6.7347 ^ _2754_/Y (sky130_fd_sc_hd__a2111oi_0)
    34    0.0872                                 _2263_ (net)
                    5.3874    0.0018    6.7365 ^ _3065_/B1 (sky130_fd_sc_hd__a221oi_1)
                    0.7248    0.3048    7.0413 v _3065_/Y (sky130_fd_sc_hd__a221oi_1)
     1    0.0025                                 _1809_ (net)
                    0.7248    0.0044    7.0457 v _3066_/B (sky130_fd_sc_hd__nor2_1)
                    0.1215    0.1807    7.2264 ^ _3066_/Y (sky130_fd_sc_hd__nor2_1)
     1    0.0003                                 _1308_ (net)
                    0.1215    0.0006    7.2270 ^ csr_mtval_o[21] (out)
                                        7.2270   data arrival time

                    0.0000   10.0000   10.0000   clock clk (rise edge)
                              0.0000   10.0000   clock network delay (ideal)
                              0.0000   10.0000   clock reconvergence pessimism
                             -2.0000    8.0000   output external delay
                                        8.0000   data required time
-------------------------------------------------------------------------------------
                                        8.0000   data required time
                                       -7.2270   data arrival time
-------------------------------------------------------------------------------------
                                        0.7730   slack (MET)


Startpoint: instr_rdata_i[31] (input port clocked by clk)
Endpoint: csr_mtval_o[23] (output port clocked by clk)
Path Group: clk
Path Type: max

Fanout       Cap      Slew     Delay      Time   Description
-------------------------------------------------------------------------------------
                    0.0000    0.0000    0.0000   clock clk (rise edge)
                              0.0000    0.0000   clock network delay (ideal)
                              2.0000    2.0000 ^ input external delay
                    0.0000    0.0000    2.0000 ^ instr_rdata_i[31] (in)
    10    0.0224                                 instr_rdata_i[31] (net)
                    0.0000    0.0015    2.0015 ^ _2611_/SLEEP (sky130_fd_sc_hd__lpflow_inputiso1p_1)
                    0.1157    0.1175    2.1190 ^ _2611_/X (sky130_fd_sc_hd__lpflow_inputiso1p_1)
     4    0.0101                                 _2132_ (net)
                    0.1158    0.0033    2.1223 ^ _2667_/B (sky130_fd_sc_hd__nor3_1)
                    0.0781    0.0967    2.2190 v _2667_/Y (sky130_fd_sc_hd__nor3_1)
     5    0.0116                                 _2181_ (net)
                    0.0782    0.0022    2.2212 v _2669_/B (sky130_fd_sc_hd__and3_1)
                    0.0496    0.1790    2.4002 v _2669_/X (sky130_fd_sc_hd__and3_1)
     2    0.0041                                 _2183_ (net)
                    0.0497    0.0020    2.4022 v _2670_/B_N (sky130_fd_sc_hd__nor2b_1)
                    0.0786    0.1530    2.5552 v _2670_/Y (sky130_fd_sc_hd__nor2b_1)
     4    0.0094                                 _2184_ (net)
                    0.0787    0.0024    2.5576 v _2754_/A2 (sky130_fd_sc_hd__a2111oi_0)
                    5.3874    4.1771    6.7347 ^ _2754_/Y (sky130_fd_sc_hd__a2111oi_0)
    34    0.0872                                 _2263_ (net)
                    5.3874    0.0018    6.7365 ^ _3074_/B1 (sky130_fd_sc_hd__a221oi_1)
                    0.7248    0.3048    7.0413 v _3074_/Y (sky130_fd_sc_hd__a221oi_1)
     1    0.0025                                 _1816_ (net)
                    0.7248    0.0044    7.0457 v _3075_/B (sky130_fd_sc_hd__nor2_1)
                    0.1215    0.1807    7.2264 ^ _3075_/Y (sky130_fd_sc_hd__nor2_1)
     1    0.0003                                 _1310_ (net)
                    0.1215    0.0006    7.2270 ^ csr_mtval_o[23] (out)
                                        7.2270   data arrival time

                    0.0000   10.0000   10.0000   clock clk (rise edge)
                              0.0000   10.0000   clock network delay (ideal)
                              0.0000   10.0000   clock reconvergence pessimism
                             -2.0000    8.0000   output external delay
                                        8.0000   data required time
-------------------------------------------------------------------------------------
                                        8.0000   data required time
                                       -7.2270   data arrival time
-------------------------------------------------------------------------------------
                                        0.7730   slack (MET)


Startpoint: instr_rdata_i[31] (input port clocked by clk)
Endpoint: csr_mtval_o[24] (output port clocked by clk)
Path Group: clk
Path Type: max

Fanout       Cap      Slew     Delay      Time   Description
-------------------------------------------------------------------------------------
                    0.0000    0.0000    0.0000   clock clk (rise edge)
                              0.0000    0.0000   clock network delay (ideal)
                              2.0000    2.0000 ^ input external delay
                    0.0000    0.0000    2.0000 ^ instr_rdata_i[31] (in)
    10    0.0224                                 instr_rdata_i[31] (net)
                    0.0000    0.0015    2.0015 ^ _2611_/SLEEP (sky130_fd_sc_hd__lpflow_inputiso1p_1)
                    0.1157    0.1175    2.1190 ^ _2611_/X (sky130_fd_sc_hd__lpflow_inputiso1p_1)
     4    0.0101                                 _2132_ (net)
                    0.1158    0.0033    2.1223 ^ _2667_/B (sky130_fd_sc_hd__nor3_1)
                    0.0781    0.0967    2.2190 v _2667_/Y (sky130_fd_sc_hd__nor3_1)
     5    0.0116                                 _2181_ (net)
                    0.0782    0.0022    2.2212 v _2669_/B (sky130_fd_sc_hd__and3_1)
                    0.0496    0.1790    2.4002 v _2669_/X (sky130_fd_sc_hd__and3_1)
     2    0.0041                                 _2183_ (net)
                    0.0497    0.0020    2.4022 v _2670_/B_N (sky130_fd_sc_hd__nor2b_1)
                    0.0786    0.1530    2.5552 v _2670_/Y (sky130_fd_sc_hd__nor2b_1)
     4    0.0094                                 _2184_ (net)
                    0.0787    0.0024    2.5576 v _2754_/A2 (sky130_fd_sc_hd__a2111oi_0)
                    5.3874    4.1771    6.7347 ^ _2754_/Y (sky130_fd_sc_hd__a2111oi_0)
    34    0.0872                                 _2263_ (net)
                    5.3874    0.0018    6.7365 ^ _3070_/B1 (sky130_fd_sc_hd__a221oi_1)
                    0.7248    0.3048    7.0413 v _3070_/Y (sky130_fd_sc_hd__a221oi_1)
     1    0.0025                                 _1813_ (net)
                    0.7248    0.0044    7.0457 v _3071_/B (sky130_fd_sc_hd__nor2_1)
                    0.1215    0.1807    7.2264 ^ _3071_/Y (sky130_fd_sc_hd__nor2_1)
     1    0.0003                                 _1311_ (net)
                    0.1215    0.0006    7.2270 ^ csr_mtval_o[24] (out)
                                        7.2270   data arrival time

                    0.0000   10.0000   10.0000   clock clk (rise edge)
                              0.0000   10.0000   clock network delay (ideal)
                              0.0000   10.0000   clock reconvergence pessimism
                             -2.0000    8.0000   output external delay
                                        8.0000   data required time
-------------------------------------------------------------------------------------
                                        8.0000   data required time
                                       -7.2270   data arrival time
-------------------------------------------------------------------------------------
                                        0.7730   slack (MET)


Startpoint: instr_rdata_i[31] (input port clocked by clk)
Endpoint: csr_mtval_o[27] (output port clocked by clk)
Path Group: clk
Path Type: max

Fanout       Cap      Slew     Delay      Time   Description
-------------------------------------------------------------------------------------
                    0.0000    0.0000    0.0000   clock clk (rise edge)
                              0.0000    0.0000   clock network delay (ideal)
                              2.0000    2.0000 ^ input external delay
                    0.0000    0.0000    2.0000 ^ instr_rdata_i[31] (in)
    10    0.0224                                 instr_rdata_i[31] (net)
                    0.0000    0.0015    2.0015 ^ _2611_/SLEEP (sky130_fd_sc_hd__lpflow_inputiso1p_1)
                    0.1157    0.1175    2.1190 ^ _2611_/X (sky130_fd_sc_hd__lpflow_inputiso1p_1)
     4    0.0101                                 _2132_ (net)
                    0.1158    0.0033    2.1223 ^ _2667_/B (sky130_fd_sc_hd__nor3_1)
                    0.0781    0.0967    2.2190 v _2667_/Y (sky130_fd_sc_hd__nor3_1)
     5    0.0116                                 _2181_ (net)
                    0.0782    0.0022    2.2212 v _2669_/B (sky130_fd_sc_hd__and3_1)
                    0.0496    0.1790    2.4002 v _2669_/X (sky130_fd_sc_hd__and3_1)
     2    0.0041                                 _2183_ (net)
                    0.0497    0.0020    2.4022 v _2670_/B_N (sky130_fd_sc_hd__nor2b_1)
                    0.0786    0.1530    2.5552 v _2670_/Y (sky130_fd_sc_hd__nor2b_1)
     4    0.0094                                 _2184_ (net)
                    0.0787    0.0024    2.5576 v _2754_/A2 (sky130_fd_sc_hd__a2111oi_0)
                    5.3874    4.1771    6.7347 ^ _2754_/Y (sky130_fd_sc_hd__a2111oi_0)
    34    0.0872                                 _2263_ (net)
                    5.3874    0.0018    6.7365 ^ _3057_/B1 (sky130_fd_sc_hd__a221oi_1)
                    0.7248    0.3048    7.0413 v _3057_/Y (sky130_fd_sc_hd__a221oi_1)
     1    0.0025                                 _1803_ (net)
                    0.7248    0.0044    7.0457 v _3058_/B (sky130_fd_sc_hd__nor2_1)
                    0.1215    0.1807    7.2264 ^ _3058_/Y (sky130_fd_sc_hd__nor2_1)
     1    0.0003                                 _1314_ (net)
                    0.1215    0.0006    7.2270 ^ csr_mtval_o[27] (out)
                                        7.2270   data arrival time

                    0.0000   10.0000   10.0000   clock clk (rise edge)
                              0.0000   10.0000   clock network delay (ideal)
                              0.0000   10.0000   clock reconvergence pessimism
                             -2.0000    8.0000   output external delay
                                        8.0000   data required time
-------------------------------------------------------------------------------------
                                        8.0000   data required time
                                       -7.2270   data arrival time
-------------------------------------------------------------------------------------
                                        0.7730   slack (MET)


Startpoint: instr_rdata_i[31] (input port clocked by clk)
Endpoint: csr_mtval_o[19] (output port clocked by clk)
Path Group: clk
Path Type: max

Fanout       Cap      Slew     Delay      Time   Description
-------------------------------------------------------------------------------------
                    0.0000    0.0000    0.0000   clock clk (rise edge)
                              0.0000    0.0000   clock network delay (ideal)
                              2.0000    2.0000 ^ input external delay
                    0.0000    0.0000    2.0000 ^ instr_rdata_i[31] (in)
    10    0.0224                                 instr_rdata_i[31] (net)
                    0.0000    0.0015    2.0015 ^ _2611_/SLEEP (sky130_fd_sc_hd__lpflow_inputiso1p_1)
                    0.1157    0.1175    2.1190 ^ _2611_/X (sky130_fd_sc_hd__lpflow_inputiso1p_1)
     4    0.0101                                 _2132_ (net)
                    0.1158    0.0033    2.1223 ^ _2667_/B (sky130_fd_sc_hd__nor3_1)
                    0.0781    0.0967    2.2190 v _2667_/Y (sky130_fd_sc_hd__nor3_1)
     5    0.0116                                 _2181_ (net)
                    0.0782    0.0022    2.2212 v _2669_/B (sky130_fd_sc_hd__and3_1)
                    0.0496    0.1790    2.4002 v _2669_/X (sky130_fd_sc_hd__and3_1)
     2    0.0041                                 _2183_ (net)
                    0.0497    0.0020    2.4022 v _2670_/B_N (sky130_fd_sc_hd__nor2b_1)
                    0.0786    0.1530    2.5552 v _2670_/Y (sky130_fd_sc_hd__nor2b_1)
     4    0.0094                                 _2184_ (net)
                    0.0787    0.0024    2.5576 v _2754_/A2 (sky130_fd_sc_hd__a2111oi_0)
                    5.3874    4.1771    6.7347 ^ _2754_/Y (sky130_fd_sc_hd__a2111oi_0)
    34    0.0872                                 _2263_ (net)
                    5.3874    0.0018    6.7365 ^ _3082_/B1 (sky130_fd_sc_hd__a22oi_1)
                    0.7181    0.1999    6.9363 v _3082_/Y (sky130_fd_sc_hd__a22oi_1)
     1    0.0025                                 _1822_ (net)
                    0.7181    0.0044    6.9408 v _3083_/A2 (sky130_fd_sc_hd__a21oi_1)
                    0.1417    0.2741    7.2149 ^ _3083_/Y (sky130_fd_sc_hd__a21oi_1)
     1    0.0003                                 _1305_ (net)
                    0.1417    0.0006    7.2155 ^ csr_mtval_o[19] (out)
                                        7.2155   data arrival time

                    0.0000   10.0000   10.0000   clock clk (rise edge)
                              0.0000   10.0000   clock network delay (ideal)
                              0.0000   10.0000   clock reconvergence pessimism
                             -2.0000    8.0000   output external delay
                                        8.0000   data required time
-------------------------------------------------------------------------------------
                                        8.0000   data required time
                                       -7.2155   data arrival time
-------------------------------------------------------------------------------------
                                        0.7845   slack (MET)


tns 0.00
wns 0.00
