OpenSTA 2.2.0 02b129d48f Copyright (c) 2019, Parallax Software, Inc.
License GPLv3: GNU GPL version 3 <http://gnu.org/licenses/gpl.html>

This is free software, and you are free to change and redistribute it
under certain conditions; type `show_copying' for details. 
This program comes with ABSOLUTELY NO WARRANTY; for details type `show_warranty'.
Startpoint: adder_result_ex_i[0] (input port clocked by clk_i)
Endpoint: lsu_req_done_o (output port clocked by clk_i)
Path Group: clk_i
Path Type: max


Startpoint: adder_result_ex_i[0] (input port clocked by clk_i)
Endpoint: data_wdata_o[29] (output port clocked by clk_i)
Path Group: clk_i
Path Type: max


Startpoint: adder_result_ex_i[0] (input port clocked by clk_i)
Endpoint: data_wdata_o[15] (output port clocked by clk_i)
Path Group: clk_i
Path Type: max


Startpoint: adder_result_ex_i[0] (input port clocked by clk_i)
Endpoint: data_wdata_o[16] (output port clocked by clk_i)
Path Group: clk_i
Path Type: max


Startpoint: adder_result_ex_i[0] (input port clocked by clk_i)
Endpoint: data_wdata_o[21] (output port clocked by clk_i)
Path Group: clk_i
Path Type: max


Startpoint: adder_result_ex_i[0] (input port clocked by clk_i)
Endpoint: data_wdata_o[25] (output port clocked by clk_i)
Path Group: clk_i
Path Type: max


Startpoint: adder_result_ex_i[0] (input port clocked by clk_i)
Endpoint: data_wdata_o[4] (output port clocked by clk_i)
Path Group: clk_i
Path Type: max


Startpoint: adder_result_ex_i[0] (input port clocked by clk_i)
Endpoint: data_wdata_o[5] (output port clocked by clk_i)
Path Group: clk_i
Path Type: max


Startpoint: adder_result_ex_i[0] (input port clocked by clk_i)
Endpoint: data_wdata_o[14] (output port clocked by clk_i)
Path Group: clk_i
Path Type: max


Startpoint: adder_result_ex_i[0] (input port clocked by clk_i)
Endpoint: data_wdata_o[19] (output port clocked by clk_i)
Path Group: clk_i
Path Type: max


Startpoint: adder_result_ex_i[0] (input port clocked by clk_i)
Endpoint: data_wdata_o[20] (output port clocked by clk_i)
Path Group: clk_i
Path Type: max


Startpoint: adder_result_ex_i[1] (input port clocked by clk_i)
Endpoint: data_wdata_o[0] (output port clocked by clk_i)
Path Group: clk_i
Path Type: max


Startpoint: adder_result_ex_i[1] (input port clocked by clk_i)
Endpoint: data_wdata_o[13] (output port clocked by clk_i)
Path Group: clk_i
Path Type: max


Startpoint: adder_result_ex_i[1] (input port clocked by clk_i)
Endpoint: data_wdata_o[10] (output port clocked by clk_i)
Path Group: clk_i
Path Type: max


Startpoint: adder_result_ex_i[1] (input port clocked by clk_i)
Endpoint: data_wdata_o[11] (output port clocked by clk_i)
Path Group: clk_i
Path Type: max


Startpoint: adder_result_ex_i[1] (input port clocked by clk_i)
Endpoint: data_wdata_o[1] (output port clocked by clk_i)
Path Group: clk_i
Path Type: max


Startpoint: adder_result_ex_i[1] (input port clocked by clk_i)
Endpoint: data_wdata_o[22] (output port clocked by clk_i)
Path Group: clk_i
Path Type: max


Startpoint: adder_result_ex_i[1] (input port clocked by clk_i)
Endpoint: data_wdata_o[24] (output port clocked by clk_i)
Path Group: clk_i
Path Type: max


Startpoint: adder_result_ex_i[1] (input port clocked by clk_i)
Endpoint: data_wdata_o[26] (output port clocked by clk_i)
Path Group: clk_i
Path Type: max


Startpoint: adder_result_ex_i[1] (input port clocked by clk_i)
Endpoint: data_wdata_o[27] (output port clocked by clk_i)
Path Group: clk_i
Path Type: max


tns 0.00
wns 0.00
