OpenSTA 2.2.0 02b129d48f Copyright (c) 2019, Parallax Software, Inc.
License GPLv3: GNU GPL version 3 <http://gnu.org/licenses/gpl.html>

This is free software, and you are free to change and redistribute it
under certain conditions; type `show_copying' for details. 
This program comes with ABSOLUTELY NO WARRANTY; for details type `show_warranty'.
Startpoint: instr_i[3] (input port clocked by clk_i)
Endpoint: instr_o[3] (output port clocked by clk_i)
Path Group: clk_i
Path Type: min

  Delay    Time   Description
---------------------------------------------------------
   0.00    0.00   clock clk_i (rise edge)
   0.00    0.00   clock network delay (ideal)
   0.00    0.00 ^ input external delay
   0.00    0.00 ^ instr_i[3] (in)
   0.03    0.03 v _2957_/Y (sky130_fd_sc_hd__nand2_1)
   0.04    0.06 ^ _2958_/Y (sky130_fd_sc_hd__o21ai_0)
   0.00    0.06 ^ instr_o[3] (out)
           0.06   data arrival time

   0.00    0.00   clock clk_i (rise edge)
   0.00    0.00   clock network delay (ideal)
   0.00    0.00   clock reconvergence pessimism
   0.00    0.00   output external delay
           0.00   data required time
---------------------------------------------------------
           0.00   data required time
          -0.06   data arrival time
---------------------------------------------------------
           0.06   slack (MET)


Startpoint: _3439_ (rising edge-triggered flip-flop clocked by clk_i)
Endpoint: instr_o[19] (output port clocked by clk_i)
Path Group: clk_i
Path Type: max

  Delay    Time   Description
---------------------------------------------------------
   0.00    0.00   clock clk_i (rise edge)
   0.00    0.00   clock network delay (ideal)
   0.00    0.00 ^ _3439_/CLK (sky130_fd_sc_hd__dfstp_2)
   0.82    0.82 ^ _3439_/Q (sky130_fd_sc_hd__dfstp_2)
   0.35    1.17 v _2894_/Y (sky130_fd_sc_hd__o21ai_0)
   0.40    1.57 v _2903_/X (sky130_fd_sc_hd__mux2_1)
   0.37    1.94 v _2906_/X (sky130_fd_sc_hd__or3_1)
   0.28    2.21 v _2907_/X (sky130_fd_sc_hd__lpflow_inputiso1p_1)
   0.21    2.43 v _2909_/X (sky130_fd_sc_hd__and3_1)
   0.28    2.71 v _2932_/X (sky130_fd_sc_hd__lpflow_inputiso1p_1)
   0.29    3.00 v _3241_/X (sky130_fd_sc_hd__a211o_1)
   0.00    3.00 v instr_o[19] (out)
           3.00   data arrival time

   2.75    2.75   clock clk_i (rise edge)
   0.00    2.75   clock network delay (ideal)
   0.00    2.75   clock reconvergence pessimism
   0.00    2.75   output external delay
           2.75   data required time
---------------------------------------------------------
           2.75   data required time
          -3.00   data arrival time
---------------------------------------------------------
          -0.25   slack (VIOLATED)


tns -1.10
wns -0.25
