OpenSTA 2.2.0 02b129d48f Copyright (c) 2019, Parallax Software, Inc.
License GPLv3: GNU GPL version 3 <http://gnu.org/licenses/gpl.html>

This is free software, and you are free to change and redistribute it
under certain conditions; type `show_copying' for details. 
This program comes with ABSOLUTELY NO WARRANTY; for details type `show_warranty'.
Startpoint: instr_i[3] (input port clocked by clk_i)
Endpoint: instr_o[3] (output port clocked by clk_i)
Path Group: clk_i
Path Type: min

  Delay    Time   Description
---------------------------------------------------------
   0.00    0.00   clock clk_i (rise edge)
   0.00    0.00   clock network delay (ideal)
   0.00    0.00 ^ input external delay
   0.00    0.00 ^ instr_i[3] (in)
   0.03    0.03 v _2932_/Y (sky130_fd_sc_hd__nand2_1)
   0.04    0.06 ^ _2933_/Y (sky130_fd_sc_hd__o21ai_0)
   0.00    0.06 ^ instr_o[3] (out)
           0.06   data arrival time

   0.00    0.00   clock clk_i (rise edge)
   0.00    0.00   clock network delay (ideal)
   0.00    0.00   clock reconvergence pessimism
   0.00    0.00   output external delay
           0.00   data required time
---------------------------------------------------------
           0.00   data required time
          -0.06   data arrival time
---------------------------------------------------------
           0.06   slack (MET)


Startpoint: _3386_ (rising edge-triggered flip-flop clocked by clk_i)
Endpoint: instr_o[27] (output port clocked by clk_i)
Path Group: clk_i
Path Type: max

  Delay    Time   Description
---------------------------------------------------------
   0.00    0.00   clock clk_i (rise edge)
   0.00    0.00   clock network delay (ideal)
   0.00    0.00 ^ _3386_/CLK (sky130_fd_sc_hd__dfrtp_1)
   0.49    0.49 v _3386_/Q (sky130_fd_sc_hd__dfrtp_1)
   0.65    1.15 ^ _2673_/Y (sky130_fd_sc_hd__nor4_1)
   0.27    1.41 v _2860_/Y (sky130_fd_sc_hd__nand2_1)
   0.29    1.71 ^ _2868_/Y (sky130_fd_sc_hd__o211ai_1)
   0.23    1.94 ^ _2870_/Y (sky130_fd_sc_hd__nand2b_1)
   0.11    2.05 v _2907_/Y (sky130_fd_sc_hd__nand2_1)
   0.28    2.33 ^ _2908_/Y (sky130_fd_sc_hd__nand3_1)
   0.15    2.48 v _3329_/Y (sky130_fd_sc_hd__a2111oi_0)
   0.07    2.55 ^ _3330_/Y (sky130_fd_sc_hd__o31ai_1)
   0.00    2.55 ^ instr_o[27] (out)
           2.55   data arrival time

   2.75    2.75   clock clk_i (rise edge)
   0.00    2.75   clock network delay (ideal)
   0.00    2.75   clock reconvergence pessimism
   0.00    2.75   output external delay
           2.75   data required time
---------------------------------------------------------
           2.75   data required time
          -2.55   data arrival time
---------------------------------------------------------
           0.20   slack (MET)


tns 0.00
wns 0.00
