COMMANDS.md: OK
INPUT_SHA256SUMS: OK
README.md: OK
SOURCE_DIFF.patch: OK
area_yosys66.json: OK
equiv_yosys66.log: OK
gate_greater_equal_xor_shape.v: OK
gate_mapped.v: OK
gate_source.sv: OK
gate_sta.tcl: OK
gate_sta_checks.rpt: OK
gate_sta_yosys66.log: OK
gate_yosys66.log: OK
gold.v: OK
gold_mapped.v: OK
gold_source.sv: OK
gold_sta.tcl: OK
gold_sta_checks.rpt: OK
gold_sta_yosys66.log: OK
gold_yosys66.log: OK
replay_area.py: OK
replay_equiv.sh: OK
replay_equiv_yosys66.ys: OK
replay_timing.py: OK
timing_yosys66_10ns_2ns_io.json: OK
toggle_proxy.json: OK
