
 /----------------------------------------------------------------------------\
 |  yosys -- Yosys Open SYnthesis Suite                                       |
 |  Copyright (C) 2012 - 2026  Claire Xenia Wolf <claire@yosyshq.com>         |
 |  Distributed under an ISC-like license, type "license" to see terms        |
 \----------------------------------------------------------------------------/
 Yosys 0.66+181 (git sha1 afe6b18f2, Release, Clang /usr/bin/clang++ 18.1.8)

-- Running command `
read_verilog gate_greater_equal_xor_shape.v
hierarchy -check -top ibex_multdiv_slow
proc; opt; memory; opt
techmap; opt
dfflibmap -liberty replay_sky130_fd_sc_hd__tt_025C_1v80.lib
abc -dff -liberty replay_sky130_fd_sc_hd__tt_025C_1v80.lib
clean
stat -liberty replay_sky130_fd_sc_hd__tt_025C_1v80.lib
write_verilog -noattr -noexpr -nohex -nodec gate_mapped.v
' --

1. Executing Verilog-2005 frontend: gate_greater_equal_xor_shape.v
Parsing Verilog input from `gate_greater_equal_xor_shape.v' to AST representation.
Generating RTLIL representation for module `\ibex_multdiv_slow'.
Successfully finished Verilog frontend.

2. Executing HIERARCHY pass (managing design hierarchy).

2.1. Analyzing design hierarchy..
Top module:  \ibex_multdiv_slow

2.2. Analyzing design hierarchy..
Top module:  \ibex_multdiv_slow
Removed 0 unused modules.

3. Executing PROC pass (convert processes to netlists).

3.1. Executing PROC_CLEAN pass (remove empty switches from decision trees).
Found and cleaned up 1 empty switch in `\ibex_multdiv_slow.$proc$gate_greater_equal_xor_shape.v:142$33'.
Found and cleaned up 1 empty switch in `\ibex_multdiv_slow.$proc$gate_greater_equal_xor_shape.v:91$2'.
Cleaned up 2 empty switches.

3.2. Executing PROC_RMDEAD pass (remove dead branches from decision trees).
Marked 1 switch rules as full_case in process $proc$gate_greater_equal_xor_shape.v:263$80 in module ibex_multdiv_slow.
Removed 3 dead cases from process $proc$gate_greater_equal_xor_shape.v:142$33 in module ibex_multdiv_slow.
Marked 1 switch rules as full_case in process $proc$gate_greater_equal_xor_shape.v:142$33 in module ibex_multdiv_slow.
Removed 1 dead cases from process $proc$gate_greater_equal_xor_shape.v:91$2 in module ibex_multdiv_slow.
Removed a total of 4 dead cases.

3.3. Executing PROC_PRUNE pass (remove redundant assignments in processes).
Removed 0 redundant assignments.
Promoted 11 assignments to connections.

3.4. Executing PROC_INIT pass (extract init attributes).

3.5. Executing PROC_ARST pass (detect async resets in processes).
Found async reset \rst_ni in `\ibex_multdiv_slow.$proc$gate_greater_equal_xor_shape.v:263$80'.

3.6. Executing PROC_ROM pass (convert switches to ROMs).
Converted 0 switches.
<suppressed ~9 debug messages>

3.7. Executing PROC_MUX pass (convert decision trees to multiplexers).
Creating decoders for process `\ibex_multdiv_slow.$proc$gate_greater_equal_xor_shape.v:280$90'.
Creating decoders for process `\ibex_multdiv_slow.$proc$gate_greater_equal_xor_shape.v:263$80'.
     1/5: $0\div_by_zero_q[0:0]
     2/5: $0\op_a_shift_q[32:0]
     3/5: $0\op_b_shift_q[32:0]
     4/5: $0\multdiv_count_q[4:0]
     5/5: $0\md_state_q[2:0]
Creating decoders for process `\ibex_multdiv_slow.$proc$gate_greater_equal_xor_shape.v:142$33'.
     1/29: $6\accum_window_d[32:0]
     2/29: $3\multdiv_hold[0:0]
     3/29: $5\md_state_d[2:0]
     4/29: $5\accum_window_d[32:0]
     5/29: $4\md_state_d[2:0]
     6/29: $4\op_b_shift_d[32:0]
     7/29: $4\op_a_shift_d[32:0]
     8/29: $4\accum_window_d[32:0]
     9/29: $3\md_state_d[2:0]
    10/29: $3\op_b_shift_d[32:0]
    11/29: $3\accum_window_d[32:0]
    12/29: $3\op_a_shift_d[32:0]
    13/29: $3\div_by_zero_d[0:0]
    14/29: $2\multdiv_count_d[4:0]
    15/29: $2\div_by_zero_d[0:0]
    16/29: $2\op_a_shift_d[32:0]
    17/29: $2\op_b_shift_d[32:0]
    18/29: $2\accum_window_d[32:0]
    19/29: $2\md_state_d[2:0]
    20/29: $2\multdiv_hold[0:0]
    21/29: $2\op_numerator_d[31:0]
    22/29: $1\multdiv_hold[0:0]
    23/29: $1\div_by_zero_d[0:0]
    24/29: $1\op_numerator_d[31:0]
    25/29: $1\op_a_shift_d[32:0]
    26/29: $1\op_b_shift_d[32:0]
    27/29: $1\multdiv_count_d[4:0]
    28/29: $1\accum_window_d[32:0]
    29/29: $1\md_state_d[2:0]
Creating decoders for process `\ibex_multdiv_slow.$proc$gate_greater_equal_xor_shape.v:91$2'.
     1/4: $2\alu_operand_b_o[32:0]
     2/4: $2\alu_operand_a_o[32:0]
     3/4: $1\alu_operand_b_o[32:0]
     4/4: $1\alu_operand_a_o[32:0]

3.8. Executing PROC_DLATCH pass (convert process syncs to latches).
No latch inferred for signal `\ibex_multdiv_slow.\_sv2v_0' from process `\ibex_multdiv_slow.$proc$gate_greater_equal_xor_shape.v:280$90'.
No latch inferred for signal `\ibex_multdiv_slow.\md_state_d' from process `\ibex_multdiv_slow.$proc$gate_greater_equal_xor_shape.v:142$33'.
No latch inferred for signal `\ibex_multdiv_slow.\accum_window_d' from process `\ibex_multdiv_slow.$proc$gate_greater_equal_xor_shape.v:142$33'.
No latch inferred for signal `\ibex_multdiv_slow.\multdiv_count_d' from process `\ibex_multdiv_slow.$proc$gate_greater_equal_xor_shape.v:142$33'.
No latch inferred for signal `\ibex_multdiv_slow.\op_b_shift_d' from process `\ibex_multdiv_slow.$proc$gate_greater_equal_xor_shape.v:142$33'.
No latch inferred for signal `\ibex_multdiv_slow.\op_a_shift_d' from process `\ibex_multdiv_slow.$proc$gate_greater_equal_xor_shape.v:142$33'.
No latch inferred for signal `\ibex_multdiv_slow.\op_numerator_d' from process `\ibex_multdiv_slow.$proc$gate_greater_equal_xor_shape.v:142$33'.
No latch inferred for signal `\ibex_multdiv_slow.\div_by_zero_d' from process `\ibex_multdiv_slow.$proc$gate_greater_equal_xor_shape.v:142$33'.
No latch inferred for signal `\ibex_multdiv_slow.\multdiv_hold' from process `\ibex_multdiv_slow.$proc$gate_greater_equal_xor_shape.v:142$33'.
No latch inferred for signal `\ibex_multdiv_slow.\alu_operand_a_o' from process `\ibex_multdiv_slow.$proc$gate_greater_equal_xor_shape.v:91$2'.
No latch inferred for signal `\ibex_multdiv_slow.\alu_operand_b_o' from process `\ibex_multdiv_slow.$proc$gate_greater_equal_xor_shape.v:91$2'.

3.9. Executing PROC_DFF pass (convert process syncs to FFs).
Creating register for signal `\ibex_multdiv_slow.\md_state_q' using process `\ibex_multdiv_slow.$proc$gate_greater_equal_xor_shape.v:263$80'.
  created $adff cell `$procdff$425' with positive edge clock and positive level reset.
Creating register for signal `\ibex_multdiv_slow.\multdiv_count_q' using process `\ibex_multdiv_slow.$proc$gate_greater_equal_xor_shape.v:263$80'.
  created $adff cell `$procdff$430' with positive edge clock and positive level reset.
Creating register for signal `\ibex_multdiv_slow.\op_b_shift_q' using process `\ibex_multdiv_slow.$proc$gate_greater_equal_xor_shape.v:263$80'.
  created $adff cell `$procdff$435' with positive edge clock and positive level reset.
Creating register for signal `\ibex_multdiv_slow.\op_a_shift_q' using process `\ibex_multdiv_slow.$proc$gate_greater_equal_xor_shape.v:263$80'.
  created $adff cell `$procdff$440' with positive edge clock and positive level reset.
Creating register for signal `\ibex_multdiv_slow.\div_by_zero_q' using process `\ibex_multdiv_slow.$proc$gate_greater_equal_xor_shape.v:263$80'.
  created $adff cell `$procdff$445' with positive edge clock and positive level reset.

3.10. Executing PROC_MEMWR pass (convert process memory writes to cells).

3.11. Executing PROC_CLEAN pass (remove empty switches from decision trees).
Removing empty process `ibex_multdiv_slow.$proc$gate_greater_equal_xor_shape.v:280$90'.
Found and cleaned up 1 empty switch in `\ibex_multdiv_slow.$proc$gate_greater_equal_xor_shape.v:263$80'.
Removing empty process `ibex_multdiv_slow.$proc$gate_greater_equal_xor_shape.v:263$80'.
Found and cleaned up 6 empty switches in `\ibex_multdiv_slow.$proc$gate_greater_equal_xor_shape.v:142$33'.
Removing empty process `ibex_multdiv_slow.$proc$gate_greater_equal_xor_shape.v:142$33'.
Found and cleaned up 2 empty switches in `\ibex_multdiv_slow.$proc$gate_greater_equal_xor_shape.v:91$2'.
Removing empty process `ibex_multdiv_slow.$proc$gate_greater_equal_xor_shape.v:91$2'.
Cleaned up 9 empty switches.

3.12. Executing OPT_EXPR pass (perform const folding).
Optimizing module ibex_multdiv_slow.
<suppressed ~47 debug messages>

4. Executing OPT pass (performing simple optimizations).

4.1. Executing OPT_EXPR pass (perform const folding).
Optimizing module ibex_multdiv_slow.

4.2. Executing OPT_MERGE pass (detect identical cells).
Finding identical cells in module `\ibex_multdiv_slow'.
Computing hashes of 277 cells of `\ibex_multdiv_slow'.
Finding duplicate cells in `\ibex_multdiv_slow'.
Computing hashes of 159 cells of `\ibex_multdiv_slow'.
Finding duplicate cells in `\ibex_multdiv_slow'.
Computing hashes of 150 cells of `\ibex_multdiv_slow'.
Finding duplicate cells in `\ibex_multdiv_slow'.
<suppressed ~381 debug messages>
Removed a total of 127 cells.

4.3. Executing OPT_MUXTREE pass (detect dead branches in mux trees).
Running muxtree optimizer on module \ibex_multdiv_slow..
  Creating internal representation of mux trees.
  Evaluating internal representation of mux trees.
  Analyzing evaluation results.
    dead port 2/2 on $mux $procmux$188.
    dead port 2/2 on $mux $procmux$186.
    dead port 2/2 on $mux $procmux$330.
    dead port 2/2 on $mux $procmux$403.
    dead port 2/2 on $mux $procmux$175.
    dead port 2/2 on $mux $procmux$173.
    dead port 2/2 on $mux $procmux$341.
    dead port 2/2 on $mux $procmux$319.
    dead port 2/2 on $mux $procmux$201.
    dead port 2/2 on $mux $procmux$199.
    dead port 2/2 on $mux $procmux$162.
    dead port 2/2 on $mux $procmux$160.
    dead port 2/2 on $mux $procmux$308.
    dead port 2/2 on $mux $procmux$296.
    dead port 2/2 on $mux $procmux$149.
    dead port 2/2 on $mux $procmux$147.
    dead port 2/2 on $mux $procmux$286.
    dead port 2/2 on $mux $procmux$284.
    dead port 2/2 on $mux $procmux$136.
    dead port 2/2 on $mux $procmux$134.
    dead port 2/2 on $mux $procmux$123.
    dead port 2/2 on $mux $procmux$121.
    dead port 2/2 on $mux $procmux$269.
    dead port 2/2 on $mux $procmux$267.
    dead port 2/2 on $mux $procmux$110.
    dead port 2/2 on $mux $procmux$108.
    dead port 2/2 on $mux $procmux$371.
    dead port 2/2 on $mux $procmux$252.
    dead port 2/2 on $mux $procmux$250.
    dead port 2/2 on $mux $procmux$360.
    dead port 2/2 on $mux $procmux$235.
    dead port 2/2 on $mux $procmux$233.
    dead port 2/2 on $mux $procmux$353.
    dead port 2/2 on $mux $procmux$411.
    dead port 2/2 on $mux $procmux$218.
    dead port 2/2 on $mux $procmux$216.
Removed 36 multiplexer ports.
<suppressed ~105 debug messages>

4.4. Executing OPT_REDUCE pass (consolidate $*mux and $reduce_* inputs).
  Optimizing cells in module \ibex_multdiv_slow.
    New ctrl vector for $pmux cell $procmux$129: { $auto$opt_reduce.cc:135:opt_pmux$449 $auto$opt_reduce.cc:135:opt_pmux$447 }
    New ctrl vector for $pmux cell $procmux$279: { $auto$opt_reduce.cc:135:opt_pmux$451 $procmux$418_CMP [0] }
    New ctrl vector for $pmux cell $procmux$406: $auto$opt_reduce.cc:135:opt_pmux$453
    New ctrl vector for $pmux cell $procmux$116: { $auto$opt_reduce.cc:135:opt_pmux$457 $auto$opt_reduce.cc:135:opt_pmux$455 }
    New ctrl vector for $pmux cell $procmux$262: { $auto$opt_reduce.cc:135:opt_pmux$459 $procmux$419_CMP $procmux$420_CMP }
    New ctrl vector for $pmux cell $procmux$417: { $procmux$196_CTRL $auto$opt_reduce.cc:135:opt_pmux$461 }
    New ctrl vector for $pmux cell $procmux$228: { $auto$opt_reduce.cc:135:opt_pmux$465 $auto$opt_reduce.cc:135:opt_pmux$463 }
    New ctrl vector for $pmux cell $procmux$398: { $procmux$407_CMP $auto$opt_reduce.cc:135:opt_pmux$467 $procmux$409_CMP }
    New ctrl vector for $pmux cell $procmux$169: { $procmux$196_CTRL $auto$opt_reduce.cc:135:opt_pmux$469 }
    New ctrl vector for $pmux cell $procmux$142: { $procmux$418_CMP $auto$opt_reduce.cc:135:opt_pmux$471 }
  Optimizing cells in module \ibex_multdiv_slow.
Performed a total of 10 changes.

4.5. Executing OPT_MERGE pass (detect identical cells).
Finding identical cells in module `\ibex_multdiv_slow'.
Computing hashes of 127 cells of `\ibex_multdiv_slow'.
Finding duplicate cells in `\ibex_multdiv_slow'.
Computing hashes of 116 cells of `\ibex_multdiv_slow'.
Finding duplicate cells in `\ibex_multdiv_slow'.
<suppressed ~33 debug messages>
Removed a total of 11 cells.

4.6. Executing OPT_DFF pass (perform DFF optimizations).
Adding EN signal on $procdff$435 ($adff) from module ibex_multdiv_slow (D = \op_b_shift_d, Q = \op_b_shift_q).
Adding EN signal on $procdff$445 ($adff) from module ibex_multdiv_slow (D = \div_by_zero_d, Q = \div_by_zero_q).
Adding EN signal on $procdff$430 ($adff) from module ibex_multdiv_slow (D = \multdiv_count_d, Q = \multdiv_count_q).
Adding EN signal on $procdff$440 ($adff) from module ibex_multdiv_slow (D = \op_a_shift_d, Q = \op_a_shift_q).
Adding EN signal on $procdff$425 ($adff) from module ibex_multdiv_slow (D = \md_state_d, Q = \md_state_q).

4.7. Executing OPT_CLEAN pass (remove unused cells and wires).
Finding unused cells or wires in module \ibex_multdiv_slow..
Removed 7 unused cells and 293 unused wires.
<suppressed ~8 debug messages>

4.8. Executing OPT_EXPR pass (perform const folding).
Optimizing module ibex_multdiv_slow.

4.9. Rerunning OPT passes. (Maybe there is more to do..)

4.10. Executing OPT_MUXTREE pass (detect dead branches in mux trees).
Running muxtree optimizer on module \ibex_multdiv_slow..
  Creating internal representation of mux trees.
  Evaluating internal representation of mux trees.
  Analyzing evaluation results.
Removed 0 multiplexer ports.
<suppressed ~64 debug messages>

4.11. Executing OPT_REDUCE pass (consolidate $*mux and $reduce_* inputs).
  Optimizing cells in module \ibex_multdiv_slow.
    New ctrl vector for $pmux cell $procmux$156: { $auto$opt_reduce.cc:135:opt_pmux$478 $eq$gate_greater_equal_xor_shape.v:278$84_Y }
    New ctrl vector for $pmux cell $procmux$211: { $auto$opt_reduce.cc:135:opt_pmux$480 $eq$gate_greater_equal_xor_shape.v:278$85_Y $eq$gate_greater_equal_xor_shape.v:278$84_Y }
    New input vector for $reduce_or cell $auto$opt_reduce.cc:129:opt_pmux$477: { $procmux$107_CMP $procmux$106_CMP $eq$gate_greater_equal_xor_shape.v:278$85_Y }
  Optimizing cells in module \ibex_multdiv_slow.
Performed a total of 3 changes.

4.12. Executing OPT_MERGE pass (detect identical cells).
Finding identical cells in module `\ibex_multdiv_slow'.
Computing hashes of 111 cells of `\ibex_multdiv_slow'.
Finding duplicate cells in `\ibex_multdiv_slow'.
Computing hashes of 110 cells of `\ibex_multdiv_slow'.
Finding duplicate cells in `\ibex_multdiv_slow'.
<suppressed ~3 debug messages>
Removed a total of 1 cells.

4.13. Executing OPT_DFF pass (perform DFF optimizations).
Adding EN signal on $auto$ff.cc:337:slice$472 ($adffe) from module ibex_multdiv_slow (D = $2\op_b_shift_d[32:0], Q = \op_b_shift_q).
Adding EN signal on $auto$ff.cc:337:slice$473 ($adffe) from module ibex_multdiv_slow (D = $3\div_by_zero_d[0:0], Q = \div_by_zero_q).
Adding EN signal on $auto$ff.cc:337:slice$474 ($adffe) from module ibex_multdiv_slow (D = $2\multdiv_count_d[4:0], Q = \multdiv_count_q).
Adding EN signal on $auto$ff.cc:337:slice$475 ($adffe) from module ibex_multdiv_slow (D = $2\op_a_shift_d[32:0], Q = \op_a_shift_q).
Adding EN signal on $auto$ff.cc:337:slice$476 ($adffe) from module ibex_multdiv_slow (D = $2\md_state_d[2:0], Q = \md_state_q).

4.14. Executing OPT_CLEAN pass (remove unused cells and wires).
Finding unused cells or wires in module \ibex_multdiv_slow..
Removed 6 unused cells and 7 unused wires.
<suppressed ~12 debug messages>

4.15. Executing OPT_EXPR pass (perform const folding).
Optimizing module ibex_multdiv_slow.
<suppressed ~4 debug messages>

4.16. Rerunning OPT passes. (Maybe there is more to do..)

4.17. Executing OPT_MUXTREE pass (detect dead branches in mux trees).
Running muxtree optimizer on module \ibex_multdiv_slow..
  Creating internal representation of mux trees.
  Evaluating internal representation of mux trees.
  Analyzing evaluation results.
Removed 0 multiplexer ports.
<suppressed ~56 debug messages>

4.18. Executing OPT_REDUCE pass (consolidate $*mux and $reduce_* inputs).
  Optimizing cells in module \ibex_multdiv_slow.
Performed a total of 0 changes.

4.19. Executing OPT_MERGE pass (detect identical cells).
Finding identical cells in module `\ibex_multdiv_slow'.
Computing hashes of 117 cells of `\ibex_multdiv_slow'.
Finding duplicate cells in `\ibex_multdiv_slow'.
Computing hashes of 116 cells of `\ibex_multdiv_slow'.
Finding duplicate cells in `\ibex_multdiv_slow'.
<suppressed ~3 debug messages>
Removed a total of 1 cells.

4.20. Executing OPT_DFF pass (perform DFF optimizations).

4.21. Executing OPT_CLEAN pass (remove unused cells and wires).
Finding unused cells or wires in module \ibex_multdiv_slow..
Removed 0 unused cells and 1 unused wires.
<suppressed ~1 debug messages>

4.22. Executing OPT_EXPR pass (perform const folding).
Optimizing module ibex_multdiv_slow.

4.23. Rerunning OPT passes. (Maybe there is more to do..)

4.24. Executing OPT_MUXTREE pass (detect dead branches in mux trees).
Running muxtree optimizer on module \ibex_multdiv_slow..
  Creating internal representation of mux trees.
  Evaluating internal representation of mux trees.
  Analyzing evaluation results.
Removed 0 multiplexer ports.
<suppressed ~56 debug messages>

4.25. Executing OPT_REDUCE pass (consolidate $*mux and $reduce_* inputs).
  Optimizing cells in module \ibex_multdiv_slow.
Performed a total of 0 changes.

4.26. Executing OPT_MERGE pass (detect identical cells).
Finding identical cells in module `\ibex_multdiv_slow'.
Computing hashes of 116 cells of `\ibex_multdiv_slow'.
Finding duplicate cells in `\ibex_multdiv_slow'.
Removed a total of 0 cells.

4.27. Executing OPT_DFF pass (perform DFF optimizations).

4.28. Executing OPT_CLEAN pass (remove unused cells and wires).
Finding unused cells or wires in module \ibex_multdiv_slow..

4.29. Executing OPT_EXPR pass (perform const folding).
Optimizing module ibex_multdiv_slow.

4.30. Finished fast OPT passes. (There is nothing left to do.)

5. Executing MEMORY pass.

5.1. Executing OPT_MEM pass (optimize memories).
Performed a total of 0 transformations.

5.2. Executing OPT_MEM_PRIORITY pass (removing unnecessary memory write priority relations).
Performed a total of 0 transformations.

5.3. Executing OPT_MEM_FEEDBACK pass (finding memory read-to-write feedback paths).

5.4. Executing MEMORY_BMUX2ROM pass (converting muxes to ROMs).

5.5. Executing MEMORY_DFF pass (merging $dff cells to $memrd).

5.6. Executing OPT_CLEAN pass (remove unused cells and wires).
Finding unused cells or wires in module \ibex_multdiv_slow..

5.7. Executing MEMORY_SHARE pass (consolidating $memrd/$memwr cells).

5.8. Executing OPT_MEM_WIDEN pass (optimize memories where all ports are wide).
Performed a total of 0 transformations.

5.9. Executing OPT_CLEAN pass (remove unused cells and wires).
Finding unused cells or wires in module \ibex_multdiv_slow..

5.10. Executing MEMORY_COLLECT pass (generating $mem cells).

5.11. Executing MEMORY_MAP pass (converting memories to logic and flip-flops).

6. Executing OPT pass (performing simple optimizations).

6.1. Executing OPT_EXPR pass (perform const folding).
Optimizing module ibex_multdiv_slow.

6.2. Executing OPT_MERGE pass (detect identical cells).
Finding identical cells in module `\ibex_multdiv_slow'.
Computing hashes of 116 cells of `\ibex_multdiv_slow'.
Finding duplicate cells in `\ibex_multdiv_slow'.
Removed a total of 0 cells.

6.3. Executing OPT_MUXTREE pass (detect dead branches in mux trees).
Running muxtree optimizer on module \ibex_multdiv_slow..
  Creating internal representation of mux trees.
  Evaluating internal representation of mux trees.
  Analyzing evaluation results.
Removed 0 multiplexer ports.
<suppressed ~56 debug messages>

6.4. Executing OPT_REDUCE pass (consolidate $*mux and $reduce_* inputs).
  Optimizing cells in module \ibex_multdiv_slow.
Performed a total of 0 changes.

6.5. Executing OPT_MERGE pass (detect identical cells).
Finding identical cells in module `\ibex_multdiv_slow'.
Computing hashes of 116 cells of `\ibex_multdiv_slow'.
Finding duplicate cells in `\ibex_multdiv_slow'.
Removed a total of 0 cells.

6.6. Executing OPT_DFF pass (perform DFF optimizations).

6.7. Executing OPT_CLEAN pass (remove unused cells and wires).
Finding unused cells or wires in module \ibex_multdiv_slow..

6.8. Executing OPT_EXPR pass (perform const folding).
Optimizing module ibex_multdiv_slow.

6.9. Finished fast OPT passes. (There is nothing left to do.)

7. Executing TECHMAP pass (map to technology primitives).

7.1. Executing Verilog-2005 frontend: <yosys-share>/techmap.v
Parsing Verilog input from `<yosys-share>/techmap.v' to AST representation.
Generating RTLIL representation for module `\_90_simplemap_bool_ops'.
Generating RTLIL representation for module `\_90_simplemap_reduce_ops'.
Generating RTLIL representation for module `\_90_simplemap_logic_ops'.
Generating RTLIL representation for module `\_90_simplemap_compare_ops'.
Generating RTLIL representation for module `\_90_simplemap_various'.
Generating RTLIL representation for module `\_90_simplemap_registers'.
Generating RTLIL representation for module `\_90_shift_ops_shr_shl_sshl_sshr'.
Generating RTLIL representation for module `\_90_shift_shiftx'.
Generating RTLIL representation for module `\_90_fa'.
Generating RTLIL representation for module `\_90_lcu_brent_kung'.
Generating RTLIL representation for module `\_90_alu'.
Generating RTLIL representation for module `\_90_macc'.
Generating RTLIL representation for module `\_90_alumacc'.
Generating RTLIL representation for module `$__div_mod_u'.
Generating RTLIL representation for module `$__div_mod_trunc'.
Generating RTLIL representation for module `\_90_div'.
Generating RTLIL representation for module `\_90_mod'.
Generating RTLIL representation for module `$__div_mod_floor'.
Generating RTLIL representation for module `\_90_divfloor'.
Generating RTLIL representation for module `\_90_modfloor'.
Generating RTLIL representation for module `\_90_pow'.
Generating RTLIL representation for module `\_90_demux'.
Generating RTLIL representation for module `\_90_lut'.
Generating RTLIL representation for module `$connect'.
Generating RTLIL representation for module `$input_port'.
Successfully finished Verilog frontend.

7.2. Continuing TECHMAP pass.
Using extmapper simplemap for cells of type $reduce_and.
Using extmapper simplemap for cells of type $adffe.
Using extmapper simplemap for cells of type $reduce_bool.
Using extmapper simplemap for cells of type $ne.
Using extmapper simplemap for cells of type $not.
Using extmapper simplemap for cells of type $reduce_or.
Using extmapper simplemap for cells of type $mux.
Using extmapper simplemap for cells of type $and.
Using extmapper simplemap for cells of type $xor.
Using extmapper simplemap for cells of type $or.
Using template $paramod$constmap:b94c746956d5f4fd4a7ba3b92a231c440d69fbfc$paramod$bffeeffc687c658021dbaf3ebfe546f0b91090e4\_90_shift_ops_shr_shl_sshl_sshr for cells of type $shl.
Using extmapper simplemap for cells of type $logic_or.
Using extmapper simplemap for cells of type $logic_not.
Using extmapper simplemap for cells of type $logic_and.
Running "alumacc" on wrapper $extern:wrap:$sub:Y_WIDTH=5:B_WIDTH=5:A_WIDTH=5:B_SIGNED=0:A_SIGNED=0:394426c56d1a028ba8fdd5469b163e04011def47.
Using template $extern:wrap:$sub:Y_WIDTH=5:B_WIDTH=5:A_WIDTH=5:B_SIGNED=0:A_SIGNED=0:394426c56d1a028ba8fdd5469b163e04011def47 for cells of type $extern:wrap:$sub:Y_WIDTH=5:B_WIDTH=5:A_WIDTH=5:B_SIGNED=0:A_SIGNED=0:394426c56d1a028ba8fdd5469b163e04011def47.
Using template $paramod$constmap:72fea0cd6927a9676e2527442b1383d29cc29f51$paramod$e194a9e890de0a7be18db8bd15a1479dea055e42\_90_shift_shiftx for cells of type $shiftx.
Using extmapper simplemap for cells of type $eq.
Using extmapper simplemap for cells of type $pmux.
Using template $paramod$b18e16801adf491a64caa0542270798e5d4ac6b6\_90_alu for cells of type $alu.
Using extmapper simplemap for cells of type $pos.
Using template $paramod\_90_fa\WIDTH=32'00000000000000000000000000000101 for cells of type $fa.
Using template $paramod\_90_lcu_brent_kung\WIDTH=32'00000000000000000000000000000101 for cells of type $lcu.
No more expansions possible.
<suppressed ~1012 debug messages>

8. Executing OPT pass (performing simple optimizations).

8.1. Executing OPT_EXPR pass (perform const folding).
Optimizing module ibex_multdiv_slow.
<suppressed ~667 debug messages>

8.2. Executing OPT_MERGE pass (detect identical cells).
Finding identical cells in module `\ibex_multdiv_slow'.
Computing hashes of 3552 cells of `\ibex_multdiv_slow'.
Finding duplicate cells in `\ibex_multdiv_slow'.
Computing hashes of 3483 cells of `\ibex_multdiv_slow'.
Finding duplicate cells in `\ibex_multdiv_slow'.
Computing hashes of 3469 cells of `\ibex_multdiv_slow'.
Finding duplicate cells in `\ibex_multdiv_slow'.
Computing hashes of 3467 cells of `\ibex_multdiv_slow'.
Finding duplicate cells in `\ibex_multdiv_slow'.
Computing hashes of 3466 cells of `\ibex_multdiv_slow'.
Finding duplicate cells in `\ibex_multdiv_slow'.
Computing hashes of 3465 cells of `\ibex_multdiv_slow'.
Finding duplicate cells in `\ibex_multdiv_slow'.
Computing hashes of 3464 cells of `\ibex_multdiv_slow'.
Finding duplicate cells in `\ibex_multdiv_slow'.
<suppressed ~264 debug messages>
Removed a total of 88 cells.

8.3. Executing OPT_MUXTREE pass (detect dead branches in mux trees).
Running muxtree optimizer on module \ibex_multdiv_slow..
  Creating internal representation of mux trees.
  No muxes found in this module.
Removed 0 multiplexer ports.

8.4. Executing OPT_REDUCE pass (consolidate $*mux and $reduce_* inputs).
  Optimizing cells in module \ibex_multdiv_slow.
Performed a total of 0 changes.

8.5. Executing OPT_MERGE pass (detect identical cells).
Finding identical cells in module `\ibex_multdiv_slow'.
Computing hashes of 3464 cells of `\ibex_multdiv_slow'.
Finding duplicate cells in `\ibex_multdiv_slow'.
Removed a total of 0 cells.

8.6. Executing OPT_DFF pass (perform DFF optimizations).

8.7. Executing OPT_CLEAN pass (remove unused cells and wires).
Finding unused cells or wires in module \ibex_multdiv_slow..
Removed 131 unused cells and 630 unused wires.
<suppressed ~132 debug messages>

8.8. Executing OPT_EXPR pass (perform const folding).
Optimizing module ibex_multdiv_slow.

8.9. Rerunning OPT passes. (Maybe there is more to do..)

8.10. Executing OPT_MUXTREE pass (detect dead branches in mux trees).
Running muxtree optimizer on module \ibex_multdiv_slow..
  Creating internal representation of mux trees.
  No muxes found in this module.
Removed 0 multiplexer ports.

8.11. Executing OPT_REDUCE pass (consolidate $*mux and $reduce_* inputs).
  Optimizing cells in module \ibex_multdiv_slow.
Performed a total of 0 changes.

8.12. Executing OPT_MERGE pass (detect identical cells).
Finding identical cells in module `\ibex_multdiv_slow'.
Computing hashes of 3333 cells of `\ibex_multdiv_slow'.
Finding duplicate cells in `\ibex_multdiv_slow'.
Removed a total of 0 cells.

8.13. Executing OPT_DFF pass (perform DFF optimizations).

8.14. Executing OPT_CLEAN pass (remove unused cells and wires).
Finding unused cells or wires in module \ibex_multdiv_slow..

8.15. Executing OPT_EXPR pass (perform const folding).
Optimizing module ibex_multdiv_slow.

8.16. Finished fast OPT passes. (There is nothing left to do.)

9. Executing DFFLIBMAP pass (mapping DFF cells to sequential cells from liberty file).
  cell sky130_fd_sc_hd__dfxtp_1 (noninv, pins=3, area=20.02) is a direct match for cell type $_DFF_P_.
  cell sky130_fd_sc_hd__dfrtn_1 (noninv, pins=4, area=25.02) is a direct match for cell type $_DFF_NN0_.
  cell sky130_fd_sc_hd__dfrtp_1 (noninv, pins=4, area=25.02) is a direct match for cell type $_DFF_PN0_.
  cell sky130_fd_sc_hd__dfstp_2 (noninv, pins=4, area=26.28) is a direct match for cell type $_DFF_PN1_.
  cell sky130_fd_sc_hd__edfxtp_1 (noninv, pins=4, area=30.03) is a direct match for cell type $_DFFE_PP_.
  cell sky130_fd_sc_hd__dfbbn_1 (noninv, pins=6, area=32.53) is a direct match for cell type $_DFFSR_NNN_.
  cell sky130_fd_sc_hd__dfbbp_1 (noninv, pins=6, area=32.53) is a direct match for cell type $_DFFSR_PNN_.
  final dff cell mappings:
    unmapped dff cell: $_DFF_N_
    \sky130_fd_sc_hd__dfxtp_1 _DFF_P_ (.CLK( C), .D( D), .Q( Q));
    \sky130_fd_sc_hd__dfrtn_1 _DFF_NN0_ (.CLK_N( C), .D( D), .Q( Q), .RESET_B( R));
    unmapped dff cell: $_DFF_NN1_
    unmapped dff cell: $_DFF_NP0_
    unmapped dff cell: $_DFF_NP1_
    \sky130_fd_sc_hd__dfrtp_1 _DFF_PN0_ (.CLK( C), .D( D), .Q( Q), .RESET_B( R));
    \sky130_fd_sc_hd__dfstp_2 _DFF_PN1_ (.CLK( C), .D( D), .Q( Q), .SET_B( R));
    unmapped dff cell: $_DFF_PP0_
    unmapped dff cell: $_DFF_PP1_
    unmapped dff cell: $_DFFE_NN_
    unmapped dff cell: $_DFFE_NP_
    unmapped dff cell: $_DFFE_PN_
    \sky130_fd_sc_hd__edfxtp_1 _DFFE_PP_ (.CLK( C), .D( D), .DE( E), .Q( Q));
    \sky130_fd_sc_hd__dfbbn_1 _DFFSR_NNN_ (.CLK_N( C), .D( D), .Q( Q), .Q_N(~Q), .RESET_B( R), .SET_B( S));
    unmapped dff cell: $_DFFSR_NNP_
    unmapped dff cell: $_DFFSR_NPN_
    unmapped dff cell: $_DFFSR_NPP_
    \sky130_fd_sc_hd__dfbbp_1 _DFFSR_PNN_ (.CLK( C), .D( D), .Q( Q), .Q_N(~Q), .RESET_B( R), .SET_B( S));
    unmapped dff cell: $_DFFSR_PNP_
    unmapped dff cell: $_DFFSR_PPN_
    unmapped dff cell: $_DFFSR_PPP_

9.1. Executing DFFLEGALIZE pass (convert FFs to types supported by the target).
<suppressed ~24 debug messages>
Mapping DFF cells in module `\ibex_multdiv_slow':
  mapped 75 $_DFF_PN0_ cells to \sky130_fd_sc_hd__dfrtp_1 cells.

10. Executing ABC pass (technology mapping using ABC).

10.1. Summary of detected clock domains:
  3408 cells in clk={ }, en={ }, arst={ }, srst={ }

10.2. Extracting gate netlist of module `\ibex_multdiv_slow' to `<abc-temp-dir>/input.blif'..
ABC: using cached merged SCL: /tmp/yosys-liberty-scl-cache/yosys_merged_e4993f12.scl (1 files)
No matching clock domain found. Not extracting any FF cells.
Replacing 375 occurrences of constant undef bits with constant zero bits

10.2.1. Executed ABC.
Extracted 3333 gates and 3617 wires to a netlist network with 281 inputs and 241 outputs.
Running ABC script: <abc-temp-dir>/abc.script
ABC: UC Berkeley, ABC 1.01 (compiled Jun 30 2026 04:50:19)
ABC: abc 01> empty
ABC: abc 01> source <abc-temp-dir>/abc.script
ABC: + read_blif <abc-temp-dir>/input.blif 
ABC: + read_scl /tmp/yosys-liberty-scl-cache/yosys_merged_e4993f12.scl 
ABC: Warning: Detected 9 multi-output cells (for example, "sky130_fd_sc_hd__fa_1").
ABC: + strash 
ABC: + &get -n 
ABC: + &fraig -x 
ABC: + &put 
ABC: + scorr 
ABC: Warning: The network is combinational (run "fraig" or "fraig_sweep").
ABC: + dc2 
ABC: + dretime 
ABC: + strash 
ABC: + &get -n 
ABC: + &dch -f 
ABC: + &nf 
ABC: + &put 
ABC: + write_blif <abc-temp-dir>/output.blif 
ABC: 
ABC: YOSYS_ABC_DONE 

10.2.2. Re-integrating ABC results.
ABC RESULTS:   sky130_fd_sc_hd__a2111oi_0 cells:        6
ABC RESULTS:   sky130_fd_sc_hd__a211o_1 cells:        2
ABC RESULTS:   sky130_fd_sc_hd__a211oi_1 cells:       10
ABC RESULTS:   sky130_fd_sc_hd__a21bo_1 cells:        1
ABC RESULTS:   sky130_fd_sc_hd__a21boi_0 cells:        1
ABC RESULTS:   sky130_fd_sc_hd__a21o_1 cells:       11
ABC RESULTS:   sky130_fd_sc_hd__a21oi_1 cells:      110
ABC RESULTS:   sky130_fd_sc_hd__a221o_1 cells:       10
ABC RESULTS:   sky130_fd_sc_hd__a221oi_1 cells:       36
ABC RESULTS:   sky130_fd_sc_hd__a222oi_1 cells:       23
ABC RESULTS:   sky130_fd_sc_hd__a22o_1 cells:       48
ABC RESULTS:   sky130_fd_sc_hd__a22oi_1 cells:       67
ABC RESULTS:   sky130_fd_sc_hd__a2bb2oi_1 cells:        3
ABC RESULTS:   sky130_fd_sc_hd__a311o_1 cells:        1
ABC RESULTS:   sky130_fd_sc_hd__a31o_1 cells:        3
ABC RESULTS:   sky130_fd_sc_hd__a31oi_1 cells:       12
ABC RESULTS:   sky130_fd_sc_hd__a32oi_1 cells:        3
ABC RESULTS:   sky130_fd_sc_hd__a41o_1 cells:        6
ABC RESULTS:   sky130_fd_sc_hd__a41oi_1 cells:        3
ABC RESULTS:   sky130_fd_sc_hd__and2_0 cells:       10
ABC RESULTS:   sky130_fd_sc_hd__and3_1 cells:        7
ABC RESULTS:   sky130_fd_sc_hd__and3b_1 cells:        1
ABC RESULTS:   sky130_fd_sc_hd__and4_1 cells:        2
ABC RESULTS:   sky130_fd_sc_hd__clkinv_1 cells:       11
ABC RESULTS:   sky130_fd_sc_hd__lpflow_inputiso1p_1 cells:        4
ABC RESULTS:   sky130_fd_sc_hd__lpflow_isobufsrc_1 cells:        9
ABC RESULTS:   sky130_fd_sc_hd__mux2_1 cells:       43
ABC RESULTS:   sky130_fd_sc_hd__mux2i_1 cells:       57
ABC RESULTS:   sky130_fd_sc_hd__mux4_2 cells:        3
ABC RESULTS:   sky130_fd_sc_hd__nand2_1 cells:      183
ABC RESULTS:   sky130_fd_sc_hd__nand2b_1 cells:        5
ABC RESULTS:   sky130_fd_sc_hd__nand3_1 cells:       11
ABC RESULTS:   sky130_fd_sc_hd__nand3b_1 cells:        2
ABC RESULTS:   sky130_fd_sc_hd__nand4_1 cells:        3
ABC RESULTS:   sky130_fd_sc_hd__nor2_1 cells:      188
ABC RESULTS:   sky130_fd_sc_hd__nor3_1 cells:       36
ABC RESULTS:   sky130_fd_sc_hd__nor3b_1 cells:        2
ABC RESULTS:   sky130_fd_sc_hd__nor4_1 cells:       24
ABC RESULTS:   sky130_fd_sc_hd__o2111ai_1 cells:        1
ABC RESULTS:   sky130_fd_sc_hd__o211ai_1 cells:       12
ABC RESULTS:   sky130_fd_sc_hd__o21a_1 cells:       38
ABC RESULTS:   sky130_fd_sc_hd__o21ai_0 cells:      200
ABC RESULTS:   sky130_fd_sc_hd__o21bai_1 cells:        2
ABC RESULTS:   sky130_fd_sc_hd__o221ai_1 cells:       58
ABC RESULTS:   sky130_fd_sc_hd__o22a_1 cells:        1
ABC RESULTS:   sky130_fd_sc_hd__o22ai_1 cells:       43
ABC RESULTS:   sky130_fd_sc_hd__o2bb2ai_1 cells:        6
ABC RESULTS:   sky130_fd_sc_hd__o32a_1 cells:        1
ABC RESULTS:   sky130_fd_sc_hd__o32ai_1 cells:        1
ABC RESULTS:   sky130_fd_sc_hd__or3_1 cells:        4
ABC RESULTS:   sky130_fd_sc_hd__or3b_1 cells:        1
ABC RESULTS:   sky130_fd_sc_hd__or4_1 cells:        1
ABC RESULTS:   sky130_fd_sc_hd__or4b_1 cells:        1
ABC RESULTS:   sky130_fd_sc_hd__xnor2_1 cells:       33
ABC RESULTS:   sky130_fd_sc_hd__xor2_1 cells:        1
ABC RESULTS:        internal signals:     3095
ABC RESULTS:           input signals:      281
ABC RESULTS:          output signals:      241
Removing temp directory.
Removing global temp directory.
Removed 0 unused cells and 2468 unused wires.

11. Printing statistics.

=== ibex_multdiv_slow ===

        +----------Local Count, excluding submodules.
        |        +-Local Area, excluding submodules.
        |        | 
     1240        - wires
     2018        - wire bits
       45        - public wires
      823        - public wire bits
       22        - ports
      380        - port bits
     1436 1.03E+04 cells
        6    52.55   sky130_fd_sc_hd__a2111oi_0
        2   17.517   sky130_fd_sc_hd__a211o_1
       10   75.072   sky130_fd_sc_hd__a211oi_1
        1    10.01   sky130_fd_sc_hd__a21bo_1
        1    7.507   sky130_fd_sc_hd__a21boi_0
       11   82.579   sky130_fd_sc_hd__a21o_1
      110  550.528   sky130_fd_sc_hd__a21oi_1
       10  100.096   sky130_fd_sc_hd__a221o_1
       36  315.302   sky130_fd_sc_hd__a221oi_1
       23  230.221   sky130_fd_sc_hd__a222oi_1
       48  420.403   sky130_fd_sc_hd__a22o_1
       67  502.982   sky130_fd_sc_hd__a22oi_1
        3   26.275   sky130_fd_sc_hd__a2bb2oi_1
        1    10.01   sky130_fd_sc_hd__a311o_1
        3   26.275   sky130_fd_sc_hd__a31o_1
       12   75.072   sky130_fd_sc_hd__a31oi_1
        3   26.275   sky130_fd_sc_hd__a32oi_1
        6   60.058   sky130_fd_sc_hd__a41o_1
        3   26.275   sky130_fd_sc_hd__a41oi_1
       10    62.56   sky130_fd_sc_hd__and2_0
        7   43.792   sky130_fd_sc_hd__and3_1
        1    8.758   sky130_fd_sc_hd__and3b_1
        2   17.517   sky130_fd_sc_hd__and4_1
       11    41.29   sky130_fd_sc_hd__clkinv_1
       75   1876.8   sky130_fd_sc_hd__dfrtp_1
        4   25.024   sky130_fd_sc_hd__lpflow_inputiso1p_1
        9   56.304   sky130_fd_sc_hd__lpflow_isobufsrc_1
       43  484.214   sky130_fd_sc_hd__mux2_1
       57  570.547   sky130_fd_sc_hd__mux2i_1
        3   67.565   sky130_fd_sc_hd__mux4_2
      183  686.909   sky130_fd_sc_hd__nand2_1
        5    31.28   sky130_fd_sc_hd__nand2b_1
       11   55.053   sky130_fd_sc_hd__nand3_1
        2   15.014   sky130_fd_sc_hd__nand3b_1
        3   18.768   sky130_fd_sc_hd__nand4_1
      188  705.677   sky130_fd_sc_hd__nor2_1
       36  180.173   sky130_fd_sc_hd__nor3_1
        2   15.014   sky130_fd_sc_hd__nor3b_1
       24  150.144   sky130_fd_sc_hd__nor4_1
        1    8.758   sky130_fd_sc_hd__o2111ai_1
       12   90.086   sky130_fd_sc_hd__o211ai_1
       38  285.274   sky130_fd_sc_hd__o21a_1
      200  1000.96   sky130_fd_sc_hd__o21ai_0
        2   15.014   sky130_fd_sc_hd__o21bai_1
       58  507.987   sky130_fd_sc_hd__o221ai_1
        1    8.758   sky130_fd_sc_hd__o22a_1
       43  269.008   sky130_fd_sc_hd__o22ai_1
        6    52.55   sky130_fd_sc_hd__o2bb2ai_1
        1    10.01   sky130_fd_sc_hd__o32a_1
        1    8.758   sky130_fd_sc_hd__o32ai_1
        4   25.024   sky130_fd_sc_hd__or3_1
        1    8.758   sky130_fd_sc_hd__or3b_1
        1    7.507   sky130_fd_sc_hd__or4_1
        1    10.01   sky130_fd_sc_hd__or4b_1
       33  289.027   sky130_fd_sc_hd__xnor2_1
        1    8.758   sky130_fd_sc_hd__xor2_1

   Chip area for module '\ibex_multdiv_slow': 10333.660800
     of which used for sequential elements: 1876.800000 (18.16%)

12. Executing Verilog backend.
Dumping module `\ibex_multdiv_slow'.

End of script. Logfile hash: b313911564, time: 0.96s, user: 0.44s, system: 0.05s, MEM: 47.78 MB peak
Yosys 0.66+181 (git sha1 afe6b18f2, Release, Clang /usr/bin/clang++ 18.1.8)
Time spent: 56% 1x abc (0 sec), 8% 1x stat (0 sec), ...
