
 /----------------------------------------------------------------------------\
 |  yosys -- Yosys Open SYnthesis Suite                                       |
 |  Copyright (C) 2012 - 2026  Claire Xenia Wolf <claire@yosyshq.com>         |
 |  Distributed under an ISC-like license, type "license" to see terms        |
 \----------------------------------------------------------------------------/
 Yosys 0.66+181 (git sha1 afe6b18f2, Release, Clang /usr/bin/clang++ 18.1.8)

-- Running command `
read_verilog gold.v
hierarchy -check -top ibex_multdiv_slow
proc; opt; memory; opt
techmap; opt
dfflibmap -liberty replay_sky130_fd_sc_hd__tt_025C_1v80.lib
abc -dff -liberty replay_sky130_fd_sc_hd__tt_025C_1v80.lib
clean
stat -liberty replay_sky130_fd_sc_hd__tt_025C_1v80.lib
write_verilog -noattr -noexpr -nohex -nodec gold_mapped.v
' --

1. Executing Verilog-2005 frontend: gold.v
Parsing Verilog input from `gold.v' to AST representation.
Generating RTLIL representation for module `\ibex_multdiv_slow'.
Successfully finished Verilog frontend.

2. Executing HIERARCHY pass (managing design hierarchy).

2.1. Analyzing design hierarchy..
Top module:  \ibex_multdiv_slow

2.2. Analyzing design hierarchy..
Top module:  \ibex_multdiv_slow
Removed 0 unused modules.

3. Executing PROC pass (convert processes to netlists).

3.1. Executing PROC_CLEAN pass (remove empty switches from decision trees).
Found and cleaned up 1 empty switch in `\ibex_multdiv_slow.$proc$gold.v:142$29'.
Found and cleaned up 1 empty switch in `\ibex_multdiv_slow.$proc$gold.v:91$2'.
Cleaned up 2 empty switches.

3.2. Executing PROC_RMDEAD pass (remove dead branches from decision trees).
Marked 1 switch rules as full_case in process $proc$gold.v:263$76 in module ibex_multdiv_slow.
Removed 3 dead cases from process $proc$gold.v:142$29 in module ibex_multdiv_slow.
Marked 1 switch rules as full_case in process $proc$gold.v:142$29 in module ibex_multdiv_slow.
Removed 1 dead cases from process $proc$gold.v:91$2 in module ibex_multdiv_slow.
Removed a total of 4 dead cases.

3.3. Executing PROC_PRUNE pass (remove redundant assignments in processes).
Removed 0 redundant assignments.
Promoted 11 assignments to connections.

3.4. Executing PROC_INIT pass (extract init attributes).

3.5. Executing PROC_ARST pass (detect async resets in processes).
Found async reset \rst_ni in `\ibex_multdiv_slow.$proc$gold.v:263$76'.

3.6. Executing PROC_ROM pass (convert switches to ROMs).
Converted 0 switches.
<suppressed ~9 debug messages>

3.7. Executing PROC_MUX pass (convert decision trees to multiplexers).
Creating decoders for process `\ibex_multdiv_slow.$proc$gold.v:280$86'.
Creating decoders for process `\ibex_multdiv_slow.$proc$gold.v:263$76'.
     1/5: $0\div_by_zero_q[0:0]
     2/5: $0\op_a_shift_q[32:0]
     3/5: $0\op_b_shift_q[32:0]
     4/5: $0\multdiv_count_q[4:0]
     5/5: $0\md_state_q[2:0]
Creating decoders for process `\ibex_multdiv_slow.$proc$gold.v:142$29'.
     1/29: $6\accum_window_d[32:0]
     2/29: $3\multdiv_hold[0:0]
     3/29: $5\md_state_d[2:0]
     4/29: $5\accum_window_d[32:0]
     5/29: $4\md_state_d[2:0]
     6/29: $4\op_b_shift_d[32:0]
     7/29: $4\op_a_shift_d[32:0]
     8/29: $4\accum_window_d[32:0]
     9/29: $3\md_state_d[2:0]
    10/29: $3\op_b_shift_d[32:0]
    11/29: $3\accum_window_d[32:0]
    12/29: $3\op_a_shift_d[32:0]
    13/29: $3\div_by_zero_d[0:0]
    14/29: $2\multdiv_count_d[4:0]
    15/29: $2\div_by_zero_d[0:0]
    16/29: $2\op_a_shift_d[32:0]
    17/29: $2\op_b_shift_d[32:0]
    18/29: $2\accum_window_d[32:0]
    19/29: $2\md_state_d[2:0]
    20/29: $2\multdiv_hold[0:0]
    21/29: $2\op_numerator_d[31:0]
    22/29: $1\multdiv_hold[0:0]
    23/29: $1\div_by_zero_d[0:0]
    24/29: $1\op_numerator_d[31:0]
    25/29: $1\op_a_shift_d[32:0]
    26/29: $1\op_b_shift_d[32:0]
    27/29: $1\multdiv_count_d[4:0]
    28/29: $1\accum_window_d[32:0]
    29/29: $1\md_state_d[2:0]
Creating decoders for process `\ibex_multdiv_slow.$proc$gold.v:91$2'.
     1/4: $2\alu_operand_b_o[32:0]
     2/4: $2\alu_operand_a_o[32:0]
     3/4: $1\alu_operand_b_o[32:0]
     4/4: $1\alu_operand_a_o[32:0]

3.8. Executing PROC_DLATCH pass (convert process syncs to latches).
No latch inferred for signal `\ibex_multdiv_slow.\_sv2v_0' from process `\ibex_multdiv_slow.$proc$gold.v:280$86'.
No latch inferred for signal `\ibex_multdiv_slow.\md_state_d' from process `\ibex_multdiv_slow.$proc$gold.v:142$29'.
No latch inferred for signal `\ibex_multdiv_slow.\accum_window_d' from process `\ibex_multdiv_slow.$proc$gold.v:142$29'.
No latch inferred for signal `\ibex_multdiv_slow.\multdiv_count_d' from process `\ibex_multdiv_slow.$proc$gold.v:142$29'.
No latch inferred for signal `\ibex_multdiv_slow.\op_b_shift_d' from process `\ibex_multdiv_slow.$proc$gold.v:142$29'.
No latch inferred for signal `\ibex_multdiv_slow.\op_a_shift_d' from process `\ibex_multdiv_slow.$proc$gold.v:142$29'.
No latch inferred for signal `\ibex_multdiv_slow.\op_numerator_d' from process `\ibex_multdiv_slow.$proc$gold.v:142$29'.
No latch inferred for signal `\ibex_multdiv_slow.\div_by_zero_d' from process `\ibex_multdiv_slow.$proc$gold.v:142$29'.
No latch inferred for signal `\ibex_multdiv_slow.\multdiv_hold' from process `\ibex_multdiv_slow.$proc$gold.v:142$29'.
No latch inferred for signal `\ibex_multdiv_slow.\alu_operand_a_o' from process `\ibex_multdiv_slow.$proc$gold.v:91$2'.
No latch inferred for signal `\ibex_multdiv_slow.\alu_operand_b_o' from process `\ibex_multdiv_slow.$proc$gold.v:91$2'.

3.9. Executing PROC_DFF pass (convert process syncs to FFs).
Creating register for signal `\ibex_multdiv_slow.\md_state_q' using process `\ibex_multdiv_slow.$proc$gold.v:263$76'.
  created $adff cell `$procdff$421' with positive edge clock and positive level reset.
Creating register for signal `\ibex_multdiv_slow.\multdiv_count_q' using process `\ibex_multdiv_slow.$proc$gold.v:263$76'.
  created $adff cell `$procdff$426' with positive edge clock and positive level reset.
Creating register for signal `\ibex_multdiv_slow.\op_b_shift_q' using process `\ibex_multdiv_slow.$proc$gold.v:263$76'.
  created $adff cell `$procdff$431' with positive edge clock and positive level reset.
Creating register for signal `\ibex_multdiv_slow.\op_a_shift_q' using process `\ibex_multdiv_slow.$proc$gold.v:263$76'.
  created $adff cell `$procdff$436' with positive edge clock and positive level reset.
Creating register for signal `\ibex_multdiv_slow.\div_by_zero_q' using process `\ibex_multdiv_slow.$proc$gold.v:263$76'.
  created $adff cell `$procdff$441' with positive edge clock and positive level reset.

3.10. Executing PROC_MEMWR pass (convert process memory writes to cells).

3.11. Executing PROC_CLEAN pass (remove empty switches from decision trees).
Removing empty process `ibex_multdiv_slow.$proc$gold.v:280$86'.
Found and cleaned up 1 empty switch in `\ibex_multdiv_slow.$proc$gold.v:263$76'.
Removing empty process `ibex_multdiv_slow.$proc$gold.v:263$76'.
Found and cleaned up 6 empty switches in `\ibex_multdiv_slow.$proc$gold.v:142$29'.
Removing empty process `ibex_multdiv_slow.$proc$gold.v:142$29'.
Found and cleaned up 2 empty switches in `\ibex_multdiv_slow.$proc$gold.v:91$2'.
Removing empty process `ibex_multdiv_slow.$proc$gold.v:91$2'.
Cleaned up 9 empty switches.

3.12. Executing OPT_EXPR pass (perform const folding).
Optimizing module ibex_multdiv_slow.
<suppressed ~47 debug messages>

4. Executing OPT pass (performing simple optimizations).

4.1. Executing OPT_EXPR pass (perform const folding).
Optimizing module ibex_multdiv_slow.

4.2. Executing OPT_MERGE pass (detect identical cells).
Finding identical cells in module `\ibex_multdiv_slow'.
Computing hashes of 273 cells of `\ibex_multdiv_slow'.
Finding duplicate cells in `\ibex_multdiv_slow'.
Computing hashes of 156 cells of `\ibex_multdiv_slow'.
Finding duplicate cells in `\ibex_multdiv_slow'.
Computing hashes of 147 cells of `\ibex_multdiv_slow'.
Finding duplicate cells in `\ibex_multdiv_slow'.
<suppressed ~378 debug messages>
Removed a total of 126 cells.

4.3. Executing OPT_MUXTREE pass (detect dead branches in mux trees).
Running muxtree optimizer on module \ibex_multdiv_slow..
  Creating internal representation of mux trees.
  Evaluating internal representation of mux trees.
  Analyzing evaluation results.
    dead port 2/2 on $mux $procmux$184.
    dead port 2/2 on $mux $procmux$182.
    dead port 2/2 on $mux $procmux$326.
    dead port 2/2 on $mux $procmux$399.
    dead port 2/2 on $mux $procmux$171.
    dead port 2/2 on $mux $procmux$169.
    dead port 2/2 on $mux $procmux$315.
    dead port 2/2 on $mux $procmux$337.
    dead port 2/2 on $mux $procmux$197.
    dead port 2/2 on $mux $procmux$158.
    dead port 2/2 on $mux $procmux$156.
    dead port 2/2 on $mux $procmux$304.
    dead port 2/2 on $mux $procmux$195.
    dead port 2/2 on $mux $procmux$292.
    dead port 2/2 on $mux $procmux$145.
    dead port 2/2 on $mux $procmux$143.
    dead port 2/2 on $mux $procmux$282.
    dead port 2/2 on $mux $procmux$280.
    dead port 2/2 on $mux $procmux$132.
    dead port 2/2 on $mux $procmux$130.
    dead port 2/2 on $mux $procmux$119.
    dead port 2/2 on $mux $procmux$117.
    dead port 2/2 on $mux $procmux$265.
    dead port 2/2 on $mux $procmux$263.
    dead port 2/2 on $mux $procmux$106.
    dead port 2/2 on $mux $procmux$104.
    dead port 2/2 on $mux $procmux$367.
    dead port 2/2 on $mux $procmux$248.
    dead port 2/2 on $mux $procmux$246.
    dead port 2/2 on $mux $procmux$356.
    dead port 2/2 on $mux $procmux$231.
    dead port 2/2 on $mux $procmux$229.
    dead port 2/2 on $mux $procmux$349.
    dead port 2/2 on $mux $procmux$407.
    dead port 2/2 on $mux $procmux$214.
    dead port 2/2 on $mux $procmux$212.
Removed 36 multiplexer ports.
<suppressed ~107 debug messages>

4.4. Executing OPT_REDUCE pass (consolidate $*mux and $reduce_* inputs).
  Optimizing cells in module \ibex_multdiv_slow.
    New ctrl vector for $pmux cell $procmux$138: { $procmux$414_CMP $auto$opt_reduce.cc:135:opt_pmux$443 }
    New ctrl vector for $pmux cell $procmux$165: { $procmux$192_CTRL $auto$opt_reduce.cc:135:opt_pmux$445 }
    New ctrl vector for $pmux cell $procmux$125: { $auto$opt_reduce.cc:135:opt_pmux$449 $auto$opt_reduce.cc:135:opt_pmux$447 }
    New ctrl vector for $pmux cell $procmux$275: { $auto$opt_reduce.cc:135:opt_pmux$451 $procmux$414_CMP [0] }
    New ctrl vector for $pmux cell $procmux$112: { $auto$opt_reduce.cc:135:opt_pmux$455 $auto$opt_reduce.cc:135:opt_pmux$453 }
    New ctrl vector for $pmux cell $procmux$258: { $auto$opt_reduce.cc:135:opt_pmux$457 $procmux$415_CMP $procmux$416_CMP }
    New ctrl vector for $pmux cell $procmux$413: { $procmux$192_CTRL $auto$opt_reduce.cc:135:opt_pmux$459 }
    New ctrl vector for $pmux cell $procmux$402: $auto$opt_reduce.cc:135:opt_pmux$461
    New ctrl vector for $pmux cell $procmux$224: { $auto$opt_reduce.cc:135:opt_pmux$465 $auto$opt_reduce.cc:135:opt_pmux$463 }
    New ctrl vector for $pmux cell $procmux$394: { $procmux$403_CMP $auto$opt_reduce.cc:135:opt_pmux$467 $procmux$405_CMP }
  Optimizing cells in module \ibex_multdiv_slow.
Performed a total of 10 changes.

4.5. Executing OPT_MERGE pass (detect identical cells).
Finding identical cells in module `\ibex_multdiv_slow'.
Computing hashes of 124 cells of `\ibex_multdiv_slow'.
Finding duplicate cells in `\ibex_multdiv_slow'.
Computing hashes of 113 cells of `\ibex_multdiv_slow'.
Finding duplicate cells in `\ibex_multdiv_slow'.
<suppressed ~33 debug messages>
Removed a total of 11 cells.

4.6. Executing OPT_DFF pass (perform DFF optimizations).
Adding EN signal on $procdff$431 ($adff) from module ibex_multdiv_slow (D = \op_b_shift_d, Q = \op_b_shift_q).
Adding EN signal on $procdff$441 ($adff) from module ibex_multdiv_slow (D = \div_by_zero_d, Q = \div_by_zero_q).
Adding EN signal on $procdff$426 ($adff) from module ibex_multdiv_slow (D = \multdiv_count_d, Q = \multdiv_count_q).
Adding EN signal on $procdff$436 ($adff) from module ibex_multdiv_slow (D = \op_a_shift_d, Q = \op_a_shift_q).
Adding EN signal on $procdff$421 ($adff) from module ibex_multdiv_slow (D = \md_state_d, Q = \md_state_q).

4.7. Executing OPT_CLEAN pass (remove unused cells and wires).
Finding unused cells or wires in module \ibex_multdiv_slow..
Removed 7 unused cells and 292 unused wires.
<suppressed ~8 debug messages>

4.8. Executing OPT_EXPR pass (perform const folding).
Optimizing module ibex_multdiv_slow.

4.9. Rerunning OPT passes. (Maybe there is more to do..)

4.10. Executing OPT_MUXTREE pass (detect dead branches in mux trees).
Running muxtree optimizer on module \ibex_multdiv_slow..
  Creating internal representation of mux trees.
  Evaluating internal representation of mux trees.
  Analyzing evaluation results.
Removed 0 multiplexer ports.
<suppressed ~66 debug messages>

4.11. Executing OPT_REDUCE pass (consolidate $*mux and $reduce_* inputs).
  Optimizing cells in module \ibex_multdiv_slow.
    New ctrl vector for $pmux cell $procmux$152: { $auto$opt_reduce.cc:135:opt_pmux$474 $eq$gold.v:278$80_Y }
    New ctrl vector for $pmux cell $procmux$207: { $auto$opt_reduce.cc:135:opt_pmux$476 $eq$gold.v:278$81_Y $eq$gold.v:278$80_Y }
    New input vector for $reduce_or cell $auto$opt_reduce.cc:129:opt_pmux$473: { $procmux$103_CMP $procmux$102_CMP $eq$gold.v:278$81_Y }
  Optimizing cells in module \ibex_multdiv_slow.
Performed a total of 3 changes.

4.12. Executing OPT_MERGE pass (detect identical cells).
Finding identical cells in module `\ibex_multdiv_slow'.
Computing hashes of 108 cells of `\ibex_multdiv_slow'.
Finding duplicate cells in `\ibex_multdiv_slow'.
Computing hashes of 107 cells of `\ibex_multdiv_slow'.
Finding duplicate cells in `\ibex_multdiv_slow'.
<suppressed ~3 debug messages>
Removed a total of 1 cells.

4.13. Executing OPT_DFF pass (perform DFF optimizations).
Adding EN signal on $auto$ff.cc:337:slice$468 ($adffe) from module ibex_multdiv_slow (D = $2\op_b_shift_d[32:0], Q = \op_b_shift_q).
Adding EN signal on $auto$ff.cc:337:slice$469 ($adffe) from module ibex_multdiv_slow (D = $3\div_by_zero_d[0:0], Q = \div_by_zero_q).
Adding EN signal on $auto$ff.cc:337:slice$470 ($adffe) from module ibex_multdiv_slow (D = $2\multdiv_count_d[4:0], Q = \multdiv_count_q).
Adding EN signal on $auto$ff.cc:337:slice$471 ($adffe) from module ibex_multdiv_slow (D = $2\op_a_shift_d[32:0], Q = \op_a_shift_q).
Adding EN signal on $auto$ff.cc:337:slice$472 ($adffe) from module ibex_multdiv_slow (D = $2\md_state_d[2:0], Q = \md_state_q).

4.14. Executing OPT_CLEAN pass (remove unused cells and wires).
Finding unused cells or wires in module \ibex_multdiv_slow..
Removed 6 unused cells and 7 unused wires.
<suppressed ~12 debug messages>

4.15. Executing OPT_EXPR pass (perform const folding).
Optimizing module ibex_multdiv_slow.
<suppressed ~4 debug messages>

4.16. Rerunning OPT passes. (Maybe there is more to do..)

4.17. Executing OPT_MUXTREE pass (detect dead branches in mux trees).
Running muxtree optimizer on module \ibex_multdiv_slow..
  Creating internal representation of mux trees.
  Evaluating internal representation of mux trees.
  Analyzing evaluation results.
Removed 0 multiplexer ports.
<suppressed ~58 debug messages>

4.18. Executing OPT_REDUCE pass (consolidate $*mux and $reduce_* inputs).
  Optimizing cells in module \ibex_multdiv_slow.
Performed a total of 0 changes.

4.19. Executing OPT_MERGE pass (detect identical cells).
Finding identical cells in module `\ibex_multdiv_slow'.
Computing hashes of 114 cells of `\ibex_multdiv_slow'.
Finding duplicate cells in `\ibex_multdiv_slow'.
Computing hashes of 113 cells of `\ibex_multdiv_slow'.
Finding duplicate cells in `\ibex_multdiv_slow'.
<suppressed ~3 debug messages>
Removed a total of 1 cells.

4.20. Executing OPT_DFF pass (perform DFF optimizations).

4.21. Executing OPT_CLEAN pass (remove unused cells and wires).
Finding unused cells or wires in module \ibex_multdiv_slow..
Removed 0 unused cells and 1 unused wires.
<suppressed ~1 debug messages>

4.22. Executing OPT_EXPR pass (perform const folding).
Optimizing module ibex_multdiv_slow.

4.23. Rerunning OPT passes. (Maybe there is more to do..)

4.24. Executing OPT_MUXTREE pass (detect dead branches in mux trees).
Running muxtree optimizer on module \ibex_multdiv_slow..
  Creating internal representation of mux trees.
  Evaluating internal representation of mux trees.
  Analyzing evaluation results.
Removed 0 multiplexer ports.
<suppressed ~58 debug messages>

4.25. Executing OPT_REDUCE pass (consolidate $*mux and $reduce_* inputs).
  Optimizing cells in module \ibex_multdiv_slow.
Performed a total of 0 changes.

4.26. Executing OPT_MERGE pass (detect identical cells).
Finding identical cells in module `\ibex_multdiv_slow'.
Computing hashes of 113 cells of `\ibex_multdiv_slow'.
Finding duplicate cells in `\ibex_multdiv_slow'.
Removed a total of 0 cells.

4.27. Executing OPT_DFF pass (perform DFF optimizations).

4.28. Executing OPT_CLEAN pass (remove unused cells and wires).
Finding unused cells or wires in module \ibex_multdiv_slow..

4.29. Executing OPT_EXPR pass (perform const folding).
Optimizing module ibex_multdiv_slow.

4.30. Finished fast OPT passes. (There is nothing left to do.)

5. Executing MEMORY pass.

5.1. Executing OPT_MEM pass (optimize memories).
Performed a total of 0 transformations.

5.2. Executing OPT_MEM_PRIORITY pass (removing unnecessary memory write priority relations).
Performed a total of 0 transformations.

5.3. Executing OPT_MEM_FEEDBACK pass (finding memory read-to-write feedback paths).

5.4. Executing MEMORY_BMUX2ROM pass (converting muxes to ROMs).

5.5. Executing MEMORY_DFF pass (merging $dff cells to $memrd).

5.6. Executing OPT_CLEAN pass (remove unused cells and wires).
Finding unused cells or wires in module \ibex_multdiv_slow..

5.7. Executing MEMORY_SHARE pass (consolidating $memrd/$memwr cells).

5.8. Executing OPT_MEM_WIDEN pass (optimize memories where all ports are wide).
Performed a total of 0 transformations.

5.9. Executing OPT_CLEAN pass (remove unused cells and wires).
Finding unused cells or wires in module \ibex_multdiv_slow..

5.10. Executing MEMORY_COLLECT pass (generating $mem cells).

5.11. Executing MEMORY_MAP pass (converting memories to logic and flip-flops).

6. Executing OPT pass (performing simple optimizations).

6.1. Executing OPT_EXPR pass (perform const folding).
Optimizing module ibex_multdiv_slow.

6.2. Executing OPT_MERGE pass (detect identical cells).
Finding identical cells in module `\ibex_multdiv_slow'.
Computing hashes of 113 cells of `\ibex_multdiv_slow'.
Finding duplicate cells in `\ibex_multdiv_slow'.
Removed a total of 0 cells.

6.3. Executing OPT_MUXTREE pass (detect dead branches in mux trees).
Running muxtree optimizer on module \ibex_multdiv_slow..
  Creating internal representation of mux trees.
  Evaluating internal representation of mux trees.
  Analyzing evaluation results.
Removed 0 multiplexer ports.
<suppressed ~58 debug messages>

6.4. Executing OPT_REDUCE pass (consolidate $*mux and $reduce_* inputs).
  Optimizing cells in module \ibex_multdiv_slow.
Performed a total of 0 changes.

6.5. Executing OPT_MERGE pass (detect identical cells).
Finding identical cells in module `\ibex_multdiv_slow'.
Computing hashes of 113 cells of `\ibex_multdiv_slow'.
Finding duplicate cells in `\ibex_multdiv_slow'.
Removed a total of 0 cells.

6.6. Executing OPT_DFF pass (perform DFF optimizations).

6.7. Executing OPT_CLEAN pass (remove unused cells and wires).
Finding unused cells or wires in module \ibex_multdiv_slow..

6.8. Executing OPT_EXPR pass (perform const folding).
Optimizing module ibex_multdiv_slow.

6.9. Finished fast OPT passes. (There is nothing left to do.)

7. Executing TECHMAP pass (map to technology primitives).

7.1. Executing Verilog-2005 frontend: <yosys-share>/techmap.v
Parsing Verilog input from `<yosys-share>/techmap.v' to AST representation.
Generating RTLIL representation for module `\_90_simplemap_bool_ops'.
Generating RTLIL representation for module `\_90_simplemap_reduce_ops'.
Generating RTLIL representation for module `\_90_simplemap_logic_ops'.
Generating RTLIL representation for module `\_90_simplemap_compare_ops'.
Generating RTLIL representation for module `\_90_simplemap_various'.
Generating RTLIL representation for module `\_90_simplemap_registers'.
Generating RTLIL representation for module `\_90_shift_ops_shr_shl_sshl_sshr'.
Generating RTLIL representation for module `\_90_shift_shiftx'.
Generating RTLIL representation for module `\_90_fa'.
Generating RTLIL representation for module `\_90_lcu_brent_kung'.
Generating RTLIL representation for module `\_90_alu'.
Generating RTLIL representation for module `\_90_macc'.
Generating RTLIL representation for module `\_90_alumacc'.
Generating RTLIL representation for module `$__div_mod_u'.
Generating RTLIL representation for module `$__div_mod_trunc'.
Generating RTLIL representation for module `\_90_div'.
Generating RTLIL representation for module `\_90_mod'.
Generating RTLIL representation for module `$__div_mod_floor'.
Generating RTLIL representation for module `\_90_divfloor'.
Generating RTLIL representation for module `\_90_modfloor'.
Generating RTLIL representation for module `\_90_pow'.
Generating RTLIL representation for module `\_90_demux'.
Generating RTLIL representation for module `\_90_lut'.
Generating RTLIL representation for module `$connect'.
Generating RTLIL representation for module `$input_port'.
Successfully finished Verilog frontend.

7.2. Continuing TECHMAP pass.
Using extmapper simplemap for cells of type $reduce_and.
Using extmapper simplemap for cells of type $adffe.
Using extmapper simplemap for cells of type $reduce_bool.
Using extmapper simplemap for cells of type $ne.
Using extmapper simplemap for cells of type $not.
Using extmapper simplemap for cells of type $reduce_or.
Using extmapper simplemap for cells of type $mux.
Using extmapper simplemap for cells of type $and.
Using extmapper simplemap for cells of type $eq.
Using template $paramod$constmap:b94c746956d5f4fd4a7ba3b92a231c440d69fbfc$paramod$bffeeffc687c658021dbaf3ebfe546f0b91090e4\_90_shift_ops_shr_shl_sshl_sshr for cells of type $shl.
Using extmapper simplemap for cells of type $or.
Using extmapper simplemap for cells of type $xor.
Using extmapper simplemap for cells of type $logic_or.
Using extmapper simplemap for cells of type $logic_not.
Using extmapper simplemap for cells of type $logic_and.
Running "alumacc" on wrapper $extern:wrap:$sub:Y_WIDTH=5:B_WIDTH=5:A_WIDTH=5:B_SIGNED=0:A_SIGNED=0:394426c56d1a028ba8fdd5469b163e04011def47.
Using template $extern:wrap:$sub:Y_WIDTH=5:B_WIDTH=5:A_WIDTH=5:B_SIGNED=0:A_SIGNED=0:394426c56d1a028ba8fdd5469b163e04011def47 for cells of type $extern:wrap:$sub:Y_WIDTH=5:B_WIDTH=5:A_WIDTH=5:B_SIGNED=0:A_SIGNED=0:394426c56d1a028ba8fdd5469b163e04011def47.
Using template $paramod$constmap:72fea0cd6927a9676e2527442b1383d29cc29f51$paramod$e194a9e890de0a7be18db8bd15a1479dea055e42\_90_shift_shiftx for cells of type $shiftx.
Using extmapper simplemap for cells of type $pmux.
Using template $paramod$b18e16801adf491a64caa0542270798e5d4ac6b6\_90_alu for cells of type $alu.
Using extmapper simplemap for cells of type $pos.
Using template $paramod\_90_fa\WIDTH=32'00000000000000000000000000000101 for cells of type $fa.
Using template $paramod\_90_lcu_brent_kung\WIDTH=32'00000000000000000000000000000101 for cells of type $lcu.
No more expansions possible.
<suppressed ~1009 debug messages>

8. Executing OPT pass (performing simple optimizations).

8.1. Executing OPT_EXPR pass (perform const folding).
Optimizing module ibex_multdiv_slow.
<suppressed ~668 debug messages>

8.2. Executing OPT_MERGE pass (detect identical cells).
Finding identical cells in module `\ibex_multdiv_slow'.
Computing hashes of 3550 cells of `\ibex_multdiv_slow'.
Finding duplicate cells in `\ibex_multdiv_slow'.
Computing hashes of 3481 cells of `\ibex_multdiv_slow'.
Finding duplicate cells in `\ibex_multdiv_slow'.
Computing hashes of 3467 cells of `\ibex_multdiv_slow'.
Finding duplicate cells in `\ibex_multdiv_slow'.
Computing hashes of 3465 cells of `\ibex_multdiv_slow'.
Finding duplicate cells in `\ibex_multdiv_slow'.
Computing hashes of 3464 cells of `\ibex_multdiv_slow'.
Finding duplicate cells in `\ibex_multdiv_slow'.
Computing hashes of 3463 cells of `\ibex_multdiv_slow'.
Finding duplicate cells in `\ibex_multdiv_slow'.
Computing hashes of 3462 cells of `\ibex_multdiv_slow'.
Finding duplicate cells in `\ibex_multdiv_slow'.
<suppressed ~264 debug messages>
Removed a total of 88 cells.

8.3. Executing OPT_MUXTREE pass (detect dead branches in mux trees).
Running muxtree optimizer on module \ibex_multdiv_slow..
  Creating internal representation of mux trees.
  No muxes found in this module.
Removed 0 multiplexer ports.

8.4. Executing OPT_REDUCE pass (consolidate $*mux and $reduce_* inputs).
  Optimizing cells in module \ibex_multdiv_slow.
Performed a total of 0 changes.

8.5. Executing OPT_MERGE pass (detect identical cells).
Finding identical cells in module `\ibex_multdiv_slow'.
Computing hashes of 3462 cells of `\ibex_multdiv_slow'.
Finding duplicate cells in `\ibex_multdiv_slow'.
Removed a total of 0 cells.

8.6. Executing OPT_DFF pass (perform DFF optimizations).

8.7. Executing OPT_CLEAN pass (remove unused cells and wires).
Finding unused cells or wires in module \ibex_multdiv_slow..
Removed 132 unused cells and 632 unused wires.
<suppressed ~133 debug messages>

8.8. Executing OPT_EXPR pass (perform const folding).
Optimizing module ibex_multdiv_slow.

8.9. Rerunning OPT passes. (Maybe there is more to do..)

8.10. Executing OPT_MUXTREE pass (detect dead branches in mux trees).
Running muxtree optimizer on module \ibex_multdiv_slow..
  Creating internal representation of mux trees.
  No muxes found in this module.
Removed 0 multiplexer ports.

8.11. Executing OPT_REDUCE pass (consolidate $*mux and $reduce_* inputs).
  Optimizing cells in module \ibex_multdiv_slow.
Performed a total of 0 changes.

8.12. Executing OPT_MERGE pass (detect identical cells).
Finding identical cells in module `\ibex_multdiv_slow'.
Computing hashes of 3330 cells of `\ibex_multdiv_slow'.
Finding duplicate cells in `\ibex_multdiv_slow'.
Removed a total of 0 cells.

8.13. Executing OPT_DFF pass (perform DFF optimizations).

8.14. Executing OPT_CLEAN pass (remove unused cells and wires).
Finding unused cells or wires in module \ibex_multdiv_slow..

8.15. Executing OPT_EXPR pass (perform const folding).
Optimizing module ibex_multdiv_slow.

8.16. Finished fast OPT passes. (There is nothing left to do.)

9. Executing DFFLIBMAP pass (mapping DFF cells to sequential cells from liberty file).
  cell sky130_fd_sc_hd__dfxtp_1 (noninv, pins=3, area=20.02) is a direct match for cell type $_DFF_P_.
  cell sky130_fd_sc_hd__dfrtn_1 (noninv, pins=4, area=25.02) is a direct match for cell type $_DFF_NN0_.
  cell sky130_fd_sc_hd__dfrtp_1 (noninv, pins=4, area=25.02) is a direct match for cell type $_DFF_PN0_.
  cell sky130_fd_sc_hd__dfstp_2 (noninv, pins=4, area=26.28) is a direct match for cell type $_DFF_PN1_.
  cell sky130_fd_sc_hd__edfxtp_1 (noninv, pins=4, area=30.03) is a direct match for cell type $_DFFE_PP_.
  cell sky130_fd_sc_hd__dfbbn_1 (noninv, pins=6, area=32.53) is a direct match for cell type $_DFFSR_NNN_.
  cell sky130_fd_sc_hd__dfbbp_1 (noninv, pins=6, area=32.53) is a direct match for cell type $_DFFSR_PNN_.
  final dff cell mappings:
    unmapped dff cell: $_DFF_N_
    \sky130_fd_sc_hd__dfxtp_1 _DFF_P_ (.CLK( C), .D( D), .Q( Q));
    \sky130_fd_sc_hd__dfrtn_1 _DFF_NN0_ (.CLK_N( C), .D( D), .Q( Q), .RESET_B( R));
    unmapped dff cell: $_DFF_NN1_
    unmapped dff cell: $_DFF_NP0_
    unmapped dff cell: $_DFF_NP1_
    \sky130_fd_sc_hd__dfrtp_1 _DFF_PN0_ (.CLK( C), .D( D), .Q( Q), .RESET_B( R));
    \sky130_fd_sc_hd__dfstp_2 _DFF_PN1_ (.CLK( C), .D( D), .Q( Q), .SET_B( R));
    unmapped dff cell: $_DFF_PP0_
    unmapped dff cell: $_DFF_PP1_
    unmapped dff cell: $_DFFE_NN_
    unmapped dff cell: $_DFFE_NP_
    unmapped dff cell: $_DFFE_PN_
    \sky130_fd_sc_hd__edfxtp_1 _DFFE_PP_ (.CLK( C), .D( D), .DE( E), .Q( Q));
    \sky130_fd_sc_hd__dfbbn_1 _DFFSR_NNN_ (.CLK_N( C), .D( D), .Q( Q), .Q_N(~Q), .RESET_B( R), .SET_B( S));
    unmapped dff cell: $_DFFSR_NNP_
    unmapped dff cell: $_DFFSR_NPN_
    unmapped dff cell: $_DFFSR_NPP_
    \sky130_fd_sc_hd__dfbbp_1 _DFFSR_PNN_ (.CLK( C), .D( D), .Q( Q), .Q_N(~Q), .RESET_B( R), .SET_B( S));
    unmapped dff cell: $_DFFSR_PNP_
    unmapped dff cell: $_DFFSR_PPN_
    unmapped dff cell: $_DFFSR_PPP_

9.1. Executing DFFLEGALIZE pass (convert FFs to types supported by the target).
<suppressed ~24 debug messages>
Mapping DFF cells in module `\ibex_multdiv_slow':
  mapped 75 $_DFF_PN0_ cells to \sky130_fd_sc_hd__dfrtp_1 cells.

10. Executing ABC pass (technology mapping using ABC).

10.1. Summary of detected clock domains:
  3405 cells in clk={ }, en={ }, arst={ }, srst={ }

10.2. Extracting gate netlist of module `\ibex_multdiv_slow' to `<abc-temp-dir>/input.blif'..
No matching clock domain found. Not extracting any FF cells.
Replacing 375 occurrences of constant undef bits with constant zero bits

10.2.1. Executed ABC.
Extracted 3330 gates and 3614 wires to a netlist network with 281 inputs and 241 outputs.
Running ABC script: <abc-temp-dir>/abc.script
ABC: UC Berkeley, ABC 1.01 (compiled Jun 30 2026 04:50:19)
ABC: abc 01> empty
ABC: abc 01> source <abc-temp-dir>/abc.script
ABC: + read_blif <abc-temp-dir>/input.blif
ABC: + read_scl <local-tmp>/yosys-liberty-scl-cache/yosys_merged_e4993f12.scl
ABC: Warning: Detected 9 multi-output cells (for example, "sky130_fd_sc_hd__fa_1").
ABC: + strash
ABC: + &get -n
ABC: + &fraig -x
ABC: + &put
ABC: + scorr
ABC: Warning: The network is combinational (run "fraig" or "fraig_sweep").
ABC: + dc2
ABC: + dretime
ABC: + strash
ABC: + &get -n
ABC: + &dch -f
ABC: + &nf
ABC: + &put
ABC: + write_blif <abc-temp-dir>/output.blif
ABC:
ABC: YOSYS_ABC_DONE

10.2.2. Re-integrating ABC results.
ABC RESULTS:   sky130_fd_sc_hd__a2111oi_0 cells:        6
ABC RESULTS:   sky130_fd_sc_hd__a211oi_1 cells:       12
ABC RESULTS:   sky130_fd_sc_hd__a21bo_1 cells:        1
ABC RESULTS:   sky130_fd_sc_hd__a21boi_0 cells:        2
ABC RESULTS:   sky130_fd_sc_hd__a21o_1 cells:        9
ABC RESULTS:   sky130_fd_sc_hd__a21oi_1 cells:      103
ABC RESULTS:   sky130_fd_sc_hd__a221o_1 cells:       12
ABC RESULTS:   sky130_fd_sc_hd__a221oi_1 cells:       31
ABC RESULTS:   sky130_fd_sc_hd__a222oi_1 cells:       18
ABC RESULTS:   sky130_fd_sc_hd__a22o_1 cells:       48
ABC RESULTS:   sky130_fd_sc_hd__a22oi_1 cells:       75
ABC RESULTS:   sky130_fd_sc_hd__a31o_1 cells:        2
ABC RESULTS:   sky130_fd_sc_hd__a31oi_1 cells:       13
ABC RESULTS:   sky130_fd_sc_hd__a32oi_1 cells:        4
ABC RESULTS:   sky130_fd_sc_hd__a41o_1 cells:        7
ABC RESULTS:   sky130_fd_sc_hd__a41oi_1 cells:        4
ABC RESULTS:   sky130_fd_sc_hd__and2_0 cells:       10
ABC RESULTS:   sky130_fd_sc_hd__and3_1 cells:        7
ABC RESULTS:   sky130_fd_sc_hd__and3b_1 cells:        1
ABC RESULTS:   sky130_fd_sc_hd__and4_1 cells:        2
ABC RESULTS:   sky130_fd_sc_hd__clkinv_1 cells:       11
ABC RESULTS:   sky130_fd_sc_hd__lpflow_inputiso1p_1 cells:        4
ABC RESULTS:   sky130_fd_sc_hd__lpflow_isobufsrc_1 cells:        7
ABC RESULTS:   sky130_fd_sc_hd__mux2_1 cells:       48
ABC RESULTS:   sky130_fd_sc_hd__mux2i_1 cells:       60
ABC RESULTS:   sky130_fd_sc_hd__mux4_2 cells:        3
ABC RESULTS:   sky130_fd_sc_hd__nand2_1 cells:      179
ABC RESULTS:   sky130_fd_sc_hd__nand2b_1 cells:        7
ABC RESULTS:   sky130_fd_sc_hd__nand3_1 cells:        7
ABC RESULTS:   sky130_fd_sc_hd__nand3b_1 cells:        1
ABC RESULTS:   sky130_fd_sc_hd__nand4_1 cells:        5
ABC RESULTS:   sky130_fd_sc_hd__nor2_1 cells:      179
ABC RESULTS:   sky130_fd_sc_hd__nor3_1 cells:       33
ABC RESULTS:   sky130_fd_sc_hd__nor3b_1 cells:        1
ABC RESULTS:   sky130_fd_sc_hd__nor4_1 cells:       21
ABC RESULTS:   sky130_fd_sc_hd__nor4b_1 cells:        1
ABC RESULTS:   sky130_fd_sc_hd__o2111ai_1 cells:        1
ABC RESULTS:   sky130_fd_sc_hd__o211ai_1 cells:        6
ABC RESULTS:   sky130_fd_sc_hd__o21a_1 cells:       38
ABC RESULTS:   sky130_fd_sc_hd__o21ai_0 cells:      210
ABC RESULTS:   sky130_fd_sc_hd__o21bai_1 cells:        2
ABC RESULTS:   sky130_fd_sc_hd__o221a_1 cells:        2
ABC RESULTS:   sky130_fd_sc_hd__o221ai_1 cells:       61
ABC RESULTS:   sky130_fd_sc_hd__o22ai_1 cells:       42
ABC RESULTS:   sky130_fd_sc_hd__o2bb2ai_1 cells:        9
ABC RESULTS:   sky130_fd_sc_hd__o311a_1 cells:        1
ABC RESULTS:   sky130_fd_sc_hd__o31a_1 cells:        1
ABC RESULTS:   sky130_fd_sc_hd__o31ai_1 cells:        1
ABC RESULTS:   sky130_fd_sc_hd__o32a_1 cells:        2
ABC RESULTS:   sky130_fd_sc_hd__or3_1 cells:        6
ABC RESULTS:   sky130_fd_sc_hd__or3b_1 cells:        1
ABC RESULTS:   sky130_fd_sc_hd__or4_1 cells:        1
ABC RESULTS:   sky130_fd_sc_hd__xnor2_1 cells:       33
ABC RESULTS:        internal signals:     3092
ABC RESULTS:           input signals:      281
ABC RESULTS:          output signals:      241
Removing temp directory.
Removing global temp directory.
Removed 0 unused cells and 2465 unused wires.

11. Printing statistics.

=== ibex_multdiv_slow ===

        +----------Local Count, excluding submodules.
        |        +-Local Area, excluding submodules.
        |        |
     1230        - wires
     2008        - wire bits
       45        - public wires
      823        - public wire bits
       22        - ports
      380        - port bits
     1426 1.03E+04 cells
        6    52.55   sky130_fd_sc_hd__a2111oi_0
       12   90.086   sky130_fd_sc_hd__a211oi_1
        1    10.01   sky130_fd_sc_hd__a21bo_1
        2   15.014   sky130_fd_sc_hd__a21boi_0
        9   67.565   sky130_fd_sc_hd__a21o_1
      103  515.494   sky130_fd_sc_hd__a21oi_1
       12  120.115   sky130_fd_sc_hd__a221o_1
       31   271.51   sky130_fd_sc_hd__a221oi_1
       18  180.173   sky130_fd_sc_hd__a222oi_1
       48  420.403   sky130_fd_sc_hd__a22o_1
       75   563.04   sky130_fd_sc_hd__a22oi_1
        2   17.517   sky130_fd_sc_hd__a31o_1
       13   81.328   sky130_fd_sc_hd__a31oi_1
        4   35.034   sky130_fd_sc_hd__a32oi_1
        7   70.067   sky130_fd_sc_hd__a41o_1
        4   35.034   sky130_fd_sc_hd__a41oi_1
       10    62.56   sky130_fd_sc_hd__and2_0
        7   43.792   sky130_fd_sc_hd__and3_1
        1    8.758   sky130_fd_sc_hd__and3b_1
        2   17.517   sky130_fd_sc_hd__and4_1
       11    41.29   sky130_fd_sc_hd__clkinv_1
       75   1876.8   sky130_fd_sc_hd__dfrtp_1
        4   25.024   sky130_fd_sc_hd__lpflow_inputiso1p_1
        7   43.792   sky130_fd_sc_hd__lpflow_isobufsrc_1
       48  540.518   sky130_fd_sc_hd__mux2_1
       60  600.576   sky130_fd_sc_hd__mux2i_1
        3   67.565   sky130_fd_sc_hd__mux4_2
      179  671.894   sky130_fd_sc_hd__nand2_1
        7   43.792   sky130_fd_sc_hd__nand2b_1
        7   35.034   sky130_fd_sc_hd__nand3_1
        1    7.507   sky130_fd_sc_hd__nand3b_1
        5    31.28   sky130_fd_sc_hd__nand4_1
      179  671.894   sky130_fd_sc_hd__nor2_1
       33  165.158   sky130_fd_sc_hd__nor3_1
        1    7.507   sky130_fd_sc_hd__nor3b_1
       21  131.376   sky130_fd_sc_hd__nor4_1
        1    8.758   sky130_fd_sc_hd__nor4b_1
        1    8.758   sky130_fd_sc_hd__o2111ai_1
        6   45.043   sky130_fd_sc_hd__o211ai_1
       38  285.274   sky130_fd_sc_hd__o21a_1
      210 1.05E+03   sky130_fd_sc_hd__o21ai_0
        2   15.014   sky130_fd_sc_hd__o21bai_1
        2   22.522   sky130_fd_sc_hd__o221a_1
       61  534.262   sky130_fd_sc_hd__o221ai_1
       42  262.752   sky130_fd_sc_hd__o22ai_1
        9   78.826   sky130_fd_sc_hd__o2bb2ai_1
        1    10.01   sky130_fd_sc_hd__o311a_1
        1    8.758   sky130_fd_sc_hd__o31a_1
        1    7.507   sky130_fd_sc_hd__o31ai_1
        2   20.019   sky130_fd_sc_hd__o32a_1
        6   37.536   sky130_fd_sc_hd__or3_1
        1    8.758   sky130_fd_sc_hd__or3b_1
        1    7.507   sky130_fd_sc_hd__or4_1
       33  289.027   sky130_fd_sc_hd__xnor2_1

   Chip area for module '\ibex_multdiv_slow': 10339.916800
     of which used for sequential elements: 1876.800000 (18.15%)

12. Executing Verilog backend.
Dumping module `\ibex_multdiv_slow'.

End of script. Logfile hash: 16d1ea7d8d, time: 1.26s, user: 0.46s, system: 0.05s, MEM: 47.47 MB peak
Yosys 0.66+181 (git sha1 afe6b18f2, Release, Clang /usr/bin/clang++ 18.1.8)
Time spent: 59% 1x abc (0 sec), 8% 17x opt_expr (0 sec), ...
