
52. Printing statistics.

=== ibex_top ===

        +----------Local Count, excluding submodules.
        |        +-Local Area, excluding submodules.
        |        |
    13482        - wires
    14218        - wire bits
     2529        - public wires
     3265        - public wire bits
       55        - ports
      791        - port bits
    13334 1.08E+05 cells
        2   22.522   sky130_fd_sc_hd__a2111o_1
       39  341.578   sky130_fd_sc_hd__a2111oi_0
       15  131.376   sky130_fd_sc_hd__a211o_1
       69  517.997   sky130_fd_sc_hd__a211oi_1
        1   12.512   sky130_fd_sc_hd__a211oi_2
        1   20.019   sky130_fd_sc_hd__a211oi_4
        3   30.029   sky130_fd_sc_hd__a21bo_2
       12   90.086   sky130_fd_sc_hd__a21boi_0
        1    7.507   sky130_fd_sc_hd__a21boi_1
        1   11.261   sky130_fd_sc_hd__a21boi_2
       82   615.59   sky130_fd_sc_hd__a21o_1
      908 4.54E+03   sky130_fd_sc_hd__a21oi_1
       29  290.278   sky130_fd_sc_hd__a221o_1
      160  1.4E+03   sky130_fd_sc_hd__a221oi_1
      447 4.47E+03   sky130_fd_sc_hd__a222oi_1
       79  691.914   sky130_fd_sc_hd__a22o_1
      458 3.44E+03   sky130_fd_sc_hd__a22oi_1
       10   87.584   sky130_fd_sc_hd__a2bb2oi_1
        3   30.029   sky130_fd_sc_hd__a311o_1
        9   78.826   sky130_fd_sc_hd__a311oi_1
        3   45.043   sky130_fd_sc_hd__a311oi_2
       30  262.752   sky130_fd_sc_hd__a31o_2
      241 1.51E+03   sky130_fd_sc_hd__a31oi_1
        1   12.512   sky130_fd_sc_hd__a31oi_2
        1    21.27   sky130_fd_sc_hd__a31oi_4
        3   30.029   sky130_fd_sc_hd__a32o_1
       14  122.618   sky130_fd_sc_hd__a32oi_1
        2   20.019   sky130_fd_sc_hd__a41o_1
       12  105.101   sky130_fd_sc_hd__a41oi_1
       30   187.68   sky130_fd_sc_hd__and2_0
        1    6.256   sky130_fd_sc_hd__and2_1
      199 1.24E+03   sky130_fd_sc_hd__and3_1
        4   35.034   sky130_fd_sc_hd__and3b_1
       56   490.47   sky130_fd_sc_hd__and4_1
        9   90.086   sky130_fd_sc_hd__and4b_1
        1   12.512   sky130_fd_sc_hd__and4bb_2
       19   71.318   sky130_fd_sc_hd__buf_1
       28  140.134   sky130_fd_sc_hd__buf_2
        1   11.261   sky130_fd_sc_hd__buf_6
      479  1.8E+03   sky130_fd_sc_hd__clkbuf_1
      712 1.78E+04   sky130_fd_sc_hd__dfrtp_1
       10  262.752   sky130_fd_sc_hd__dfstp_2
       33  495.475   sky130_fd_sc_hd__dlxtn_1
      992 1.49E+04   sky130_fd_sc_hd__dlxtp_1
      283  8498.15   sky130_fd_sc_hd__edfxtp_1
      141  529.258   sky130_fd_sc_hd__inv_1
        3   11.261   sky130_fd_sc_hd__inv_2
      517 1.94E+03   sky130_fd_sc_hd__lpflow_clkbufkapwr_1
        4   15.014   sky130_fd_sc_hd__lpflow_clkinvkapwr_1
       77  481.712   sky130_fd_sc_hd__lpflow_inputiso0n_1
      137  857.072   sky130_fd_sc_hd__lpflow_isobufsrc_1
      114 1.14E+03   sky130_fd_sc_hd__maj3_1
        4   45.043   sky130_fd_sc_hd__maj3_2
        1   13.763   sky130_fd_sc_hd__maj3_4
        3   33.782   sky130_fd_sc_hd__mux2_1
      216 2.43E+03   sky130_fd_sc_hd__mux2_2
      149  1491.43   sky130_fd_sc_hd__mux2i_1
     1647 6.18E+03   sky130_fd_sc_hd__nand2_1
        1    6.256   sky130_fd_sc_hd__nand2_2
       69  431.664   sky130_fd_sc_hd__nand2b_1
      674 3.37E+03   sky130_fd_sc_hd__nand3_1
        9   67.565   sky130_fd_sc_hd__nand3b_1
      224  1.4E+03   sky130_fd_sc_hd__nand4_1
        1   12.512   sky130_fd_sc_hd__nand4_2
        2   17.517   sky130_fd_sc_hd__nand4b_1
        1   11.261   sky130_fd_sc_hd__nand4bb_1
     1168 4.38E+03   sky130_fd_sc_hd__nor2_1
       33  206.448   sky130_fd_sc_hd__nor2b_1
      243 1.22E+03   sky130_fd_sc_hd__nor3_1
        1    10.01   sky130_fd_sc_hd__nor3_2
       27  202.694   sky130_fd_sc_hd__nor3b_1
       52  325.312   sky130_fd_sc_hd__nor4_1
        3   37.536   sky130_fd_sc_hd__nor4_2
        1    21.27   sky130_fd_sc_hd__nor4_4
        9   78.826   sky130_fd_sc_hd__nor4b_1
        2   30.029   sky130_fd_sc_hd__nor4b_2
        9   90.086   sky130_fd_sc_hd__nor4bb_1
        2   22.522   sky130_fd_sc_hd__o2111a_1
       20  175.168   sky130_fd_sc_hd__o2111ai_1
        7   70.067   sky130_fd_sc_hd__o211a_1
       49  367.853   sky130_fd_sc_hd__o211ai_1
        2   25.024   sky130_fd_sc_hd__o211ai_2
       87  653.126   sky130_fd_sc_hd__o21a_1
      825  4128.96   sky130_fd_sc_hd__o21ai_0
       26  130.125   sky130_fd_sc_hd__o21ai_1
        1    8.758   sky130_fd_sc_hd__o21ai_2
        1    10.01   sky130_fd_sc_hd__o21ba_2
       13   97.594   sky130_fd_sc_hd__o21bai_1
       52  455.437   sky130_fd_sc_hd__o221ai_1
        1   15.014   sky130_fd_sc_hd__o221ai_2
        9   78.826   sky130_fd_sc_hd__o22a_1
       91  569.296   sky130_fd_sc_hd__o22ai_1
        7   61.309   sky130_fd_sc_hd__o2bb2ai_1
        1   15.014   sky130_fd_sc_hd__o2bb2ai_2
        3   30.029   sky130_fd_sc_hd__o311a_1
       15  131.376   sky130_fd_sc_hd__o311ai_0
        4   35.034   sky130_fd_sc_hd__o311ai_1
        4   35.034   sky130_fd_sc_hd__o31a_1
       55  412.896   sky130_fd_sc_hd__o31ai_1
        5   50.048   sky130_fd_sc_hd__o32a_1
        7   61.309   sky130_fd_sc_hd__o32ai_1
        1   11.261   sky130_fd_sc_hd__o41a_1
       10   87.584   sky130_fd_sc_hd__o41ai_1
        1    6.256   sky130_fd_sc_hd__or2_1
       57  356.592   sky130_fd_sc_hd__or2_2
       76  475.456   sky130_fd_sc_hd__or3_1
        2   17.517   sky130_fd_sc_hd__or3b_1
        4   35.034   sky130_fd_sc_hd__or3b_2
       21  157.651   sky130_fd_sc_hd__or4_1
        1   11.261   sky130_fd_sc_hd__or4_4
        1    10.01   sky130_fd_sc_hd__or4b_1
        2   20.019   sky130_fd_sc_hd__or4b_2
        1   11.261   sky130_fd_sc_hd__or4bb_1
      484 4.24E+03   sky130_fd_sc_hd__xnor2_1
        7  157.651   sky130_fd_sc_hd__xnor3_1
      342    3E+03   sky130_fd_sc_hd__xor2_1
        2   47.546   sky130_fd_sc_hd__xor3_1

   Chip area for module '\ibex_top': 108397.712000
     of which used for sequential elements: 26577.990400 (24.52%)
