Start Point, End Point, WNS (ns)
irq_fast_i[0],instr_addr_o[31],-201.3074
irq_fast_i[0],instr_addr_o[30],-201.2991
irq_fast_i[0],instr_addr_o[27],-201.0717
irq_fast_i[0],instr_addr_o[28],-201.0079
irq_fast_i[12],instr_addr_o[2],-200.9569
irq_fast_i[0],instr_addr_o[26],-200.7801
irq_fast_i[0],instr_addr_o[22],-200.3364
irq_fast_i[0],instr_addr_o[24],-200.3323
irq_fast_i[0],instr_addr_o[23],-200.2691
irq_fast_i[0],instr_addr_o[18],-200.1908
irq_fast_i[0],instr_addr_o[16],-200.1752
irq_fast_i[0],instr_addr_o[20],-200.1448
irq_fast_i[0],instr_addr_o[19],-200.0093
irq_fast_i[0],instr_addr_o[12],-199.8736
irq_fast_i[0],instr_addr_o[14],-199.7828
irq_fast_i[0],instr_addr_o[7],-199.7703
irq_fast_i[0],instr_addr_o[15],-199.6977
irq_fast_i[0],instr_addr_o[9],-199.5092
irq_fast_i[0],instr_addr_o[11],-199.4729
irq_fast_i[0],instr_addr_o[10],-199.4626
irq_fast_i[0],instr_addr_o[8],-199.4621
irq_fast_i[0],instr_addr_o[4],-199.2671
irq_fast_i[0],core_sleep_o,-114.9366
irq_fast_i[0],instr_req_o,-49.0017
irq_fast_i[0],instr_addr_o[29],-32.669
irq_fast_i[0],instr_addr_o[3],-32.4547
irq_fast_i[0],instr_addr_o[6],-32.4168
irq_fast_i[0],instr_addr_o[25],-32.3878
irq_fast_i[0],instr_addr_o[21],-32.0922
irq_fast_i[0],instr_addr_o[5],-31.7907
irq_fast_i[0],instr_addr_o[17],-31.7677
irq_fast_i[0],instr_addr_o[13],-31.4365
