Start Point, End Point, WNS (ns)
irq_fast_i[0],_23095_,-250.2307
irq_fast_i[0],_23094_,-250.1998
irq_fast_i[0],_23091_,-250.0043
irq_fast_i[0],_23092_,-249.9303
irq_fast_i[12],_23066_,-249.7336
irq_fast_i[0],_23090_,-249.5595
irq_fast_i[0],_23086_,-249.1301
irq_fast_i[0],_23088_,-249.1254
irq_fast_i[0],_23087_,-249.0254
irq_fast_i[0],_23082_,-248.9913
irq_fast_i[0],_23080_,-248.9701
irq_fast_i[0],_23084_,-248.9225
irq_fast_i[0],_23083_,-248.7626
irq_fast_i[0],_23076_,-248.7243
irq_fast_i[0],_23071_,-248.6761
irq_fast_i[0],_23078_,-248.5361
irq_fast_i[0],_23079_,-248.451
irq_fast_i[0],_23073_,-248.3304
irq_fast_i[0],_23072_,-248.2704
irq_fast_i[0],_23075_,-248.2262
irq_fast_i[0],_23074_,-248.216
irq_fast_i[0],_23068_,-248.0438
irq_fast_i[0],_22574_,-62.0125
irq_fast_i[0],_23093_,-41.6005
irq_fast_i[0],_23067_,-41.3896
irq_fast_i[0],_23070_,-41.3558
irq_fast_i[0],_23089_,-41.3233
irq_fast_i[0],_23085_,-41.0282
irq_fast_i[0],_23069_,-40.7276
irq_fast_i[0],_23081_,-40.6997
irq_fast_i[0],_23077_,-40.3679
instr_rdata_i[1],_23065_,-24.8011
instr_rdata_i[1],_23059_,-24.3392
instr_rdata_i[1],_23062_,-24.2714
instr_rdata_i[1],_23063_,-23.4971
instr_rdata_i[1],_23064_,-23.044
instr_rdata_i[1],_23061_,-22.2207
instr_rdata_i[1],_23060_,-21.9476
instr_rdata_i[1],_23058_,-21.8255
instr_rdata_i[1],_23057_,-20.1362
instr_rdata_i[1],_23053_,-19.1598
instr_rdata_i[1],_23056_,-18.1029
instr_rdata_i[1],_23055_,-17.3489
instr_rdata_i[1],_23054_,-17.2584
instr_rdata_i[1],_23052_,-17.1091
instr_rdata_i[1],_23051_,-16.0143
instr_rdata_i[1],_23050_,-13.3578
instr_rdata_i[1],_23049_,-12.5306
instr_rdata_i[1],_23046_,-12.3946
instr_rdata_i[1],_23048_,-12.2398
instr_rdata_i[1],_23047_,-12.0788
instr_rdata_i[1],_23045_,-11.518
instr_rdata_i[1],_23044_,-9.8927
instr_rdata_i[1],_23043_,-8.663
instr_rdata_i[1],_23042_,-7.7495
data_rvalid_i,_22451_,-6.1442
irq_fast_i[12],_22331_,-5.7418
irq_fast_i[12],_22330_,-5.6971
instr_rdata_i[1],_23041_,-5.5614
irq_fast_i[12],_22329_,-5.49
irq_fast_i[12],_22328_,-5.4601
irq_fast_i[12],_22327_,-5.2474
irq_fast_i[12],_22326_,-4.9328
irq_fast_i[0],_22345_,-4.8997
irq_fast_i[0],_22346_,-4.8997
irq_fast_i[0],_22347_,-4.8997
irq_fast_i[0],_22348_,-4.8997
irq_fast_i[0],_22349_,-4.8997
irq_fast_i[0],_22350_,-4.8997
irq_fast_i[0],_22351_,-4.8997
irq_fast_i[0],_22352_,-4.8997
irq_fast_i[0],_22353_,-4.8997
irq_fast_i[0],_22354_,-4.8997
irq_fast_i[0],_22355_,-4.8997
irq_fast_i[0],_22356_,-4.8997
irq_fast_i[0],_22357_,-4.8997
irq_fast_i[0],_22358_,-4.8997
irq_fast_i[0],_22359_,-4.8997
irq_fast_i[0],_22360_,-4.8997
irq_fast_i[0],_22361_,-4.8997
irq_fast_i[0],_22362_,-4.8997
irq_fast_i[0],_22363_,-4.8997
irq_fast_i[0],_22364_,-4.8997
irq_fast_i[0],_22365_,-4.8997
irq_fast_i[0],_22366_,-4.8997
irq_fast_i[0],_22367_,-4.8997
irq_fast_i[0],_22368_,-4.8997
irq_fast_i[0],_22369_,-4.8997
irq_fast_i[0],_22370_,-4.8997
irq_fast_i[0],_22371_,-4.8997
irq_fast_i[0],_22372_,-4.8997
irq_fast_i[0],_22373_,-4.8997
irq_fast_i[0],_22374_,-4.8997
irq_fast_i[0],_22375_,-4.8997
irq_fast_i[0],_22462_,-4.8997
irq_fast_i[0],_22463_,-4.8997
irq_fast_i[0],_22464_,-4.8997
irq_fast_i[0],_22465_,-4.8997
irq_fast_i[0],_22466_,-4.8997
irq_fast_i[0],_22467_,-4.8997
irq_fast_i[0],_22468_,-4.8997
irq_fast_i[0],_22469_,-4.8997
irq_fast_i[0],_22470_,-4.8997
irq_fast_i[0],_22471_,-4.8997
irq_fast_i[0],_22472_,-4.8997
irq_fast_i[0],_22473_,-4.8997
irq_fast_i[0],_22474_,-4.8997
irq_fast_i[0],_22475_,-4.8997
irq_fast_i[0],_22476_,-4.8997
irq_fast_i[0],_22477_,-4.8997
irq_fast_i[0],_22478_,-4.8997
irq_fast_i[0],_22479_,-4.8997
irq_fast_i[0],_22480_,-4.8997
irq_fast_i[0],_22481_,-4.8997
irq_fast_i[0],_22482_,-4.8997
irq_fast_i[0],_22483_,-4.8997
irq_fast_i[0],_22484_,-4.8997
irq_fast_i[0],_22485_,-4.8997
irq_fast_i[0],_22486_,-4.8997
irq_fast_i[0],_22487_,-4.8997
irq_fast_i[0],_22488_,-4.8997
irq_fast_i[0],_22489_,-4.8997
irq_fast_i[0],_22490_,-4.8997
irq_fast_i[0],_22491_,-4.8997
irq_fast_i[0],_22492_,-4.8997
irq_fast_i[0],_22493_,-4.8997
irq_fast_i[0],_22494_,-4.8997
irq_fast_i[0],_22495_,-4.8997
irq_fast_i[0],_22496_,-4.8997
irq_fast_i[0],_22497_,-4.8997
irq_fast_i[0],_22498_,-4.8997
irq_fast_i[0],_22499_,-4.8997
irq_fast_i[0],_22500_,-4.8997
irq_fast_i[0],_22501_,-4.8997
irq_fast_i[0],_22502_,-4.8997
irq_fast_i[0],_22503_,-4.8997
irq_fast_i[0],_22504_,-4.8997
irq_fast_i[0],_22505_,-4.8997
irq_fast_i[0],_22506_,-4.8997
irq_fast_i[0],_22507_,-4.8997
irq_fast_i[0],_22508_,-4.8997
irq_fast_i[0],_22509_,-4.8997
irq_fast_i[0],_22510_,-4.8997
irq_fast_i[0],_22511_,-4.8997
irq_fast_i[0],_22512_,-4.8997
irq_fast_i[0],_22513_,-4.8997
irq_fast_i[12],_22325_,-4.7601
irq_fast_i[12],_22324_,-4.7297
irq_fast_i[0],_23234_,-4.5712
irq_fast_i[12],_22323_,-4.5137
irq_fast_i[12],_22322_,-4.4127
irq_fast_i[12],_22321_,-4.2591
instr_rdata_i[1],_23040_,-4.2421
irq_fast_i[12],_22320_,-4.2275
irq_fast_i[0],_22913_,-4.1058
irq_fast_i[0],_22914_,-4.1058
irq_fast_i[0],_22915_,-4.1058
irq_fast_i[0],_22916_,-4.1058
irq_fast_i[0],_22917_,-4.1058
irq_fast_i[0],_22918_,-4.1058
irq_fast_i[0],_22919_,-4.1058
irq_fast_i[0],_22920_,-4.1058
irq_fast_i[0],_22921_,-4.1058
irq_fast_i[0],_22922_,-4.1058
irq_fast_i[0],_22923_,-4.1058
irq_fast_i[0],_22924_,-4.1058
irq_fast_i[0],_22925_,-4.1058
irq_fast_i[0],_22926_,-4.1058
irq_fast_i[0],_22927_,-4.1058
irq_fast_i[0],_22928_,-4.1058
irq_fast_i[0],_22929_,-4.1058
irq_fast_i[0],_22930_,-4.1058
irq_fast_i[0],_22931_,-4.1058
irq_fast_i[0],_22932_,-4.1058
irq_fast_i[0],_22933_,-4.1058
irq_fast_i[0],_22934_,-4.1058
irq_fast_i[0],_22935_,-4.1058
irq_fast_i[0],_22936_,-4.1058
irq_fast_i[0],_22937_,-4.1058
irq_fast_i[0],_22938_,-4.1058
irq_fast_i[0],_22939_,-4.1058
irq_fast_i[0],_22940_,-4.1058
irq_fast_i[0],_22941_,-4.1058
irq_fast_i[0],_22942_,-4.1058
irq_fast_i[0],_22943_,-4.1058
irq_fast_i[0],_22944_,-4.1058
irq_fast_i[0],_22963_,-4.1058
irq_fast_i[0],_22996_,-4.0945
irq_fast_i[0],_22997_,-4.0945
irq_fast_i[0],_22998_,-4.0945
irq_fast_i[0],_22999_,-4.0945
irq_fast_i[0],_23000_,-4.0945
irq_fast_i[0],_23001_,-4.0945
irq_fast_i[0],_23002_,-4.0945
irq_fast_i[0],_23003_,-4.0945
irq_fast_i[0],_23004_,-4.0945
irq_fast_i[0],_23005_,-4.0945
irq_fast_i[0],_23006_,-4.0945
irq_fast_i[0],_23007_,-4.0945
irq_fast_i[0],_23008_,-4.0945
irq_fast_i[0],_23009_,-4.0945
irq_fast_i[0],_23010_,-4.0945
irq_fast_i[0],_23011_,-4.0945
irq_fast_i[0],_23012_,-4.0945
irq_fast_i[0],_23013_,-4.0945
irq_fast_i[0],_23014_,-4.0945
irq_fast_i[0],_23015_,-4.0945
irq_fast_i[0],_23016_,-4.0945
irq_fast_i[0],_23017_,-4.0945
irq_fast_i[0],_23018_,-4.0945
irq_fast_i[0],_23019_,-4.0945
irq_fast_i[0],_23020_,-4.0945
irq_fast_i[0],_23021_,-4.0945
irq_fast_i[0],_23022_,-4.0945
irq_fast_i[0],_23023_,-4.0945
irq_fast_i[0],_23024_,-4.0945
irq_fast_i[0],_23025_,-4.0945
irq_fast_i[0],_23026_,-4.0945
irq_fast_i[0],_23027_,-4.0945
irq_fast_i[0],_23034_,-4.0945
irq_fast_i[12],_22319_,-3.9546
irq_fast_i[12],_22318_,-3.8562
irq_fast_i[12],_22317_,-3.6967
irq_fast_i[12],_22316_,-3.6651
instr_rdata_i[1],_23039_,-3.4823
irq_fast_i[12],_22315_,-3.3888
irq_fast_i[0],_22980_,-3.0831
irq_fast_i[0],_22992_,-3.0831
irq_fast_i[12],_22314_,-3.0742
irq_fast_i[0],_22978_,-3.0132
irq_fast_i[12],_22313_,-2.9074
irq_fast_i[0],_22986_,-2.8947
irq_fast_i[0],_22988_,-2.8852
irq_fast_i[0],_22973_,-2.8768
irq_fast_i[0],_22975_,-2.8754
irq_fast_i[0],_22981_,-2.8683
irq_fast_i[0],_22969_,-2.8547
irq_fast_i[0],_22976_,-2.8292
irq_fast_i[12],_22312_,-2.821
irq_fast_i[0],_22987_,-2.7694
instr_rdata_i[1],_23038_,-2.7155
irq_fast_i[0],_22977_,-2.7098
irq_fast_i[0],_22982_,-2.6936
irq_fast_i[0],_22985_,-2.6935
irq_fast_i[0],_22979_,-2.6935
irq_fast_i[0],_22971_,-2.6346
irq_fast_i[0],_22274_,-2.6229
irq_fast_i[12],_22311_,-2.5342
irq_fast_i[12],_22310_,-2.4802
irq_fast_i[0],_22972_,-2.3988
irq_fast_i[12],_22309_,-2.257
irq_fast_i[12],_22308_,-2.2417
irq_fast_i[0],_23035_,-2.1701
irq_fast_i[0],_23036_,-2.1701
irq_fast_i[0],_23037_,-2.1701
irq_fast_i[0],_23038_,-2.1701
irq_fast_i[0],_23039_,-2.1701
irq_fast_i[0],_23040_,-2.1701
irq_fast_i[0],_23041_,-2.1701
irq_fast_i[0],_23042_,-2.1701
irq_fast_i[0],_23043_,-2.1701
irq_fast_i[0],_23044_,-2.1701
irq_fast_i[0],_23045_,-2.1701
irq_fast_i[0],_23046_,-2.1701
irq_fast_i[0],_23047_,-2.1701
irq_fast_i[0],_23048_,-2.1701
irq_fast_i[0],_23049_,-2.1701
irq_fast_i[0],_23050_,-2.1701
irq_fast_i[0],_23051_,-2.1701
irq_fast_i[0],_23052_,-2.1701
irq_fast_i[0],_23053_,-2.1701
irq_fast_i[0],_23054_,-2.1701
irq_fast_i[0],_23055_,-2.1701
irq_fast_i[0],_23056_,-2.1701
irq_fast_i[0],_23057_,-2.1701
irq_fast_i[0],_23058_,-2.1701
irq_fast_i[0],_23059_,-2.1701
irq_fast_i[0],_23060_,-2.1701
irq_fast_i[0],_23061_,-2.1701
irq_fast_i[0],_23062_,-2.1701
irq_fast_i[0],_23063_,-2.1701
irq_fast_i[0],_23064_,-2.1701
irq_fast_i[0],_23065_,-2.1701
irq_fast_i[0],_22302_,-2.1454
irq_fast_i[0],_22303_,-2.1454
irq_fast_i[0],_22304_,-2.1454
irq_fast_i[0],_22305_,-2.1454
irq_fast_i[0],_22306_,-2.1454
irq_fast_i[0],_22307_,-2.1454
irq_fast_i[0],_22308_,-2.1454
irq_fast_i[0],_22309_,-2.1454
irq_fast_i[0],_22310_,-2.1454
irq_fast_i[0],_22311_,-2.1454
irq_fast_i[0],_22312_,-2.1454
irq_fast_i[0],_22313_,-2.1454
irq_fast_i[0],_22314_,-2.1454
irq_fast_i[0],_22315_,-2.1454
irq_fast_i[0],_22316_,-2.1454
irq_fast_i[0],_22317_,-2.1454
irq_fast_i[0],_22318_,-2.1454
irq_fast_i[0],_22319_,-2.1454
irq_fast_i[0],_22320_,-2.1454
irq_fast_i[0],_22321_,-2.1454
irq_fast_i[0],_22322_,-2.1454
irq_fast_i[0],_22323_,-2.1454
irq_fast_i[0],_22324_,-2.1454
irq_fast_i[0],_22325_,-2.1454
irq_fast_i[0],_22326_,-2.1454
irq_fast_i[0],_22327_,-2.1454
irq_fast_i[0],_22328_,-2.1454
irq_fast_i[0],_22329_,-2.1454
irq_fast_i[0],_22330_,-2.1454
irq_fast_i[0],_22331_,-2.1454
irq_fast_i[2],_22257_,-2.122
instr_rdata_i[1],_23037_,-2.0282
irq_fast_i[12],_22307_,-2.0233
irq_fast_i[2],_22763_,-2.0201
irq_fast_i[2],_22795_,-2.0201
irq_fast_i[12],_22306_,-1.9986
irq_fast_i[2],_22899_,-1.9631
irq_fast_i[2],_22947_,-1.9631
irq_fast_i[0],_22965_,-1.94
irq_fast_i[0],_22966_,-1.8738
irq_fast_i[2],_22827_,-1.8597
irq_fast_i[12],_22305_,-1.765
irq_fast_i[2],_22689_,-1.6514
irq_fast_i[2],_22593_,-1.6514
irq_fast_i[2],_22625_,-1.6514
irq_fast_i[2],_22657_,-1.6514
irq_fast_i[0],_22983_,-1.6433
irq_fast_i[0],_22974_,-1.6433
irq_fast_i[0],_22989_,-1.6363
irq_fast_i[12],_22304_,-1.6333
irq_fast_i[0],_23236_,-1.6242
irq_fast_i[0],_22994_,-1.6217
irq_fast_i[0],_23235_,-1.6109
irq_fast_i[0],_22990_,-1.5996
irq_fast_i[0],_22995_,-1.596
irq_fast_i[2],_22288_,-1.5872
irq_fast_i[0],_22984_,-1.5775
irq_fast_i[0],_22993_,-1.5775
irq_fast_i[0],_22968_,-1.5672
irq_fast_i[2],_23114_,-1.5385
irq_fast_i[0],_22970_,-1.5346
irq_fast_i[0],_22967_,-1.5284
irq_fast_i[0],_22991_,-1.5254
irq_fast_i[12],_22303_,-1.4584
irq_fast_i[0],_22258_,-1.4492
irq_fast_i[0],_22261_,-1.4492
irq_fast_i[0],_22256_,-1.4491
irq_fast_i[0],_22259_,-1.4491
irq_fast_i[0],_22260_,-1.4491
irq_fast_i[0],_22262_,-1.4491
irq_fast_i[0],_22263_,-1.4491
irq_fast_i[0],_22264_,-1.4491
irq_fast_i[0],_22265_,-1.4491
irq_fast_i[0],_22249_,-1.4474
irq_fast_i[0],_22248_,-1.4474
irq_fast_i[0],_22251_,-1.4474
irq_fast_i[0],_22252_,-1.4474
irq_fast_i[0],_22254_,-1.4474
irq_fast_i[0],_22247_,-1.445
irq_fast_i[0],_22250_,-1.445
irq_fast_i[0],_22253_,-1.445
irq_fast_i[0],_22255_,-1.445
irq_fast_i[0],_22269_,-1.445
irq_fast_i[0],_22289_,-1.4412
irq_fast_i[0],_22292_,-1.4397
irq_fast_i[0],_22280_,-1.4395
irq_fast_i[0],_22298_,-1.4358
irq_fast_i[0],_22286_,-1.4313
irq_fast_i[0],_22295_,-1.4229
irq_fast_i[0],_22457_,-1.4149
irq_fast_i[0],_22458_,-1.4149
irq_fast_i[0],_22459_,-1.4149
irq_fast_i[0],_22460_,-1.4149
irq_fast_i[0],_22461_,-1.4149
irq_fast_i[0],_23213_,-1.4031
irq_fast_i[0],_22299_,-1.3963
irq_fast_i[0],_22290_,-1.3926
irq_fast_i[0],_22279_,-1.3899
irq_fast_i[0],_23237_,-1.3894
irq_fast_i[0],_22282_,-1.3889
irq_fast_i[0],_22296_,-1.3877
irq_fast_i[12],_22302_,-1.3717
irq_fast_i[0],_23217_,-1.3452
irq_fast_i[0],_23219_,-1.3447
irq_fast_i[0],_22284_,-1.3437
irq_fast_i[0],_22301_,-1.3421
irq_fast_i[0],_22277_,-1.3399
irq_fast_i[0],_22300_,-1.3265
irq_fast_i[0],_22276_,-1.3253
irq_fast_i[0],_22294_,-1.3173
irq_fast_i[0],_22287_,-1.3109
irq_fast_i[0],_23036_,-1.3095
irq_fast_i[0],_22281_,-1.3071
irq_fast_i[0],_22271_,-1.3064
irq_fast_i[0],_22283_,-1.3039
irq_fast_i[0],_22293_,-1.3034
irq_fast_i[0],_22267_,-1.3033
irq_fast_i[0],_22268_,-1.3029
irq_fast_i[0],_22270_,-1.3029
irq_fast_i[0],_22266_,-1.3028
irq_fast_i[0],_23220_,-1.2865
irq_fast_i[0],_22273_,-1.2774
irq_fast_i[0],_22297_,-1.2759
irq_fast_i[0],_22291_,-1.2749
irq_fast_i[0],_22285_,-1.2741
irq_fast_i[0],_22275_,-1.2535
irq_fast_i[0],_23215_,-1.2492
irq_fast_i[0],_23214_,-1.2485
irq_fast_i[0],_23035_,-1.2393
irq_timer_i,_23032_,-1.2385
irq_fast_i[0],_22453_,-1.2306
irq_fast_i[7],_22832_,-1.2293
irq_fast_i[0],_22278_,-1.2203
irq_timer_i,_22582_,-1.2018
irq_timer_i,_22614_,-1.2018
irq_timer_i,_22646_,-1.2018
irq_timer_i,_22678_,-1.2018
irq_timer_i,_22888_,-1.1468
irq_timer_i,_22961_,-1.1468
irq_timer_i,_22752_,-1.1456
irq_timer_i,_22784_,-1.1456
irq_fast_i[0],_23216_,-1.1407
irq_fast_i[0],_23218_,-1.1407
irq_fast_i[0],_22456_,-1.1324
irq_timer_i,_22816_,-1.1088
irq_fast_i[0],_22455_,-1.0882
irq_fast_i[0],_22591_,-1.0762
irq_fast_i[0],_22623_,-1.0762
irq_fast_i[0],_22655_,-1.0761
irq_fast_i[0],_22687_,-1.0761
irq_fast_i[0],_22825_,-1.0367
irq_fast_i[7],_22598_,-1.0293
irq_fast_i[7],_22630_,-1.0293
irq_fast_i[0],_22897_,-1.021
irq_fast_i[0],_22945_,-1.021
irq_fast_i[0],_22761_,-1.0198
irq_fast_i[0],_22793_,-1.0198
irq_fast_i[7],_22694_,-0.9977
irq_fast_i[7],_22662_,-0.9977
irq_fast_i[0],_22454_,-0.993
irq_fast_i[0],_22809_,-0.8915
irq_fast_i[0],_22811_,-0.8915
irq_fast_i[0],_22812_,-0.8915
irq_fast_i[0],_22813_,-0.8915
irq_fast_i[0],_22820_,-0.8915
irq_fast_i[0],_22822_,-0.8915
irq_fast_i[0],_22824_,-0.8915
irq_fast_i[0],_22830_,-0.8915
irq_fast_i[0],_22814_,-0.8915
irq_fast_i[0],_22817_,-0.8915
irq_fast_i[0],_22826_,-0.8915
irq_fast_i[0],_22828_,-0.8915
irq_fast_i[0],_22829_,-0.8915
irq_fast_i[0],_22831_,-0.8915
irq_fast_i[0],_22833_,-0.8915
irq_fast_i[0],_22834_,-0.8915
irq_fast_i[0],_22835_,-0.8915
irq_fast_i[0],_22836_,-0.8915
irq_fast_i[0],_22837_,-0.8915
irq_fast_i[0],_22838_,-0.8915
irq_fast_i[0],_22810_,-0.8915
irq_fast_i[0],_22818_,-0.8915
irq_fast_i[0],_22819_,-0.8915
irq_fast_i[0],_22821_,-0.8915
irq_fast_i[0],_22823_,-0.8915
irq_fast_i[0],_22815_,-0.8915
irq_fast_i[0],_22452_,-0.8885
irq_fast_i[10],_22771_,-0.8781
irq_fast_i[10],_22803_,-0.8781
irq_fast_i[0],_22272_,-0.8624
irq_fast_i[7],_22768_,-0.8564
irq_fast_i[7],_22800_,-0.8564
irq_fast_i[0],_22839_,-0.8498
irq_fast_i[0],_22840_,-0.8498
irq_fast_i[10],_22907_,-0.8191
irq_fast_i[10],_22955_,-0.8191
irq_fast_i[7],_22904_,-0.7963
irq_fast_i[7],_22952_,-0.7963
irq_timer_i,_23103_,-0.6478
irq_fast_i[10],_22633_,-0.5839
irq_fast_i[10],_22697_,-0.5838
irq_fast_i[10],_22601_,-0.5837
irq_fast_i[10],_22665_,-0.5837
hart_id_i[8],_22583_,-0.5394
hart_id_i[8],_22615_,-0.5394
hart_id_i[8],_22647_,-0.5394
hart_id_i[8],_22679_,-0.5394
irq_fast_i[7],_23119_,-0.5373
irq_fast_i[10],_23122_,-0.4852
hart_id_i[8],_22889_,-0.4847
hart_id_i[8],_22753_,-0.4836
hart_id_i[8],_22785_,-0.4836
data_gnt_i,_22535_,-0.4683
data_gnt_i,_22531_,-0.4683
instr_rdata_i[28],_22510_,-0.4559
irq_fast_i[1],_23029_,-0.4532
instr_rdata_i[28],_22507_,-0.4394
irq_fast_i[1],_22762_,-0.4002
irq_fast_i[1],_22794_,-0.4002
instr_rdata_i[28],_22506_,-0.3809
instr_rdata_i[28],_22508_,-0.377
instr_rdata_i[28],_22509_,-0.3708
data_gnt_i,_22538_,-0.3703
data_gnt_i,_22541_,-0.3703
data_gnt_i,_22522_,-0.3703
data_gnt_i,_22526_,-0.3703
data_gnt_i,_22536_,-0.3703
data_gnt_i,_22521_,-0.3703
data_gnt_i,_22523_,-0.3703
irq_fast_i[1],_22898_,-0.3411
irq_fast_i[1],_22946_,-0.3411
data_gnt_i,_22543_,-0.3281
data_gnt_i,_22542_,-0.3281
irq_fast_i[0],_23112_,-0.3274
instr_rdata_i[28],_22499_,-0.3233
data_gnt_i,_22519_,-0.3084
irq_fast_i[9],_22770_,-0.306
irq_fast_i[9],_22802_,-0.306
irq_fast_i[12],_22773_,-0.3002
irq_fast_i[12],_22805_,-0.3002
instr_rdata_i[28],_22485_,-0.274
irq_fast_i[9],_22906_,-0.2488
irq_fast_i[9],_22954_,-0.2488
instr_rdata_i[28],_22482_,-0.2425
irq_fast_i[12],_22909_,-0.2421
irq_fast_i[12],_22957_,-0.2421
instr_rdata_i[28],_22500_,-0.2258
instr_rdata_i[28],_22481_,-0.2256
instr_rdata_i[28],_22501_,-0.2118
irq_fast_i[0],_22717_,-0.176
irq_fast_i[0],_22710_,-0.1667
hart_id_i[6],_22613_,-0.1433
hart_id_i[6],_22581_,-0.1433
hart_id_i[6],_22677_,-0.1433
hart_id_i[6],_22645_,-0.1432
instr_rdata_i[28],_22503_,-0.1276
irq_fast_i[0],_22715_,-0.1133
irq_fast_i[0],_22714_,-0.1133
irq_fast_i[0],_22725_,-0.1133
irq_fast_i[0],_22727_,-0.1133
irq_fast_i[0],_22712_,-0.1133
irq_fast_i[0],_22719_,-0.1133
irq_fast_i[0],_22726_,-0.1133
irq_fast_i[0],_22730_,-0.1133
irq_fast_i[0],_22731_,-0.1133
irq_fast_i[0],_22724_,-0.1133
irq_fast_i[0],_22736_,-0.1133
irq_fast_i[0],_22720_,-0.1133
irq_fast_i[0],_22711_,-0.1133
irq_fast_i[0],_22721_,-0.1133
irq_fast_i[0],_22713_,-0.1133
irq_fast_i[0],_22718_,-0.1133
irq_fast_i[0],_22729_,-0.1133
irq_fast_i[0],_22735_,-0.1133
irq_fast_i[0],_22737_,-0.1133
irq_fast_i[0],_22734_,-0.1133
irq_fast_i[0],_22733_,-0.1132
irq_fast_i[1],_22688_,-0.1079
irq_fast_i[1],_22592_,-0.1079
irq_fast_i[1],_22624_,-0.1079
irq_fast_i[1],_22656_,-0.1079
instr_rdata_i[28],_22495_,-0.0922
hart_id_i[6],_22573_,-0.0888
instr_rdata_i[28],_22502_,-0.0784
irq_fast_i[0],_23066_,-0.0721
irq_fast_i[0],_23067_,-0.0721
irq_fast_i[0],_23068_,-0.0721
irq_fast_i[0],_23069_,-0.0721
irq_fast_i[0],_23070_,-0.0721
irq_fast_i[0],_23071_,-0.0721
irq_fast_i[0],_23072_,-0.0721
irq_fast_i[0],_23073_,-0.0721
irq_fast_i[0],_23074_,-0.0721
irq_fast_i[0],_23075_,-0.0721
irq_fast_i[0],_23076_,-0.0721
irq_fast_i[0],_23077_,-0.0721
irq_fast_i[0],_23078_,-0.0721
irq_fast_i[0],_23079_,-0.0721
irq_fast_i[0],_23080_,-0.0721
irq_fast_i[0],_23081_,-0.0721
irq_fast_i[0],_23082_,-0.0721
irq_fast_i[0],_23083_,-0.0721
irq_fast_i[0],_23084_,-0.0721
irq_fast_i[0],_23085_,-0.0721
irq_fast_i[0],_23086_,-0.0721
irq_fast_i[0],_23087_,-0.0721
irq_fast_i[0],_23088_,-0.0721
irq_fast_i[0],_23089_,-0.0721
irq_fast_i[0],_23090_,-0.0721
irq_fast_i[0],_23091_,-0.0721
irq_fast_i[0],_23092_,-0.0721
irq_fast_i[0],_23093_,-0.0721
irq_fast_i[0],_23094_,-0.0721
irq_fast_i[0],_23095_,-0.0721
instr_rdata_i[28],_22496_,-0.0681
instr_rdata_i[28],_22494_,-0.0674
instr_rdata_i[28],_22492_,-0.0562
data_rvalid_i,_22644_,-0.0557
data_rvalid_i,_22676_,-0.0557
irq_fast_i[9],_22696_,-0.0472
irq_fast_i[9],_22600_,-0.0472
irq_fast_i[9],_22632_,-0.0472
irq_fast_i[9],_22664_,-0.0471
irq_fast_i[12],_22635_,-0.0356
irq_fast_i[12],_22603_,-0.0355
irq_fast_i[12],_22699_,-0.0354
irq_fast_i[12],_22667_,-0.0354
instr_rdata_i[28],_22479_,-0.0335
instr_rdata_i[28],_22484_,-0.0185
instr_rdata_i[28],_22498_,-0.0151
irq_fast_i[1],_23113_,-0.0057
data_rvalid_i,_22639_,-0.0037
data_rvalid_i,_22640_,-0.0037
data_rvalid_i,_22641_,-0.0037
data_rvalid_i,_22642_,-0.0037
data_rvalid_i,_22643_,-0.0037
data_rvalid_i,_22648_,-0.0037
data_rvalid_i,_22649_,-0.0037
data_rvalid_i,_22650_,-0.0037
data_rvalid_i,_22651_,-0.0037
data_rvalid_i,_22652_,-0.0037
data_rvalid_i,_22653_,-0.0037
data_rvalid_i,_22654_,-0.0037
data_rvalid_i,_22658_,-0.0037
data_rvalid_i,_22659_,-0.0037
data_rvalid_i,_22660_,-0.0037
data_rvalid_i,_22661_,-0.0037
data_rvalid_i,_22663_,-0.0037
data_rvalid_i,_22666_,-0.0037
data_rvalid_i,_22668_,-0.0037
data_rvalid_i,_22671_,-0.0024
data_rvalid_i,_22672_,-0.0024
data_rvalid_i,_22673_,-0.0024
data_rvalid_i,_22674_,-0.0024
data_rvalid_i,_22675_,-0.0024
data_rvalid_i,_22680_,-0.0024
data_rvalid_i,_22681_,-0.0024
data_rvalid_i,_22682_,-0.0024
data_rvalid_i,_22683_,-0.0024
data_rvalid_i,_22684_,-0.0024
data_rvalid_i,_22685_,-0.0024
data_rvalid_i,_22686_,-0.0024
data_rvalid_i,_22690_,-0.0024
data_rvalid_i,_22691_,-0.0024
data_rvalid_i,_22693_,-0.0024
data_rvalid_i,_22695_,-0.0024
data_rvalid_i,_22698_,-0.0024
data_rvalid_i,_22700_,-0.0024
data_rvalid_i,_22701_,-0.0024
hart_id_i[6],_22751_,-0.002
hart_id_i[6],_22783_,-0.002
instr_rdata_i[28],_22491_,0.0254
data_rvalid_i,_22669_,0.0309
instr_rdata_i[28],_22488_,0.0381
instr_rdata_i[28],_22486_,0.0394
data_rvalid_i,_22580_,0.0427
irq_fast_i[9],_23121_,0.044
data_rvalid_i,_22584_,0.0452
data_rvalid_i,_22585_,0.0452
data_rvalid_i,_22586_,0.0452
data_rvalid_i,_22587_,0.0452
data_rvalid_i,_22588_,0.0452
data_rvalid_i,_22589_,0.0452
data_rvalid_i,_22590_,0.0452
data_rvalid_i,_22594_,0.0452
data_rvalid_i,_22595_,0.0452
data_rvalid_i,_22596_,0.0452
data_rvalid_i,_22597_,0.0452
data_rvalid_i,_22599_,0.0452
data_rvalid_i,_22602_,0.0452
data_rvalid_i,_22575_,0.0458
data_rvalid_i,_22576_,0.0466
data_rvalid_i,_22577_,0.0466
data_rvalid_i,_22578_,0.0466
data_rvalid_i,_22579_,0.0466
instr_rdata_i[28],_22487_,0.0494
hart_id_i[6],_22887_,0.0581
instr_rdata_i[28],_22483_,0.0606
hart_id_i[8],_23104_,0.0623
data_rvalid_i,_22606_,0.0637
data_rvalid_i,_22604_,0.0693
data_rvalid_i,_22605_,0.0693
data_rvalid_i,_22612_,0.0735
data_rvalid_i,_22616_,0.076
data_rvalid_i,_22634_,0.076
data_rvalid_i,_22617_,0.076
data_rvalid_i,_22618_,0.076
data_rvalid_i,_22619_,0.076
data_rvalid_i,_22620_,0.076
data_rvalid_i,_22621_,0.076
data_rvalid_i,_22622_,0.076
data_rvalid_i,_22626_,0.076
data_rvalid_i,_22627_,0.076
data_rvalid_i,_22628_,0.076
data_rvalid_i,_22629_,0.076
data_rvalid_i,_22631_,0.076
data_rvalid_i,_22607_,0.0766
data_rvalid_i,_22670_,0.0773
data_rvalid_i,_22608_,0.0774
data_rvalid_i,_22609_,0.0774
data_rvalid_i,_22610_,0.0774
data_rvalid_i,_22611_,0.0774
instr_rdata_i[28],_22504_,0.0879
data_rvalid_i,_22638_,0.0946
data_rvalid_i,_22636_,0.1002
data_rvalid_i,_22637_,0.1002
instr_rdata_i[28],_22497_,0.1008
data_rvalid_i,_22692_,0.1136
data_rvalid_i,_22702_,0.1137
irq_fast_i[12],_23124_,0.1213
data_rvalid_i,_22905_,0.1443
instr_rdata_i[27],_22505_,0.1508
data_rvalid_i,_22901_,0.1613
data_rvalid_i,_22885_,0.1643
data_rvalid_i,_22893_,0.1811
data_rvalid_i,_22910_,0.1882
data_rvalid_i,_22891_,0.1904
data_rvalid_i,_23031_,0.1914
data_rvalid_i,_22903_,0.1915
data_rvalid_i,_22900_,0.1919
data_rvalid_i,_22801_,0.1936
data_rvalid_i,_22769_,0.194
data_rvalid_i,_23030_,0.1948
irq_fast_i[0],_22739_,0.2019
irq_fast_i[0],_22741_,0.2019
irq_fast_i[0],_22740_,0.2019
irq_fast_i[0],_22738_,0.202
data_rvalid_i,_22797_,0.2099
data_rvalid_i,_22765_,0.2103
data_rvalid_i,_22781_,0.2128
data_rvalid_i,_22749_,0.2132
data_gnt_i,_22525_,0.2214
data_gnt_i,_22529_,0.2219
data_gnt_i,_22527_,0.2228
data_gnt_i,_22528_,0.2228
data_gnt_i,_22533_,0.223
data_gnt_i,_22530_,0.2233
data_gnt_i,_22534_,0.2236
instr_rdata_i[28],_22490_,0.2239
data_rvalid_i,_22789_,0.2288
data_rvalid_i,_22757_,0.2292
data_rvalid_i,_22787_,0.2377
data_rvalid_i,_22755_,0.2381
data_rvalid_i,_22799_,0.2388
data_rvalid_i,_22796_,0.2392
data_rvalid_i,_22767_,0.2392
data_rvalid_i,_22764_,0.2396
hart_id_i[21],_22766_,0.2657
hart_id_i[21],_22798_,0.2657
data_rvalid_i,_22964_,0.268
data_rvalid_i,_22883_,0.2729
data_rvalid_i,_22881_,0.277
data_rvalid_i,_22882_,0.277
data_rvalid_i,_22884_,0.277
data_rvalid_i,_22912_,0.2805
hart_id_i[31],_22878_,0.2842
data_rvalid_i,_22894_,0.2855
data_gnt_i,_22516_,0.286
data_rvalid_i,_22908_,0.289
data_rvalid_i,_22902_,0.2924
data_rvalid_i,_22890_,0.2958
data_rvalid_i,_22896_,0.2958
hart_id_i[21],_23028_,0.2998
instr_rdata_i[30],_22452_,0.3004
instr_rdata_i[30],_22453_,0.3004
instr_rdata_i[30],_22454_,0.3004
instr_rdata_i[30],_22455_,0.3004
instr_rdata_i[30],_22456_,0.3004
hart_id_i[21],_22950_,0.3006
data_gnt_i,_22532_,0.3008
data_gnt_i,_22520_,0.3021
data_gnt_i,_22524_,0.3025
data_rvalid_i,_22779_,0.324
data_rvalid_i,_22747_,0.3244
instr_rdata_i[19],_22489_,0.3277
data_rvalid_i,_22790_,0.3283
data_rvalid_i,_22758_,0.3287
data_rvalid_i,_22780_,0.3346
data_rvalid_i,_22748_,0.335
data_rvalid_i,_22777_,0.3361
data_rvalid_i,_22778_,0.3361
data_rvalid_i,_22745_,0.3366
data_rvalid_i,_22746_,0.3366
data_rvalid_i,_22792_,0.3385
data_rvalid_i,_22786_,0.3385
data_rvalid_i,_22760_,0.3389
data_rvalid_i,_22754_,0.3389
data_rvalid_i,_22886_,0.3511
data_rvalid_i,_22892_,0.3584
data_rvalid_i,_22895_,0.3584
data_rvalid_i,_22911_,0.3584
data_gnt_i,_22517_,0.3658
data_gnt_i,_22518_,0.366
instr_rdata_i[30],_22480_,0.3799
instr_rdata_i[30],_22513_,0.3841
data_rvalid_i,_22959_,0.3973
data_rvalid_i,_23033_,0.4112
instr_rvalid_i,_22841_,0.4126
instr_rvalid_i,_22842_,0.4126
instr_rvalid_i,_22843_,0.4126
instr_rvalid_i,_22844_,0.4126
instr_rvalid_i,_22845_,0.4126
instr_rvalid_i,_22846_,0.4126
instr_rvalid_i,_22847_,0.4126
instr_rvalid_i,_22848_,0.4126
instr_rvalid_i,_22849_,0.4126
instr_rvalid_i,_22850_,0.4126
instr_rvalid_i,_22851_,0.4126
instr_rvalid_i,_22852_,0.4126
instr_rvalid_i,_22853_,0.4126
instr_rvalid_i,_22854_,0.4126
instr_rvalid_i,_22855_,0.4126
instr_rvalid_i,_22856_,0.4126
instr_rvalid_i,_22857_,0.4126
instr_rvalid_i,_22858_,0.4126
instr_rvalid_i,_22859_,0.4126
instr_rvalid_i,_22860_,0.4126
instr_rvalid_i,_22861_,0.4126
instr_rvalid_i,_22862_,0.4126
instr_rvalid_i,_22863_,0.4126
instr_rvalid_i,_22864_,0.4126
instr_rvalid_i,_22865_,0.4126
instr_rvalid_i,_22866_,0.4126
instr_rvalid_i,_22867_,0.4126
instr_rvalid_i,_22868_,0.4126
instr_rvalid_i,_22869_,0.4126
instr_rvalid_i,_22870_,0.4126
instr_rvalid_i,_22871_,0.4126
instr_rvalid_i,_22872_,0.4126
instr_rvalid_i,_22880_,0.4126
irq_fast_i[0],_23242_,0.414
irq_fast_i[0],_23238_,0.4237
data_rvalid_i,_22782_,0.4406
data_rvalid_i,_22750_,0.441
data_rvalid_i,_22788_,0.4473
data_rvalid_i,_22791_,0.4473
data_rvalid_i,_22807_,0.4473
irq_fast_i[0],_23243_,0.4477
data_rvalid_i,_22756_,0.4478
data_rvalid_i,_22759_,0.4478
data_rvalid_i,_22775_,0.4478
hart_id_i[31],_22879_,0.4675
irq_fast_i[0],_23239_,0.504
hart_id_i[6],_23102_,0.5115
irq_fast_i[6],_22951_,0.5122
instr_rdata_i[28],_22457_,0.5128
irq_fast_i[0],_22722_,0.5143
irq_fast_i[0],_22723_,0.5143
irq_fast_i[0],_22716_,0.5148
data_rvalid_i,_22953_,0.5163
data_rvalid_i,_22806_,0.5225
data_rvalid_i,_22774_,0.5229
data_rvalid_i,_22340_,0.5231
data_rvalid_i,_22949_,0.5333
data_gnt_i,_22537_,0.5409
data_gnt_i,_22539_,0.5444
data_gnt_i,_22540_,0.5454
instr_rdata_i[28],_22493_,0.5575
data_rvalid_i,_22958_,0.5595
data_rvalid_i,_22948_,0.564
irq_fast_i[0],_22873_,0.5657
hart_id_i[31],_22776_,0.5696
hart_id_i[31],_22808_,0.5696
instr_rdata_i[28],_22459_,0.5702
instr_rdata_i[21],_22461_,0.5804
data_gnt_i,_22545_,0.5883
data_rvalid_i,_22332_,0.6111
instr_rdata_i[21],_22460_,0.618
data_rvalid_i,_22339_,0.6183
data_rvalid_i,_22804_,0.6184
data_rvalid_i,_22772_,0.6188
data_rvalid_i,_22341_,0.6226
irq_fast_i[0],_23221_,0.6259
hart_id_i[21],_23117_,0.626
data_rvalid_i,_22333_,0.6294
data_rvalid_i,_22342_,0.63
data_rvalid_i,_22956_,0.6319
data_rvalid_i,_22962_,0.6319
hart_id_i[31],_23127_,0.6329
instr_rdata_i[28],_22458_,0.6733
irq_fast_i[0],_22742_,0.6757
irq_fast_i[0],_22743_,0.6757
irq_fast_i[0],_22703_,0.6762
irq_fast_i[0],_22704_,0.6762
irq_fast_i[0],_22705_,0.6762
irq_fast_i[0],_22706_,0.6762
irq_fast_i[0],_22707_,0.6762
irq_fast_i[0],_22708_,0.6762
irq_fast_i[0],_22709_,0.6762
data_gnt_i,_22544_,0.7117
irq_fast_i[0],_23241_,0.7131
irq_fast_i[0],_22877_,0.731
data_rvalid_i,_22344_,0.7332
data_rvalid_i,_22960_,0.736
data_rvalid_i,_22343_,0.751
data_gnt_i,_22515_,0.7655
data_gnt_i,_22514_,0.7655
data_rvalid_i,_22338_,0.7834
data_rvalid_i,_22337_,0.787
data_rvalid_i,_22874_,0.8009
data_rvalid_i,_22875_,0.8009
data_rvalid_i,_22876_,0.8009
data_rvalid_i,_23206_,1.0192
irq_fast_i[0],_22728_,1.0297
irq_fast_i[0],_22732_,1.0297
irq_fast_i[0],_23240_,1.0323
data_gnt_i,_22572_,1.0506
data_rvalid_i,_23096_,1.0768
data_rvalid_i,_23097_,1.0807
data_rvalid_i,_23101_,1.0807
data_rvalid_i,_23107_,1.0807
irq_fast_i[6],_23118_,1.0866
data_rvalid_i,_23099_,1.1098
data_rvalid_i,_23201_,1.1181
data_rvalid_i,_23223_,1.1642
data_rvalid_i,_23200_,1.1658
data_rvalid_i,_23109_,1.1814
data_rvalid_i,_23208_,1.183
instr_rdata_i[28],_22475_,1.2058
instr_rdata_i[29],_22476_,1.2089
data_rvalid_i,_23100_,1.2143
data_rvalid_i,_23105_,1.2144
data_rvalid_i,_23108_,1.2144
data_rvalid_i,_23111_,1.2695
data_rvalid_i,_23098_,1.2821
data_rvalid_i,_23106_,1.2821
data_rvalid_i,_23110_,1.2821
data_rvalid_i,_23120_,1.2821
data_rvalid_i,_23126_,1.2821
data_rvalid_i,_23116_,1.2885
data_rvalid_i,_23115_,1.3031
data_rvalid_i,_23123_,1.3045
data_rvalid_i,_23125_,1.3076
irq_fast_i[0],_22744_,1.3196
instr_rdata_i[23],_22470_,1.3588
instr_rdata_i[0],_22462_,1.3756
irq_fast_i[0],_23165_,1.4065
irq_fast_i[0],_23166_,1.4065
data_rvalid_i,_22546_,1.4352
data_rvalid_i,_22547_,1.4352
data_rvalid_i,_22548_,1.4352
data_rvalid_i,_22549_,1.4352
data_rvalid_i,_22550_,1.4352
data_rvalid_i,_22551_,1.4352
data_rvalid_i,_22552_,1.4352
data_rvalid_i,_22553_,1.4352
data_rvalid_i,_22554_,1.4352
data_rvalid_i,_22555_,1.4352
data_rvalid_i,_22556_,1.4352
data_rvalid_i,_22557_,1.4352
data_rvalid_i,_22558_,1.4352
data_rvalid_i,_22559_,1.4352
data_rvalid_i,_22560_,1.4352
data_rvalid_i,_22561_,1.4352
data_rvalid_i,_22562_,1.4352
data_rvalid_i,_22563_,1.4352
data_rvalid_i,_22564_,1.4352
data_rvalid_i,_22565_,1.4352
data_rvalid_i,_22446_,1.4604
instr_rdata_i[19],_22466_,1.4684
data_rvalid_i,_23203_,1.4689
data_rvalid_i,_22447_,1.4903
data_rvalid_i,_22448_,1.5121
instr_rdata_i[18],_22465_,1.6028
instr_rdata_i[20],_22467_,1.6029
data_gnt_i,_22570_,1.6055
data_gnt_i,_22571_,1.6055
instr_rdata_i[24],_22471_,1.6092
instr_rdata_i[21],_22468_,1.6188
data_rvalid_i,_22450_,1.6466
instr_rdata_i[0],_22463_,1.6723
irq_fast_i[0],_23129_,1.6993
instr_rdata_i[1],_22464_,1.6994
data_gnt_i,_22449_,1.7145
instr_rdata_i[30],_22477_,1.7164
instr_rdata_i[31],_22478_,1.7173
instr_rdata_i[22],_22469_,1.7333
instr_rdata_i[26],_22473_,1.7402
instr_rdata_i[27],_22474_,1.777
data_rvalid_i,_22566_,1.7784
data_rvalid_i,_22567_,1.7784
data_rvalid_i,_22568_,1.7784
data_rvalid_i,_22569_,1.7784
instr_rdata_i[17],_22511_,1.792
instr_rdata_i[25],_22472_,1.8143
data_gnt_i,_24275_,1.8392
data_gnt_i,_24276_,1.8392
irq_fast_i[0],_23207_,1.9428
data_rvalid_i,_23164_,2.1972
instr_err_i,_22512_,2.2061
data_rvalid_i,_23228_,2.2268
instr_rdata_i[4],_23000_,2.2446
instr_rdata_i[12],_23008_,2.2446
instr_rdata_i[6],_23002_,2.2483
instr_rdata_i[11],_23007_,2.2483
instr_rdata_i[13],_23009_,2.2483
instr_rdata_i[2],_22998_,2.2484
