Start Point, End Point, WNS (ns)
_22525_,instr_addr_o[23],-437.8436
_22522_,instr_addr_o[26],-423.3452
_22522_,instr_addr_o[19],-423.0593
_22522_,instr_addr_o[15],-422.4116
_22522_,instr_addr_o[14],-422.1825
_22525_,instr_addr_o[20],-421.7822
_22525_,instr_addr_o[16],-421.0432
_22525_,instr_addr_o[11],-421.035
_22516_,instr_addr_o[2],-408.3648
_22522_,instr_addr_o[18],-408.1788
_22522_,instr_addr_o[10],-407.8668
_22348_,instr_addr_o[4],-400.8612
_22522_,instr_addr_o[30],-356.1795
_22522_,instr_addr_o[31],-334.6908
_22522_,instr_addr_o[28],-332.6999
_22520_,instr_addr_o[7],-329.5857
_22522_,instr_addr_o[27],-308.9524
_22522_,instr_addr_o[12],-299.3007
_22522_,instr_addr_o[24],-277.9967
_22522_,instr_addr_o[22],-277.6798
_22522_,instr_addr_o[9],-276.2872
_22522_,instr_addr_o[8],-276.1945
_22515_,data_be_o[0],-259.6458
_22515_,data_be_o[3],-259.4262
_22522_,instr_addr_o[13],-254.3351
_22522_,instr_addr_o[25],-253.5548
_22520_,instr_addr_o[6],-238.0038
_22517_,instr_addr_o[3],-231.6606
_22522_,instr_addr_o[17],-225.9022
_22522_,instr_addr_o[21],-224.9578
_22522_,data_addr_o[25],-218.5797
_22522_,data_addr_o[26],-218.4475
_22522_,data_addr_o[19],-217.889
_22525_,data_addr_o[23],-217.5323
_22522_,data_addr_o[15],-217.2508
_22522_,data_addr_o[13],-217.0922
_22522_,data_addr_o[14],-217.0007
_22525_,data_addr_o[20],-216.9206
_22525_,data_addr_o[16],-216.2521
_22525_,data_addr_o[11],-215.8267
_22522_,data_addr_o[18],-203.6628
_22516_,data_addr_o[2],-203.2936
_22522_,data_addr_o[10],-203.1322
_22520_,data_addr_o[6],-201.7771
_22515_,data_be_o[2],-196.7277
_22515_,data_be_o[1],-196.2861
_22348_,data_addr_o[4],-196.1097
_22517_,data_addr_o[3],-195.4697
_22503_,data_we_o,-193.9811
_22522_,data_addr_o[21],-190.6424
_22522_,data_addr_o[17],-190.3416
_22522_,data_addr_o[30],-153.2793
_22503_,data_req_o,-137.5581
_22522_,data_addr_o[31],-132.5629
_22522_,data_addr_o[29],-131.0811
_22522_,data_addr_o[28],-130.6153
_22522_,data_addr_o[24],-130.2387
_22522_,data_addr_o[22],-129.9382
_22520_,data_addr_o[7],-127.3324
_22522_,data_addr_o[9],-126.6039
_22522_,data_addr_o[8],-126.4298
_22522_,data_addr_o[27],-125.7902
_22348_,data_addr_o[5],-121.9303
_22515_,data_wdata_o[15],-118.9453
_22515_,data_wdata_o[16],-118.9453
_22515_,data_wdata_o[17],-118.9453
_22515_,data_wdata_o[18],-118.9453
_22515_,data_wdata_o[29],-118.9453
_22515_,data_wdata_o[7],-118.9453
_22515_,data_wdata_o[9],-118.9453
_22515_,data_wdata_o[13],-118.9279
_22515_,data_wdata_o[28],-118.92
_22515_,data_wdata_o[12],-118.9086
_22515_,data_wdata_o[10],-118.8075
_22515_,data_wdata_o[21],-118.8075
_22515_,data_wdata_o[25],-118.8075
_22515_,data_wdata_o[26],-118.7461
_22515_,data_wdata_o[19],-118.714
_22515_,data_wdata_o[22],-118.714
_22515_,data_wdata_o[23],-118.714
_22515_,data_wdata_o[8],-118.714
_22515_,data_wdata_o[31],-118.7111
_22515_,data_wdata_o[24],-118.7056
_22515_,data_wdata_o[6],-118.6923
_22515_,data_wdata_o[0],-118.6766
_22515_,data_wdata_o[1],-118.6766
_22515_,data_wdata_o[14],-118.667
_22515_,data_wdata_o[30],-118.6644
_22515_,data_wdata_o[2],-118.5743
_22515_,data_wdata_o[4],-118.5664
_22515_,data_wdata_o[11],-118.5309
_22515_,data_wdata_o[3],-118.5309
_22515_,data_wdata_o[5],-118.5309
_22515_,data_wdata_o[27],-118.5198
_22515_,data_wdata_o[20],-118.4966
_22945_,core_sleep_o,-114.8798
_22522_,instr_addr_o[29],-110.386
_22348_,instr_addr_o[5],-101.3778
_22522_,data_addr_o[12],-98.5438
_22503_,instr_req_o,-52.7174
