Start Point, End Point, WNS (ns)
irq_fast_i[0],_23104_,-249.46
irq_fast_i[0],_23079_,-249.4194
irq_fast_i[0],_23100_,-249.4096
irq_fast_i[0],_23077_,-249.3752
irq_fast_i[0],_23103_,-249.3236
irq_fast_i[0],_23078_,-249.2412
irq_fast_i[0],_23092_,-248.8074
irq_fast_i[0],_23096_,-248.6564
irq_fast_i[0],_23095_,-248.6354
irq_fast_i[0],_23099_,-248.5796
irq_fast_i[0],_23091_,-248.2726
irq_fast_i[0],_23087_,-248.1704
irq_fast_i[0],_23080_,-248.1444
irq_fast_i[0],_23076_,-68.2954
irq_fast_i[0],_22584_,-59.5984
irq_fast_i[0],_23105_,-41.0405
irq_fast_i[0],_23101_,-40.8333
irq_fast_i[0],_23102_,-40.826
irq_fast_i[0],_23097_,-40.5213
irq_fast_i[0],_23098_,-40.5184
irq_fast_i[0],_23093_,-40.2178
irq_fast_i[0],_23089_,-40.2084
irq_fast_i[0],_23094_,-40.2067
boot_addr_i[16],_23090_,-39.9461
irq_fast_i[0],_23084_,-39.9111
irq_fast_i[0],_23088_,-39.9109
irq_fast_i[0],_23085_,-39.896
irq_fast_i[0],_23086_,-39.8851
irq_fast_i[0],_23081_,-39.5891
irq_fast_i[0],_23083_,-39.578
irq_fast_i[0],_23082_,-39.5777
instr_rdata_i[1],_23075_,-24.9521
instr_rdata_i[1],_23074_,-22.6403
instr_rdata_i[1],_23073_,-21.2515
instr_rdata_i[1],_23069_,-20.2848
instr_rdata_i[1],_23063_,-19.9397
instr_rdata_i[1],_23066_,-19.8719
instr_rdata_i[1],_23072_,-19.1509
instr_rdata_i[1],_23067_,-19.0977
instr_rdata_i[1],_23071_,-18.4643
instr_rdata_i[1],_23070_,-18.3859
instr_rdata_i[1],_23068_,-18.2341
instr_rdata_i[1],_23065_,-17.8212
instr_rdata_i[1],_23064_,-17.5484
instr_rdata_i[1],_23062_,-17.3674
instr_rdata_i[1],_23061_,-15.7367
instr_rdata_i[1],_23058_,-14.3917
instr_rdata_i[1],_23060_,-13.6361
instr_rdata_i[1],_23059_,-12.9596
instr_rdata_i[1],_23057_,-12.756
instr_rdata_i[1],_23055_,-11.8046
instr_rdata_i[1],_23056_,-11.5265
instr_rdata_i[1],_23054_,-9.5979
instr_rdata_i[1],_23053_,-8.5805
instr_rdata_i[1],_23051_,-7.1711
instr_rdata_i[1],_23052_,-6.9473
data_rvalid_i,_22461_,-6.1946
instr_rdata_i[1],_23050_,-5.9374
irq_fast_i[0],_22341_,-4.1101
irq_fast_i[0],_22340_,-4.0813
irq_fast_i[0],_22339_,-3.9294
irq_fast_i[0],_22338_,-3.8044
irq_fast_i[0],_22337_,-3.6669
irq_fast_i[0],_22336_,-3.6353
irq_fast_i[0],_22335_,-3.3619
irq_fast_i[0],_22334_,-3.3356
instr_rdata_i[1],_23049_,-3.2851
data_rvalid_i,_22355_,-3.1473
data_rvalid_i,_22356_,-3.1473
data_rvalid_i,_22357_,-3.1473
data_rvalid_i,_22358_,-3.1473
data_rvalid_i,_22359_,-3.1473
data_rvalid_i,_22360_,-3.1473
data_rvalid_i,_22361_,-3.1473
data_rvalid_i,_22362_,-3.1473
data_rvalid_i,_22363_,-3.1473
data_rvalid_i,_22364_,-3.1473
data_rvalid_i,_22365_,-3.1473
data_rvalid_i,_22366_,-3.1473
data_rvalid_i,_22367_,-3.1473
data_rvalid_i,_22368_,-3.1473
data_rvalid_i,_22369_,-3.1473
data_rvalid_i,_22370_,-3.1473
data_rvalid_i,_22371_,-3.1473
data_rvalid_i,_22372_,-3.1473
data_rvalid_i,_22373_,-3.1473
data_rvalid_i,_22374_,-3.1473
data_rvalid_i,_22375_,-3.1473
data_rvalid_i,_22376_,-3.1473
data_rvalid_i,_22377_,-3.1473
data_rvalid_i,_22378_,-3.1473
data_rvalid_i,_22379_,-3.1473
data_rvalid_i,_22380_,-3.1473
data_rvalid_i,_22381_,-3.1473
data_rvalid_i,_22382_,-3.1473
data_rvalid_i,_22383_,-3.1473
data_rvalid_i,_22384_,-3.1473
data_rvalid_i,_22385_,-3.1473
data_rvalid_i,_22472_,-3.1473
data_rvalid_i,_22473_,-3.1473
data_rvalid_i,_22474_,-3.1473
data_rvalid_i,_22475_,-3.1473
data_rvalid_i,_22476_,-3.1473
data_rvalid_i,_22477_,-3.1473
data_rvalid_i,_22478_,-3.1473
data_rvalid_i,_22479_,-3.1473
data_rvalid_i,_22480_,-3.1473
data_rvalid_i,_22481_,-3.1473
data_rvalid_i,_22482_,-3.1473
data_rvalid_i,_22483_,-3.1473
data_rvalid_i,_22484_,-3.1473
data_rvalid_i,_22485_,-3.1473
data_rvalid_i,_22486_,-3.1473
data_rvalid_i,_22487_,-3.1473
data_rvalid_i,_22488_,-3.1473
data_rvalid_i,_22489_,-3.1473
data_rvalid_i,_22490_,-3.1473
data_rvalid_i,_22491_,-3.1473
data_rvalid_i,_22492_,-3.1473
data_rvalid_i,_22493_,-3.1473
data_rvalid_i,_22494_,-3.1473
data_rvalid_i,_22495_,-3.1473
data_rvalid_i,_22496_,-3.1473
data_rvalid_i,_22497_,-3.1473
data_rvalid_i,_22498_,-3.1473
data_rvalid_i,_22499_,-3.1473
data_rvalid_i,_22500_,-3.1473
data_rvalid_i,_22501_,-3.1473
data_rvalid_i,_22502_,-3.1473
data_rvalid_i,_22503_,-3.1473
data_rvalid_i,_22504_,-3.1473
data_rvalid_i,_22505_,-3.1473
data_rvalid_i,_22506_,-3.1473
data_rvalid_i,_22507_,-3.1473
data_rvalid_i,_22508_,-3.1473
data_rvalid_i,_22509_,-3.1473
data_rvalid_i,_22510_,-3.1473
data_rvalid_i,_22511_,-3.1473
data_rvalid_i,_22512_,-3.1473
data_rvalid_i,_22513_,-3.1473
data_rvalid_i,_22514_,-3.1473
data_rvalid_i,_22515_,-3.1473
data_rvalid_i,_22516_,-3.1473
data_rvalid_i,_22517_,-3.1473
data_rvalid_i,_22518_,-3.1473
data_rvalid_i,_22519_,-3.1473
data_rvalid_i,_22520_,-3.1473
data_rvalid_i,_22521_,-3.1473
data_rvalid_i,_22522_,-3.1473
data_rvalid_i,_22523_,-3.1473
irq_fast_i[0],_22333_,-3.0801
irq_fast_i[0],_22332_,-3.0485
data_rvalid_i,_23244_,-2.8184
irq_fast_i[0],_23045_,-2.8106
irq_fast_i[0],_22993_,-2.8014
irq_fast_i[0],_22996_,-2.8014
irq_fast_i[0],_22999_,-2.8014
irq_fast_i[0],_22331_,-2.7752
irq_fast_i[0],_22330_,-2.7493
irq_fast_i[0],_22994_,-2.7363
irq_fast_i[0],_23000_,-2.7363
irq_fast_i[0],_22988_,-2.7292
irq_fast_i[0],_22997_,-2.7292
irq_fast_i[0],_22987_,-2.6515
irq_fast_i[0],_22990_,-2.6515
irq_fast_i[0],_22986_,-2.6511
irq_fast_i[0],_22989_,-2.6442
irq_fast_i[0],_22995_,-2.6176
irq_fast_i[0],_22998_,-2.6176
irq_fast_i[0],_23001_,-2.6176
irq_fast_i[0],_22992_,-2.6176
irq_fast_i[0],_22985_,-2.6085
irq_fast_i[0],_22983_,-2.6015
irq_fast_i[0],_22991_,-2.5952
irq_fast_i[0],_22980_,-2.5553
irq_fast_i[0],_22329_,-2.4934
irq_fast_i[0],_22328_,-2.4618
hart_id_i[10],_22829_,-2.394
irq_fast_i[0],_23045_,-2.3085
irq_fast_i[0],_23046_,-2.3085
irq_fast_i[0],_23047_,-2.3085
irq_fast_i[0],_23048_,-2.3085
irq_fast_i[0],_23049_,-2.3085
irq_fast_i[0],_23050_,-2.3085
irq_fast_i[0],_23051_,-2.3085
irq_fast_i[0],_23052_,-2.3085
irq_fast_i[0],_23053_,-2.3085
irq_fast_i[0],_23054_,-2.3085
irq_fast_i[0],_23055_,-2.3085
irq_fast_i[0],_23056_,-2.3085
irq_fast_i[0],_23057_,-2.3085
irq_fast_i[0],_23058_,-2.3085
irq_fast_i[0],_23059_,-2.3085
irq_fast_i[0],_23060_,-2.3085
irq_fast_i[0],_23061_,-2.3085
irq_fast_i[0],_23062_,-2.3085
irq_fast_i[0],_23063_,-2.3085
irq_fast_i[0],_23064_,-2.3085
irq_fast_i[0],_23065_,-2.3085
irq_fast_i[0],_23066_,-2.3085
irq_fast_i[0],_23067_,-2.3085
irq_fast_i[0],_23068_,-2.3085
irq_fast_i[0],_23069_,-2.3085
irq_fast_i[0],_23070_,-2.3085
irq_fast_i[0],_23071_,-2.3085
irq_fast_i[0],_23072_,-2.3085
irq_fast_i[0],_23073_,-2.3085
irq_fast_i[0],_23074_,-2.3085
irq_fast_i[0],_23075_,-2.3085
hart_id_i[10],_22595_,-2.2029
hart_id_i[10],_22627_,-2.2029
hart_id_i[10],_22659_,-2.2029
hart_id_i[10],_22691_,-2.2029
irq_fast_i[0],_22327_,-2.1883
hart_id_i[10],_22984_,-2.1855
hart_id_i[10],_22290_,-2.1516
hart_id_i[10],_22259_,-2.1488
hart_id_i[10],_22765_,-2.1471
hart_id_i[10],_22797_,-2.1471
hart_id_i[10],_22901_,-2.1471
irq_fast_i[0],_22326_,-2.0744
irq_fast_i[0],_22976_,-2.0507
irq_fast_i[0],_22325_,-2.0438
irq_fast_i[0],_22324_,-1.9123
data_rvalid_i,_23006_,-1.8092
data_rvalid_i,_23007_,-1.8092
data_rvalid_i,_23008_,-1.8092
data_rvalid_i,_23009_,-1.8092
data_rvalid_i,_23010_,-1.8092
data_rvalid_i,_23011_,-1.8092
data_rvalid_i,_23012_,-1.8092
data_rvalid_i,_23013_,-1.8092
data_rvalid_i,_23014_,-1.8092
data_rvalid_i,_23015_,-1.8092
data_rvalid_i,_23016_,-1.8092
data_rvalid_i,_23017_,-1.8092
data_rvalid_i,_23018_,-1.8092
data_rvalid_i,_23019_,-1.8092
data_rvalid_i,_23020_,-1.8092
data_rvalid_i,_23021_,-1.8092
data_rvalid_i,_23022_,-1.8092
data_rvalid_i,_23023_,-1.8092
data_rvalid_i,_23024_,-1.8092
data_rvalid_i,_23025_,-1.8092
data_rvalid_i,_23026_,-1.8092
data_rvalid_i,_23027_,-1.8092
data_rvalid_i,_23028_,-1.8092
data_rvalid_i,_23029_,-1.8092
data_rvalid_i,_23030_,-1.8092
data_rvalid_i,_23031_,-1.8092
data_rvalid_i,_23032_,-1.8092
data_rvalid_i,_23033_,-1.8092
data_rvalid_i,_23034_,-1.8092
data_rvalid_i,_23035_,-1.8092
data_rvalid_i,_23036_,-1.8092
data_rvalid_i,_23037_,-1.8092
data_rvalid_i,_23044_,-1.8092
data_rvalid_i,_22923_,-1.8092
data_rvalid_i,_22924_,-1.8092
data_rvalid_i,_22925_,-1.8092
data_rvalid_i,_22926_,-1.8092
data_rvalid_i,_22927_,-1.8092
data_rvalid_i,_22928_,-1.8092
data_rvalid_i,_22929_,-1.8092
data_rvalid_i,_22930_,-1.8092
data_rvalid_i,_22931_,-1.8092
data_rvalid_i,_22932_,-1.8092
data_rvalid_i,_22933_,-1.8092
data_rvalid_i,_22934_,-1.8092
data_rvalid_i,_22935_,-1.8092
data_rvalid_i,_22936_,-1.8092
data_rvalid_i,_22937_,-1.8092
data_rvalid_i,_22938_,-1.8092
data_rvalid_i,_22939_,-1.8092
data_rvalid_i,_22940_,-1.8092
data_rvalid_i,_22941_,-1.8092
data_rvalid_i,_22942_,-1.8092
data_rvalid_i,_22943_,-1.8092
data_rvalid_i,_22944_,-1.8092
data_rvalid_i,_22945_,-1.8092
data_rvalid_i,_22946_,-1.8092
data_rvalid_i,_22947_,-1.8092
data_rvalid_i,_22948_,-1.8092
data_rvalid_i,_22949_,-1.8092
data_rvalid_i,_22950_,-1.8092
data_rvalid_i,_22951_,-1.8092
data_rvalid_i,_22952_,-1.8092
data_rvalid_i,_22953_,-1.8092
data_rvalid_i,_22954_,-1.8092
data_rvalid_i,_22973_,-1.8092
irq_fast_i[0],_22323_,-1.7396
hart_id_i[10],_23116_,-1.6924
irq_fast_i[0],_22322_,-1.6657
irq_fast_i[0],_22977_,-1.65
irq_fast_i[0],_22321_,-1.635
irq_fast_i[0],_22312_,-1.6277
irq_fast_i[0],_22313_,-1.6277
irq_fast_i[0],_22314_,-1.6277
irq_fast_i[0],_22315_,-1.6277
irq_fast_i[0],_22316_,-1.6277
irq_fast_i[0],_22317_,-1.6277
irq_fast_i[0],_22318_,-1.6277
irq_fast_i[0],_22319_,-1.6277
irq_fast_i[0],_22320_,-1.6277
irq_fast_i[0],_22321_,-1.6277
irq_fast_i[0],_22322_,-1.6277
irq_fast_i[0],_22323_,-1.6277
irq_fast_i[0],_22324_,-1.6277
irq_fast_i[0],_22325_,-1.6277
irq_fast_i[0],_22326_,-1.6277
irq_fast_i[0],_22327_,-1.6277
irq_fast_i[0],_22328_,-1.6277
irq_fast_i[0],_22329_,-1.6277
irq_fast_i[0],_22330_,-1.6277
irq_fast_i[0],_22331_,-1.6277
irq_fast_i[0],_22332_,-1.6277
irq_fast_i[0],_22333_,-1.6277
irq_fast_i[0],_22334_,-1.6277
irq_fast_i[0],_22335_,-1.6277
irq_fast_i[0],_22336_,-1.6277
irq_fast_i[0],_22337_,-1.6277
irq_fast_i[0],_22338_,-1.6277
irq_fast_i[0],_22339_,-1.6277
irq_fast_i[0],_22340_,-1.6277
irq_fast_i[0],_22341_,-1.6277
irq_fast_i[0],_22982_,-1.604
irq_fast_i[0],_22979_,-1.5974
irq_fast_i[0],_23002_,-1.5961
irq_fast_i[0],_22978_,-1.5546
irq_fast_i[0],_23005_,-1.5131
irq_fast_i[0],_22320_,-1.5038
irq_fast_i[0],_22981_,-1.4919
irq_fast_i[0],_23004_,-1.4667
irq_fast_i[0],_23003_,-1.4335
data_rvalid_i,_22822_,-1.4327
data_rvalid_i,_22828_,-1.4327
data_rvalid_i,_22826_,-1.4327
data_rvalid_i,_22819_,-1.4327
data_rvalid_i,_22820_,-1.4327
data_rvalid_i,_22821_,-1.4327
data_rvalid_i,_22824_,-1.4327
data_rvalid_i,_22827_,-1.4327
data_rvalid_i,_22833_,-1.4281
data_rvalid_i,_22839_,-1.4281
data_rvalid_i,_22844_,-1.4281
data_rvalid_i,_22837_,-1.428
data_rvalid_i,_22849_,-1.428
data_rvalid_i,_22835_,-1.428
data_rvalid_i,_22847_,-1.428
irq_fast_i[0],_22299_,-1.3461
irq_fast_i[0],_22305_,-1.3451
irq_fast_i[0],_22285_,-1.3446
irq_fast_i[0],_22302_,-1.3438
irq_fast_i[0],_22308_,-1.3433
irq_fast_i[0],_22284_,-1.3398
data_rvalid_i,_22975_,-1.3367
irq_fast_i[0],_22300_,-1.3033
irq_fast_i[0],_22303_,-1.3029
irq_fast_i[0],_22294_,-1.3006
irq_fast_i[0],_22288_,-1.2991
irq_fast_i[0],_22311_,-1.2937
irq_fast_i[0],_22318_,-1.2813
irq_fast_i[0],_22319_,-1.2794
irq_fast_i[0],_22306_,-1.2713
irq_fast_i[0],_22293_,-1.253
irq_fast_i[0],_22310_,-1.2434
irq_fast_i[0],_22295_,-1.2423
irq_fast_i[0],_22309_,-1.2321
irq_fast_i[0],_22296_,-1.2244
irq_fast_i[0],_22287_,-1.2216
irq_fast_i[0],_22298_,-1.2208
irq_fast_i[0],_22297_,-1.2175
irq_fast_i[0],_22292_,-1.2139
irq_fast_i[0],_22301_,-1.1979
irq_fast_i[0],_22304_,-1.1974
irq_fast_i[0],_22307_,-1.1962
irq_fast_i[0],_22291_,-1.1915
irq_fast_i[0],_22282_,-1.1862
irq_fast_i[0],_22289_,-1.1861
irq_fast_i[0],_22286_,-1.1776
irq_fast_i[0],_22317_,-1.0714
data_rvalid_i,_22823_,-1.0242
data_rvalid_i,_22850_,-1.0242
instr_rdata_i[1],_23047_,-1.0062
irq_fast_i[0],_22467_,-1.0044
irq_fast_i[0],_22468_,-1.0044
irq_fast_i[0],_22469_,-1.0044
irq_fast_i[0],_22470_,-1.0044
irq_fast_i[0],_22471_,-1.0044
irq_fast_i[9],_22780_,-0.9742
irq_fast_i[9],_22812_,-0.9742
irq_fast_i[9],_22916_,-0.9742
irq_fast_i[9],_22964_,-0.9742
irq_fast_i[0],_22464_,-0.9357
irq_fast_i[0],_22463_,-0.9192
irq_fast_i[0],_22466_,-0.8946
irq_fast_i[13],_22848_,-0.8629
irq_fast_i[0],_22771_,-0.8079
irq_fast_i[0],_22803_,-0.8079
irq_fast_i[0],_22907_,-0.8079
irq_fast_i[0],_22955_,-0.8079
irq_fast_i[0],_22316_,-0.8042
irq_fast_i[0],_23226_,-0.7942
irq_fast_i[0],_23228_,-0.7942
irq_fast_i[0],_22462_,-0.7918
irq_fast_i[0],_22465_,-0.777
irq_fast_i[9],_22610_,-0.7729
irq_fast_i[0],_22283_,-0.7569
irq_fast_i[0],_23225_,-0.7549
irq_fast_i[9],_22642_,-0.7383
irq_fast_i[0],_23224_,-0.7309
irq_fast_i[0],_23230_,-0.7264
irq_fast_i[0],_23227_,-0.6852
irq_fast_i[0],_23229_,-0.683
irq_fast_i[9],_22674_,-0.6737
irq_fast_i[9],_22706_,-0.6737
instr_rdata_i[1],_23046_,-0.6648
instr_rdata_i[1],_23048_,-0.6571
irq_fast_i[0],_22315_,-0.6559
irq_fast_i[8],_22843_,-0.6357
irq_fast_i[9],_22274_,-0.6346
irq_fast_i[12],_22613_,-0.6158
irq_fast_i[12],_22645_,-0.6158
irq_fast_i[12],_22709_,-0.6158
irq_fast_i[12],_22677_,-0.6158
irq_fast_i[0],_22314_,-0.5647
irq_fast_i[12],_22277_,-0.5621
irq_fast_i[12],_22783_,-0.5596
irq_fast_i[12],_22815_,-0.5596
irq_fast_i[12],_22919_,-0.5596
irq_fast_i[12],_22967_,-0.5596
irq_fast_i[0],_22313_,-0.527
irq_fast_i[14],_22888_,-0.5263
irq_fast_i[0],_23223_,-0.4742
irq_fast_i[0],_22601_,-0.4716
irq_fast_i[0],_22633_,-0.4716
irq_fast_i[0],_22665_,-0.4716
irq_fast_i[0],_22697_,-0.4716
hart_id_i[20],_22775_,-0.4707
hart_id_i[20],_22807_,-0.4707
hart_id_i[20],_22911_,-0.4707
hart_id_i[20],_22959_,-0.4707
irq_fast_i[0],_22265_,-0.4319
irq_external_i,_22830_,-0.4003
irq_fast_i[13],_22278_,-0.4
irq_fast_i[8],_22641_,-0.3396
irq_fast_i[8],_22609_,-0.3396
irq_fast_i[13],_22784_,-0.3114
irq_fast_i[13],_22816_,-0.3114
irq_fast_i[13],_22920_,-0.3114
irq_fast_i[13],_22968_,-0.3114
instr_rdata_i[27],_22511_,-0.2928
hart_id_i[20],_22605_,-0.2706
irq_fast_i[8],_22273_,-0.2631
instr_rdata_i[27],_22517_,-0.2587
hart_id_i[20],_22637_,-0.236
instr_rdata_i[27],_22510_,-0.2312
irq_fast_i[0],_22721_,-0.2121
irq_fast_i[0],_22723_,-0.2121
irq_fast_i[0],_22722_,-0.212
hart_id_i[2],_22587_,-0.2118
irq_fast_i[14],_22785_,-0.2041
irq_fast_i[14],_22817_,-0.2041
irq_fast_i[14],_22921_,-0.2041
irq_fast_i[14],_22969_,-0.2041
irq_external_i,_23040_,-0.203
irq_external_i,_23041_,-0.203
irq_fast_i[8],_22673_,-0.1976
irq_fast_i[8],_22705_,-0.1976
instr_rdata_i[27],_22512_,-0.1959
hart_id_i[2],_22683_,-0.1789
hart_id_i[2],_22619_,-0.1786
hart_id_i[20],_22701_,-0.1719
data_gnt_i,_22525_,-0.1666
irq_fast_i[8],_22779_,-0.1624
irq_fast_i[8],_22811_,-0.1624
irq_fast_i[8],_22915_,-0.1624
irq_fast_i[8],_22963_,-0.1624
hart_id_i[2],_22651_,-0.1354
hart_id_i[20],_22269_,-0.1327
instr_rdata_i[27],_22494_,-0.1304
irq_fast_i[14],_22889_,-0.1283
hart_id_i[2],_22348_,-0.1222
hart_id_i[2],_22349_,-0.1222
hart_id_i[2],_22354_,-0.1222
hart_id_i[2],_22757_,-0.1222
hart_id_i[2],_22789_,-0.1222
hart_id_i[2],_22893_,-0.1222
irq_fast_i[14],_22615_,-0.1198
hart_id_i[20],_22669_,-0.1172
irq_external_i,_22596_,-0.1108
hart_id_i[2],_22885_,-0.0927
irq_fast_i[14],_22679_,-0.0924
irq_fast_i[14],_22711_,-0.0895
irq_fast_i[14],_22647_,-0.0865
instr_rdata_i[27],_22518_,-0.0819
irq_external_i,_22628_,-0.0766
irq_fast_i[2],_22773_,-0.0744
irq_fast_i[2],_22805_,-0.0744
irq_fast_i[2],_22909_,-0.0744
irq_fast_i[2],_22957_,-0.0744
instr_rdata_i[27],_22498_,-0.0707
data_gnt_i,_22542_,-0.0687
data_gnt_i,_22554_,-0.0687
data_gnt_i,_22530_,-0.0687
data_gnt_i,_22543_,-0.0687
data_gnt_i,_22550_,-0.0687
data_gnt_i,_22527_,-0.0687
data_gnt_i,_22528_,-0.0687
data_gnt_i,_22529_,-0.0687
data_gnt_i,_22526_,-0.0687
instr_rdata_i[27],_22506_,-0.0464
data_rvalid_i,_22281_,-0.0426
data_rvalid_i,_22825_,-0.0421
instr_rdata_i[27],_22519_,-0.042
irq_fast_i[14],_22279_,-0.038
irq_external_i,_22260_,-0.0341
irq_external_i,_22660_,-0.0269
irq_external_i,_22692_,-0.0269
irq_fast_i[9],_23131_,-0.0204
irq_software_i,_22588_,-0.0187
irq_fast_i[2],_22603_,-0.0171
data_rvalid_i,_22838_,-0.0119
data_rvalid_i,_22836_,-0.0119
data_rvalid_i,_22845_,-0.0119
data_rvalid_i,_22832_,-0.0119
data_rvalid_i,_22834_,-0.0119
data_rvalid_i,_22841_,-0.0119
data_rvalid_i,_22831_,-0.0119
data_rvalid_i,_22842_,-0.0119
data_rvalid_i,_22840_,-0.0119
instr_rdata_i[27],_22495_,-0.0028
instr_rdata_i[27],_22508_,-0.0009
instr_rdata_i[27],_22509_,0.0
instr_rdata_i[27],_22520_,0.0001
irq_fast_i[2],_22635_,0.0153
irq_fast_i[2],_22699_,0.0234
instr_rdata_i[27],_22491_,0.0273
data_rvalid_i,_23246_,0.0356
data_rvalid_i,_23245_,0.0356
instr_rdata_i[27],_22492_,0.0391
instr_rdata_i[27],_22516_,0.0397
data_rvalid_i,_22593_,0.0527
data_rvalid_i,_22599_,0.0531
data_rvalid_i,_22589_,0.0548
data_rvalid_i,_22591_,0.0548
data_rvalid_i,_22594_,0.0548
data_rvalid_i,_22597_,0.0548
data_rvalid_i,_22598_,0.0548
data_rvalid_i,_22600_,0.0548
data_rvalid_i,_22621_,0.0567
data_rvalid_i,_22623_,0.0567
data_rvalid_i,_22625_,0.0567
data_rvalid_i,_22626_,0.0567
data_rvalid_i,_22629_,0.0567
data_rvalid_i,_22630_,0.0567
data_rvalid_i,_22631_,0.0567
data_rvalid_i,_22632_,0.0567
irq_external_i,_22766_,0.0663
irq_external_i,_22798_,0.0663
irq_external_i,_22902_,0.0663
irq_external_i,_22970_,0.0663
irq_fast_i[2],_22667_,0.0678
data_rvalid_i,_22606_,0.0701
instr_rdata_i[23],_22515_,0.0808
irq_fast_i[2],_22267_,0.0852
irq_software_i,_23043_,0.1003
irq_fast_i[0],_22741_,0.1003
irq_fast_i[0],_22744_,0.1003
irq_fast_i[0],_22731_,0.1003
irq_fast_i[0],_22748_,0.1003
irq_fast_i[0],_22734_,0.1003
irq_fast_i[0],_22743_,0.1003
irq_fast_i[0],_22736_,0.1003
irq_fast_i[0],_22738_,0.1003
irq_fast_i[0],_22749_,0.1003
irq_fast_i[0],_22750_,0.1003
irq_fast_i[0],_22739_,0.1003
irq_fast_i[0],_22725_,0.1003
irq_fast_i[0],_22726_,0.1003
irq_fast_i[0],_22729_,0.1003
irq_fast_i[0],_22742_,0.1003
irq_fast_i[0],_22746_,0.1003
irq_fast_i[0],_22747_,0.1003
irq_fast_i[0],_22728_,0.1003
irq_fast_i[0],_22730_,0.1003
irq_fast_i[0],_22724_,0.1003
irq_fast_i[0],_22727_,0.1003
irq_fast_i[0],_22732_,0.1003
irq_fast_i[0],_22733_,0.1003
irq_fast_i[0],_22751_,0.1003
irq_fast_i[0],_22737_,0.1003
irq_fast_i[0],_22740_,0.1003
irq_fast_i[0],_22745_,0.1003
irq_fast_i[0],_22735_,0.1003
instr_rdata_i[27],_22500_,0.101
irq_software_i,_22652_,0.1046
irq_software_i,_22684_,0.1046
irq_software_i,_22620_,0.1104
irq_fast_i[13],_22614_,0.1117
instr_rdata_i[27],_22513_,0.1187
instr_rdata_i[27],_22505_,0.1273
data_rvalid_i,_22655_,0.1399
irq_fast_i[13],_22710_,0.1418
data_rvalid_i,_22704_,0.1421
data_rvalid_i,_22585_,0.1427
irq_fast_i[13],_22678_,0.1431
irq_fast_i[13],_22646_,0.145
data_rvalid_i,_22707_,0.1559
data_rvalid_i,_22708_,0.1592
irq_software_i,_22758_,0.1607
irq_software_i,_22790_,0.1607
irq_software_i,_22894_,0.1607
irq_software_i,_22972_,0.1607
hart_id_i[1],_22586_,0.1608
data_rvalid_i,_22672_,0.1625
irq_fast_i[12],_23134_,0.1658
hart_id_i[1],_22884_,0.1675
data_rvalid_i,_22689_,0.1696
data_rvalid_i,_22675_,0.1763
data_rvalid_i,_22686_,0.1765
data_rvalid_i,_22702_,0.1783
data_rvalid_i,_22695_,0.1794
data_rvalid_i,_22676_,0.1796
instr_rdata_i[27],_22502_,0.1819
hart_id_i[1],_22618_,0.1939
hart_id_i[1],_22650_,0.194
hart_id_i[1],_22682_,0.194
irq_software_i,_22886_,0.2009
instr_rdata_i[27],_22504_,0.2181
instr_rdata_i[27],_22514_,0.236
irq_fast_i[0],_22257_,0.2438
irq_fast_i[0],_22263_,0.2447
irq_fast_i[8],_23130_,0.2479
hart_id_i[1],_22756_,0.2496
hart_id_i[1],_22788_,0.2496
hart_id_i[1],_22892_,0.2496
data_rvalid_i,_22712_,0.2506
instr_rdata_i[27],_22496_,0.2531
irq_fast_i[13],_23135_,0.2551
data_rvalid_i,_22653_,0.2552
data_rvalid_i,_22685_,0.2552
irq_fast_i[14],_23136_,0.2586
data_rvalid_i,_22607_,0.2668
data_rvalid_i,_22608_,0.2668
data_rvalid_i,_22611_,0.2668
instr_rdata_i[27],_22489_,0.2691
data_rvalid_i,_22688_,0.2712
data_rvalid_i,_22846_,0.2714
data_rvalid_i,_22658_,0.2743
data_rvalid_i,_22661_,0.2743
data_rvalid_i,_22662_,0.2743
data_rvalid_i,_22664_,0.2743
data_rvalid_i,_22666_,0.2743
data_rvalid_i,_22668_,0.2743
data_rvalid_i,_22671_,0.2743
data_rvalid_i,_22693_,0.2743
data_rvalid_i,_22694_,0.2743
data_rvalid_i,_22696_,0.2743
data_rvalid_i,_22698_,0.2743
data_rvalid_i,_22700_,0.2743
data_rvalid_i,_22703_,0.2743
data_rvalid_i,_22687_,0.2743
data_rvalid_i,_22690_,0.2743
irq_fast_i[0],_23122_,0.279
irq_fast_i[0],_23076_,0.2864
irq_fast_i[0],_23077_,0.2864
irq_fast_i[0],_23078_,0.2864
irq_fast_i[0],_23079_,0.2864
irq_fast_i[0],_23080_,0.2864
irq_fast_i[0],_23081_,0.2864
irq_fast_i[0],_23082_,0.2864
irq_fast_i[0],_23083_,0.2864
irq_fast_i[0],_23084_,0.2864
irq_fast_i[0],_23085_,0.2864
irq_fast_i[0],_23086_,0.2864
irq_fast_i[0],_23087_,0.2864
irq_fast_i[0],_23088_,0.2864
irq_fast_i[0],_23089_,0.2864
irq_fast_i[0],_23090_,0.2864
irq_fast_i[0],_23091_,0.2864
irq_fast_i[0],_23092_,0.2864
irq_fast_i[0],_23093_,0.2864
irq_fast_i[0],_23094_,0.2864
irq_fast_i[0],_23095_,0.2864
irq_fast_i[0],_23096_,0.2864
irq_fast_i[0],_23097_,0.2864
irq_fast_i[0],_23098_,0.2864
irq_fast_i[0],_23099_,0.2864
irq_fast_i[0],_23100_,0.2864
irq_fast_i[0],_23101_,0.2864
irq_fast_i[0],_23102_,0.2864
irq_fast_i[0],_23103_,0.2864
irq_fast_i[0],_23104_,0.2864
irq_fast_i[0],_23105_,0.2864
irq_fast_i[0],_22275_,0.2951
irq_fast_i[0],_22276_,0.2951
data_rvalid_i,_22654_,0.2955
irq_fast_i[0],_22262_,0.2971
irq_fast_i[0],_22268_,0.2971
irq_fast_i[0],_22264_,0.2971
irq_fast_i[0],_22271_,0.2972
irq_fast_i[0],_22266_,0.2972
irq_fast_i[0],_22258_,0.2974
irq_fast_i[0],_22261_,0.2974
irq_fast_i[0],_22270_,0.2974
irq_fast_i[0],_22272_,0.2974
data_rvalid_i,_22657_,0.2983
instr_rdata_i[27],_22507_,0.3146
instr_rdata_i[27],_22462_,0.3147
instr_rdata_i[27],_22463_,0.3147
instr_rdata_i[27],_22464_,0.3147
instr_rdata_i[27],_22465_,0.3147
instr_rdata_i[27],_22466_,0.3147
instr_rdata_i[27],_22501_,0.3359
data_rvalid_i,_23247_,0.3363
instr_rdata_i[30],_22497_,0.337
hart_id_i[1],_22342_,0.3371
instr_rdata_i[27],_22493_,0.3516
hart_id_i[1],_22343_,0.3554
hart_id_i[23],_22640_,0.3655
data_rvalid_i,_22639_,0.3753
data_rvalid_i,_22643_,0.3753
instr_rdata_i[24],_22467_,0.3761
data_rvalid_i,_22649_,0.3981
instr_rvalid_i,_22851_,0.4108
instr_rvalid_i,_22852_,0.4108
instr_rvalid_i,_22853_,0.4108
instr_rvalid_i,_22854_,0.4108
instr_rvalid_i,_22855_,0.4108
instr_rvalid_i,_22856_,0.4108
instr_rvalid_i,_22857_,0.4108
instr_rvalid_i,_22858_,0.4108
instr_rvalid_i,_22859_,0.4108
instr_rvalid_i,_22860_,0.4108
instr_rvalid_i,_22861_,0.4108
instr_rvalid_i,_22862_,0.4108
instr_rvalid_i,_22863_,0.4108
instr_rvalid_i,_22864_,0.4108
instr_rvalid_i,_22865_,0.4108
instr_rvalid_i,_22866_,0.4108
instr_rvalid_i,_22867_,0.4108
instr_rvalid_i,_22868_,0.4108
instr_rvalid_i,_22869_,0.4108
instr_rvalid_i,_22870_,0.4108
instr_rvalid_i,_22871_,0.4108
instr_rvalid_i,_22872_,0.4108
instr_rvalid_i,_22873_,0.4108
instr_rvalid_i,_22874_,0.4108
instr_rvalid_i,_22875_,0.4108
instr_rvalid_i,_22876_,0.4108
instr_rvalid_i,_22877_,0.4108
instr_rvalid_i,_22878_,0.4108
instr_rvalid_i,_22879_,0.4108
instr_rvalid_i,_22880_,0.4108
instr_rvalid_i,_22881_,0.4108
instr_rvalid_i,_22882_,0.4108
instr_rvalid_i,_22890_,0.4108
irq_fast_i[0],_23248_,0.4178
data_rvalid_i,_22656_,0.4415
data_rvalid_i,_22670_,0.4415
data_rvalid_i,_22663_,0.4516
data_rvalid_i,_22680_,0.4552
instr_rdata_i[30],_22503_,0.4568
data_rvalid_i,_22760_,0.4644
data_rvalid_i,_22792_,0.4647
data_rvalid_i,_22761_,0.4697
data_rvalid_i,_22793_,0.4701
instr_rdata_i[23],_22471_,0.4708
data_rvalid_i,_22759_,0.474
instr_rdata_i[30],_22523_,0.4742
data_rvalid_i,_22791_,0.4744
hart_id_i[20],_23126_,0.4746
irq_fast_i[2],_23124_,0.4759
data_rvalid_i,_22762_,0.4761
data_rvalid_i,_22774_,0.4763
data_rvalid_i,_22794_,0.4764
data_rvalid_i,_22806_,0.4767
data_rvalid_i,_22777_,0.486
data_rvalid_i,_22809_,0.4863
data_rvalid_i,_22772_,0.4889
data_rvalid_i,_22804_,0.4892
data_rvalid_i,_22768_,0.4929
data_rvalid_i,_22800_,0.4933
irq_fast_i[0],_23249_,0.4981
data_rvalid_i,_22770_,0.5001
data_rvalid_i,_22802_,0.5005
instr_rdata_i[30],_22499_,0.5035
data_gnt_i,_22549_,0.5242
data_gnt_i,_22545_,0.5244
data_gnt_i,_22547_,0.5245
data_gnt_i,_22541_,0.5245
data_gnt_i,_22539_,0.5245
data_gnt_i,_22540_,0.5247
data_gnt_i,_22548_,0.5247
data_gnt_i,_22544_,0.5247
data_gnt_i,_22546_,0.5259
data_gnt_i,_22551_,0.5262
irq_fast_i[0],_22280_,0.5284
hart_id_i[2],_23108_,0.5324
data_gnt_i,_22532_,0.5401
data_gnt_i,_22536_,0.5408
data_gnt_i,_22535_,0.5416
data_gnt_i,_22538_,0.542
instr_rdata_i[23],_22470_,0.5434
data_rvalid_i,_22590_,0.5446
data_rvalid_i,_22622_,0.5446
data_rvalid_i,_22681_,0.5677
data_rvalid_i,_22602_,0.5744
irq_fast_i[0],_23252_,0.5806
data_rvalid_i,_22767_,0.5956
data_rvalid_i,_22799_,0.596
data_rvalid_i,_22616_,0.6008
data_rvalid_i,_22592_,0.604
data_rvalid_i,_22764_,0.6043
data_rvalid_i,_22781_,0.6044
data_rvalid_i,_22782_,0.6044
data_rvalid_i,_22796_,0.6047
data_rvalid_i,_22813_,0.6048
data_rvalid_i,_22814_,0.6048
data_rvalid_i,_22769_,0.6064
data_rvalid_i,_22801_,0.6067
data_rvalid_i,_22612_,0.6075
irq_fast_i[0],_22883_,0.6086
data_rvalid_i,_22776_,0.6098
data_rvalid_i,_22755_,0.61
data_rvalid_i,_22808_,0.6101
data_rvalid_i,_22787_,0.6103
instr_rdata_i[24],_22469_,0.6108
data_rvalid_i,_22778_,0.6109
data_rvalid_i,_22810_,0.6113
irq_fast_i[0],_23253_,0.6143
irq_external_i,_23117_,0.6169
data_gnt_i,_22537_,0.6193
data_gnt_i,_22531_,0.6196
data_gnt_i,_22534_,0.6199
data_gnt_i,_22533_,0.6202
hart_id_i[23],_22914_,0.6244
hart_id_i[23],_22962_,0.6244
irq_software_i,_23109_,0.6299
data_rvalid_i,_23042_,0.6364
data_rvalid_i,_22624_,0.6394
data_rvalid_i,_22604_,0.6509
data_rvalid_i,_22617_,0.6561
data_rvalid_i,_22638_,0.6775
irq_fast_i[0],_22312_,0.6795
irq_fast_i[0],_22887_,0.701
data_rvalid_i,_22974_,0.7048
data_rvalid_i,_22763_,0.7081
data_rvalid_i,_22795_,0.7085
data_rvalid_i,_22786_,0.7185
data_rvalid_i,_22818_,0.7189
data_rvalid_i,_22636_,0.7215
data_rvalid_i,_22634_,0.7215
data_rvalid_i,_22351_,0.7307
data_rvalid_i,_22352_,0.7378
data_rvalid_i,_22644_,0.7405
data_rvalid_i,_22648_,0.7405
hart_id_i[13],_22904_,0.7439
instr_rdata_i[27],_22490_,0.751
hart_id_i[1],_23107_,0.7663
data_rvalid_i,_23039_,0.7734
irq_fast_i[0],_23231_,0.7887
data_rvalid_i,_22896_,0.7975
data_rvalid_i,_22897_,0.8028
data_rvalid_i,_22895_,0.8071
data_rvalid_i,_22898_,0.8092
data_rvalid_i,_22910_,0.8094
data_rvalid_i,_22913_,0.8191
data_rvalid_i,_22908_,0.822
data_rvalid_i,_23038_,0.8239
data_rvalid_i,_22906_,0.8332
data_rvalid_i,_22350_,0.8334
data_rvalid_i,_22958_,0.874
irq_fast_i[0],_23251_,0.8785
hart_id_i[17],_22956_,0.8789
data_rvalid_i,_22961_,0.8837
data_rvalid_i,_22347_,0.8861
data_rvalid_i,_23216_,0.8899
data_rvalid_i,_22583_,0.9065
irq_fast_i[0],_22713_,0.9108
irq_fast_i[0],_22714_,0.9108
irq_fast_i[0],_22715_,0.9108
irq_fast_i[0],_22716_,0.9108
irq_fast_i[0],_22717_,0.9108
irq_fast_i[0],_22718_,0.9108
irq_fast_i[0],_22719_,0.9108
data_gnt_i,_22552_,0.9186
data_rvalid_i,_22903_,0.9287
data_rvalid_i,_22900_,0.9374
data_rvalid_i,_22917_,0.9376
data_rvalid_i,_22918_,0.9376
irq_fast_i[0],_22752_,0.9382
irq_fast_i[0],_22753_,0.9382
data_rvalid_i,_22905_,0.9395
data_rvalid_i,_22912_,0.9429
data_rvalid_i,_22891_,0.9431
data_gnt_i,_22555_,0.9566
instr_rdata_i[27],_22468_,0.9583
irq_fast_i[0],_22720_,0.9704
data_rvalid_i,_22353_,0.9951
hart_id_i[23],_23129_,0.9976
data_rvalid_i,_22960_,1.0075
irq_fast_i[0],_23250_,1.0265
data_rvalid_i,_22965_,1.0302
data_rvalid_i,_22966_,1.0302
data_rvalid_i,_22899_,1.0412
data_rvalid_i,_23119_,1.0508
data_rvalid_i,_22922_,1.0516
data_rvalid_i,_23121_,1.0535
data_rvalid_i,_23128_,1.0566
data_rvalid_i,_23113_,1.0581
data_rvalid_i,_23211_,1.0585
data_rvalid_i,_23123_,1.0597
data_rvalid_i,_23125_,1.0597
data_rvalid_i,_23127_,1.0597
data_rvalid_i,_23110_,1.0604
data_rvalid_i,_23114_,1.0604
data_rvalid_i,_23115_,1.0604
data_rvalid_i,_23118_,1.0604
data_gnt_i,_22553_,1.0697
data_gnt_i,_22524_,1.0711
data_gnt_i,_22582_,1.089
data_rvalid_i,_23111_,1.0894
data_rvalid_i,_23233_,1.0976
data_rvalid_i,_23210_,1.1012
data_rvalid_i,_22971_,1.1175
data_rvalid_i,_23218_,1.1244
irq_fast_i[0],_22754_,1.1455
data_rvalid_i,_23106_,1.1678
data_rvalid_i,_23120_,1.2134
data_rvalid_i,_23112_,1.2226
data_rvalid_i,_23137_,1.278
data_rvalid_i,_23133_,1.2811
data_rvalid_i,_23132_,1.2873
instr_rdata_i[28],_22485_,1.3468
instr_rdata_i[23],_22480_,1.3625
instr_rdata_i[29],_22486_,1.3838
instr_rdata_i[27],_22484_,1.4613
instr_rdata_i[1],_22472_,1.4617
irq_fast_i[0],_23175_,1.4629
irq_fast_i[0],_23176_,1.4629
data_rvalid_i,_23213_,1.4647
data_rvalid_i,_22556_,1.4852
data_rvalid_i,_22557_,1.4852
data_rvalid_i,_22558_,1.4852
data_rvalid_i,_22559_,1.4852
data_rvalid_i,_22560_,1.4852
data_rvalid_i,_22561_,1.4852
data_rvalid_i,_22562_,1.4852
data_rvalid_i,_22563_,1.4852
data_rvalid_i,_22564_,1.4852
data_rvalid_i,_22565_,1.4852
data_rvalid_i,_22566_,1.4852
data_rvalid_i,_22567_,1.4852
data_rvalid_i,_22568_,1.4852
data_rvalid_i,_22569_,1.4852
data_rvalid_i,_22570_,1.4852
data_rvalid_i,_22571_,1.4852
data_rvalid_i,_22572_,1.4852
data_rvalid_i,_22573_,1.4852
data_rvalid_i,_22574_,1.4852
data_rvalid_i,_22575_,1.4852
instr_rdata_i[22],_22479_,1.526
instr_rdata_i[19],_22476_,1.5431
instr_rdata_i[21],_22478_,1.5492
instr_rdata_i[26],_22483_,1.5866
instr_rdata_i[18],_22475_,1.5991
instr_rdata_i[30],_22487_,1.631
instr_rdata_i[1],_22474_,1.6395
data_gnt_i,_22580_,1.6452
instr_rdata_i[24],_22481_,1.6529
instr_rdata_i[25],_22482_,1.6766
instr_rdata_i[20],_22477_,1.7071
irq_fast_i[0],_23139_,1.7351
instr_rdata_i[31],_22488_,1.7503
instr_rdata_i[17],_22521_,1.756
data_gnt_i,_22459_,1.7758
instr_rdata_i[0],_22473_,1.7901
data_rvalid_i,_22576_,1.8188
data_rvalid_i,_22577_,1.8188
data_rvalid_i,_22578_,1.8188
data_rvalid_i,_22579_,1.8188
data_gnt_i,_24286_,1.8795
data_gnt_i,_22581_,1.8795
data_gnt_i,_24285_,1.8795
data_rvalid_i,_22456_,1.9032
data_rvalid_i,_22457_,1.9035
data_rvalid_i,_23174_,1.9608
irq_fast_i[0],_23217_,1.9761
data_rvalid_i,_22460_,2.0425
data_rvalid_i,_22458_,2.0989
instr_err_i,_22522_,2.1238
data_rvalid_i,_23238_,2.1631
instr_err_i,_23044_,2.2348
instr_rdata_i[2],_23008_,2.2446
instr_rdata_i[3],_23009_,2.2446
instr_rdata_i[4],_23010_,2.2446
instr_rdata_i[1],_23007_,2.2463
instr_rdata_i[5],_23011_,2.2483
