Start Point, End Point, WNS (ns)
irq_fast_i[2],_22988_,-249.6181
irq_fast_i[2],_22989_,-249.4653
irq_fast_i[2],_22992_,-249.4352
irq_fast_i[4],_23017_,-249.2201
irq_fast_i[4],_23011_,-249.1478
irq_fast_i[4],_23015_,-249.0692
irq_fast_i[4],_23016_,-249.0417
irq_fast_i[4],_23012_,-248.885
irq_fast_i[4],_23014_,-248.8563
irq_fast_i[4],_23006_,-248.4944
irq_fast_i[4],_23010_,-248.4583
irq_fast_i[4],_23008_,-248.4379
irq_fast_i[4],_23007_,-248.3569
irq_fast_i[4],_23002_,-248.1837
irq_fast_i[4],_23000_,-248.1324
irq_fast_i[4],_23004_,-248.1324
irq_fast_i[4],_22999_,-248.0009
irq_fast_i[4],_23003_,-247.9982
irq_fast_i[4],_22990_,-247.996
irq_fast_i[4],_22996_,-247.914
irq_fast_i[4],_22994_,-247.8619
irq_fast_i[4],_22995_,-247.7875
irq_fast_i[4],_22991_,-247.523
irq_fast_i[2],_22496_,-59.1947
boot_addr_i[12],_22998_,-42.4759
irq_fast_i[4],_23013_,-40.5461
irq_fast_i[4],_23009_,-40.2528
irq_fast_i[4],_23005_,-39.9512
irq_fast_i[4],_23001_,-39.9488
irq_fast_i[4],_22993_,-39.6455
irq_fast_i[4],_22997_,-39.6334
instr_rdata_i[0],_22987_,-19.4346
instr_rdata_i[0],_22986_,-19.3921
instr_rdata_i[0],_22985_,-17.9113
instr_rdata_i[0],_22978_,-17.0234
instr_rdata_i[0],_22981_,-16.9445
instr_rdata_i[0],_22975_,-16.599
instr_rdata_i[0],_22984_,-15.8107
instr_rdata_i[0],_22979_,-15.7577
instr_rdata_i[0],_22976_,-15.3247
instr_rdata_i[0],_22983_,-15.1241
instr_rdata_i[0],_22982_,-15.0457
instr_rdata_i[0],_22980_,-14.8939
instr_rdata_i[0],_22977_,-14.4511
instr_rdata_i[0],_22974_,-13.9832
instr_rdata_i[0],_22973_,-12.396
instr_rdata_i[0],_22966_,-11.5227
instr_rdata_i[0],_22969_,-11.4395
instr_rdata_i[0],_22970_,-10.6549
instr_rdata_i[0],_22967_,-10.2493
instr_rdata_i[0],_22972_,-10.2373
instr_rdata_i[0],_22968_,-9.7695
instr_rdata_i[0],_22971_,-9.6096
instr_rdata_i[0],_22963_,-9.4508
instr_rdata_i[0],_22965_,-9.3229
instr_rdata_i[0],_22964_,-8.8453
instr_rdata_i[0],_22962_,-8.0779
instr_rdata_i[0],_22961_,-6.7009
irq_fast_i[2],_22253_,-5.4216
irq_fast_i[2],_22252_,-5.4022
irq_fast_i[2],_22251_,-5.2072
irq_fast_i[2],_22250_,-4.8958
irq_fast_i[2],_22249_,-4.7236
irq_fast_i[2],_22248_,-4.6936
irq_fast_i[2],_22247_,-4.4751
irq_fast_i[2],_22246_,-4.1654
instr_rdata_i[0],_22960_,-4.0728
instr_rdata_i[0],_22959_,-4.0004
irq_fast_i[2],_22245_,-3.9935
instr_rdata_i[0],_22835_,-3.9725
instr_rdata_i[0],_22836_,-3.9725
instr_rdata_i[0],_22837_,-3.9725
instr_rdata_i[0],_22838_,-3.9725
instr_rdata_i[0],_22839_,-3.9725
instr_rdata_i[0],_22840_,-3.9725
instr_rdata_i[0],_22841_,-3.9725
instr_rdata_i[0],_22842_,-3.9725
instr_rdata_i[0],_22843_,-3.9725
instr_rdata_i[0],_22844_,-3.9725
instr_rdata_i[0],_22845_,-3.9725
instr_rdata_i[0],_22846_,-3.9725
instr_rdata_i[0],_22847_,-3.9725
instr_rdata_i[0],_22848_,-3.9725
instr_rdata_i[0],_22849_,-3.9725
instr_rdata_i[0],_22850_,-3.9725
instr_rdata_i[0],_22851_,-3.9725
instr_rdata_i[0],_22852_,-3.9725
instr_rdata_i[0],_22853_,-3.9725
instr_rdata_i[0],_22854_,-3.9725
instr_rdata_i[0],_22855_,-3.9725
instr_rdata_i[0],_22856_,-3.9725
instr_rdata_i[0],_22857_,-3.9725
instr_rdata_i[0],_22858_,-3.9725
instr_rdata_i[0],_22859_,-3.9725
instr_rdata_i[0],_22860_,-3.9725
instr_rdata_i[0],_22861_,-3.9725
instr_rdata_i[0],_22862_,-3.9725
instr_rdata_i[0],_22863_,-3.9725
instr_rdata_i[0],_22864_,-3.9725
instr_rdata_i[0],_22865_,-3.9725
instr_rdata_i[0],_22866_,-3.9725
instr_rdata_i[0],_22885_,-3.9725
instr_rdata_i[0],_22918_,-3.9725
instr_rdata_i[0],_22919_,-3.9725
instr_rdata_i[0],_22920_,-3.9725
instr_rdata_i[0],_22921_,-3.9725
instr_rdata_i[0],_22922_,-3.9725
instr_rdata_i[0],_22923_,-3.9725
instr_rdata_i[0],_22924_,-3.9725
instr_rdata_i[0],_22925_,-3.9725
instr_rdata_i[0],_22926_,-3.9725
instr_rdata_i[0],_22927_,-3.9725
instr_rdata_i[0],_22928_,-3.9725
instr_rdata_i[0],_22929_,-3.9725
instr_rdata_i[0],_22930_,-3.9725
instr_rdata_i[0],_22931_,-3.9725
instr_rdata_i[0],_22932_,-3.9725
instr_rdata_i[0],_22933_,-3.9725
instr_rdata_i[0],_22934_,-3.9725
instr_rdata_i[0],_22935_,-3.9725
instr_rdata_i[0],_22936_,-3.9725
instr_rdata_i[0],_22937_,-3.9725
instr_rdata_i[0],_22938_,-3.9725
instr_rdata_i[0],_22939_,-3.9725
instr_rdata_i[0],_22940_,-3.9725
instr_rdata_i[0],_22941_,-3.9725
instr_rdata_i[0],_22942_,-3.9725
instr_rdata_i[0],_22943_,-3.9725
instr_rdata_i[0],_22944_,-3.9725
instr_rdata_i[0],_22945_,-3.9725
instr_rdata_i[0],_22946_,-3.9725
instr_rdata_i[0],_22947_,-3.9725
instr_rdata_i[0],_22948_,-3.9725
instr_rdata_i[0],_22949_,-3.9725
instr_rdata_i[0],_22956_,-3.9725
irq_fast_i[2],_22244_,-3.9632
instr_rdata_i[0],_22958_,-3.9454
data_rvalid_i,_22373_,-3.8411
irq_fast_i[2],_22243_,-3.7474
irq_fast_i[2],_22242_,-3.4321
data_rvalid_i,_22267_,-3.3498
data_rvalid_i,_22268_,-3.3498
data_rvalid_i,_22269_,-3.3498
data_rvalid_i,_22270_,-3.3498
data_rvalid_i,_22271_,-3.3498
data_rvalid_i,_22272_,-3.3498
data_rvalid_i,_22273_,-3.3498
data_rvalid_i,_22274_,-3.3498
data_rvalid_i,_22275_,-3.3498
data_rvalid_i,_22276_,-3.3498
data_rvalid_i,_22277_,-3.3498
data_rvalid_i,_22278_,-3.3498
data_rvalid_i,_22279_,-3.3498
data_rvalid_i,_22280_,-3.3498
data_rvalid_i,_22281_,-3.3498
data_rvalid_i,_22282_,-3.3498
data_rvalid_i,_22283_,-3.3498
data_rvalid_i,_22284_,-3.3498
data_rvalid_i,_22285_,-3.3498
data_rvalid_i,_22286_,-3.3498
data_rvalid_i,_22287_,-3.3498
data_rvalid_i,_22288_,-3.3498
data_rvalid_i,_22289_,-3.3498
data_rvalid_i,_22290_,-3.3498
data_rvalid_i,_22291_,-3.3498
data_rvalid_i,_22292_,-3.3498
data_rvalid_i,_22293_,-3.3498
data_rvalid_i,_22294_,-3.3498
data_rvalid_i,_22295_,-3.3498
data_rvalid_i,_22296_,-3.3498
data_rvalid_i,_22297_,-3.3498
data_rvalid_i,_22384_,-3.3498
data_rvalid_i,_22385_,-3.3498
data_rvalid_i,_22386_,-3.3498
data_rvalid_i,_22387_,-3.3498
data_rvalid_i,_22388_,-3.3498
data_rvalid_i,_22389_,-3.3498
data_rvalid_i,_22390_,-3.3498
data_rvalid_i,_22391_,-3.3498
data_rvalid_i,_22392_,-3.3498
data_rvalid_i,_22393_,-3.3498
data_rvalid_i,_22394_,-3.3498
data_rvalid_i,_22395_,-3.3498
data_rvalid_i,_22396_,-3.3498
data_rvalid_i,_22397_,-3.3498
data_rvalid_i,_22398_,-3.3498
data_rvalid_i,_22399_,-3.3498
data_rvalid_i,_22400_,-3.3498
data_rvalid_i,_22401_,-3.3498
data_rvalid_i,_22402_,-3.3498
data_rvalid_i,_22403_,-3.3498
data_rvalid_i,_22404_,-3.3498
data_rvalid_i,_22405_,-3.3498
data_rvalid_i,_22406_,-3.3498
data_rvalid_i,_22407_,-3.3498
data_rvalid_i,_22408_,-3.3498
data_rvalid_i,_22409_,-3.3498
data_rvalid_i,_22410_,-3.3498
data_rvalid_i,_22411_,-3.3498
data_rvalid_i,_22412_,-3.3498
data_rvalid_i,_22413_,-3.3498
data_rvalid_i,_22414_,-3.3498
data_rvalid_i,_22415_,-3.3498
data_rvalid_i,_22416_,-3.3498
data_rvalid_i,_22417_,-3.3498
data_rvalid_i,_22418_,-3.3498
data_rvalid_i,_22419_,-3.3498
data_rvalid_i,_22420_,-3.3498
data_rvalid_i,_22421_,-3.3498
data_rvalid_i,_22422_,-3.3498
data_rvalid_i,_22423_,-3.3498
data_rvalid_i,_22424_,-3.3498
data_rvalid_i,_22425_,-3.3498
data_rvalid_i,_22426_,-3.3498
data_rvalid_i,_22427_,-3.3498
data_rvalid_i,_22428_,-3.3498
data_rvalid_i,_22429_,-3.3498
data_rvalid_i,_22430_,-3.3498
data_rvalid_i,_22431_,-3.3498
data_rvalid_i,_22432_,-3.3498
data_rvalid_i,_22433_,-3.3498
data_rvalid_i,_22434_,-3.3498
data_rvalid_i,_22435_,-3.3498
irq_fast_i[4],_22911_,-3.3183
irq_fast_i[4],_22892_,-3.3183
irq_fast_i[2],_22241_,-3.2614
irq_fast_i[4],_22897_,-3.2386
irq_fast_i[2],_22240_,-3.2311
irq_fast_i[4],_22899_,-3.1411
irq_fast_i[4],_22902_,-3.1411
irq_fast_i[4],_22895_,-3.1406
irq_fast_i[4],_22904_,-3.101
irq_fast_i[4],_22907_,-3.101
irq_fast_i[4],_22903_,-3.0825
data_rvalid_i,_23156_,-3.0213
irq_fast_i[2],_22239_,-3.0181
irq_fast_i[2],_22238_,-2.9192
irq_fast_i[2],_22237_,-2.7608
irq_fast_i[2],_22236_,-2.7292
irq_fast_i[4],_22912_,-2.6968
irq_fast_i[4],_22957_,-2.5542
instr_rdata_i[1],_22379_,-2.5048
instr_rdata_i[1],_22380_,-2.5048
instr_rdata_i[1],_22381_,-2.5048
instr_rdata_i[1],_22382_,-2.5048
instr_rdata_i[1],_22383_,-2.5048
irq_fast_i[2],_22235_,-2.4561
instr_rdata_i[1],_22957_,-2.4485
instr_rdata_i[1],_22958_,-2.4485
instr_rdata_i[1],_22959_,-2.4485
instr_rdata_i[1],_22960_,-2.4485
instr_rdata_i[1],_22961_,-2.4485
instr_rdata_i[1],_22962_,-2.4485
instr_rdata_i[1],_22963_,-2.4485
instr_rdata_i[1],_22964_,-2.4485
instr_rdata_i[1],_22965_,-2.4485
instr_rdata_i[1],_22966_,-2.4485
instr_rdata_i[1],_22967_,-2.4485
instr_rdata_i[1],_22968_,-2.4485
instr_rdata_i[1],_22969_,-2.4485
instr_rdata_i[1],_22970_,-2.4485
instr_rdata_i[1],_22971_,-2.4485
instr_rdata_i[1],_22972_,-2.4485
instr_rdata_i[1],_22973_,-2.4485
instr_rdata_i[1],_22974_,-2.4485
instr_rdata_i[1],_22975_,-2.4485
instr_rdata_i[1],_22976_,-2.4485
instr_rdata_i[1],_22977_,-2.4485
instr_rdata_i[1],_22978_,-2.4485
instr_rdata_i[1],_22979_,-2.4485
instr_rdata_i[1],_22980_,-2.4485
instr_rdata_i[1],_22981_,-2.4485
instr_rdata_i[1],_22982_,-2.4485
instr_rdata_i[1],_22983_,-2.4485
instr_rdata_i[1],_22984_,-2.4485
instr_rdata_i[1],_22985_,-2.4485
instr_rdata_i[1],_22986_,-2.4485
instr_rdata_i[1],_22987_,-2.4485
instr_rdata_i[0],_22410_,-2.4232
irq_fast_i[2],_22234_,-2.3545
instr_rdata_i[1],_23141_,-2.2467
instr_rdata_i[1],_23157_,-2.2074
instr_rdata_i[1],_23158_,-2.2074
instr_rdata_i[1],_23138_,-2.1966
irq_fast_i[2],_22233_,-2.1915
instr_rdata_i[1],_23136_,-2.1401
instr_rdata_i[1],_22409_,-2.1345
instr_rdata_i[1],_23140_,-2.1332
instr_rdata_i[1],_22420_,-2.1084
instr_rdata_i[1],_22403_,-2.0962
instr_rdata_i[1],_22404_,-2.0961
instr_rdata_i[0],_22430_,-2.0776
instr_rdata_i[0],_22417_,-2.0426
instr_rdata_i[0],_22412_,-2.0348
instr_rdata_i[0],_22416_,-2.0346
instr_rdata_i[0],_22429_,-2.0266
instr_rdata_i[1],_22405_,-2.0147
instr_rdata_i[1],_23159_,-1.9875
instr_rdata_i[1],_22431_,-1.9651
instr_rdata_i[1],_22428_,-1.9644
instr_rdata_i[0],_23135_,-1.9579
instr_rdata_i[1],_22422_,-1.9576
instr_rdata_i[1],_22427_,-1.945
instr_rdata_i[1],_23139_,-1.945
instr_rdata_i[0],_22432_,-1.9408
instr_rdata_i[1],_23137_,-1.9219
instr_rdata_i[1],_22426_,-1.9165
irq_fast_i[2],_22232_,-1.9094
instr_rdata_i[0],_22406_,-1.9057
hart_id_i[11],_22604_,-1.8992
hart_id_i[11],_22572_,-1.8991
instr_rdata_i[1],_22374_,-1.8823
instr_rdata_i[1],_22375_,-1.8823
instr_rdata_i[1],_22376_,-1.8823
instr_rdata_i[1],_22377_,-1.8823
instr_rdata_i[1],_22378_,-1.8823
data_rvalid_i,_22916_,-1.8724
data_rvalid_i,_22889_,-1.8723
data_rvalid_i,_22887_,-1.8572
data_rvalid_i,_22888_,-1.8572
irq_fast_i[2],_22231_,-1.8571
hart_id_i[11],_22172_,-1.8501
instr_rdata_i[1],_22419_,-1.8341
instr_rdata_i[0],_22411_,-1.8336
instr_rdata_i[0],_22407_,-1.8293
instr_rdata_i[0],_23142_,-1.8214
instr_rdata_i[0],_22408_,-1.7944
instr_rdata_i[0],_22424_,-1.7917
instr_rdata_i[0],_22418_,-1.7823
instr_rdata_i[0],_22421_,-1.7799
instr_rdata_i[0],_22413_,-1.7738
instr_rdata_i[1],_22435_,-1.7655
instr_rdata_i[0],_22414_,-1.7596
hart_id_i[11],_22678_,-1.7467
hart_id_i[11],_22710_,-1.7467
hart_id_i[11],_22814_,-1.7467
hart_id_i[11],_22882_,-1.7467
instr_rdata_i[1],_22423_,-1.7258
instr_rdata_i[1],_22401_,-1.7168
instr_rdata_i[0],_22425_,-1.6875
instr_rdata_i[0],_22402_,-1.6632
instr_rdata_i[0],_22415_,-1.6602
hart_id_i[11],_22742_,-1.6476
hart_id_i[11],_22952_,-1.5918
data_rvalid_i,_22894_,-1.582
data_rvalid_i,_22900_,-1.582
data_rvalid_i,_22906_,-1.582
data_rvalid_i,_22913_,-1.582
data_rvalid_i,_22901_,-1.582
data_rvalid_i,_22898_,-1.582
data_rvalid_i,_22896_,-1.5819
hart_id_i[11],_22953_,-1.574
data_rvalid_i,_22890_,-1.5554
irq_fast_i[2],_22230_,-1.5499
hart_id_i[11],_22508_,-1.4762
instr_rdata_i[0],_22384_,-1.4535
hart_id_i[11],_22540_,-1.4429
irq_fast_i[4],_22893_,-1.4212
irq_fast_i[4],_22214_,-1.4189
irq_fast_i[4],_22220_,-1.4189
irq_fast_i[2],_22229_,-1.3804
hart_id_i[11],_22203_,-1.3798
hart_id_i[11],_23029_,-1.3779
irq_fast_i[4],_22224_,-1.3774
irq_fast_i[4],_22225_,-1.3774
irq_fast_i[4],_22226_,-1.3774
irq_fast_i[4],_22227_,-1.3774
irq_fast_i[4],_22228_,-1.3774
irq_fast_i[4],_22229_,-1.3774
irq_fast_i[4],_22230_,-1.3774
irq_fast_i[4],_22231_,-1.3774
irq_fast_i[4],_22232_,-1.3774
irq_fast_i[4],_22233_,-1.3774
irq_fast_i[4],_22234_,-1.3774
irq_fast_i[4],_22235_,-1.3774
irq_fast_i[4],_22236_,-1.3774
irq_fast_i[4],_22237_,-1.3774
irq_fast_i[4],_22238_,-1.3774
irq_fast_i[4],_22239_,-1.3774
irq_fast_i[4],_22240_,-1.3774
irq_fast_i[4],_22241_,-1.3774
irq_fast_i[4],_22242_,-1.3774
irq_fast_i[4],_22243_,-1.3774
irq_fast_i[4],_22244_,-1.3774
irq_fast_i[4],_22245_,-1.3774
irq_fast_i[4],_22246_,-1.3774
irq_fast_i[4],_22247_,-1.3774
irq_fast_i[4],_22248_,-1.3774
irq_fast_i[4],_22249_,-1.3774
irq_fast_i[4],_22250_,-1.3774
irq_fast_i[4],_22251_,-1.3774
irq_fast_i[4],_22252_,-1.3774
irq_fast_i[4],_22253_,-1.3774
irq_fast_i[4],_22200_,-1.3729
irq_fast_i[4],_22212_,-1.3729
irq_fast_i[4],_22215_,-1.3729
hart_id_i[31],_22762_,-1.3672
irq_fast_i[4],_22908_,-1.3329
irq_fast_i[4],_22905_,-1.3127
irq_fast_i[4],_22223_,-1.2997
irq_fast_i[4],_22914_,-1.294
irq_fast_i[4],_22909_,-1.2922
irq_fast_i[4],_22221_,-1.2883
irq_fast_i[4],_22216_,-1.2882
irq_fast_i[2],_22228_,-1.2393
hart_id_i[31],_22917_,-1.2252
irq_fast_i[4],_22199_,-1.219
irq_fast_i[4],_22915_,-1.2177
irq_fast_i[4],_22910_,-1.2175
irq_fast_i[4],_22211_,-1.2086
irq_fast_i[4],_22891_,-1.198
irq_fast_i[9],_22618_,-1.1676
irq_fast_i[9],_22586_,-1.1628
irq_fast_i[4],_22206_,-1.1312
hart_id_i[31],_22592_,-1.1266
hart_id_i[31],_22624_,-1.1265
hart_id_i[31],_22528_,-1.126
hart_id_i[31],_22560_,-1.126
irq_fast_i[9],_22186_,-1.1181
irq_fast_i[4],_22207_,-1.1169
irq_fast_i[4],_22202_,-1.096
irq_fast_i[4],_22204_,-1.0958
irq_fast_i[4],_22195_,-1.0958
irq_fast_i[4],_22198_,-1.0869
irq_fast_i[4],_22219_,-1.0844
hart_id_i[31],_22801_,-1.0815
irq_fast_i[4],_22217_,-1.0706
irq_fast_i[4],_22194_,-1.0686
irq_fast_i[4],_22196_,-1.0685
irq_fast_i[4],_22222_,-1.0662
irq_fast_i[4],_22197_,-1.052
irq_fast_i[2],_22227_,-1.0487
hart_id_i[31],_22800_,-1.0459
hart_id_i[31],_22192_,-1.0358
irq_fast_i[9],_22692_,-1.0161
irq_fast_i[9],_22724_,-1.0161
irq_fast_i[9],_22828_,-1.0161
irq_fast_i[9],_22876_,-1.0161
irq_fast_i[4],_22205_,-0.9794
irq_fast_i[4],_22208_,-0.9794
irq_fast_i[4],_22201_,-0.9791
data_rvalid_i,_22732_,-0.9782
data_rvalid_i,_22735_,-0.9782
data_rvalid_i,_22740_,-0.9782
data_rvalid_i,_22741_,-0.9782
data_rvalid_i,_22750_,-0.9782
data_rvalid_i,_22751_,-0.9782
data_rvalid_i,_22753_,-0.9782
data_rvalid_i,_22757_,-0.9782
data_rvalid_i,_22731_,-0.9782
data_rvalid_i,_22733_,-0.9782
data_rvalid_i,_22734_,-0.9782
data_rvalid_i,_22736_,-0.9782
data_rvalid_i,_22737_,-0.9782
data_rvalid_i,_22738_,-0.9782
data_rvalid_i,_22745_,-0.9782
data_rvalid_i,_22746_,-0.9782
data_rvalid_i,_22748_,-0.9782
data_rvalid_i,_22754_,-0.9782
data_rvalid_i,_22755_,-0.9782
data_rvalid_i,_22758_,-0.9782
data_rvalid_i,_22760_,-0.9782
data_rvalid_i,_22739_,-0.9782
data_rvalid_i,_22743_,-0.9782
data_rvalid_i,_22744_,-0.9782
data_rvalid_i,_22747_,-0.9782
data_rvalid_i,_22749_,-0.9782
data_rvalid_i,_22752_,-0.9782
data_rvalid_i,_22756_,-0.9782
data_rvalid_i,_22759_,-0.9782
instr_rdata_i[0],_22385_,-0.972
irq_fast_i[4],_22210_,-0.9588
irq_fast_i[4],_22213_,-0.9588
irq_fast_i[4],_22209_,-0.9492
hart_id_i[31],_22698_,-0.9427
hart_id_i[31],_22730_,-0.9427
hart_id_i[31],_22834_,-0.9427
data_rvalid_i,_22761_,-0.9364
instr_rdata_i[1],_22386_,-0.9327
irq_fast_i[9],_22554_,-0.903
irq_fast_i[9],_22522_,-0.8878
irq_fast_i[2],_22226_,-0.8659
irq_fast_i[4],_22377_,-0.7928
irq_fast_i[2],_22225_,-0.7715
irq_fast_i[4],_22378_,-0.7655
irq_fast_i[2],_22224_,-0.7345
irq_fast_i[4],_22180_,-0.7344
irq_fast_i[4],_22178_,-0.7344
irq_fast_i[4],_22179_,-0.7344
irq_fast_i[4],_22181_,-0.7344
irq_fast_i[4],_22183_,-0.7344
irq_fast_i[4],_22184_,-0.7344
irq_fast_i[4],_22185_,-0.7344
irq_fast_i[4],_22187_,-0.7344
irq_fast_i[4],_22188_,-0.7344
irq_fast_i[4],_22176_,-0.7338
irq_fast_i[4],_22169_,-0.7337
irq_fast_i[4],_22173_,-0.7337
irq_fast_i[4],_22174_,-0.7337
irq_fast_i[4],_22175_,-0.7337
irq_fast_i[4],_22177_,-0.7337
irq_fast_i[4],_22170_,-0.7322
irq_fast_i[4],_22171_,-0.7322
irq_fast_i[4],_22182_,-0.7313
hart_id_i[31],_23049_,-0.6793
irq_fast_i[7],_22520_,-0.6302
irq_fast_i[0],_22609_,-0.6162
irq_fast_i[7],_22552_,-0.5969
irq_fast_i[9],_23043_,-0.5952
irq_fast_i[4],_22189_,-0.5882
irq_fast_i[4],_22190_,-0.5882
irq_fast_i[4],_22191_,-0.5881
irq_fast_i[4],_22375_,-0.576
irq_fast_i[0],_22577_,-0.571
irq_fast_i[13],_22526_,-0.5579
irq_fast_i[4],_22376_,-0.5388
irq_fast_i[5],_22518_,-0.5303
irq_fast_i[5],_22550_,-0.5303
irq_fast_i[13],_22558_,-0.5246
irq_fast_i[5],_22582_,-0.4931
irq_fast_i[5],_22614_,-0.4885
irq_fast_i[4],_22218_,-0.4878
irq_fast_i[5],_22950_,-0.4748
irq_fast_i[5],_22688_,-0.4737
irq_fast_i[5],_22720_,-0.4737
irq_fast_i[5],_22824_,-0.4737
irq_fast_i[5],_22872_,-0.4737
irq_fast_i[0],_22683_,-0.464
irq_fast_i[0],_22715_,-0.464
irq_fast_i[0],_22819_,-0.464
irq_fast_i[0],_22867_,-0.464
irq_fast_i[4],_22374_,-0.4399
irq_fast_i[1],_22578_,-0.4285
irq_fast_i[1],_22610_,-0.424
irq_timer_i,_22536_,-0.3873
irq_fast_i[2],_22632_,-0.3593
irq_timer_i,_22504_,-0.3574
irq_fast_i[7],_22616_,-0.3547
irq_fast_i[7],_22584_,-0.3547
irq_fast_i[1],_22951_,-0.3379
irq_fast_i[2],_22988_,-0.3146
irq_fast_i[2],_22989_,-0.3146
irq_fast_i[2],_22990_,-0.3146
irq_fast_i[2],_22991_,-0.3146
irq_fast_i[2],_22992_,-0.3146
irq_fast_i[2],_22993_,-0.3146
irq_fast_i[2],_22994_,-0.3146
irq_fast_i[2],_22995_,-0.3146
irq_fast_i[2],_22996_,-0.3146
irq_fast_i[2],_22997_,-0.3146
irq_fast_i[2],_22998_,-0.3146
irq_fast_i[2],_22999_,-0.3146
irq_fast_i[2],_23000_,-0.3146
irq_fast_i[2],_23001_,-0.3146
irq_fast_i[2],_23002_,-0.3146
irq_fast_i[2],_23003_,-0.3146
irq_fast_i[2],_23004_,-0.3146
irq_fast_i[2],_23005_,-0.3146
irq_fast_i[2],_23006_,-0.3146
irq_fast_i[2],_23007_,-0.3146
irq_fast_i[2],_23008_,-0.3146
irq_fast_i[2],_23009_,-0.3146
irq_fast_i[2],_23010_,-0.3146
irq_fast_i[2],_23011_,-0.3146
irq_fast_i[2],_23012_,-0.3146
irq_fast_i[2],_23013_,-0.3146
irq_fast_i[2],_23014_,-0.3146
irq_fast_i[2],_23015_,-0.3146
irq_fast_i[2],_23016_,-0.3146
irq_fast_i[2],_23017_,-0.3146
irq_fast_i[2],_22636_,-0.3059
irq_fast_i[2],_22657_,-0.3059
irq_fast_i[2],_22640_,-0.3059
irq_fast_i[2],_22645_,-0.3059
irq_fast_i[2],_22637_,-0.3059
irq_fast_i[2],_22639_,-0.3059
irq_fast_i[2],_22654_,-0.3059
irq_fast_i[2],_22659_,-0.3059
irq_fast_i[2],_22646_,-0.3059
irq_fast_i[2],_22650_,-0.3059
irq_fast_i[2],_22652_,-0.3059
irq_fast_i[2],_22653_,-0.3059
irq_fast_i[2],_22660_,-0.3059
irq_fast_i[2],_22649_,-0.3059
irq_fast_i[2],_22663_,-0.3059
irq_fast_i[2],_22661_,-0.3059
irq_fast_i[2],_22647_,-0.3059
irq_fast_i[2],_22662_,-0.3059
irq_fast_i[2],_22658_,-0.3059
irq_fast_i[2],_22651_,-0.3059
irq_fast_i[2],_22633_,-0.3059
irq_fast_i[2],_22634_,-0.3059
irq_fast_i[2],_22635_,-0.3059
irq_fast_i[2],_22638_,-0.3059
irq_fast_i[2],_22644_,-0.3059
irq_fast_i[2],_22641_,-0.3058
irq_fast_i[2],_22642_,-0.3058
irq_fast_i[2],_22648_,-0.3058
irq_fast_i[2],_22656_,-0.3058
irq_fast_i[2],_22655_,-0.3058
irq_fast_i[2],_22643_,-0.3058
irq_fast_i[1],_22684_,-0.2843
irq_fast_i[1],_22716_,-0.2843
irq_fast_i[1],_22820_,-0.2843
irq_fast_i[1],_22868_,-0.2843
irq_timer_i,_22568_,-0.2815
irq_timer_i,_22600_,-0.2791
irq_fast_i[13],_22622_,-0.2738
irq_fast_i[12],_22525_,-0.2702
data_rvalid_i,_22437_,-0.2693
irq_fast_i[13],_22590_,-0.2689
hart_id_i[15],_22512_,-0.2542
irq_fast_i[12],_22557_,-0.237
irq_timer_i,_22954_,-0.23
irq_fast_i[0],_22513_,-0.2261
irq_fast_i[0],_22545_,-0.2261
hart_id_i[15],_22544_,-0.221
irq_fast_i[7],_22690_,-0.2151
irq_fast_i[7],_22722_,-0.2151
irq_fast_i[7],_22826_,-0.2151
irq_fast_i[7],_22874_,-0.2151
hart_id_i[24],_22521_,-0.1802
hart_id_i[12],_22605_,-0.1754
hart_id_i[12],_22573_,-0.1754
data_rvalid_i,_22455_,-0.1714
data_rvalid_i,_22458_,-0.1714
data_rvalid_i,_22459_,-0.1714
data_rvalid_i,_22461_,-0.1714
data_rvalid_i,_22440_,-0.1714
data_rvalid_i,_22442_,-0.1714
data_rvalid_i,_22450_,-0.1714
data_rvalid_i,_22438_,-0.1714
data_rvalid_i,_22439_,-0.1714
irq_timer_i,_22674_,-0.1685
irq_timer_i,_22706_,-0.1685
irq_timer_i,_22810_,-0.1685
irq_timer_i,_22883_,-0.1685
irq_fast_i[0],_23034_,-0.1529
hart_id_i[24],_22553_,-0.1469
irq_fast_i[13],_22696_,-0.1343
irq_fast_i[13],_22728_,-0.1343
irq_fast_i[13],_22832_,-0.1343
irq_fast_i[13],_22880_,-0.1343
data_rvalid_i,_22466_,-0.134
data_rvalid_i,_22462_,-0.134
data_rvalid_i,_22467_,-0.134
data_rvalid_i,_22886_,-0.1242
data_rvalid_i,_22498_,-0.0897
data_rvalid_i,_22602_,-0.0843
data_rvalid_i,_22603_,-0.0843
data_rvalid_i,_22606_,-0.0843
data_rvalid_i,_22607_,-0.0843
data_rvalid_i,_22608_,-0.0843
data_rvalid_i,_22611_,-0.0843
data_rvalid_i,_22612_,-0.0843
data_rvalid_i,_22613_,-0.0843
data_rvalid_i,_22615_,-0.0843
data_rvalid_i,_22617_,-0.0843
data_rvalid_i,_22619_,-0.0843
data_rvalid_i,_22620_,-0.0843
data_rvalid_i,_22621_,-0.0843
data_rvalid_i,_22593_,-0.0836
data_rvalid_i,_22594_,-0.0836
data_rvalid_i,_22596_,-0.0836
data_rvalid_i,_22597_,-0.0836
data_rvalid_i,_22598_,-0.0836
data_rvalid_i,_22599_,-0.0836
data_rvalid_i,_22601_,-0.0836
data_rvalid_i,_22570_,-0.0655
data_rvalid_i,_22569_,-0.0641
data_rvalid_i,_22623_,-0.0603
data_rvalid_i,_22566_,-0.0592
data_rvalid_i,_22567_,-0.0592
data_rvalid_i,_22574_,-0.0592
data_rvalid_i,_22575_,-0.0592
data_rvalid_i,_22576_,-0.0592
data_rvalid_i,_22579_,-0.0592
data_rvalid_i,_22581_,-0.0592
data_rvalid_i,_22583_,-0.0592
data_rvalid_i,_22585_,-0.0592
data_rvalid_i,_22587_,-0.0592
data_rvalid_i,_22588_,-0.0592
data_rvalid_i,_22589_,-0.0592
data_rvalid_i,_22591_,-0.0592
data_rvalid_i,_22563_,-0.0578
data_rvalid_i,_22505_,-0.0573
data_rvalid_i,_22510_,-0.0573
data_rvalid_i,_22511_,-0.0573
data_rvalid_i,_22517_,-0.0573
data_rvalid_i,_22524_,-0.0573
data_rvalid_i,_22561_,-0.0546
data_rvalid_i,_22562_,-0.0546
data_rvalid_i,_22564_,-0.0546
data_rvalid_i,_22565_,-0.0546
data_rvalid_i,_22497_,-0.0545
data_rvalid_i,_22499_,-0.0545
data_rvalid_i,_22500_,-0.0545
data_rvalid_i,_22595_,-0.0521
data_rvalid_i,_22507_,-0.0518
data_rvalid_i,_22531_,-0.0375
hart_id_i[12],_22679_,-0.0323
hart_id_i[12],_22711_,-0.0323
hart_id_i[12],_22815_,-0.0323
data_rvalid_i,_22515_,-0.0229
data_rvalid_i,_22580_,-0.0066
data_rvalid_i,_22571_,-0.0065
data_rvalid_i,_22501_,-0.0037
data_rvalid_i,_22503_,-0.0037
data_rvalid_i,_22506_,-0.0037
data_rvalid_i,_22509_,-0.0037
data_rvalid_i,_22519_,-0.0037
data_rvalid_i,_22502_,0.0132
data_rvalid_i,_22514_,0.0132
data_rvalid_i,_22516_,0.0132
data_rvalid_i,_22527_,0.0168
hart_id_i[12],_22262_,0.0268
data_rvalid_i,_22535_,0.0422
data_rvalid_i,_22538_,0.0422
data_rvalid_i,_22541_,0.0422
data_rvalid_i,_22559_,0.0669
data_rvalid_i,_22533_,0.0678
data_rvalid_i,_22551_,0.0678
data_rvalid_i,_22555_,0.0678
data_rvalid_i,_22529_,0.0745
data_rvalid_i,_22530_,0.0745
data_rvalid_i,_22532_,0.0745
data_rvalid_i,_22539_,0.0745
data_rvalid_i,_22546_,0.0745
data_rvalid_i,_22547_,0.0745
data_rvalid_i,_22548_,0.0745
irq_fast_i[5],_23039_,0.1048
data_rvalid_i,_22549_,0.1246
data_rvalid_i,_22537_,0.1246
data_rvalid_i,_22556_,0.1251
data_rvalid_i,_22543_,0.1327
irq_fast_i[7],_23041_,0.1477
data_rvalid_i,_22680_,0.1551
data_rvalid_i,_22869_,0.1571
data_rvalid_i,_22816_,0.1582
data_rvalid_i,_22712_,0.1585
data_rvalid_i,_22685_,0.1588
data_rvalid_i,_22673_,0.1596
data_rvalid_i,_22542_,0.1597
irq_fast_i[12],_22695_,0.1611
irq_fast_i[12],_22727_,0.1611
irq_fast_i[12],_22831_,0.1611
irq_fast_i[12],_22879_,0.1611
data_rvalid_i,_22877_,0.1615
data_rvalid_i,_22821_,0.1619
data_rvalid_i,_22717_,0.1623
data_rvalid_i,_22809_,0.1627
data_rvalid_i,_22705_,0.1631
data_rvalid_i,_22693_,0.1686
data_rvalid_i,_22193_,0.1692
data_rvalid_i,_22829_,0.1717
data_rvalid_i,_22725_,0.1721
data_rvalid_i,_22675_,0.1738
data_rvalid_i,_22811_,0.1769
data_rvalid_i,_22707_,0.1773
irq_fast_i[1],_23035_,0.1797
data_rvalid_i,_22670_,0.1914
hart_id_i[15],_22682_,0.1919
hart_id_i[15],_22714_,0.1919
hart_id_i[15],_22818_,0.1919
data_rvalid_i,_22806_,0.1945
data_rvalid_i,_22702_,0.1949
data_rvalid_i,_22871_,0.1953
data_rvalid_i,_22875_,0.1961
data_rvalid_i,_22687_,0.197
data_rvalid_i,_22870_,0.198
data_rvalid_i,_22671_,0.1993
data_rvalid_i,_22686_,0.1997
data_rvalid_i,_22667_,0.1998
data_rvalid_i,_22823_,0.2001
data_rvalid_i,_22719_,0.2005
data_rvalid_i,_22694_,0.2008
data_rvalid_i,_22676_,0.2014
data_rvalid_i,_22677_,0.2015
data_rvalid_i,_22807_,0.2024
data_rvalid_i,_22822_,0.2028
data_rvalid_i,_22703_,0.2028
data_rvalid_i,_22803_,0.2029
data_rvalid_i,_22718_,0.2032
data_rvalid_i,_22884_,0.2032
data_rvalid_i,_22699_,0.2032
data_rvalid_i,_22691_,0.2032
data_rvalid_i,_22830_,0.2039
data_rvalid_i,_22726_,0.2043
data_rvalid_i,_22812_,0.2045
data_rvalid_i,_22813_,0.2046
data_rvalid_i,_22708_,0.2049
data_rvalid_i,_22709_,0.205
data_rvalid_i,_22827_,0.2063
data_rvalid_i,_22723_,0.2067
data_rvalid_i,_22878_,0.2072
irq_fast_i[4],_23160_,0.2248
irq_timer_i,_23025_,0.2275
data_rvalid_i,_22523_,0.2305
hart_id_i[15],_22264_,0.2603
data_rvalid_i,_22668_,0.2834
data_rvalid_i,_22681_,0.2841
data_rvalid_i,_22804_,0.2865
data_rvalid_i,_22700_,0.2868
data_rvalid_i,_22817_,0.2872
data_rvalid_i,_22713_,0.2876
data_rvalid_i,_22534_,0.2912
data_rvalid_i,_22873_,0.2965
data_rvalid_i,_22689_,0.2982
data_rvalid_i,_22672_,0.3
data_rvalid_i,_22669_,0.3
data_rvalid_i,_22825_,0.3013
data_rvalid_i,_22721_,0.3017
data_rvalid_i,_22697_,0.3028
data_rvalid_i,_22808_,0.3031
data_rvalid_i,_22805_,0.3031
data_rvalid_i,_22704_,0.3034
data_rvalid_i,_22701_,0.3034
irq_fast_i[4],_23161_,0.3051
data_rvalid_i,_22833_,0.3059
data_rvalid_i,_22729_,0.3063
data_rvalid_i,_22881_,0.3092
hart_id_i[13],_22263_,0.3243
hart_id_i[12],_23030_,0.3323
irq_fast_i[13],_23047_,0.3971
instr_rvalid_i,_22763_,0.4108
instr_rvalid_i,_22764_,0.4108
instr_rvalid_i,_22765_,0.4108
instr_rvalid_i,_22766_,0.4108
instr_rvalid_i,_22767_,0.4108
instr_rvalid_i,_22768_,0.4108
instr_rvalid_i,_22769_,0.4108
instr_rvalid_i,_22770_,0.4108
instr_rvalid_i,_22771_,0.4108
instr_rvalid_i,_22772_,0.4108
instr_rvalid_i,_22773_,0.4108
instr_rvalid_i,_22774_,0.4108
instr_rvalid_i,_22775_,0.4108
instr_rvalid_i,_22776_,0.4108
instr_rvalid_i,_22777_,0.4108
instr_rvalid_i,_22778_,0.4108
instr_rvalid_i,_22779_,0.4108
instr_rvalid_i,_22780_,0.4108
instr_rvalid_i,_22781_,0.4108
instr_rvalid_i,_22782_,0.4108
instr_rvalid_i,_22783_,0.4108
instr_rvalid_i,_22784_,0.4108
instr_rvalid_i,_22785_,0.4108
instr_rvalid_i,_22786_,0.4108
instr_rvalid_i,_22787_,0.4108
instr_rvalid_i,_22788_,0.4108
instr_rvalid_i,_22789_,0.4108
instr_rvalid_i,_22790_,0.4108
instr_rvalid_i,_22791_,0.4108
instr_rvalid_i,_22792_,0.4108
instr_rvalid_i,_22793_,0.4108
instr_rvalid_i,_22794_,0.4108
instr_rvalid_i,_22802_,0.4108
data_rvalid_i,_22449_,0.421
data_rvalid_i,_22448_,0.4219
data_rvalid_i,_22452_,0.422
data_rvalid_i,_22444_,0.4221
data_rvalid_i,_22453_,0.4223
data_rvalid_i,_22447_,0.4231
data_rvalid_i,_22451_,0.4235
data_rvalid_i,_22265_,0.4406
data_rvalid_i,_22955_,0.4752
instr_rdata_i[21],_22383_,0.4785
data_rvalid_i,_22254_,0.4819
data_rvalid_i,_22796_,0.4955
data_rvalid_i,_22797_,0.4955
instr_rdata_i[26],_22380_,0.4958
data_rvalid_i,_22259_,0.4959
data_rvalid_i,_22255_,0.4996
data_rvalid_i,_22445_,0.5007
data_rvalid_i,_22454_,0.501
data_rvalid_i,_22446_,0.5013
data_rvalid_i,_22495_,0.5062
data_rvalid_i,_22795_,0.5125
data_rvalid_i,_22799_,0.5125
data_rvalid_i,_22443_,0.513
data_rvalid_i,_22266_,0.5439
instr_rdata_i[28],_22379_,0.5603
instr_rdata_i[21],_22382_,0.5635
data_rvalid_i,_22260_,0.5803
data_rvalid_i,_22261_,0.5864
data_rvalid_i,_22441_,0.5927
hart_id_i[3],_22798_,0.6095
instr_rdata_i[26],_22381_,0.641
hart_id_i[13],_23031_,0.6529
hart_id_i[24],_23042_,0.6846
irq_fast_i[4],_23164_,0.6849
irq_fast_i[12],_23046_,0.6896
data_rvalid_i,_23128_,0.6995
irq_fast_i[10],_23044_,0.7003
irq_fast_i[4],_23165_,0.7185
data_rvalid_i,_23122_,0.7358
data_rvalid_i,_23130_,0.797
data_rvalid_i,_22464_,0.813
data_rvalid_i,_22456_,0.8131
data_rvalid_i,_22460_,0.8132
data_rvalid_i,_22457_,0.8135
data_rvalid_i,_22463_,0.814
irq_fast_i[4],_23162_,0.8335
data_rvalid_i,_23028_,0.8972
data_rvalid_i,_23026_,0.8996
data_rvalid_i,_23037_,0.9062
data_rvalid_i,_23022_,0.9352
irq_fast_i[4],_23143_,0.9382
hart_id_i[15],_23033_,0.9419
data_rvalid_i,_22465_,0.9642
irq_fast_i[4],_23163_,0.9837
data_rvalid_i,_23145_,0.9914
data_rvalid_i,_23019_,1.0284
data_rvalid_i,_23123_,1.0351
data_rvalid_i,_23018_,1.0367
data_rvalid_i,_23023_,1.0367
data_rvalid_i,_23027_,1.0367
data_rvalid_i,_22436_,1.042
data_rvalid_i,_23020_,1.0444
data_rvalid_i,_23032_,1.0444
data_rvalid_i,_23021_,1.0462
irq_fast_i[2],_22625_,1.1026
irq_fast_i[2],_22626_,1.1026
irq_fast_i[2],_22627_,1.1026
irq_fast_i[2],_22628_,1.1026
irq_fast_i[2],_22629_,1.1026
irq_fast_i[2],_22630_,1.1026
irq_fast_i[2],_22631_,1.1026
irq_fast_i[2],_22664_,1.1026
data_rvalid_i,_23024_,1.1082
data_rvalid_i,_23036_,1.1082
data_rvalid_i,_23040_,1.1082
data_rvalid_i,_23045_,1.1121
data_rvalid_i,_23048_,1.1121
data_rvalid_i,_23038_,1.1139
instr_rdata_i[29],_22398_,1.2026
data_rvalid_i,_23125_,1.2425
data_rvalid_i,_22468_,1.3556
data_rvalid_i,_22469_,1.3556
data_rvalid_i,_22470_,1.3556
data_rvalid_i,_22471_,1.3556
data_rvalid_i,_22472_,1.3556
data_rvalid_i,_22473_,1.3556
data_rvalid_i,_22474_,1.3556
data_rvalid_i,_22475_,1.3556
data_rvalid_i,_22476_,1.3556
data_rvalid_i,_22477_,1.3556
data_rvalid_i,_22478_,1.3556
data_rvalid_i,_22479_,1.3556
data_rvalid_i,_22480_,1.3556
data_rvalid_i,_22481_,1.3556
data_rvalid_i,_22482_,1.3556
data_rvalid_i,_22483_,1.3556
data_rvalid_i,_22484_,1.3556
data_rvalid_i,_22485_,1.3556
data_rvalid_i,_22486_,1.3556
data_rvalid_i,_22487_,1.3556
instr_rdata_i[28],_22397_,1.3752
data_gnt_i,_22494_,1.3975
irq_fast_i[2],_22665_,1.4172
irq_fast_i[2],_22666_,1.4179
instr_rdata_i[22],_22391_,1.4189
irq_fast_i[4],_23119_,1.4333
irq_fast_i[4],_23120_,1.4333
instr_rdata_i[23],_22392_,1.4441
instr_rdata_i[24],_22393_,1.4539
instr_rdata_i[31],_22400_,1.4713
instr_rdata_i[19],_22388_,1.5039
instr_rdata_i[18],_22387_,1.5137
data_rvalid_i,_22369_,1.557
instr_rdata_i[21],_22390_,1.5899
instr_rdata_i[26],_22395_,1.6331
data_rvalid_i,_22488_,1.6488
data_rvalid_i,_22489_,1.6488
data_rvalid_i,_22490_,1.6488
data_rvalid_i,_22491_,1.6488
instr_rdata_i[25],_22394_,1.6841
instr_rdata_i[17],_22433_,1.7233
data_rvalid_i,_22368_,1.7243
data_rvalid_i,_22370_,1.7512
irq_fast_i[4],_23051_,1.7616
instr_rdata_i[20],_22389_,1.7812
instr_rdata_i[27],_22396_,1.8285
instr_rdata_i[30],_22399_,1.8421
data_gnt_i,_22492_,1.9118
data_rvalid_i,_22372_,2.0034
data_rvalid_i,_23150_,2.057
data_gnt_i,_22371_,2.1226
data_rvalid_i,_23086_,2.1234
data_gnt_i,_22493_,2.1503
data_gnt_i,_24197_,2.1517
data_gnt_i,_24198_,2.1517
data_rvalid_i,_23147_,2.1775
irq_fast_i[4],_23129_,2.1878
instr_err_i,_22434_,2.204
instr_rdata_i[3],_22921_,2.2446
instr_rdata_i[10],_22928_,2.2446
instr_rdata_i[0],_22918_,2.2463
instr_rdata_i[13],_22931_,2.2483
instr_rdata_i[2],_22837_,2.2597
