Start Point, End Point, WNS (ns)
_22449_,_23002_,-484.8247
_22449_,_23014_,-472.7131
_22449_,_23010_,-472.1408
_22447_,_23007_,-472.0488
_22449_,_23006_,-471.6791
_22447_,_23003_,-471.4311
_22447_,_22999_,-471.0298
_22436_,_22994_,-469.8894
_22449_,_23004_,-456.1156
_22436_,_22995_,-455.9456
_22436_,_22991_,-454.7543
_22436_,_22996_,-454.4354
_22449_,instr_addr_o[16],-436.0064
_22449_,instr_addr_o[28],-423.9159
_22449_,instr_addr_o[24],-423.3668
_22447_,instr_addr_o[21],-423.2953
_22449_,instr_addr_o[20],-422.8587
_22447_,instr_addr_o[17],-422.6776
_22447_,instr_addr_o[13],-422.2763
_22436_,instr_addr_o[8],-421.1153
_22449_,instr_addr_o[18],-407.3083
_22436_,instr_addr_o[9],-407.1921
_22436_,instr_addr_o[5],-405.9849
_22436_,instr_addr_o[10],-405.6115
_22449_,_23015_,-402.0286
_22449_,_23011_,-382.7278
_22449_,_23017_,-359.3912
_22449_,instr_addr_o[29],-353.1627
_22449_,_23012_,-349.7925
_22449_,instr_addr_o[25],-333.8333
_22449_,_23016_,-327.8909
_22449_,_23008_,-326.657
_22447_,_23000_,-325.6567
_22436_,_22992_,-324.5501
_22436_,_22989_,-324.2761
_22436_,_22990_,-324.2689
_22436_,_22988_,-324.0173
_22449_,instr_addr_o[31],-310.5307
_22449_,instr_addr_o[26],-300.9454
_22449_,instr_addr_o[30],-279.0864
_22449_,_23013_,-278.4626
_22449_,instr_addr_o[22],-277.8487
_22436_,_22998_,-276.8669
_22447_,instr_addr_o[14],-276.8494
_22436_,_22997_,-275.9615
_22436_,instr_addr_o[6],-275.6456
_22436_,instr_addr_o[4],-275.3652
_22436_,instr_addr_o[3],-275.3462
_22436_,instr_addr_o[2],-275.0964
_22436_,data_be_o[2],-272.3599
_22436_,data_be_o[3],-272.188
_22436_,data_wdata_o[1],-272.1585
_22449_,instr_addr_o[27],-269.5331
_22436_,instr_addr_o[12],-267.9356
_22436_,instr_addr_o[11],-267.0324
_22449_,_23001_,-261.4511
_22436_,_22993_,-259.1721
_22436_,_22267_,-252.5966
_22436_,_22268_,-252.5966
_22436_,_22269_,-252.5966
_22436_,_22270_,-252.5966
_22436_,_22271_,-252.5966
_22436_,_22272_,-252.5966
_22436_,_22273_,-252.5966
_22436_,_22274_,-252.5966
_22436_,_22275_,-252.5966
_22436_,_22276_,-252.5966
_22436_,_22277_,-252.5966
_22436_,_22278_,-252.5966
_22436_,_22279_,-252.5966
_22436_,_22280_,-252.5966
_22436_,_22281_,-252.5966
_22436_,_22282_,-252.5966
_22436_,_22283_,-252.5966
_22436_,_22284_,-252.5966
_22436_,_22285_,-252.5966
_22436_,_22286_,-252.5966
_22436_,_22287_,-252.5966
_22436_,_22288_,-252.5966
_22436_,_22289_,-252.5966
_22436_,_22290_,-252.5966
_22436_,_22291_,-252.5966
_22436_,_22292_,-252.5966
_22436_,_22293_,-252.5966
_22436_,_22294_,-252.5966
_22436_,_22295_,-252.5966
_22436_,_22296_,-252.5966
_22436_,_22297_,-252.5966
_22436_,_22384_,-252.5966
_22436_,_22385_,-252.5966
_22436_,_22386_,-252.5966
_22436_,_22387_,-252.5966
_22436_,_22388_,-252.5966
_22436_,_22389_,-252.5966
_22436_,_22390_,-252.5966
_22436_,_22391_,-252.5966
_22436_,_22392_,-252.5966
_22436_,_22393_,-252.5966
_22436_,_22394_,-252.5966
_22436_,_22395_,-252.5966
_22436_,_22396_,-252.5966
_22436_,_22397_,-252.5966
_22436_,_22398_,-252.5966
_22436_,_22399_,-252.5966
_22436_,_22400_,-252.5966
_22436_,_22401_,-252.5966
_22436_,_22402_,-252.5966
_22436_,_22403_,-252.5966
_22436_,_22404_,-252.5966
_22436_,_22405_,-252.5966
_22436_,_22406_,-252.5966
_22436_,_22407_,-252.5966
_22436_,_22408_,-252.5966
_22436_,_22409_,-252.5966
_22436_,_22410_,-252.5966
_22436_,_22411_,-252.5966
_22436_,_22412_,-252.5966
_22436_,_22413_,-252.5966
_22436_,_22414_,-252.5966
_22436_,_22415_,-252.5966
_22436_,_22416_,-252.5966
_22436_,_22417_,-252.5966
_22436_,_22418_,-252.5966
_22436_,_22419_,-252.5966
_22436_,_22420_,-252.5966
_22436_,_22421_,-252.5966
_22436_,_22422_,-252.5966
_22436_,_22423_,-252.5966
_22436_,_22424_,-252.5966
_22436_,_22425_,-252.5966
_22436_,_22426_,-252.5966
_22436_,_22427_,-252.5966
_22436_,_22428_,-252.5966
_22436_,_22429_,-252.5966
_22436_,_22430_,-252.5966
_22436_,_22431_,-252.5966
_22436_,_22432_,-252.5966
_22436_,_22433_,-252.5966
_22436_,_22434_,-252.5966
_22436_,_22435_,-252.5966
_22449_,instr_addr_o[15],-252.5166
_22436_,_23156_,-252.268
_22436_,_22892_,-251.3939
_22436_,_22895_,-251.3939
_22436_,_22897_,-251.3938
_22436_,_22899_,-251.394
_22436_,_22902_,-251.3939
_22436_,_22903_,-251.394
_22436_,_22904_,-251.394
_22436_,_22907_,-251.394
_22436_,_22835_,-251.198
_22436_,_22836_,-251.198
_22436_,_22837_,-251.198
_22436_,_22838_,-251.198
_22436_,_22839_,-251.198
_22436_,_22840_,-251.198
_22436_,_22841_,-251.198
_22436_,_22842_,-251.198
_22436_,_22843_,-251.198
_22436_,_22844_,-251.198
_22436_,_22845_,-251.198
_22436_,_22846_,-251.198
_22436_,_22847_,-251.198
_22436_,_22848_,-251.198
_22436_,_22849_,-251.198
_22436_,_22850_,-251.198
_22436_,_22851_,-251.198
_22436_,_22852_,-251.198
_22436_,_22853_,-251.198
_22436_,_22854_,-251.198
_22436_,_22855_,-251.198
_22436_,_22856_,-251.198
_22436_,_22857_,-251.198
_22436_,_22858_,-251.198
_22436_,_22859_,-251.198
_22436_,_22860_,-251.198
_22436_,_22861_,-251.198
_22436_,_22862_,-251.198
_22436_,_22863_,-251.198
_22436_,_22864_,-251.198
_22436_,_22865_,-251.198
_22436_,_22866_,-251.198
_22436_,_22885_,-251.198
_22436_,_22918_,-251.198
_22436_,_22919_,-251.198
_22436_,_22920_,-251.198
_22436_,_22921_,-251.198
_22436_,_22922_,-251.198
_22436_,_22923_,-251.198
_22436_,_22924_,-251.198
_22436_,_22925_,-251.198
_22436_,_22926_,-251.198
_22436_,_22927_,-251.198
_22436_,_22928_,-251.198
_22436_,_22929_,-251.198
_22436_,_22930_,-251.198
_22436_,_22931_,-251.198
_22436_,_22932_,-251.198
_22436_,_22933_,-251.198
_22436_,_22934_,-251.198
_22436_,_22935_,-251.198
_22436_,_22936_,-251.198
_22436_,_22937_,-251.198
_22436_,_22938_,-251.198
_22436_,_22939_,-251.198
_22436_,_22940_,-251.198
_22436_,_22941_,-251.198
_22436_,_22942_,-251.198
_22436_,_22943_,-251.198
_22436_,_22944_,-251.198
_22436_,_22945_,-251.198
_22436_,_22946_,-251.198
_22436_,_22947_,-251.198
_22436_,_22948_,-251.198
_22436_,_22949_,-251.198
_22436_,_22956_,-251.198
_22436_,_22889_,-251.1184
_22436_,_22916_,-251.1184
_22436_,_22887_,-251.1033
_22436_,_22888_,-251.1033
_22436_,_22911_,-251.078
_22436_,_22912_,-251.078
_22436_,_22894_,-250.828
_22436_,_22896_,-250.8279
_22436_,_22898_,-250.8279
_22436_,_22900_,-250.828
_22436_,_22901_,-250.828
_22436_,_22906_,-250.828
_22436_,_22913_,-250.828
_22436_,_22890_,-250.8014
_22436_,_22496_,-250.6801
_22436_,_22914_,-250.3834
_22436_,_22917_,-250.3834
_22436_,instr_addr_o[7],-250.2354
_22436_,_22731_,-249.8792
_22436_,_22732_,-249.8792
_22436_,_22733_,-249.8792
_22436_,_22734_,-249.8792
_22436_,_22735_,-249.8792
_22436_,_22736_,-249.8792
_22436_,_22737_,-249.8792
_22436_,_22738_,-249.8792
_22436_,_22739_,-249.8792
_22436_,_22740_,-249.8792
_22436_,_22741_,-249.8792
_22436_,_22742_,-249.8792
_22436_,_22743_,-249.8792
_22436_,_22744_,-249.8792
_22436_,_22745_,-249.8792
_22436_,_22746_,-249.8792
_22436_,_22747_,-249.8792
_22436_,_22748_,-249.8792
_22436_,_22749_,-249.8792
_22436_,_22750_,-249.8792
_22436_,_22751_,-249.8792
_22436_,_22752_,-249.8792
_22436_,_22753_,-249.8792
_22436_,_22754_,-249.8792
_22436_,_22755_,-249.8792
_22436_,_22756_,-249.8792
_22436_,_22757_,-249.8792
_22436_,_22758_,-249.8792
_22436_,_22759_,-249.8792
_22436_,_22760_,-249.8792
_22436_,_22761_,-249.8374
_22436_,_22762_,-249.8373
_22436_,_22893_,-249.7426
_22436_,_22891_,-249.5172
_22436_,_22905_,-249.5172
_22436_,_22908_,-249.5172
_22436_,_22909_,-249.5172
_22436_,_22910_,-249.5172
_22436_,_22915_,-249.5172
_22436_,_22957_,-249.5148
_22436_,_22958_,-249.5148
_22436_,_22959_,-249.5148
_22436_,_22960_,-249.5148
_22436_,_22961_,-249.5148
_22436_,_22962_,-249.5148
_22436_,_22963_,-249.5148
_22436_,_22964_,-249.5148
_22436_,_22965_,-249.5148
_22436_,_22966_,-249.5148
_22436_,_22967_,-249.5148
_22436_,_22968_,-249.5148
_22436_,_22969_,-249.5148
_22436_,_22970_,-249.5148
_22436_,_22971_,-249.5148
_22436_,_22972_,-249.5148
_22436_,_22973_,-249.5148
_22436_,_22974_,-249.5148
_22436_,_22975_,-249.5148
_22436_,_22976_,-249.5148
_22436_,_22977_,-249.5148
_22436_,_22978_,-249.5148
_22436_,_22979_,-249.5148
_22436_,_22980_,-249.5148
_22436_,_22981_,-249.5148
_22436_,_22982_,-249.5148
_22436_,_22983_,-249.5148
_22436_,_22984_,-249.5148
_22436_,_22985_,-249.5148
_22436_,_22986_,-249.5148
_22436_,_22987_,-249.5148
_22436_,_22536_,-249.4175
_22436_,_22886_,-249.3702
_22436_,_23157_,-249.3572
_22436_,_23158_,-249.3572
_22436_,_23135_,-249.3489
_22436_,_22498_,-249.3357
_22436_,_22602_,-249.3303
_22436_,_22603_,-249.3303
_22436_,_22604_,-249.3303
_22436_,_22605_,-249.3303
_22436_,_22606_,-249.3303
_22436_,_22607_,-249.3303
_22436_,_22608_,-249.3303
_22436_,_22609_,-249.3303
_22436_,_22610_,-249.3303
_22436_,_22611_,-249.3303
_22436_,_22612_,-249.3303
_22436_,_22613_,-249.3303
_22436_,_22614_,-249.3303
_22436_,_22615_,-249.3303
_22436_,_22616_,-249.3303
_22436_,_22617_,-249.3303
_22436_,_22618_,-249.3303
_22436_,_22619_,-249.3303
_22436_,_22620_,-249.3303
_22436_,_22621_,-249.3303
_22436_,_22593_,-249.3297
_22436_,_22594_,-249.3297
_22436_,_22596_,-249.3297
_22436_,_22597_,-249.3297
_22436_,_22598_,-249.3297
_22436_,_22599_,-249.3297
_22436_,_22600_,-249.3297
_22436_,_22601_,-249.3297
_22436_,_22379_,-249.3246
_22436_,_22380_,-249.3246
_22436_,_22381_,-249.3246
_22436_,_22382_,-249.3246
_22436_,_22383_,-249.3246
_22436_,_22624_,-249.3126
_22436_,_22570_,-249.3116
_22436_,_22568_,-249.3102
_22436_,_22569_,-249.3102
_22436_,_22622_,-249.3063
_22436_,_22623_,-249.3063
_22436_,_22566_,-249.3052
_22436_,_22567_,-249.3052
_22436_,_22572_,-249.3052
_22436_,_22573_,-249.3052
_22436_,_22574_,-249.3052
_22436_,_22575_,-249.3052
_22436_,_22576_,-249.3052
_22436_,_22578_,-249.3052
_22436_,_22579_,-249.3052
_22436_,_22581_,-249.3052
_22436_,_22582_,-249.3052
_22436_,_22583_,-249.3052
_22436_,_22584_,-249.3052
_22436_,_22585_,-249.3052
_22436_,_22586_,-249.3052
_22436_,_22587_,-249.3052
_22436_,_22588_,-249.3052
_22436_,_22589_,-249.3052
_22436_,_22590_,-249.3052
_22436_,_22591_,-249.3052
_22436_,_22563_,-249.3038
_22436_,_22505_,-249.3034
_22436_,_22508_,-249.3034
_22436_,_22510_,-249.3034
_22436_,_22511_,-249.3034
_22436_,_22517_,-249.3034
_22436_,_22524_,-249.3034
_22436_,_22525_,-249.3034
_22436_,_22497_,-249.3006
_22436_,_22499_,-249.3006
_22436_,_22500_,-249.3006
_22436_,_22561_,-249.3006
_22436_,_22562_,-249.3006
_22436_,_22564_,-249.3006
_22436_,_22565_,-249.3006
_22436_,_22595_,-249.2982
_22436_,_22507_,-249.2979
_22436_,_22531_,-249.2836
_22436_,_22592_,-249.2833
_22436_,_22518_,-249.2716
_22436_,_22513_,-249.269
_22436_,_22515_,-249.269
_22436_,_22545_,-249.269
_22436_,_22198_,-249.268
_22436_,_23141_,-249.2547
_22436_,_22571_,-249.2525
_22436_,_22577_,-249.2525
_22436_,_22580_,-249.2527
_22436_,_22199_,-249.2509
_22436_,_22501_,-249.2496
_22436_,_22503_,-249.2496
_22436_,_22506_,-249.2496
_22436_,_22509_,-249.2496
_22436_,_22512_,-249.2496
_22436_,_22519_,-249.2496
_22436_,_22502_,-249.2328
_22436_,_22504_,-249.2328
_22436_,_22514_,-249.2328
_22436_,_22516_,-249.2328
_22436_,_22219_,-249.2294
_22436_,_22522_,-249.2292
_22436_,_22527_,-249.2292
_22436_,_22528_,-249.2292
_22436_,_22211_,-249.2267
_22436_,_22207_,-249.224
_22436_,_22195_,-249.2132
_22436_,_22194_,-249.2126
_22436_,_22535_,-249.2039
_22436_,_22538_,-249.2039
_22436_,_22541_,-249.2039
_22436_,_23138_,-249.1939
_22436_,_22377_,-249.1846
_22436_,_22554_,-249.1792
_22436_,_22559_,-249.1792
_22436_,_22560_,-249.1792
_22436_,_22533_,-249.1783
_22436_,_22551_,-249.1783
_22436_,_22555_,-249.1783
_22436_,_22376_,-249.1778
_22436_,_22529_,-249.1715
_22436_,_22530_,-249.1715
_22436_,_22532_,-249.1715
_22436_,_22539_,-249.1715
_22436_,_22546_,-249.1715
_22436_,_22547_,-249.1715
_22436_,_22548_,-249.1715
_22436_,_22550_,-249.1715
_22436_,_23136_,-249.1628
_22436_,_22204_,-249.1584
_22436_,_22201_,-249.1578
_22436_,_22202_,-249.1579
_22436_,_22217_,-249.1579
_22436_,_22203_,-249.1576
_22436_,_22205_,-249.1575
_22436_,_22208_,-249.1576
_22436_,_22218_,-249.1576
_22436_,_22209_,-249.1573
_22436_,_22210_,-249.1574
_22436_,_22213_,-249.1574
_22436_,_22378_,-249.1573
_22436_,_22521_,-249.155
_22436_,_22520_,-249.1544
_22436_,_22206_,-249.1416
_22436_,_22222_,-249.1291
_22436_,_22197_,-249.1274
_22436_,_22544_,-249.1241
_22436_,_22553_,-249.1217
_22436_,_22537_,-249.1214
_22436_,_22549_,-249.1214
_22436_,_22552_,-249.1211
_22436_,_22556_,-249.1209
_22436_,_22543_,-249.1133
_22436_,_22680_,-249.0909
_22436_,_22678_,-249.0906
_22436_,_22876_,-249.0907
_22436_,_22869_,-249.0888
_22436_,_22867_,-249.0882
_22436_,_22816_,-249.0878
_22436_,_22712_,-249.0874
_22436_,_22814_,-249.0875
_22436_,_22685_,-249.0871
_22436_,_22710_,-249.0871
_22436_,_22540_,-249.0863
_22436_,_22542_,-249.0864
_22436_,_22673_,-249.0864
_22436_,_22683_,-249.0865
_22436_,_22877_,-249.0845
_22436_,_22821_,-249.084
_22436_,_22692_,-249.0836
_22436_,_22717_,-249.0837
_22436_,_22809_,-249.0833
_22436_,_22819_,-249.0834
_22436_,_22679_,-249.083
_22436_,_22705_,-249.0829
_22436_,_22715_,-249.083
_22436_,_22557_,-249.0819
_22436_,_22558_,-249.0819
_22436_,_22828_,-249.0805
_22436_,_22724_,-249.0801
_22436_,_22815_,-249.0799
_22436_,_22711_,-249.0795
_22436_,_22882_,-249.0788
_22436_,_22693_,-249.0774
_22436_,_22193_,-249.0768
_22436_,_23140_,-249.0766
_22436_,_22829_,-249.0743
_22436_,_22725_,-249.0739
_22436_,_22675_,-249.0721
_22436_,_23159_,-249.0703
_22436_,_22811_,-249.069
_22436_,_22707_,-249.0686
_22436_,_22674_,-249.0683
_22436_,_22810_,-249.0652
_22436_,_22706_,-249.0649
_22436_,_22883_,-249.0565
_22436_,_22670_,-249.0546
_22436_,_22868_,-249.0546
_22436_,_23139_,-249.0545
_22436_,_22684_,-249.0529
_22436_,_22874_,-249.0518
_22436_,_22806_,-249.0515
_22436_,_22702_,-249.0511
_22436_,_22871_,-249.0507
_22436_,_22820_,-249.0498
_22436_,_22875_,-249.0498
_22436_,_22716_,-249.0495
_22436_,_22687_,-249.049
_22436_,_22870_,-249.048
_22436_,_22671_,-249.0467
_22436_,_22667_,-249.0462
_22436_,_22686_,-249.0463
_22436_,_22823_,-249.0459
_22436_,_22214_,-249.0455
_22436_,_22220_,-249.0455
_22436_,_22719_,-249.0455
_22436_,_22200_,-249.0452
_22436_,_22212_,-249.0452
_22436_,_22215_,-249.0452
_22436_,_22223_,-249.0454
_22436_,_22694_,-249.0452
_22436_,_22216_,-249.045
_22436_,_22221_,-249.045
_22436_,_22676_,-249.0446
_22436_,_22677_,-249.0445
_22436_,_22690_,-249.0447
_22436_,_22682_,-249.0436
_22436_,_22807_,-249.0436
_22436_,_22703_,-249.0432
_22436_,_22803_,-249.0431
_22436_,_22822_,-249.0432
_22436_,_22691_,-249.0427
_22436_,_22699_,-249.0427
_22436_,_22718_,-249.0428
_22436_,_22884_,-249.0428
_22436_,_22695_,-249.0424
_22436_,_22696_,-249.0423
_22436_,_22830_,-249.0421
_22436_,_22726_,-249.0417
_22436_,_22812_,-249.0415
_22436_,_22813_,-249.0414
_22436_,_22826_,-249.0416
_22436_,_22708_,-249.0411
_22436_,_22709_,-249.0411
_22436_,_22722_,-249.0412
_22436_,_22818_,-249.0405
_22436_,_22714_,-249.0401
_22436_,_22827_,-249.0397
_22436_,_22723_,-249.0393
_22436_,_22831_,-249.0394
_22436_,_22727_,-249.039
_22436_,_22832_,-249.0392
_22436_,_22728_,-249.0388
_22436_,_22878_,-249.0388
_22436_,_23142_,-249.0371
_22436_,_22879_,-249.0361
_22436_,_22880_,-249.0359
_22436_,_22523_,-249.0155
_22436_,_22526_,-249.0155
_22436_,_22374_,-249.0132
_22436_,_22176_,-248.985
_22436_,_22196_,-248.9837
_22436_,_22180_,-248.9834
_22436_,_22189_,-248.9823
_22436_,_22190_,-248.981
_22436_,_23137_,-248.981
_22436_,_22185_,-248.9806
_22436_,_22169_,-248.9799
_22436_,_22181_,-248.9799
_22436_,_22184_,-248.9795
_22436_,_22178_,-248.9791
_22436_,_22188_,-248.9791
_22436_,_22173_,-248.9782
_22436_,_22187_,-248.9769
_22436_,_22174_,-248.9765
_22436_,_22186_,-248.9765
_22436_,_22177_,-248.9762
_22436_,_22179_,-248.9757
_22436_,_22172_,-248.9746
_22436_,_22375_,-248.9678
_22436_,_22668_,-248.9626
_22436_,_22681_,-248.9619
_22436_,_22804_,-248.9595
_22436_,_22700_,-248.9592
_22436_,_22817_,-248.9588
_22436_,_22713_,-248.9584
_22436_,_22175_,-248.9578
_22436_,_22534_,-248.9548
_22436_,_22183_,-248.9515
_22436_,_22873_,-248.9494
_22436_,_22689_,-248.9478
_22436_,_22669_,-248.946
_22436_,_22672_,-248.946
_22436_,_22698_,-248.9446
_22436_,_22825_,-248.9447
_22436_,_22721_,-248.9443
_22436_,_22191_,-248.9434
_22436_,_22697_,-248.9432
_22436_,_22805_,-248.9429
_22436_,_22808_,-248.9429
_22436_,_22701_,-248.9426
_22436_,_22704_,-248.9426
_22436_,_22834_,-248.9415
_22436_,_22730_,-248.9411
_22436_,_22833_,-248.9401
_22436_,_22729_,-248.9397
_22436_,_22881_,-248.9368
_22436_,_22953_,-248.9101
_22436_,_22952_,-248.9059
_22436_,_22954_,-248.8758
_22436_,_22170_,-248.8439
_22436_,_22171_,-248.8438
_22436_,_22182_,-248.8409
_22436_,_22872_,-248.8379
_22436_,_22688_,-248.8361
_22436_,_22824_,-248.8331
_22436_,_22720_,-248.8327
_22436_,_22265_,-248.8054
_22436_,_22950_,-248.8
_22436_,_22263_,-248.7958
_22436_,_22262_,-248.7875
_22436_,_22955_,-248.7708
_22436_,_22254_,-248.7641
_22436_,_22796_,-248.7506
_22436_,_22797_,-248.7506
_22436_,_22259_,-248.7502
_22436_,_22255_,-248.7464
_22436_,_22264_,-248.7462
_22436_,_22495_,-248.7398
_22436_,_22795_,-248.7335
_22436_,_22799_,-248.7335
_22436_,_22800_,-248.7335
_22436_,_22801_,-248.7335
_22436_,_22192_,-248.7129
_22436_,_22266_,-248.7021
_22436_,_22951_,-248.6857
_22436_,_22260_,-248.6657
_22436_,_22261_,-248.6596
_22436_,_22798_,-248.6358
_22436_,_23128_,-248.5472
_22436_,_23122_,-248.5108
_22436_,_23130_,-248.4497
_22436_,_23145_,-248.2553
_22436_,_23123_,-248.2116
_22436_,_23125_,-248.0043
_22436_,_23018_,-247.6791
_22436_,_23086_,-247.5227
_22436_,_23146_,-247.4786
_22436_,_22330_,-246.8279
_22436_,_23132_,-246.8206
_22436_,_23133_,-246.6067
_22447_,_23039_,-239.8385
_22436_,_22253_,-239.7002
_22436_,_22252_,-239.6808
_22436_,_22251_,-239.4859
_22436_,_22250_,-239.1744
_22449_,_23079_,-239.1696
_22436_,_22249_,-239.0022
_22436_,_22248_,-238.9722
_22436_,_23060_,-238.9656
_22449_,_23076_,-238.817
_22436_,_22247_,-238.7538
_22436_,_22246_,-238.4442
_22436_,_22245_,-238.2722
_22436_,_22244_,-238.2419
_22449_,_22983_,-238.0496
_22436_,_22243_,-238.0261
_22449_,_23080_,-238.0195
_22436_,_22242_,-237.7108
_22449_,_23081_,-237.6493
_22436_,_22241_,-237.5402
_22436_,_22240_,-237.5098
_22447_,_23073_,-237.4936
_22436_,_22239_,-237.2968
_22436_,_22238_,-237.1979
_22449_,_23033_,-237.0831
_22436_,_22237_,-237.0396
_22436_,_22236_,-237.008
_22447_,_23074_,-236.9787
_22436_,_23063_,-236.9656
_22449_,_23072_,-236.9362
_22436_,_22235_,-236.7348
_22449_,_23067_,-236.6884
_22436_,_22234_,-236.4953
_22447_,_23069_,-236.4661
_22447_,_23070_,-236.2381
_22436_,_22968_,-236.211
_22449_,_22972_,-236.1219
_22449_,_22463_,-236.0005
_22447_,_23065_,-235.9596
_22447_,_23066_,-235.8935
_22449_,_23114_,-235.8472
_22449_,_22464_,-235.8293
_22449_,_23115_,-235.6763
_22436_,_22233_,-235.6012
_22436_,_22967_,-235.5884
_22449_,_23068_,-235.4132
_22449_,_22460_,-235.2678
_22447_,_22457_,-235.1267
_22449_,_23111_,-235.115
_22436_,_23064_,-235.003
_22447_,_23108_,-234.9732
_22436_,_23059_,-234.7357
_22449_,_22456_,-234.7217
_22449_,_23107_,-234.5682
_22447_,_22453_,-234.3648
_22449_,_22451_,-234.277
_22447_,_23104_,-234.2118
_22449_,_23077_,-234.2002
_22449_,_23102_,-234.1236
_22449_,_22452_,-234.0966
_22449_,_23103_,-233.9436
_22447_,_22449_,-233.8405
_22447_,_23100_,-233.6875
_22436_,_22448_,-233.4636
_22436_,_22447_,-233.4551
_22436_,_23099_,-233.3108
_22436_,_23098_,-233.3023
_22436_,_22444_,-232.9104
_22436_,_23095_,-232.7572
_22436_,_22443_,-232.4323
_22436_,_23094_,-232.2796
_22436_,_23061_,-231.7469
_22449_,_22325_,-226.4002
_22449_,_23045_,-226.3513
_22449_,_22326_,-226.2394
_22449_,_22322_,-225.6857
_22436_,data_be_o[0],-225.6051
_22447_,_22319_,-225.5179
_22449_,_22318_,-225.1131
_22447_,_22315_,-224.7765
_22449_,_22313_,-224.6741
_22449_,_22314_,-224.5045
_22447_,_22311_,-224.2516
_22449_,_22984_,-224.1204
_22436_,_22310_,-223.8805
_22436_,_22309_,-223.8716
_22436_,_23030_,-223.7609
_22449_,_23046_,-223.7288
_22449_,_22980_,-223.5895
_22447_,_22977_,-223.5384
_22436_,_22306_,-223.3147
_22449_,_22976_,-223.0163
_22449_,_23042_,-222.8894
_22436_,_22305_,-222.8491
_22447_,_22973_,-222.5771
_22449_,_23038_,-222.2065
_22447_,_22969_,-222.1733
_22436_,_22232_,-221.8265
_22436_,_22231_,-221.7741
_22449_,_23071_,-221.7173
_22447_,_23035_,-221.6037
_22449_,_23034_,-221.5368
_22436_,_22230_,-221.4497
_22436_,_22964_,-221.3807
_22447_,_23031_,-221.3363
_22449_,_22971_,-221.0151
_22436_,_23026_,-220.7012
_22436_,_23029_,-220.7006
_22436_,_23025_,-219.9237
_22436_,_23062_,-219.7868
_22449_,_22454_,-219.52
_22449_,_23105_,-219.3927
_22436_,_23057_,-219.3297
_22449_,data_addr_o[27],-219.2507
_22449_,data_addr_o[28],-219.0981
_22436_,_23096_,-218.8413
_22436_,_22963_,-218.8029
_22436_,_22229_,-218.782
_22449_,data_addr_o[24],-218.5508
_22447_,data_addr_o[21],-218.3615
_22449_,data_addr_o[20],-217.9567
_22436_,_22446_,-217.7826
_22436_,_22445_,-217.6716
_22436_,_23097_,-217.655
_22447_,data_addr_o[17],-217.6364
_22449_,data_addr_o[15],-217.5223
_22449_,data_addr_o[16],-217.3614
_22447_,data_addr_o[13],-217.111
_22436_,data_addr_o[12],-216.7446
_22436_,data_addr_o[11],-216.7355
_22436_,_22441_,-216.4696
_22436_,_23092_,-216.3421
_22436_,data_addr_o[8],-216.1687
_22436_,data_addr_o[7],-215.7132
_22436_,_23058_,-215.1763
_22449_,_22316_,-210.7841
_22436_,_23027_,-209.6025
_22436_,_22308_,-209.0376
_22436_,_22307_,-208.924
_22449_,_23036_,-208.2076
_22436_,_22303_,-207.7266
_22449_,_22974_,-207.4348
_22436_,_22965_,-207.0441
_22436_,_22228_,-206.4944
_22436_,_22227_,-206.4232
_22436_,_23028_,-206.147
_22436_,_22961_,-205.8388
_22436_,_22966_,-205.715
_22436_,_23023_,-204.9953
_22449_,data_addr_o[18],-204.3267
_22436_,data_addr_o[10],-202.5728
_22436_,data_addr_o[9],-202.4571
_22436_,data_addr_o[5],-201.2634
_22449_,_23082_,-161.6978
_22449_,_22465_,-159.3702
_22449_,_23116_,-159.3473
_22449_,_22327_,-154.0142
_22449_,_23047_,-153.031
_22449_,_22985_,-152.8182
_22449_,data_addr_o[29],-150.4145
_22424_,_22373_,-149.5905
_22449_,_22987_,-147.6655
_22449_,_23118_,-147.4528
_22449_,_23084_,-145.3666
_22449_,_23083_,-144.4652
_22436_,data_be_o[1],-139.4506
_22424_,data_req_o,-136.7604
_22436_,_23020_,-133.6823
_22449_,_22981_,-133.4509
_22449_,_22317_,-132.2928
_22449_,_23112_,-132.1614
_22449_,_23078_,-131.8571
_22436_,data_wdata_o[24],-131.5786
_22436_,data_wdata_o[26],-131.5786
_22436_,data_wdata_o[29],-131.5786
_22436_,data_wdata_o[5],-131.5675
_22436_,data_wdata_o[9],-131.5675
_22436_,data_wdata_o[6],-131.5612
_22436_,data_wdata_o[14],-131.5517
_22436_,data_wdata_o[31],-131.53
_22436_,data_wdata_o[30],-131.5275
_22436_,data_wdata_o[7],-131.5251
_22436_,data_wdata_o[8],-131.5058
_22436_,data_wdata_o[19],-131.4638
_22436_,data_wdata_o[16],-131.4551
_22436_,data_wdata_o[2],-131.4435
_22436_,data_wdata_o[13],-131.4254
_22436_,data_wdata_o[17],-131.4254
_22436_,data_wdata_o[20],-131.4254
_22436_,data_wdata_o[21],-131.4254
_22436_,data_wdata_o[25],-131.4254
_22436_,data_wdata_o[4],-131.4255
_22436_,data_wdata_o[18],-131.4202
_22436_,data_wdata_o[22],-131.4126
_22424_,_22494_,-131.4119
_22436_,data_wdata_o[12],-131.4095
_22436_,data_wdata_o[28],-131.4034
_22436_,data_wdata_o[11],-131.4031
_22436_,data_wdata_o[27],-131.3971
_22436_,data_wdata_o[3],-131.3829
_22436_,data_wdata_o[0],-131.3742
_22436_,data_wdata_o[15],-131.3641
_22436_,data_wdata_o[10],-131.2545
_22436_,data_wdata_o[23],-131.1425
_22449_,_23075_,-130.8105
_22449_,data_addr_o[22],-130.1575
_22449_,data_addr_o[19],-129.7221
_22449_,_23110_,-129.1891
_22449_,_22323_,-128.4106
_22436_,data_addr_o[6],-127.4655
_22447_,data_addr_o[14],-127.0692
_22436_,data_addr_o[2],-126.8797
_22449_,data_addr_o[31],-126.0965
_22449_,data_addr_o[25],-126.0129
_22449_,_22321_,-125.3942
_22436_,data_addr_o[4],-125.2538
_22436_,data_addr_o[3],-125.2057
_22449_,_23041_,-124.4868
_22449_,data_addr_o[23],-122.9598
_22449_,_23009_,-118.8151
_22449_,_23005_,-118.2168
_22424_,data_we_o,-117.2901
irq_fast_i[4],_23144_,-117.147
irq_fast_i[4],core_sleep_o,-114.6998
_22449_,instr_addr_o[23],-109.8757
_22449_,instr_addr_o[19],-109.2775
_22449_,_23117_,-104.1525
_22449_,_23113_,-103.4723
_22449_,_22328_,-102.0038
_22449_,_23048_,-101.7065
_22449_,_22324_,-101.3278
_22449_,data_addr_o[30],-100.9084
_22449_,_22982_,-100.9048
_22449_,data_addr_o[26],-100.2358
_22449_,_23056_,-80.5895
_22449_,_23055_,-80.5608
_22449_,_23053_,-80.542
_22449_,_23054_,-80.5189
_22449_,_23052_,-80.4016
_22449_,_22360_,-80.3272
_22449_,_22347_,-80.3271
_22449_,_22335_,-80.3267
_22449_,_22337_,-80.3267
_22449_,_22344_,-80.3267
_22449_,_22333_,-80.2984
_22449_,_22334_,-80.2984
_22449_,_22348_,-80.298
_22449_,_22358_,-80.0349
_22449_,_22341_,-80.0327
_22449_,_22356_,-80.0228
_22449_,_22346_,-80.0147
_22449_,_22342_,-80.0117
_22449_,_22340_,-80.0114
_22449_,_22339_,-80.0073
_22449_,_22343_,-80.0074
_22449_,_22355_,-80.0074
_22449_,_22359_,-80.0073
_22449_,_22336_,-79.9957
_22449_,_22351_,-79.9956
_22449_,_22354_,-79.9956
_22449_,_22331_,-79.9932
_22449_,_22362_,-79.9853
_22449_,_22357_,-79.985
_22449_,_22353_,-79.9711
_22449_,_22361_,-79.9711
_22449_,_22352_,-79.9688
_22449_,_22349_,-79.9687
_22449_,_22332_,-79.9679
_22449_,_22338_,-79.9505
_22449_,_22345_,-79.9505
_22449_,_22350_,-79.9452
_22449_,_23049_,-79.4972
_22449_,_22986_,-79.4755
_22449_,_22467_,-79.1758
_22449_,_22329_,-79.0269
_22449_,_22466_,-78.9483
_22449_,_22979_,-78.6653
_22449_,_23044_,-78.6021
_22449_,_22462_,-78.428
_22449_,_23043_,-78.2478
_22447_,_23040_,-78.1801
_22449_,_22461_,-78.1781
_22447_,_22978_,-78.1749
_22449_,_22459_,-78.1087
_22449_,_22975_,-78.067
_22447_,_22458_,-77.9073
_22447_,_22320_,-77.7894
_22447_,_23109_,-77.7542
_22449_,_23037_,-77.6172
_22449_,_22455_,-77.5445
_22447_,_22970_,-77.4059
_22449_,_23106_,-77.392
_22447_,_23032_,-77.0985
_22447_,_22450_,-76.8686
_22447_,_22312_,-76.7516
_22447_,_23101_,-76.7137
_22447_,_23021_,-76.4985
_22442_,_23024_,-76.3706
_22447_,_23022_,-76.3426
_22447_,_23019_,-76.3168
_22436_,_22962_,-75.8603
_22436_,_22226_,-75.8139
_22436_,_22225_,-75.6135
_22436_,_22960_,-75.5122
_22436_,_22224_,-75.4253
_22436_,_22959_,-75.3966
_22436_,_22442_,-75.3614
_22436_,_22304_,-75.2421
_22436_,_23093_,-75.2079
_22436_,_22958_,-75.153
_22436_,_22440_,-75.1467
_22436_,_22302_,-75.0288
_22436_,_23091_,-74.9924
_22436_,_22369_,-74.9291
_22436_,_22439_,-74.8971
_22436_,_22301_,-74.7802
_22436_,_23090_,-74.7422
_22436_,_22438_,-74.6453
_22436_,_22437_,-74.6439
_22436_,_22957_,-74.637
_22436_,_22299_,-74.5517
_22436_,_22300_,-74.5272
_22436_,_23088_,-74.5204
_22436_,_23089_,-74.4912
_22436_,_22493_,-74.4233
_22436_,_22436_,-74.2875
_22436_,_22298_,-74.1744
_22436_,_23087_,-74.0705
_22436_,_22492_,-74.0449
_22963_,_22273_,-68.5209
_22964_,_22274_,-68.5209
_22967_,_22277_,-68.5209
_22970_,_22280_,-68.5209
_22976_,_22286_,-68.5209
_22979_,_22289_,-68.5209
_22982_,_22292_,-68.5209
_22965_,_22275_,-63.4716
_22968_,_22278_,-63.4716
_22974_,_22284_,-63.4716
_22977_,_22287_,-63.4716
_22980_,_22290_,-63.4716
