Start Point, End Point, WNS (ns)
_22449_,instr_addr_o[16],-436.0064
_22449_,instr_addr_o[28],-423.9159
_22449_,instr_addr_o[24],-423.3668
_22447_,instr_addr_o[21],-423.2953
_22449_,instr_addr_o[20],-422.8587
_22447_,instr_addr_o[17],-422.6776
_22447_,instr_addr_o[13],-422.2763
_22436_,instr_addr_o[8],-421.1153
_22449_,instr_addr_o[18],-407.3083
_22436_,instr_addr_o[9],-407.1921
_22436_,instr_addr_o[5],-405.9849
_22436_,instr_addr_o[10],-405.6115
_22449_,instr_addr_o[29],-353.1627
_22449_,instr_addr_o[25],-333.8333
_22449_,instr_addr_o[31],-310.5307
_22449_,instr_addr_o[26],-300.9454
_22449_,instr_addr_o[30],-279.0864
_22449_,instr_addr_o[22],-277.8487
_22447_,instr_addr_o[14],-276.8494
_22436_,instr_addr_o[6],-275.6456
_22436_,instr_addr_o[4],-275.3652
_22436_,instr_addr_o[3],-275.3462
_22436_,instr_addr_o[2],-275.0964
_22436_,data_be_o[2],-272.3599
_22436_,data_be_o[3],-272.188
_22436_,data_wdata_o[1],-272.1585
_22449_,instr_addr_o[27],-269.5331
_22436_,instr_addr_o[12],-267.9356
_22436_,instr_addr_o[11],-267.0324
_22449_,instr_addr_o[15],-252.5166
_22436_,instr_addr_o[7],-250.2354
_22436_,data_be_o[0],-225.6051
_22449_,data_addr_o[27],-219.2507
_22449_,data_addr_o[28],-219.0981
_22449_,data_addr_o[24],-218.5508
_22447_,data_addr_o[21],-218.3615
_22449_,data_addr_o[20],-217.9567
_22447_,data_addr_o[17],-217.6364
_22449_,data_addr_o[15],-217.5223
_22449_,data_addr_o[16],-217.3614
_22447_,data_addr_o[13],-217.111
_22436_,data_addr_o[12],-216.7446
_22436_,data_addr_o[11],-216.7355
_22436_,data_addr_o[8],-216.1687
_22436_,data_addr_o[7],-215.7132
_22449_,data_addr_o[18],-204.3267
_22436_,data_addr_o[10],-202.5728
_22436_,data_addr_o[9],-202.4571
_22436_,data_addr_o[5],-201.2634
_22449_,data_addr_o[29],-150.4145
_22436_,data_be_o[1],-139.4506
_22424_,data_req_o,-136.7604
_22436_,data_wdata_o[24],-131.5786
_22436_,data_wdata_o[26],-131.5786
_22436_,data_wdata_o[29],-131.5786
_22436_,data_wdata_o[5],-131.5675
_22436_,data_wdata_o[9],-131.5675
_22436_,data_wdata_o[6],-131.5612
_22436_,data_wdata_o[14],-131.5517
_22436_,data_wdata_o[31],-131.53
_22436_,data_wdata_o[30],-131.5275
_22436_,data_wdata_o[7],-131.5251
_22436_,data_wdata_o[8],-131.5058
_22436_,data_wdata_o[19],-131.4638
_22436_,data_wdata_o[16],-131.4551
_22436_,data_wdata_o[2],-131.4435
_22436_,data_wdata_o[13],-131.4254
_22436_,data_wdata_o[17],-131.4254
_22436_,data_wdata_o[20],-131.4254
_22436_,data_wdata_o[21],-131.4254
_22436_,data_wdata_o[25],-131.4254
_22436_,data_wdata_o[4],-131.4255
_22436_,data_wdata_o[18],-131.4202
_22436_,data_wdata_o[22],-131.4126
_22436_,data_wdata_o[12],-131.4095
_22436_,data_wdata_o[28],-131.4034
_22436_,data_wdata_o[11],-131.4031
_22436_,data_wdata_o[27],-131.3971
_22436_,data_wdata_o[3],-131.3829
_22436_,data_wdata_o[0],-131.3742
_22436_,data_wdata_o[15],-131.3641
_22436_,data_wdata_o[10],-131.2545
_22436_,data_wdata_o[23],-131.1425
_22449_,data_addr_o[22],-130.1575
_22449_,data_addr_o[19],-129.7221
_22436_,data_addr_o[6],-127.4655
_22447_,data_addr_o[14],-127.0692
_22436_,data_addr_o[2],-126.8797
_22449_,data_addr_o[31],-126.0965
_22449_,data_addr_o[25],-126.0129
_22436_,data_addr_o[4],-125.2538
_22436_,data_addr_o[3],-125.2057
_22449_,data_addr_o[23],-122.9598
_22424_,data_we_o,-117.2901
_22867_,core_sleep_o,-114.6507
_22449_,instr_addr_o[23],-109.8757
_22449_,instr_addr_o[19],-109.2775
_22449_,data_addr_o[30],-100.9084
_22449_,data_addr_o[26],-100.2358
_22424_,instr_req_o,-51.7689
