Start Point, End Point, WNS (ns)
_22535_,instr_addr_o[25],-422.2023
_22535_,instr_addr_o[22],-421.4416
_22535_,instr_addr_o[21],-421.4371
_22535_,instr_addr_o[17],-421.1556
_22530_,instr_addr_o[13],-406.4973
_22530_,instr_addr_o[29],-352.0438
_22530_,instr_addr_o[26],-331.4573
_22530_,instr_addr_o[6],-331.1277
_22530_,instr_addr_o[30],-324.7139
_22530_,instr_addr_o[18],-322.8028
_22529_,instr_addr_o[5],-322.2857
_22528_,instr_addr_o[4],-264.5706
_22527_,instr_addr_o[3],-264.4539
_22524_,data_be_o[0],-261.4354
_22524_,data_be_o[1],-261.2011
_22530_,instr_addr_o[28],-254.5269
_22530_,instr_addr_o[24],-253.9865
_22530_,instr_addr_o[20],-253.3128
_22530_,instr_addr_o[27],-253.0742
_22530_,instr_addr_o[16],-252.7245
_22530_,instr_addr_o[23],-252.5985
_22530_,instr_addr_o[12],-252.2597
_22535_,instr_addr_o[14],-251.9296
_22530_,instr_addr_o[8],-251.5115
_22530_,instr_addr_o[15],-251.2368
_22530_,instr_addr_o[11],-250.4
_22530_,instr_addr_o[10],-237.6709
_22530_,instr_addr_o[9],-237.4757
_22530_,instr_addr_o[7],-235.499
_22530_,data_addr_o[27],-218.0817
_22530_,data_addr_o[28],-217.9647
_22530_,data_addr_o[23],-217.5851
_22530_,data_addr_o[24],-217.4346
_22535_,data_addr_o[25],-217.0292
_22530_,data_addr_o[20],-216.826
_22535_,data_addr_o[21],-216.5051
_22535_,data_addr_o[22],-216.2916
_22530_,data_addr_o[15],-216.2491
_22530_,data_addr_o[16],-216.1641
_22535_,data_addr_o[17],-215.9815
_22530_,data_addr_o[12],-215.4229
_22530_,data_addr_o[11],-215.4136
_22535_,data_addr_o[14],-215.3529
_22530_,data_addr_o[8],-214.6831
_22530_,data_addr_o[13],-201.9819
_22530_,data_addr_o[10],-201.3004
_22530_,data_addr_o[7],-201.2723
_22530_,data_addr_o[9],-201.1324
_22524_,data_be_o[2],-198.474
_22513_,data_we_o,-192.8367
_22530_,instr_addr_o[31],-163.5921
_22530_,data_addr_o[29],-149.2282
_22513_,data_req_o,-136.724
_22530_,data_addr_o[31],-130.9256
_22530_,data_addr_o[26],-129.5407
_22530_,data_addr_o[19],-128.6636
_22530_,data_addr_o[6],-125.9713
_22530_,data_addr_o[30],-122.7048
_22524_,data_wdata_o[15],-121.017
_22524_,data_wdata_o[16],-121.017
_22524_,data_wdata_o[23],-121.017
_22524_,data_wdata_o[25],-121.017
_22524_,data_wdata_o[28],-121.017
_22524_,data_wdata_o[3],-121.017
_22524_,data_wdata_o[24],-121.0157
_22524_,data_wdata_o[9],-121.0046
_22524_,data_wdata_o[22],-121.0041
_22524_,data_wdata_o[13],-120.9702
_22530_,data_addr_o[18],-120.9341
_22524_,data_wdata_o[0],-120.7422
_22524_,data_wdata_o[10],-120.5642
_22524_,data_wdata_o[11],-120.5642
_22524_,data_wdata_o[26],-120.5642
_22524_,data_wdata_o[29],-120.5596
_22524_,data_wdata_o[17],-120.5505
_22524_,data_wdata_o[18],-120.5502
_22524_,data_wdata_o[19],-120.5502
_22524_,data_wdata_o[20],-120.5502
_22524_,data_wdata_o[27],-120.5502
_22524_,data_wdata_o[12],-120.5485
_22524_,data_wdata_o[1],-120.5374
_22524_,data_wdata_o[14],-120.5368
_22524_,data_wdata_o[31],-120.525
_22524_,data_wdata_o[5],-120.503
_22524_,data_wdata_o[2],-120.4561
_22524_,data_wdata_o[30],-120.4191
_22524_,data_wdata_o[4],-120.4103
_22524_,data_wdata_o[8],-120.4103
_22524_,data_wdata_o[6],-120.3986
_22524_,data_wdata_o[21],-120.3969
_22524_,data_wdata_o[7],-120.3852
_22529_,data_addr_o[5],-120.1638
_22524_,instr_addr_o[2],-118.5959
_22524_,data_be_o[3],-116.8188
_22528_,data_addr_o[4],-116.3809
_22527_,data_addr_o[3],-116.2846
_22524_,data_addr_o[2],-115.947
_22955_,core_sleep_o,-114.8325
_22530_,instr_addr_o[19],-108.175
_22513_,instr_req_o,-51.7497
